[2016.05.09-17.54.27:288][  0]Log file open, 05/10/16 02:54:27
[2016.05.09-17.54.27:288][  0]LogInit:Display: Running engine for game: Hero
[2016.05.09-17.54.27:288][  0]LogPlatformFile: Not using cached read wrapper
[2016.05.09-17.54.27:288][  0]LogInit:Display: RandInit(1047254642) SRandInit(1047254642).
[2016.05.09-17.54.27:288][  0]LogTaskGraph: Started task graph with 4 named threads and 7 total threads.
[2016.05.09-17.54.27:288][  0]LogStats: Stats thread started at 0.073961
[2016.05.09-17.54.27:288][  0]LogInit: Version: 4.10.4-2872498+++depot+UE4-Releases+4.10
[2016.05.09-17.54.27:288][  0]LogInit: API Version: 2758231
[2016.05.09-17.54.27:288][  0]LogInit: Compiled (64-bit): Feb 18 2016 15:47:04
[2016.05.09-17.54.27:288][  0]LogInit: Compiled with Visual C++: 19.00.23026.00
[2016.05.09-17.54.27:288][  0]LogInit: Build Configuration: Development
[2016.05.09-17.54.27:288][  0]LogInit: Branch Name: ++depot+UE4-Releases+4.10
[2016.05.09-17.54.27:288][  0]LogInit: Command line:  
[2016.05.09-17.54.27:288][  0]LogInit: Base directory: D:/Development Kit/Epic Games/4.10/Engine/Binaries/Win64/
[2016.05.09-17.54.27:288][  0]LogInit: Rocket: 1
[2016.05.09-17.54.27:295][  0]LogInit: Using libcurl 7.41.0
[2016.05.09-17.54.27:295][  0]LogInit:  - built for x86_64-pc-win32
[2016.05.09-17.54.27:295][  0]LogInit:  - supports SSL with WinSSL
[2016.05.09-17.54.27:295][  0]LogInit:  - other features:
[2016.05.09-17.54.27:295][  0]LogInit:      CURL_VERSION_SSL
[2016.05.09-17.54.27:295][  0]LogInit:      CURL_VERSION_IPV6
[2016.05.09-17.54.27:295][  0]LogInit:      CURL_VERSION_ASYNCHDNS
[2016.05.09-17.54.27:295][  0]LogInit:      CURL_VERSION_LARGEFILE
[2016.05.09-17.54.27:295][  0]LogInit:      CURL_VERSION_IDN
[2016.05.09-17.54.27:295][  0]LogInit:  CurlRequestOptions (configurable via config and command line):
[2016.05.09-17.54.27:295][  0]LogInit:  - bVerifyPeer = true  - Libcurl will verify peer certificate
[2016.05.09-17.54.27:295][  0]LogInit:  - bUseHttpProxy = false  - Libcurl will NOT use HTTP proxy
[2016.05.09-17.54.27:295][  0]LogInit:  - bDontReuseConnections = false  - Libcurl will reuse connections
[2016.05.09-17.54.27:295][  0]LogInit:  - CertBundlePath = nullptr  - Libcurl will use whatever was configured at build time.
[2016.05.09-17.54.27:300][  0]LogInit: Presizing for 0 objects not considered by GC, pre-allocating 0 bytes.
[2016.05.09-17.54.27:305][  0]LogInit: Object subsystem initialized
[2016.05.09-17.54.27:306][  0]LogInit: Selected Device Profile: [Windows]
[2016.05.09-17.54.27:306][  0]LogInit: Applying CVar settings loaded from the selected device profile: [Windows]
[2016.05.09-17.54.27:314][  0]LogInit: Computer: NARAMPC
[2016.05.09-17.54.27:314][  0]LogInit: User: Naram
[2016.05.09-17.54.27:314][  0]LogInit: CPU Page size=4096, Cores=4
[2016.05.09-17.54.27:314][  0]LogInit: High frequency timer resolution =3.312641 MHz
[2016.05.09-17.54.27:314][  0]LogMemory: Memory total: Physical=7.5GB (8GB approx)
[2016.05.09-17.54.27:314][  0]LogMemory: Platform Memory Stats for Windows
[2016.05.09-17.54.27:314][  0]LogMemory: Process Physical Memory: 57.15 MB used, 57.15 MB peak
[2016.05.09-17.54.27:314][  0]LogMemory: Process Virtual Memory: 56.81 MB used, 56.81 MB peak
[2016.05.09-17.54.27:314][  0]LogMemory: Physical Memory: 4045.47 MB used, 7634.24 MB total
[2016.05.09-17.54.27:314][  0]LogMemory: Virtual Memory: 382.15 MB used, 134217728.00 MB total
[2016.05.09-17.54.27:348][  0]LogTextLocalizationManager: No specific translations for ('ko-KR') exist, so ('ko') translations will be used.
[2016.05.09-17.54.27:378][  0]LogTextLocalizationManager:Warning: Loaded localization resources contain conflicting entries for (Namespace:UObjectToolTips, Key:AnimNode_AssetPlayerBase:InternalTimeAccumulator):
Localization Resource: (D:/Development Kit/Epic Games/4.10/Engine/Content/Localization/EditorTutorials/ko/EditorTutorials.locres) Source String Hash: (502993589) Localized String: (이 노드에서 애셋을 레퍼런싱하는 데 사용되는 누적 시간입니다.)
Localization Resource: (D:/Development Kit/Epic Games/4.10/Engine/Content/Localization/Engine/ko/Engine.locres) Source String Hash: (502993589) Localized String: (이 노드에서 애셋을 레퍼런싱하는 데 사용된 누적 시간입니다.)
[2016.05.09-17.54.27:378][  0]LogTextLocalizationManager:Warning: Loaded localization resources contain conflicting entries for (Namespace:UObjectToolTips, Key:AnimNode_AssetPlayerBase:bIgnoreForRelevancyTest):
Localization Resource: (D:/Development Kit/Epic Games/4.10/Engine/Content/Localization/EditorTutorials/ko/EditorTutorials.locres) Source String Hash: (319969718) Localized String: (True 면, 스테이트에서 최고 가중치 애니메이션을 찾는 "Relevant anim" 노드는 이 노드를 무시합니다.
 )
Localization Resource: (D:/Development Kit/Epic Games/4.10/Engine/Content/Localization/Engine/ko/Engine.locres) Source String Hash: (319969718) Localized String: (True 면 스테이트 내 최고 웨이팅된 애니메이션을 찾는 "Relevant anim" 노드가 무시됩니다.
 )
[2016.05.09-17.54.27:378][  0]LogTextLocalizationManager:Warning: Loaded localization resources contain conflicting entries for (Namespace:UObjectToolTips, Key:AnimNode_AssetPlayerBase:BlendWeight):
Localization Resource: (D:/Development Kit/Epic Games/4.10/Engine/Content/Localization/EditorTutorials/ko/EditorTutorials.locres) Source String Hash: (-1232800293) Localized String: (이 노드에 마지막 걸린 블렌드웨이트 입니다.)
Localization Resource: (D:/Development Kit/Epic Games/4.10/Engine/Content/Localization/Engine/ko/Engine.locres) Source String Hash: (-1232800293) Localized String: (이 노드에 대해 마지막 접한 블렌드 웨이트)
[2016.05.09-17.54.27:527][  0]LogD3D11RHI: Found D3D11 adapter 0: NVIDIA GeForce GTX 660   (Feature Level 11_0)
[2016.05.09-17.54.27:527][  0]LogD3D11RHI: Adapter has 1988MB of dedicated video memory, 0MB of dedicated system memory, and 3817MB of shared system memory, 1 output[s]
[2016.05.09-17.54.27:529][  0]LogD3D11RHI: Found D3D11 adapter 1: Microsoft Basic Render Driver (Feature Level 11_0)
[2016.05.09-17.54.27:529][  0]LogD3D11RHI: Adapter has 0MB of dedicated video memory, 0MB of dedicated system memory, and 3817MB of shared system memory, 0 output[s]
[2016.05.09-17.54.27:529][  0]LogD3D11RHI: Chosen D3D11 Adapter Id = 0
[2016.05.09-17.54.27:533][  0]LogD3D11RHI: !Direct3DDevice
[2016.05.09-17.54.27:533][  0]LogRHI: Texture pool is 1361 MB (70% of 1945 MB)
[2016.05.09-17.54.27:547][  0]LogD3D11RHI: Async texture creation enabled
[2016.05.09-17.54.27:561][  0]LogShaderCompilers: Guid format shader working directory is -13 characters bigger than the processId version (../../../../../WorkSpace/Unreal Projects/Project/Hero 4.10/Intermediate/Shaders/WorkingDirectory/10112/).
[2016.05.09-17.54.27:561][  0]LogShaderCompilers: Cleaned the shader compiler working directory 'C:/Users/Naram/AppData/Local/Temp/UnrealShaderWorkingDir/0398CB164C6772FB244183BD48AD0D93/'.
[2016.05.09-17.54.27:561][  0]LogShaderCompilers:Display: Using Local Shader Compiler.
[2016.05.09-17.54.28:228][  0]LogTemp:Display: Loaded TP AllDesktopTargetPlatform
[2016.05.09-17.54.28:232][  0]LogTemp:Display: Loaded TP WindowsClientTargetPlatform
[2016.05.09-17.54.28:237][  0]LogTemp:Display: Loaded TP WindowsNoEditorTargetPlatform
[2016.05.09-17.54.28:242][  0]LogTemp:Display: Loaded TP WindowsServerTargetPlatform
[2016.05.09-17.54.28:247][  0]LogTemp:Display: Loaded TP WindowsTargetPlatform
[2016.05.09-17.54.28:250][  0]LogTemp:Display: Loaded TP AndroidTargetPlatform
[2016.05.09-17.54.28:253][  0]LogTemp:Display: Loaded TP Android_ASTCTargetPlatform
[2016.05.09-17.54.28:257][  0]LogTemp:Display: Loaded TP Android_ATCTargetPlatform
[2016.05.09-17.54.28:260][  0]LogTemp:Display: Loaded TP Android_DXTTargetPlatform
[2016.05.09-17.54.28:263][  0]LogTemp:Display: Loaded TP Android_ETC1TargetPlatform
[2016.05.09-17.54.28:266][  0]LogTemp:Display: Loaded TP Android_ETC2TargetPlatform
[2016.05.09-17.54.28:273][  0]LogTemp:Display: Loaded TP Android_MultiTargetPlatform
[2016.05.09-17.54.28:273][  0]LogTemp:Display: Loaded TP Android_PVRTCTargetPlatform
[2016.05.09-17.54.28:274][  0]LogTemp:Display: Loaded TP HTML5TargetPlatform
[2016.05.09-17.54.28:290][  0]LogTemp:Display: Loaded TP IOSTargetPlatform
[2016.05.09-17.54.28:293][  0]LogTemp:Display: Loaded TP LinuxNoEditorTargetPlatform
[2016.05.09-17.54.28:295][  0]LogTemp:Display: Loaded TP LinuxServerTargetPlatform
[2016.05.09-17.54.28:298][  0]LogTemp:Display: Loaded TP LinuxTargetPlatform
[2016.05.09-17.54.28:298][  0]LogTargetPlatformManager:Display: Building Assets For Windows
[2016.05.09-17.54.28:386][  0]LogDerivedDataCache:Display: Max Cache Size: 512 MB
[2016.05.09-17.54.28:428][  0]LogDerivedDataCache: Loaded boot cache 0.04s 41MB C:/Users/Naram/AppData/Local/UnrealEngine/4.10/DerivedDataCache/Boot.ddc.
[2016.05.09-17.54.28:428][  0]LogDerivedDataCache:Display: Loaded Boot cache: C:/Users/Naram/AppData/Local/UnrealEngine/4.10/DerivedDataCache/Boot.ddc
[2016.05.09-17.54.28:428][  0]LogDerivedDataCache: FDerivedDataBackendGraph:  Pak pak cache file ../../../../../WorkSpace/Unreal Projects/Project/Hero 4.10/DerivedDataCache/DDC.ddp not found, will not use a pak cache.
[2016.05.09-17.54.28:428][  0]LogDerivedDataCache: Unable to find inner node Pak for hierarchical cache Hierarchy.
[2016.05.09-17.54.28:428][  0]LogDerivedDataCache: FDerivedDataBackendGraph:  CompressedPak pak cache file ../../../../../WorkSpace/Unreal Projects/Project/Hero 4.10/DerivedDataCache/Compressed.ddp not found, will not use a pak cache.
[2016.05.09-17.54.28:428][  0]LogDerivedDataCache: Unable to find inner node CompressedPak for hierarchical cache Hierarchy.
[2016.05.09-17.54.28:478][  0]LogDerivedDataCache:Display: Pak cache opened for reading ../../../Engine/DerivedDataCache/Compressed.ddp.
[2016.05.09-17.54.28:490][  0]LogDerivedDataCache: Using Local data cache path C:/Users/Naram/AppData/Local/UnrealEngine/Common/DerivedDataCache: Writable
[2016.05.09-17.54.28:654][  0]LogInit: Selected Device Profile: [Windows]
[2016.05.09-17.54.28:655][  0]LogContentStreaming: Texture pool size is 0.000000MB
[2016.05.09-17.54.28:754][  0]LogMeshUtilities: No automatic mesh reduction module available
[2016.05.09-17.54.28:754][  0]LogMeshUtilities: No automatic mesh merging module available
[2016.05.09-17.54.28:963][  0]LogInit: WinSock: version 1.1 (2.2), MaxSocks=32767, MaxUdp=65467
[2016.05.09-17.54.29:763][  0]UdpMessaging: Initializing bridge on interface 0.0.0.0:0 to multicast group 230.0.0.1:6666.
[2016.05.09-17.54.29:873][  0]LogAssetRegistry: FAssetRegistry took 0.0109 seconds to start up
[2016.05.09-17.54.30:031][  0]SourceControl: 정보 소스 콘트롤이 꺼졌습니다.
[2016.05.09-17.54.30:062][  0]SourceControl: 정보 소스 콘트롤이 꺼졌습니다.
[2016.05.09-17.54.30:078][  0]SourceControl: 정보 소스 콘트롤이 꺼졌습니다.
[2016.05.09-17.54.30:093][  0]SourceControl: 정보 소스 콘트롤이 꺼졌습니다.
[2016.05.09-17.54.30:408][  0]LogObj: 28633 objects as part of root set at end of initial load.
[2016.05.09-17.54.30:408][  0]LogUObjectAllocator: 6099752 out of 0 bytes used by permanent object pool.
[2016.05.09-17.54.30:456][  0]LogEngine: Initializing Engine...
[2016.05.09-17.54.30:459][  0]LogHMD: Can't find Oculus library dev build: is proper Runtime installed? Version: 0.8.0.0
[2016.05.09-17.54.30:459][  0]LogHMD: SteamVR failed to initialize.  Err: 100
[2016.05.09-17.54.30:552][  0]LogAIModule: Creating AISystem for world NewWorld
[2016.05.09-17.54.30:560][  0]LogInit: XAudio2 using '스피커(Realtek High Definition Audio)' : 2 channels at 48 kHz using 32 bits per sample (channel mask 0x3)
[2016.05.09-17.54.30:572][  0]LogInit: FAudioDevice initialized.
[2016.05.09-17.54.30:592][  0]LogDerivedDataCache: Saved boot cache 0.02s 41MB C:/Users/Naram/AppData/Local/UnrealEngine/4.10/DerivedDataCache/Boot.ddc.
[2016.05.09-17.54.30:595][  0]LogInit: Texture streaming: Enabled
[2016.05.09-17.54.30:600][  0]LogAnalytics: Creating configured Analytics provider AnalyticsET
[2016.05.09-17.54.30:600][  0]LogAnalytics: [UEEditor.Rocket.Release] APIServer = http://et2.epicgames.com/ET2/. AppVersion = 4.10.4-2872498+++depot+UE4-Releases+4.10
[2016.05.09-17.54.30:600][  0]LogAnalytics: [UEEditor.Rocket.Release] SetUserId 325538314b44384481730f8403d05ed6|5757bc0e79d542efb21b5d5f30a43a1b|7f17f01b-53ac-4a4b-834a-c233f59ae9e6
[2016.05.09-17.54.30:600][  0]LogAnalytics: [UEEditor.Rocket.Release] AnalyticsET::StartSession
[2016.05.09-17.54.30:608][  0]LogInit: Transaction tracking system initialized
[2016.05.09-17.54.30:632][  0]BlueprintLog: New page: 에디터 로드
[2016.05.09-17.54.30:705][  0]LocalizationService: 정보 현지화 서비스가 비활성화되었습니다.
[2016.05.09-17.54.30:788][  0]LogConsoleResponse:Display: 
[2016.05.09-17.54.30:887][  0]LogCook:Display: Done creating registry. It took  0.00s.
[2016.05.09-17.54.30:949][  0]LogFileCache: Scanning file cache for directory 'D:/Development Kit/WorkSpace/Unreal Projects/Project/Hero 4.10/Content/' took 0.04s
[2016.05.09-17.54.30:949][  0]SourceControl: 정보 소스 콘트롤이 꺼졌습니다.
[2016.05.09-17.54.30:949][  0]Cmd: MAP LOAD FILE="../../../../../WorkSpace/Unreal Projects/Project/Hero 4.10/Content/StarterContent/Maps/Minimal_Default.umap" TEMPLATE=0 SHOWPROGRESS=1 FEATURELEVEL=3
[2016.05.09-17.54.30:949][  0]LightingResults: New page: 라이팅 빌드
[2016.05.09-17.54.30:952][  0]MapCheck: New page: 맵 체크
[2016.05.09-17.54.30:952][  0]LightingResults: New page: 라이팅 빌드
[2016.05.09-17.54.30:960][  0]LogParticles: Destroying 0 GPU particle simulations for FXSystem 0x00000251D7C9D260
[2016.05.09-17.54.32:540][  0]LogAIModule: Creating AISystem for world Minimal_Default
[2016.05.09-17.54.32:591][  0]LogEditorServer: Finished looking for orphan Actors (0.000 secs)
[2016.05.09-17.54.32:608][  0]Cmd: MAP CHECKDEP NOCLEARLOG
[2016.05.09-17.54.32:734][  0]MapCheck: 정보 맵 체크 완료: 오류 0 회, 경고 0 회, 소요 시간 126.134ms.
[2016.05.09-17.54.32:734][  0]LogFileHelpers: Loading map 'Minimal_Default' took 1.785
[2016.05.09-17.54.32:836][  0]LogCollectionManager: Loaded 0 collections in 0.001857 seconds
[2016.05.09-17.54.32:876][  0]LogFileCache: Scanning file cache for directory 'D:/Development Kit/WorkSpace/Unreal Projects/Project/Hero 4.10/Saved/Collections/' took 0.01s
[2016.05.09-17.54.32:876][  0]LogFileCache: Scanning file cache for directory 'D:/Development Kit/WorkSpace/Unreal Projects/Project/Hero 4.10/Content/Developers/Naram/Collections/' took 0.01s
[2016.05.09-17.54.32:876][  0]LogFileCache: Scanning file cache for directory 'D:/Development Kit/WorkSpace/Unreal Projects/Project/Hero 4.10/Content/Collections/' took 0.01s
[2016.05.09-17.54.32:876][  0]LogCollectionManager: Rebuilt the GUID cache for 0 collections in 0.000001 seconds
[2016.05.09-17.54.32:883][  0]LogContentBrowser: Native class hierarchy populated in 0.0062 seconds. Added 1893 classes and 338 folders.
[2016.05.09-17.54.32:888][  0]LogContentBrowser: Native class hierarchy updated for 'WidgetCarousel' in 0.0004 seconds. Added 0 classes and 0 folders.
[2016.05.09-17.54.32:948][  0]LogContentBrowser: Native class hierarchy updated for 'AddContentDialog' in 0.0004 seconds. Added 0 classes and 0 folders.
[2016.05.09-17.54.32:952][  0]LogContentBrowser: Native class hierarchy updated for 'SceneOutliner' in 0.0005 seconds. Added 1 classes and 2 folders.
[2016.05.09-17.54.32:999][  0]LogCrashTracker: Crashtracker disabled due to settings.
[2016.05.09-17.54.33:003][  0]LogUObjectGlobals:Warning: 'Class 없음.' 오브젝트를 찾는 데 실패했습니다.
[2016.05.09-17.54.33:025][  0]LogLoad: Full Startup: 6.10 seconds (BP compile: 0.27 seconds)
[2016.05.09-17.54.33:040][  0]LogWindowsTextInputMethodSystem:Display: IME system now activated using TSF (Microsoft 입력기).
[2016.05.09-17.54.33:045][  0]LogOcInput: Can't find Oculus library dev build: is proper Runtime installed? Version: 0.8.0.0
[2016.05.09-17.54.33:079][  0]LogContentStreaming: Texture pool size now 1000 MB
[2016.05.09-17.54.33:190][  0]LogRenderer: Reallocating scene render targets to support 1208x572 (Frame:2).
[2016.05.09-17.54.33:300][  1]Cmd: UpdateLandscapeEditorData -warnings
[2016.05.09-17.54.33:993][  8]LogAssetRegistry: Asset discovery search completed in 4.1308 seconds
[2016.05.09-17.54.33:993][  8]LogCollectionManager: Rebuilt the object cache for 0 collections in 0.000001 seconds (found 0 objects)
[2016.05.09-17.54.33:993][  8]LogCollectionManager: Fixed up redirectors for 0 collections in 0.000014 seconds (updated 0 objects)
[2016.05.09-17.54.40:547][464]LogLinker:Warning: Asset '../../../Engine/Content/ArtTools/RenderToTexture/Macros/RenderToTextureMacros.uasset' has been saved with empty engine version. The asset will be loaded but may be incompatible.
[2016.05.09-17.54.40:943][464]LogContentBrowser: Native class hierarchy updated for 'BlueprintGraph' in 0.0008 seconds. Added 107 classes and 0 folders.
[2016.05.09-17.56.01:176][  7]BlueprintLog: New page: Tower1_BP 컴파일
[2016.05.09-17.56.01:577][  7]BlueprintEditorCompileResults: 정보 [0094.66] Tower1_BP 컴파일에 성공했습니다! [소요시간 401 ms]
[2016.05.09-17.56.02:139][ 44]Cmd: OBJ SAVEPACKAGE PACKAGE="/Game/SGH/Building/Tower1_BP" FILE="../../../../../WorkSpace/Unreal Projects/Project/Hero 4.10/Content/SGH/Building/Tower1_BP.uasset" SILENT=true
[2016.05.09-17.56.03:017][ 44]LogSavePackage: Save=868.160461ms
[2016.05.09-17.56.03:017][ 44]LogSavePackage: Moving '../../../../../WorkSpace/Unreal Projects/Project/Hero 4.10/Saved/Tower1_BP472B18114F234051CD6AC08745ABE4CE.tmp' to '../../../../../WorkSpace/Unreal Projects/Project/Hero 4.10/Content/SGH/Building/Tower1_BP.uasset'
[2016.05.09-17.56.03:022][ 44]LogSavePackage: Total save time: 880.159367ms
[2016.05.09-17.56.03:022][ 44]LogSavePackage:Display: Finished SavePackage ../../../../../WorkSpace/Unreal Projects/Project/Hero 4.10/Content/SGH/Building/Tower1_BP.uasset
[2016.05.09-17.59.43:317][479]BlueprintLog: New page: Tower1_BP 컴파일
[2016.05.09-17.59.43:612][479]BlueprintEditorCompileResults: 정보 [0316.69] Tower1_BP 컴파일에 성공했습니다! [소요시간 294 ms]
[2016.05.09-17.59.44:171][518]Cmd: OBJ SAVEPACKAGE PACKAGE="/Game/SGH/Building/Tower1_BP" FILE="../../../../../WorkSpace/Unreal Projects/Project/Hero 4.10/Content/SGH/Building/Tower1_BP.uasset" SILENT=true
[2016.05.09-17.59.45:151][518]LogSavePackage: Save=913.323242ms
[2016.05.09-17.59.45:151][518]LogSavePackage: Moving '../../../../../WorkSpace/Unreal Projects/Project/Hero 4.10/Saved/Tower1_BP373D54BF4212C7A0A71D819A4147032F.tmp' to '../../../../../WorkSpace/Unreal Projects/Project/Hero 4.10/Content/SGH/Building/Tower1_BP.uasset'
[2016.05.09-17.59.45:155][518]LogSavePackage: Total save time: 982.316226ms
[2016.05.09-17.59.45:155][518]LogSavePackage:Display: Finished SavePackage ../../../../../WorkSpace/Unreal Projects/Project/Hero 4.10/Content/SGH/Building/Tower1_BP.uasset
[2016.05.09-18.00.42:035][909]BlueprintLog: New page: Tower1_BP 컴파일
[2016.05.09-18.00.42:376][909]BlueprintEditorCompileResults: 정보 [0375.46] Tower1_BP 컴파일에 성공했습니다! [소요시간 340 ms]
[2016.05.09-18.00.42:837][938]Cmd: OBJ SAVEPACKAGE PACKAGE="/Game/SGH/Building/Tower1_BP" FILE="../../../../../WorkSpace/Unreal Projects/Project/Hero 4.10/Content/SGH/Building/Tower1_BP.uasset" SILENT=true
[2016.05.09-18.00.43:718][938]LogSavePackage: Save=874.807434ms
[2016.05.09-18.00.43:719][938]LogSavePackage: Moving '../../../../../WorkSpace/Unreal Projects/Project/Hero 4.10/Saved/Tower1_BP214018974295B4219DA715ABE8D5DA39.tmp' to '../../../../../WorkSpace/Unreal Projects/Project/Hero 4.10/Content/SGH/Building/Tower1_BP.uasset'
[2016.05.09-18.00.43:722][938]LogSavePackage: Total save time: 883.669857ms
[2016.05.09-18.00.43:722][938]LogSavePackage:Display: Finished SavePackage ../../../../../WorkSpace/Unreal Projects/Project/Hero 4.10/Content/SGH/Building/Tower1_BP.uasset
[2016.05.09-18.04.33:711][234]LogFileHelpers: Editor autosave (incl. sublevels) for '/Game/StarterContent/Maps/Minimal_Default' took 0.030
[2016.05.09-18.04.33:727][234]OBJ SavePackage: Generating thumbnails for [1] asset(s) in package [/Game/SGH/Building/Tower1_BP] ([1] browsable assets)...
[2016.05.09-18.04.33:755][234]OBJ SavePackage:     Rendered thumbnail for [Blueprint /Game/SGH/Building/Tower1_BP.Tower1_BP]
[2016.05.09-18.04.33:755][234]OBJ SavePackage: Finished generating thumbnails for package [/Game/SGH/Building/Tower1_BP]
[2016.05.09-18.04.34:672][234]LogSavePackage: Save=910.488647ms
[2016.05.09-18.04.34:672][234]LogSavePackage: Moving '../../../../../WorkSpace/Unreal Projects/Project/Hero 4.10/Saved/Tower1_BP_Auto1BB1D5D334C40F621710B8B98CFE6B68A.tmp' to '../../../../../WorkSpace/Unreal Projects/Project/Hero 4.10/Saved/Autosaves/Game/SGH/Building/Tower1_BP_Auto1.uasset'
[2016.05.09-18.04.34:774][234]LogSavePackage: Total save time: 1017.045613ms
[2016.05.09-18.04.34:774][234]LogSavePackage:Display: Finished SavePackage ../../../../../WorkSpace/Unreal Projects/Project/Hero 4.10/Saved/Autosaves/Game/SGH/Building/Tower1_BP_Auto1.uasset
[2016.05.09-18.04.34:774][234]LogFileHelpers: Auto-saving content packages took 1.063
[2016.05.09-18.07.10:512][812]BlueprintLog: New page: Tower1_BP 컴파일
[2016.05.09-18.07.10:851][812]BlueprintEditorCompileResults: 정보 [0763.93] Tower1_BP 컴파일에 성공했습니다! [소요시간 339 ms]
[2016.05.09-18.07.11:263][833]Cmd: OBJ SAVEPACKAGE PACKAGE="/Game/SGH/Building/Tower1_BP" FILE="../../../../../WorkSpace/Unreal Projects/Project/Hero 4.10/Content/SGH/Building/Tower1_BP.uasset" SILENT=true
[2016.05.09-18.07.12:152][833]LogSavePackage: Save=879.394104ms
[2016.05.09-18.07.12:152][833]LogSavePackage: Moving '../../../../../WorkSpace/Unreal Projects/Project/Hero 4.10/Saved/Tower1_BP8CE41F064FFFAB721A58CEA1D339CDE5.tmp' to '../../../../../WorkSpace/Unreal Projects/Project/Hero 4.10/Content/SGH/Building/Tower1_BP.uasset'
[2016.05.09-18.07.12:157][833]LogSavePackage: Total save time: 891.742568ms
[2016.05.09-18.07.12:157][833]LogSavePackage:Display: Finished SavePackage ../../../../../WorkSpace/Unreal Projects/Project/Hero 4.10/Content/SGH/Building/Tower1_BP.uasset
[2016.05.09-18.47.21:423][799]LogRenderer: Reallocating scene render targets to support 1208x712 (Frame:823).
[2016.05.09-18.52.26:292][969]LogActorComponent: UnregisterComponent: (/Engine/Transient.ProjectileMovement_GEN_VARIABLE) Not registered. Aborting.
[2016.05.09-18.52.26:292][969]LogActorComponent: UnregisterComponent: (/Engine/Transient.ProjectileMovementComponent_0) Not registered. Aborting.
[2016.05.09-18.52.26:327][969]LogParticles: Destroying 0 GPU particle simulations for FXSystem 0x00000251850523E0
[2016.05.09-18.52.26:331][969]LogFileHelpers: Editor autosave (incl. sublevels) for '/Game/StarterContent/Maps/Minimal_Default' took 0.039
[2016.05.09-18.52.26:338][969]OBJ SavePackage: Generating thumbnails for [0] asset(s) in package [/Game/SGH/Projectile/Beam_BP] ([1] browsable assets)...
[2016.05.09-18.52.26:338][969]OBJ SavePackage: Finished generating thumbnails for package [/Game/SGH/Projectile/Beam_BP]
[2016.05.09-18.52.26:584][969]LogSavePackage: Save=219.091660ms
[2016.05.09-18.52.26:584][969]LogSavePackage: Moving '../../../../../WorkSpace/Unreal Projects/Project/Hero 4.10/Saved/Beam_BP_Auto211F881E445B1832391A757BB432FF46B.tmp' to '../../../../../WorkSpace/Unreal Projects/Project/Hero 4.10/Saved/Autosaves/Game/SGH/Projectile/Beam_BP_Auto2.uasset'
[2016.05.09-18.52.26:586][969]LogSavePackage: Total save time: 246.084016ms
[2016.05.09-18.52.26:586][969]LogSavePackage:Display: Finished SavePackage ../../../../../WorkSpace/Unreal Projects/Project/Hero 4.10/Saved/Autosaves/Game/SGH/Projectile/Beam_BP_Auto2.uasset
[2016.05.09-18.52.26:586][969]LogFileHelpers: Auto-saving content packages took 0.254
[2016.05.09-18.52.45:452][239]BlueprintLog: New page: Beam_BP 컴파일
[2016.05.09-18.52.45:683][239]BlueprintEditorCompileResults: 정보 [3498.76] Beam_BP 컴파일에 성공했습니다! [소요시간 229 ms]
[2016.05.09-18.52.46:176][289]Cmd: OBJ SAVEPACKAGE PACKAGE="/Game/SGH/Projectile/Beam_BP" FILE="../../../../../WorkSpace/Unreal Projects/Project/Hero 4.10/Content/SGH/Projectile/Beam_BP.uasset" SILENT=true
[2016.05.09-18.52.46:394][289]LogSavePackage: Save=211.990372ms
[2016.05.09-18.52.46:394][289]LogSavePackage: Moving '../../../../../WorkSpace/Unreal Projects/Project/Hero 4.10/Saved/Beam_BPA780A2484B91ADF752B3479F30CDEA98.tmp' to '../../../../../WorkSpace/Unreal Projects/Project/Hero 4.10/Content/SGH/Projectile/Beam_BP.uasset'
[2016.05.09-18.52.46:399][289]LogSavePackage: Total save time: 221.385293ms
[2016.05.09-18.52.46:399][289]LogSavePackage:Display: Finished SavePackage ../../../../../WorkSpace/Unreal Projects/Project/Hero 4.10/Content/SGH/Projectile/Beam_BP.uasset
[2016.05.09-18.53.01:211][ 45]Cmd: OBJ SAVEPACKAGE PACKAGE="/Game/SGH/Projectile/Beam_BP" FILE="../../../../../WorkSpace/Unreal Projects/Project/Hero 4.10/Content/SGH/Projectile/Beam_BP.uasset" SILENT=true
[2016.05.09-18.53.01:430][ 45]LogSavePackage: Save=212.847992ms
[2016.05.09-18.53.01:430][ 45]LogSavePackage: Moving '../../../../../WorkSpace/Unreal Projects/Project/Hero 4.10/Saved/Beam_BP35349C0945AA67097843EBA22E3E8EE5.tmp' to '../../../../../WorkSpace/Unreal Projects/Project/Hero 4.10/Content/SGH/Projectile/Beam_BP.uasset'
[2016.05.09-18.53.01:434][ 45]LogSavePackage: Total save time: 221.135341ms
[2016.05.09-18.53.01:434][ 45]LogSavePackage:Display: Finished SavePackage ../../../../../WorkSpace/Unreal Projects/Project/Hero 4.10/Content/SGH/Projectile/Beam_BP.uasset
[2016.05.09-18.58.59:264][699]Cmd: QUIT_EDITOR
[2016.05.09-18.58.59:328][699]LogWindowsTextInputMethodSystem:Display: IME system now activated using TSF (Microsoft 입력기).
[2016.05.09-18.58.59:382][699]LogExit: Preparing to exit.
[2016.05.09-18.59.00:232][699]LogExit: Editor shut down
[2016.05.09-18.59.00:234][699]LogExit: Transaction tracking system shut down
[2016.05.09-18.59.00:245][699]LogParticles: Destroying 0 GPU particle simulations for FXSystem 0x00000251DFBF0860
[2016.05.09-18.59.00:254][699]LogParticles: Destroying 0 GPU particle simulations for FXSystem 0x00000251D703A200
[2016.05.09-18.59.00:260][699]LogParticles: Destroying 0 GPU particle simulations for FXSystem 0x0000025189EFEE80
[2016.05.09-18.59.00:265][699]LogParticles: Destroying 0 GPU particle simulations for FXSystem 0x000002519B248D60
[2016.05.09-18.59.00:266][699]LogParticles: Destroying 0 GPU particle simulations for FXSystem 0x0000025187C6A520
[2016.05.09-18.59.00:535][699]LogParticles: Destroying 0 GPU particle simulations for FXSystem 0x000002518B0574C0
[2016.05.09-18.59.00:535][699]LogExit: Object subsystem successfully closed.
[2016.05.09-18.59.00:560][699]LogD3D11RHI: Shutdown
[2016.05.09-18.59.00:560][699]LogD3D11RHI: CleanupD3DDevice
[2016.05.09-18.59.00:636][699]LogD3D11RHI: ~FD3D11DynamicRHI
[2016.05.09-18.59.00:658][699]LogModuleManager: Shutting down and abandoning module CookingStats (200)
[2016.05.09-18.59.00:658][699]LogModuleManager: Shutting down and abandoning module BlueprintGraph (199)
[2016.05.09-18.59.00:658][699]LogModuleManager: Shutting down and abandoning module CrashTracker (198)
[2016.05.09-18.59.00:658][699]LogModuleManager: Shutting down and abandoning module SceneOutliner (197)
[2016.05.09-18.59.00:658][699]LogModuleManager: Shutting down and abandoning module SuperSearch (196)
[2016.05.09-18.59.00:658][699]LogModuleManager: Shutting down and abandoning module WidgetCarousel (195)
[2016.05.09-18.59.00:658][699]LogModuleManager: Shutting down and abandoning module AddContentDialog (194)
[2016.05.09-18.59.00:664][699]LogModuleManager: Shutting down and abandoning module EditorWidgets (193)
[2016.05.09-18.59.00:664][699]LogModuleManager: Shutting down and abandoning module CollectionManager (192)
[2016.05.09-18.59.00:664][699]LogModuleManager: Shutting down and abandoning module StatsViewer (191)
[2016.05.09-18.59.00:664][699]LogModuleManager: Shutting down and abandoning module FoliageEdit (190)
[2016.05.09-18.59.00:664][699]LogModuleManager: Shutting down and abandoning module LandscapeEditor (189)
[2016.05.09-18.59.00:665][699]LogModuleManager: Shutting down and abandoning module ActorPickerMode (188)
[2016.05.09-18.59.00:665][699]LogModuleManager: Shutting down and abandoning module GeometryMode (187)
[2016.05.09-18.59.00:665][699]LogModuleManager: Shutting down and abandoning module TextureAlignMode (186)
[2016.05.09-18.59.00:665][699]LogModuleManager: Shutting down and abandoning module BspMode (185)
[2016.05.09-18.59.00:665][699]LogModuleManager: Shutting down and abandoning module PlacementMode (184)
[2016.05.09-18.59.00:665][699]LogModuleManager: Shutting down and abandoning module AutomationWorker (183)
[2016.05.09-18.59.00:665][699]LogModuleManager: Shutting down and abandoning module CharacterAI (182)
[2016.05.09-18.59.00:665][699]LogModuleManager: Shutting down and abandoning module SmartSnapping (181)
[2016.05.09-18.59.00:665][699]LogModuleManager: Shutting down and abandoning module ViewportSnapping (180)
[2016.05.09-18.59.00:665][699]LogModuleManager: Shutting down and abandoning module LogVisualizer (179)
[2016.05.09-18.59.00:665][699]LogModuleManager: Shutting down and abandoning module GameProjectGeneration (178)
[2016.05.09-18.59.00:665][699]LogModuleManager: Shutting down and abandoning module IntroTutorials (177)
[2016.05.09-18.59.00:665][699]LogModuleManager: Shutting down and abandoning module EditorLiveStreaming (176)
[2016.05.09-18.59.00:665][699]LogModuleManager: Shutting down and abandoning module IOSPlatformEditor (175)
[2016.05.09-18.59.00:665][699]LogModuleManager: Shutting down and abandoning module HTML5PlatformEditor (174)
[2016.05.09-18.59.00:665][699]LogModuleManager: Shutting down and abandoning module AndroidDeviceDetection (173)
[2016.05.09-18.59.00:933][699]LogModuleManager: Shutting down and abandoning module AndroidPlatformEditor (172)
[2016.05.09-18.59.00:933][699]LogModuleManager: Shutting down and abandoning module IOSRuntimeSettings (171)
[2016.05.09-18.59.00:933][699]LogModuleManager: Shutting down and abandoning module AndroidRuntimeSettings (170)
[2016.05.09-18.59.00:934][699]LogModuleManager: Shutting down and abandoning module MergeActors (169)
[2016.05.09-18.59.00:934][699]LogModuleManager: Shutting down and abandoning module SizeMap (168)
[2016.05.09-18.59.00:934][699]LogModuleManager: Shutting down and abandoning module TreeMap (167)
[2016.05.09-18.59.00:934][699]LogModuleManager: Shutting down and abandoning module ReferenceViewer (166)
[2016.05.09-18.59.00:934][699]LogModuleManager: Shutting down and abandoning module LocalizationService (165)
[2016.05.09-18.59.00:934][699]LogModuleManager: Shutting down and abandoning module LocalizationDashboard (164)
[2016.05.09-18.59.00:934][699]LogModuleManager: Shutting down and abandoning module HardwareTargeting (163)
[2016.05.09-18.59.00:934][699]LogModuleManager: Shutting down and abandoning module DeviceProfileEditor (162)
[2016.05.09-18.59.00:934][699]LogModuleManager: Shutting down and abandoning module UndoHistory (161)
[2016.05.09-18.59.00:934][699]LogModuleManager: Shutting down and abandoning module GameplayTagsEditor (160)
[2016.05.09-18.59.00:934][699]LogModuleManager: Shutting down and abandoning module UserFeedback (159)
[2016.05.09-18.59.00:934][699]LogModuleManager: Shutting down and abandoning module XmlParser (158)
[2016.05.09-18.59.00:934][699]LogModuleManager: Shutting down and abandoning module Blutility (157)
[2016.05.09-18.59.00:934][699]LogModuleManager: Shutting down and abandoning module ProjectTargetPlatformEditor (156)
[2016.05.09-18.59.00:935][699]LogModuleManager: Shutting down and abandoning module ProjectSettingsViewer (155)
[2016.05.09-18.59.00:935][699]LogModuleManager: Shutting down and abandoning module InputBindingEditor (154)
[2016.05.09-18.59.00:935][699]LogModuleManager: Shutting down and abandoning module EditorSettingsViewer (153)
[2016.05.09-18.59.00:936][699]LogModuleManager: Shutting down and abandoning module SettingsEditor (152)
[2016.05.09-18.59.00:936][699]LogModuleManager: Shutting down and abandoning module ProjectLauncher (151)
[2016.05.09-18.59.00:936][699]LogModuleManager: Shutting down and abandoning module SessionFrontend (150)
[2016.05.09-18.59.00:936][699]LogModuleManager: Shutting down and abandoning module ProfilerClient (149)
[2016.05.09-18.59.00:936][699]LogModuleManager: Shutting down and abandoning module TargetDeviceServices (148)
[2016.05.09-18.59.00:936][699]LogModuleManager: Shutting down and abandoning module DeviceManager (147)
[2016.05.09-18.59.00:937][699]LogModuleManager: Shutting down and abandoning module AutomationController (146)
[2016.05.09-18.59.00:937][699]LogModuleManager: Shutting down and abandoning module AutomationWindow (145)
[2016.05.09-18.59.00:937][699]LogModuleManager: Shutting down and abandoning module Layers (144)
[2016.05.09-18.59.00:938][699]LogModuleManager: Shutting down and abandoning module ComponentVisualizers (143)
[2016.05.09-18.59.00:938][699]LogModuleManager: Shutting down and abandoning module DetailCustomizations (142)
[2016.05.09-18.59.00:938][699]LogModuleManager: Shutting down and abandoning module PackagesDialog (141)
[2016.05.09-18.59.00:938][699]LogModuleManager: Shutting down and abandoning module Persona (140)
[2016.05.09-18.59.00:938][699]LogModuleManager: Shutting down and abandoning module Kismet (139)
[2016.05.09-18.59.00:938][699]LogModuleManager: Shutting down and abandoning module GraphEditor (138)
[2016.05.09-18.59.00:939][699]LogModuleManager: Shutting down and abandoning module ClassViewer (137)
[2016.05.09-18.59.00:939][699]LogModuleManager: Shutting down and abandoning module Toolbox (136)
[2016.05.09-18.59.00:939][699]LogModuleManager: Shutting down and abandoning module ModuleUI (135)
[2016.05.09-18.59.00:939][699]LogModuleManager: Shutting down and abandoning module MovieSceneTools (134)
[2016.05.09-18.59.00:939][699]LogModuleManager: Shutting down and abandoning module OutputLog (133)
[2016.05.09-18.59.00:939][699]LogModuleManager: Shutting down and abandoning module GammaUI (132)
[2016.05.09-18.59.00:939][699]LogModuleManager: Shutting down and abandoning module Documentation (131)
[2016.05.09-18.59.00:940][699]LogModuleManager: Shutting down and abandoning module GameLiveStreaming (130)
[2016.05.09-18.59.00:940][699]LogModuleManager: Shutting down and abandoning module StreamingPauseRendering (129)
[2016.05.09-18.59.00:940][699]LogModuleManager: Shutting down and abandoning module AnalyticsET (128)
[2016.05.09-18.59.00:940][699]LogModuleManager: Shutting down and abandoning module Analytics (127)
[2016.05.09-18.59.00:940][699]LogModuleManager: Shutting down and abandoning module AITestSuite (126)
[2016.05.09-18.59.00:940][699]LogModuleManager: Shutting down and abandoning module GameplayDebugger (125)
[2016.05.09-18.59.00:940][699]LogModuleManager: Shutting down and abandoning module AIModule (124)
[2016.05.09-18.59.00:940][699]LogModuleManager: Shutting down and abandoning module ProfilerService (123)
[2016.05.09-18.59.01:173][699]LogModuleManager: Shutting down and abandoning module TaskGraph (122)
[2016.05.09-18.59.01:173][699]LogModuleManager: Shutting down and abandoning module SlateRemote (121)
[2016.05.09-18.59.01:173][699]LogModuleManager: Shutting down and abandoning module SteamVRController (120)
[2016.05.09-18.59.01:173][699]LogModuleManager: Shutting down and abandoning module SteamVR (119)
[2016.05.09-18.59.01:173][699]LogModuleManager: Shutting down and abandoning module ProceduralMeshComponent (118)
[2016.05.09-18.59.01:173][699]LogModuleManager: Shutting down and abandoning module OculusLibrary (117)
[2016.05.09-18.59.01:173][699]LogModuleManager: Shutting down and abandoning module OculusInput (116)
[2016.05.09-18.59.01:173][699]LogModuleManager: Shutting down and abandoning module LeapMotionController (115)
[2016.05.09-18.59.01:213][699]LogModuleManager: Shutting down and abandoning module CustomMeshComponent (114)
[2016.05.09-18.59.01:213][699]LogModuleManager: Shutting down and abandoning module CableComponent (113)
[2016.05.09-18.59.01:214][699]LogModuleManager: Shutting down and abandoning module ArchVisCharacter (112)
[2016.05.09-18.59.01:214][699]LogModuleManager: Shutting down and abandoning module MessagingDebugger (111)
[2016.05.09-18.59.01:214][699]LogModuleManager: Shutting down and abandoning module MediaPlayerEditor (110)
[2016.05.09-18.59.01:214][699]LogModuleManager: Shutting down and abandoning module HTML5Networking (109)
[2016.05.09-18.59.01:214][699]LogModuleManager: Shutting down and abandoning module SpeedTreeImporter (108)
[2016.05.09-18.59.01:214][699]LogModuleManager: Shutting down and abandoning module PluginBrowser (107)
[2016.05.09-18.59.01:214][699]LogModuleManager: Shutting down and abandoning module EpicSurvey (106)
[2016.05.09-18.59.01:214][699]LogModuleManager: Shutting down and abandoning module DesktopPlatform (105)
[2016.05.09-18.59.01:214][699]LogModuleManager: Shutting down and abandoning module VisualStudioSourceCodeAccess (104)
[2016.05.09-18.59.01:214][699]LogModuleManager: Shutting down and abandoning module UObjectPlugin (103)
[2016.05.09-18.59.01:214][699]LogModuleManager: Shutting down and abandoning module SubversionSourceControl (102)
[2016.05.09-18.59.01:214][699]LogModuleManager: Shutting down and abandoning module PerforceSourceControl (101)
[2016.05.09-18.59.01:214][699]LogModuleManager: Shutting down and abandoning module SourceControl (100)
[2016.05.09-18.59.01:215][699]LogModuleManager: Shutting down and abandoning module GitSourceControl (99)
[2016.05.09-18.59.01:215][699]LogModuleManager: Shutting down and abandoning module LightPropagationVolumeEditor (98)
[2016.05.09-18.59.01:215][699]LogModuleManager: Shutting down and abandoning module PaperTiledImporter (97)
[2016.05.09-18.59.01:215][699]LogModuleManager: Shutting down and abandoning module PaperSpriteSheetImporter (96)
[2016.05.09-18.59.01:215][699]LogModuleManager: Shutting down and abandoning module MeshPaint (95)
[2016.05.09-18.59.01:215][699]LogModuleManager: Shutting down and abandoning module SlateReflector (94)
[2016.05.09-18.59.01:215][699]LogModuleManager: Shutting down and abandoning module HotReload (93)
[2016.05.09-18.59.01:215][699]LogModuleManager: Shutting down and abandoning module MainFrame (92)
[2016.05.09-18.59.01:215][699]LogModuleManager: Shutting down and abandoning module LevelEditor (91)
[2016.05.09-18.59.01:218][699]LogModuleManager: Shutting down and abandoning module DirectoryWatcher (90)
[2016.05.09-18.59.01:230][699]LogModuleManager: Shutting down and abandoning module AssetRegistry (89)
[2016.05.09-18.59.01:374][699]LogModuleManager: Shutting down and abandoning module ContentBrowser (88)
[2016.05.09-18.59.01:375][699]LogModuleManager: Shutting down and abandoning module Paper2DEditor (87)
[2016.05.09-18.59.01:375][699]LogModuleManager: Shutting down and abandoning module UdpMessaging (86)
[2016.05.09-18.59.01:475][699]LogModuleManager: Shutting down and abandoning module LightPropagationVolumeRuntime (85)
[2016.05.09-18.59.01:475][699]LogModuleManager: Shutting down and abandoning module Paper2D (84)
[2016.05.09-18.59.01:475][699]LogModuleManager: Shutting down and abandoning module WindowsMoviePlayer (83)
[2016.05.09-18.59.01:489][699]LogModuleManager: Shutting down and abandoning module Media (82)
[2016.05.09-18.59.01:489][699]LogModuleManager: Shutting down and abandoning module WmfMedia (81)
[2016.05.09-18.59.01:490][699]LogModuleManager: Shutting down and abandoning module OnlineBlueprintSupport (80)
[2016.05.09-18.59.01:490][699]LogModuleManager: Shutting down and abandoning module GameplayTasksEditor (79)
[2016.05.09-18.59.01:490][699]LogModuleManager: Shutting down and abandoning module PropertyEditor (78)
[2016.05.09-18.59.01:490][699]LogModuleManager: Shutting down and abandoning module BehaviorTreeEditor (77)
[2016.05.09-18.59.01:491][699]LogModuleManager: Shutting down and abandoning module FunctionalTesting (76)
[2016.05.09-18.59.01:491][699]LogModuleManager: Shutting down and abandoning module CollisionAnalyzer (75)
[2016.05.09-18.59.01:491][699]LogModuleManager: Shutting down and abandoning module WorkspaceMenuStructure (74)
[2016.05.09-18.59.01:491][699]LogModuleManager: Shutting down and abandoning module MessageLog (73)
[2016.05.09-18.59.01:491][699]LogModuleManager: Shutting down and abandoning module Sequencer (72)
[2016.05.09-18.59.01:491][699]LogModuleManager: Shutting down and abandoning module AssetTools (71)
[2016.05.09-18.59.01:492][699]LogModuleManager: Shutting down and abandoning module UMGEditor (70)
[2016.05.09-18.59.01:492][699]LogModuleManager: Shutting down and abandoning module UMG (69)
[2016.05.09-18.59.01:492][699]LogModuleManager: Shutting down and abandoning module Slate (68)
[2016.05.09-18.59.01:492][699]LogModuleManager: Shutting down and abandoning module EditorStyle (67)
[2016.05.09-18.59.01:497][699]LogModuleManager: Shutting down and abandoning module SessionServices (66)
[2016.05.09-18.59.01:497][699]LogModuleManager: Shutting down and abandoning module SourceCodeAccess (65)
[2016.05.09-18.59.01:497][699]LogModuleManager: Shutting down and abandoning module HeadMountedDisplay (64)
[2016.05.09-18.59.01:497][699]LogModuleManager: Shutting down and abandoning module XAudio2 (63)
[2016.05.09-18.59.01:497][699]LogModuleManager: Shutting down and abandoning module Networking (61)
[2016.05.09-18.59.01:497][699]LogModuleManager: Shutting down and abandoning module Core (60)
[2016.05.09-18.59.01:497][699]LogModuleManager: Shutting down and abandoning module KismetCompiler (59)
[2016.05.09-18.59.01:497][699]LogModuleManager: Shutting down and abandoning module PhysXFormats (58)
[2016.05.09-18.59.01:498][699]LogModuleManager: Shutting down and abandoning module MeshUtilities (57)
[2016.05.09-18.59.01:498][699]LogModuleManager: Shutting down and abandoning module DerivedDataCache (56)
[2016.05.09-18.59.01:571][699]LogDerivedDataCache: Shutdown
[2016.05.09-18.59.01:571][699]LogModuleManager: Shutting down and abandoning module ShaderFormatOpenGL (55)
[2016.05.09-18.59.01:571][699]LogModuleManager: Shutting down and abandoning module ShaderFormatD3D (54)
[2016.05.09-18.59.01:571][699]LogModuleManager: Shutting down and abandoning module MetalShaderFormat (53)
[2016.05.09-18.59.01:571][699]LogModuleManager: Shutting down and abandoning module TextureFormatUncompressed (52)
[2016.05.09-18.59.01:571][699]LogModuleManager: Shutting down and abandoning module TextureFormatPVR (51)
[2016.05.09-18.59.01:571][699]LogModuleManager: Shutting down and abandoning module TextureFormatIntelISPCTexComp (50)
[2016.05.09-18.59.01:571][699]LogModuleManager: Shutting down and abandoning module TextureFormatDXT (49)
[2016.05.09-18.59.01:571][699]LogModuleManager: Shutting down and abandoning module ImageWrapper (48)
[2016.05.09-18.59.01:571][699]LogModuleManager: Shutting down and abandoning module TextureFormatASTC (47)
[2016.05.09-18.59.01:571][699]LogModuleManager: Shutting down and abandoning module TextureFormatAndroid (46)
[2016.05.09-18.59.01:571][699]LogModuleManager: Shutting down and abandoning module AudioFormatOpus (45)
[2016.05.09-18.59.01:571][699]LogModuleManager: Shutting down and abandoning module AudioFormatOgg (44)
[2016.05.09-18.59.01:571][699]LogModuleManager: Shutting down and abandoning module AudioFormatADPCM (43)
[2016.05.09-18.59.01:571][699]LogModuleManager: Shutting down and abandoning module LinuxTargetPlatform (42)
[2016.05.09-18.59.01:572][699]LogModuleManager: Shutting down and abandoning module LinuxServerTargetPlatform (41)
[2016.05.09-18.59.01:572][699]LogModuleManager: Shutting down and abandoning module LinuxNoEditorTargetPlatform (40)
[2016.05.09-18.59.01:572][699]LogModuleManager: Shutting down and abandoning module Messaging (39)
[2016.05.09-18.59.01:572][699]LogModuleManager: Shutting down and abandoning module IOSTargetPlatform (38)
[2016.05.09-18.59.01:572][699]LogModuleManager: Shutting down and abandoning module HTML5TargetPlatform (37)
[2016.05.09-18.59.01:572][699]LogModuleManager: Shutting down and abandoning module Android_PVRTCTargetPlatform (36)
[2016.05.09-18.59.01:572][699]LogModuleManager: Shutting down and abandoning module Android_MultiTargetPlatform (35)
[2016.05.09-18.59.01:572][699]LogModuleManager: Shutting down and abandoning module Android_ETC2TargetPlatform (34)
[2016.05.09-18.59.01:572][699]LogModuleManager: Shutting down and abandoning module Android_ETC1TargetPlatform (33)
[2016.05.09-18.59.01:572][699]LogModuleManager: Shutting down and abandoning module Android_DXTTargetPlatform (32)
[2016.05.09-18.59.01:572][699]LogModuleManager: Shutting down and abandoning module Android_ATCTargetPlatform (31)
[2016.05.09-18.59.01:572][699]LogModuleManager: Shutting down and abandoning module Android_ASTCTargetPlatform (30)
[2016.05.09-18.59.01:572][699]LogModuleManager: Shutting down and abandoning module AndroidTargetPlatform (29)
[2016.05.09-18.59.01:572][699]LogModuleManager: Shutting down and abandoning module WindowsTargetPlatform (28)
[2016.05.09-18.59.01:572][699]LogModuleManager: Shutting down and abandoning module WindowsServerTargetPlatform (27)
[2016.05.09-18.59.01:572][699]LogModuleManager: Shutting down and abandoning module WindowsNoEditorTargetPlatform (26)
[2016.05.09-18.59.01:572][699]LogModuleManager: Shutting down and abandoning module WindowsClientTargetPlatform (25)
[2016.05.09-18.59.01:572][699]LogModuleManager: Shutting down and abandoning module AllDesktopTargetPlatform (24)
[2016.05.09-18.59.01:572][699]LogModuleManager: Shutting down and abandoning module TargetPlatform (23)
[2016.05.09-18.59.01:572][699]LogModuleManager: Shutting down and abandoning module InputCore (22)
[2016.05.09-18.59.01:572][699]LogModuleManager: Shutting down and abandoning module Settings (21)
[2016.05.09-18.59.01:572][699]LogModuleManager: Shutting down and abandoning module OnlineSubsystem (19)
[2016.05.09-18.59.01:572][699]LogModuleManager: Shutting down and abandoning module HTTP (18)
[2016.05.09-18.59.03:576][699]LogModuleManager: Shutting down and abandoning module XMPP (17)
[2016.05.09-18.59.03:578][699]LogModuleManager: Shutting down and abandoning module OculusRift (16)
[2016.05.09-18.59.03:578][699]LogModuleManager: Shutting down and abandoning module ExampleDeviceProfileSelector (15)
[2016.05.09-18.59.03:578][699]LogModuleManager: Shutting down and abandoning module TextureCompressor (14)
[2016.05.09-18.59.03:579][699]LogModuleManager: Shutting down and abandoning module ShaderCore (13)
[2016.05.09-18.59.03:579][699]LogModuleManager: Shutting down and abandoning module Landscape (12)
[2016.05.09-18.59.03:579][699]LogModuleManager: Shutting down and abandoning module SlateRHIRenderer (11)
[2016.05.09-18.59.03:593][699]LogModuleManager: Shutting down and abandoning module OpenGLDrv (10)
[2016.05.09-18.59.03:593][699]LogModuleManager: Shutting down and abandoning module D3D11RHI (9)
[2016.05.09-18.59.03:593][699]LogModuleManager: Shutting down and abandoning module AnimGraphRuntime (8)
[2016.05.09-18.59.03:593][699]LogModuleManager: Shutting down and abandoning module Renderer (7)
[2016.05.09-18.59.03:593][699]LogModuleManager: Shutting down and abandoning module Engine (6)
[2016.05.09-18.59.03:593][699]LogModuleManager: Shutting down and abandoning module CoreUObject (5)
[2016.05.09-18.59.03:593][699]LogModuleManager: Shutting down and abandoning module NetworkFile (4)
[2016.05.09-18.59.03:593][699]LogModuleManager: Shutting down and abandoning module StreamingFile (3)
[2016.05.09-18.59.03:593][699]LogModuleManager: Shutting down and abandoning module SandboxFile (2)
[2016.05.09-18.59.03:593][699]LogModuleManager: Shutting down and abandoning module PakFile (1)
[2016.05.09-18.59.03:594][699]LogExit: Exiting.
[2016.05.09-18.59.03:598][699]Log file closed, 05/10/16 03:59:03
