[2016.04.30-02.31.40:256][  0]Log file open, 04/30/16 11:31:40
[2016.04.30-02.31.40:256][  0]LogInit:Display: Running engine for game: Hero
[2016.04.30-02.31.40:256][  0]LogPlatformFile: Not using cached read wrapper
[2016.04.30-02.31.40:256][  0]LogInit:Display: RandInit(1447915454) SRandInit(1447915456).
[2016.04.30-02.31.40:256][  0]LogTaskGraph: Started task graph with 4 named threads and 7 total threads.
[2016.04.30-02.31.40:256][  0]LogStats: Stats thread started at 0.834969
[2016.04.30-02.31.40:256][  0]LogInit: Version: 4.10.4-2872498+++depot+UE4-Releases+4.10
[2016.04.30-02.31.40:256][  0]LogInit: API Version: 2758231
[2016.04.30-02.31.40:256][  0]LogInit: Compiled (64-bit): Feb 18 2016 15:47:04
[2016.04.30-02.31.40:256][  0]LogInit: Compiled with Visual C++: 19.00.23026.00
[2016.04.30-02.31.40:256][  0]LogInit: Build Configuration: Development
[2016.04.30-02.31.40:256][  0]LogInit: Branch Name: ++depot+UE4-Releases+4.10
[2016.04.30-02.31.40:256][  0]LogInit: Command line:  
[2016.04.30-02.31.40:256][  0]LogInit: Base directory: D:/Development Kit/Epic Games/4.10/Engine/Binaries/Win64/
[2016.04.30-02.31.40:256][  0]LogInit: Rocket: 1
[2016.04.30-02.31.40:317][  0]LogInit: Using libcurl 7.41.0
[2016.04.30-02.31.40:317][  0]LogInit:  - built for x86_64-pc-win32
[2016.04.30-02.31.40:317][  0]LogInit:  - supports SSL with WinSSL
[2016.04.30-02.31.40:317][  0]LogInit:  - other features:
[2016.04.30-02.31.40:317][  0]LogInit:      CURL_VERSION_SSL
[2016.04.30-02.31.40:317][  0]LogInit:      CURL_VERSION_IPV6
[2016.04.30-02.31.40:317][  0]LogInit:      CURL_VERSION_ASYNCHDNS
[2016.04.30-02.31.40:317][  0]LogInit:      CURL_VERSION_LARGEFILE
[2016.04.30-02.31.40:317][  0]LogInit:      CURL_VERSION_IDN
[2016.04.30-02.31.40:317][  0]LogInit:  CurlRequestOptions (configurable via config and command line):
[2016.04.30-02.31.40:317][  0]LogInit:  - bVerifyPeer = true  - Libcurl will verify peer certificate
[2016.04.30-02.31.40:317][  0]LogInit:  - bUseHttpProxy = false  - Libcurl will NOT use HTTP proxy
[2016.04.30-02.31.40:317][  0]LogInit:  - bDontReuseConnections = false  - Libcurl will reuse connections
[2016.04.30-02.31.40:317][  0]LogInit:  - CertBundlePath = nullptr  - Libcurl will use whatever was configured at build time.
[2016.04.30-02.31.40:361][  0]LogInit: Presizing for 0 objects not considered by GC, pre-allocating 0 bytes.
[2016.04.30-02.31.40:366][  0]LogInit: Object subsystem initialized
[2016.04.30-02.31.40:367][  0]LogInit: Selected Device Profile: [Windows]
[2016.04.30-02.31.40:367][  0]LogInit: Applying CVar settings loaded from the selected device profile: [Windows]
[2016.04.30-02.31.40:378][  0]LogInit: Computer: NARAMPC
[2016.04.30-02.31.40:378][  0]LogInit: User: Naram
[2016.04.30-02.31.40:378][  0]LogInit: CPU Page size=4096, Cores=4
[2016.04.30-02.31.40:378][  0]LogInit: High frequency timer resolution =3.312642 MHz
[2016.04.30-02.31.40:378][  0]LogMemory: Memory total: Physical=7.5GB (8GB approx)
[2016.04.30-02.31.40:379][  0]LogMemory: Platform Memory Stats for Windows
[2016.04.30-02.31.40:379][  0]LogMemory: Process Physical Memory: 58.48 MB used, 58.48 MB peak
[2016.04.30-02.31.40:379][  0]LogMemory: Process Virtual Memory: 58.73 MB used, 58.73 MB peak
[2016.04.30-02.31.40:379][  0]LogMemory: Physical Memory: 4947.02 MB used, 7634.24 MB total
[2016.04.30-02.31.40:379][  0]LogMemory: Virtual Memory: 384.57 MB used, 134217728.00 MB total
[2016.04.30-02.31.40:600][  0]LogTextLocalizationManager: No specific translations for ('ko-KR') exist, so ('ko') translations will be used.
[2016.04.30-02.31.40:637][  0]LogTextLocalizationManager:Warning: Loaded localization resources contain conflicting entries for (Namespace:UObjectToolTips, Key:AnimNode_AssetPlayerBase:InternalTimeAccumulator):
Localization Resource: (D:/Development Kit/Epic Games/4.10/Engine/Content/Localization/EditorTutorials/ko/EditorTutorials.locres) Source String Hash: (502993589) Localized String: (이 노드에서 애셋을 레퍼런싱하는 데 사용되는 누적 시간입니다.)
Localization Resource: (D:/Development Kit/Epic Games/4.10/Engine/Content/Localization/Engine/ko/Engine.locres) Source String Hash: (502993589) Localized String: (이 노드에서 애셋을 레퍼런싱하는 데 사용된 누적 시간입니다.)
[2016.04.30-02.31.40:637][  0]LogTextLocalizationManager:Warning: Loaded localization resources contain conflicting entries for (Namespace:UObjectToolTips, Key:AnimNode_AssetPlayerBase:bIgnoreForRelevancyTest):
Localization Resource: (D:/Development Kit/Epic Games/4.10/Engine/Content/Localization/EditorTutorials/ko/EditorTutorials.locres) Source String Hash: (319969718) Localized String: (True 면, 스테이트에서 최고 가중치 애니메이션을 찾는 "Relevant anim" 노드는 이 노드를 무시합니다.
 )
Localization Resource: (D:/Development Kit/Epic Games/4.10/Engine/Content/Localization/Engine/ko/Engine.locres) Source String Hash: (319969718) Localized String: (True 면 스테이트 내 최고 웨이팅된 애니메이션을 찾는 "Relevant anim" 노드가 무시됩니다.
 )
[2016.04.30-02.31.40:637][  0]LogTextLocalizationManager:Warning: Loaded localization resources contain conflicting entries for (Namespace:UObjectToolTips, Key:AnimNode_AssetPlayerBase:BlendWeight):
Localization Resource: (D:/Development Kit/Epic Games/4.10/Engine/Content/Localization/EditorTutorials/ko/EditorTutorials.locres) Source String Hash: (-1232800293) Localized String: (이 노드에 마지막 걸린 블렌드웨이트 입니다.)
Localization Resource: (D:/Development Kit/Epic Games/4.10/Engine/Content/Localization/Engine/ko/Engine.locres) Source String Hash: (-1232800293) Localized String: (이 노드에 대해 마지막 접한 블렌드 웨이트)
[2016.04.30-02.31.40:805][  0]LogD3D11RHI: Found D3D11 adapter 0: NVIDIA GeForce GTX 660   (Feature Level 11_0)
[2016.04.30-02.31.40:805][  0]LogD3D11RHI: Adapter has 1988MB of dedicated video memory, 0MB of dedicated system memory, and 3817MB of shared system memory, 1 output[s]
[2016.04.30-02.31.40:808][  0]LogD3D11RHI: Found D3D11 adapter 1: Microsoft Basic Render Driver (Feature Level 11_0)
[2016.04.30-02.31.40:808][  0]LogD3D11RHI: Adapter has 0MB of dedicated video memory, 0MB of dedicated system memory, and 3817MB of shared system memory, 0 output[s]
[2016.04.30-02.31.40:808][  0]LogD3D11RHI: Chosen D3D11 Adapter Id = 0
[2016.04.30-02.31.40:812][  0]LogD3D11RHI: !Direct3DDevice
[2016.04.30-02.31.40:812][  0]LogRHI: Texture pool is 1361 MB (70% of 1945 MB)
[2016.04.30-02.31.40:825][  0]LogD3D11RHI: Async texture creation enabled
[2016.04.30-02.31.40:834][  0]LogShaderCompilers: Guid format shader working directory is -12 characters bigger than the processId version (../../../../../WorkSpace/Unreal Projects/Project/Hero 4.10/Intermediate/Shaders/WorkingDirectory/3200/).
[2016.04.30-02.31.40:834][  0]LogShaderCompilers: Cleaned the shader compiler working directory 'C:/Users/Naram/AppData/Local/Temp/UnrealShaderWorkingDir/4E9A13DC43AEF3D365060792C10D459E/'.
[2016.04.30-02.31.40:834][  0]LogShaderCompilers:Display: Using Local Shader Compiler.
[2016.04.30-02.31.43:160][  0]LogTemp:Display: Loaded TP AllDesktopTargetPlatform
[2016.04.30-02.31.43:164][  0]LogTemp:Display: Loaded TP WindowsClientTargetPlatform
[2016.04.30-02.31.43:170][  0]LogTemp:Display: Loaded TP WindowsNoEditorTargetPlatform
[2016.04.30-02.31.43:176][  0]LogTemp:Display: Loaded TP WindowsServerTargetPlatform
[2016.04.30-02.31.43:182][  0]LogTemp:Display: Loaded TP WindowsTargetPlatform
[2016.04.30-02.31.43:187][  0]LogTemp:Display: Loaded TP AndroidTargetPlatform
[2016.04.30-02.31.43:190][  0]LogTemp:Display: Loaded TP Android_ASTCTargetPlatform
[2016.04.30-02.31.43:194][  0]LogTemp:Display: Loaded TP Android_ATCTargetPlatform
[2016.04.30-02.31.43:198][  0]LogTemp:Display: Loaded TP Android_DXTTargetPlatform
[2016.04.30-02.31.43:202][  0]LogTemp:Display: Loaded TP Android_ETC1TargetPlatform
[2016.04.30-02.31.43:206][  0]LogTemp:Display: Loaded TP Android_ETC2TargetPlatform
[2016.04.30-02.31.43:213][  0]LogTemp:Display: Loaded TP Android_MultiTargetPlatform
[2016.04.30-02.31.43:213][  0]LogTemp:Display: Loaded TP Android_PVRTCTargetPlatform
[2016.04.30-02.31.43:214][  0]LogTemp:Display: Loaded TP HTML5TargetPlatform
[2016.04.30-02.31.43:272][  0]LogTemp:Display: Loaded TP IOSTargetPlatform
[2016.04.30-02.31.43:275][  0]LogTemp:Display: Loaded TP LinuxNoEditorTargetPlatform
[2016.04.30-02.31.43:278][  0]LogTemp:Display: Loaded TP LinuxServerTargetPlatform
[2016.04.30-02.31.43:282][  0]LogTemp:Display: Loaded TP LinuxTargetPlatform
[2016.04.30-02.31.43:282][  0]LogTargetPlatformManager:Display: Building Assets For Windows
[2016.04.30-02.31.43:675][  0]LogDerivedDataCache:Display: Max Cache Size: 512 MB
[2016.04.30-02.31.43:829][  0]LogDerivedDataCache: Loaded boot cache 0.15s 41MB C:/Users/Naram/AppData/Local/UnrealEngine/4.10/DerivedDataCache/Boot.ddc.
[2016.04.30-02.31.43:829][  0]LogDerivedDataCache:Display: Loaded Boot cache: C:/Users/Naram/AppData/Local/UnrealEngine/4.10/DerivedDataCache/Boot.ddc
[2016.04.30-02.31.43:848][  0]LogDerivedDataCache: FDerivedDataBackendGraph:  Pak pak cache file ../../../../../WorkSpace/Unreal Projects/Project/Hero 4.10/DerivedDataCache/DDC.ddp not found, will not use a pak cache.
[2016.04.30-02.31.43:848][  0]LogDerivedDataCache: Unable to find inner node Pak for hierarchical cache Hierarchy.
[2016.04.30-02.31.43:848][  0]LogDerivedDataCache: FDerivedDataBackendGraph:  CompressedPak pak cache file ../../../../../WorkSpace/Unreal Projects/Project/Hero 4.10/DerivedDataCache/Compressed.ddp not found, will not use a pak cache.
[2016.04.30-02.31.43:848][  0]LogDerivedDataCache: Unable to find inner node CompressedPak for hierarchical cache Hierarchy.
[2016.04.30-02.31.44:039][  0]LogDerivedDataCache:Display: Pak cache opened for reading ../../../Engine/DerivedDataCache/Compressed.ddp.
[2016.04.30-02.31.44:052][  0]LogDerivedDataCache: Using Local data cache path C:/Users/Naram/AppData/Local/UnrealEngine/Common/DerivedDataCache: Writable
[2016.04.30-02.31.51:277][  0]LogInit: Selected Device Profile: [Windows]
[2016.04.30-02.31.51:405][  0]LogContentStreaming: Texture pool size is 0.000000MB
[2016.04.30-02.31.53:113][  0]LogMeshUtilities: No automatic mesh reduction module available
[2016.04.30-02.31.53:113][  0]LogMeshUtilities: No automatic mesh merging module available
[2016.04.30-02.31.57:164][  0]LogInit: WinSock: version 1.1 (2.2), MaxSocks=32767, MaxUdp=65467
[2016.04.30-02.32.19:376][  0]UdpMessaging: Initializing bridge on interface 0.0.0.0:0 to multicast group 230.0.0.1:6666.
[2016.04.30-02.32.19:940][  0]LogAssetRegistry: FAssetRegistry took 0.0126 seconds to start up
[2016.04.30-02.32.25:255][  0]SourceControl: 정보 소스 콘트롤이 꺼졌습니다.
[2016.04.30-02.32.25:381][  0]SourceControl: 정보 소스 콘트롤이 꺼졌습니다.
[2016.04.30-02.32.25:539][  0]SourceControl: 정보 소스 콘트롤이 꺼졌습니다.
[2016.04.30-02.32.25:615][  0]SourceControl: 정보 소스 콘트롤이 꺼졌습니다.
[2016.04.30-02.32.28:951][  0]LogObj: 28633 objects as part of root set at end of initial load.
[2016.04.30-02.32.28:951][  0]LogUObjectAllocator: 6099744 out of 0 bytes used by permanent object pool.
[2016.04.30-02.32.31:153][  0]LogAutomationTest:Warning: Smoke tests took > 1s to run: 1.19s
[2016.04.30-02.32.31:341][  0]LogEngine: Initializing Engine...
[2016.04.30-02.32.31:454][  0]LogHMD: Can't find Oculus library dev build: is proper Runtime installed? Version: 0.8.0.0
[2016.04.30-02.32.31:656][  0]LogHMD: SteamVR failed to initialize.  Err: 100
[2016.04.30-02.32.34:584][  0]LogAIModule: Creating AISystem for world NewWorld
[2016.04.30-02.32.35:303][  0]LogInit: XAudio2 using '스피커(Realtek High Definition Audio)' : 2 channels at 48 kHz using 32 bits per sample (channel mask 0x3)
[2016.04.30-02.32.35:320][  0]LogInit: FAudioDevice initialized.
[2016.04.30-02.32.35:422][  0]LogDerivedDataCache: Saved boot cache 0.10s 41MB C:/Users/Naram/AppData/Local/UnrealEngine/4.10/DerivedDataCache/Boot.ddc.
[2016.04.30-02.32.35:439][  0]LogInit: Texture streaming: Enabled
[2016.04.30-02.32.35:598][  0]LogAnalytics: Creating configured Analytics provider AnalyticsET
[2016.04.30-02.32.35:598][  0]LogAnalytics: [UEEditor.Rocket.Release] APIServer = http://et2.epicgames.com/ET2/. AppVersion = 4.10.4-2872498+++depot+UE4-Releases+4.10
[2016.04.30-02.32.35:598][  0]LogAnalytics: [UEEditor.Rocket.Release] SetUserId 325538314b44384481730f8403d05ed6|5757bc0e79d542efb21b5d5f30a43a1b|7f17f01b-53ac-4a4b-834a-c233f59ae9e6
[2016.04.30-02.32.35:639][  0]LogAnalytics: [UEEditor.Rocket.Release] AnalyticsET::StartSession
[2016.04.30-02.32.35:918][  0]LogInit: Transaction tracking system initialized
[2016.04.30-02.32.36:176][  0]BlueprintLog: New page: 에디터 로드
[2016.04.30-02.32.37:576][  0]LocalizationService: 정보 현지화 서비스가 비활성화되었습니다.
[2016.04.30-02.32.38:403][  0]LogConsoleResponse:Display: 
[2016.04.30-02.32.42:250][  0]LogFileCache: Scanning file cache for directory 'D:/Development Kit/WorkSpace/Unreal Projects/Project/Hero 4.10/Content/' took 0.20s
[2016.04.30-02.32.42:250][  0]LogCook:Display: Done creating registry. It took  0.00s.
[2016.04.30-02.32.43:930][  0]SourceControl: 정보 소스 콘트롤이 꺼졌습니다.
[2016.04.30-02.32.43:993][  0]Cmd: MAP LOAD FILE="../../../../../WorkSpace/Unreal Projects/Project/Hero 4.10/Content/StarterContent/Maps/Minimal_Default.umap" TEMPLATE=0 SHOWPROGRESS=1 FEATURELEVEL=3
[2016.04.30-02.32.44:258][  0]LightingResults: New page: 라이팅 빌드
[2016.04.30-02.32.44:626][  0]MapCheck: New page: 맵 체크
[2016.04.30-02.32.44:626][  0]LightingResults: New page: 라이팅 빌드
[2016.04.30-02.32.45:200][  0]LogParticles: Destroying 0 GPU particle simulations for FXSystem 0x000001B6678FD1C0
[2016.04.30-02.32.55:996][  0]LogAIModule: Creating AISystem for world Minimal_Default
[2016.04.30-02.32.57:368][  0]LogEditorServer: Finished looking for orphan Actors (0.006 secs)
[2016.04.30-02.32.57:526][  0]Cmd: MAP CHECKDEP NOCLEARLOG
[2016.04.30-02.32.57:786][  0]MapCheck: 정보 맵 체크 완료: 오류 0 회, 경고 0 회, 소요 시간 260.435ms.
[2016.04.30-02.32.57:799][  0]LogFileHelpers: Loading map 'Minimal_Default' took 13.823
[2016.04.30-02.32.59:659][  0]LogCollectionManager: Loaded 0 collections in 0.002493 seconds
[2016.04.30-02.32.59:842][  0]LogFileCache: Scanning file cache for directory 'D:/Development Kit/WorkSpace/Unreal Projects/Project/Hero 4.10/Saved/Collections/' took 0.01s
[2016.04.30-02.32.59:842][  0]LogFileCache: Scanning file cache for directory 'D:/Development Kit/WorkSpace/Unreal Projects/Project/Hero 4.10/Content/Developers/Naram/Collections/' took 0.01s
[2016.04.30-02.32.59:842][  0]LogFileCache: Scanning file cache for directory 'D:/Development Kit/WorkSpace/Unreal Projects/Project/Hero 4.10/Content/Collections/' took 0.01s
[2016.04.30-02.32.59:842][  0]LogCollectionManager: Rebuilt the GUID cache for 0 collections in 0.000004 seconds
[2016.04.30-02.32.59:892][  0]LogContentBrowser: Native class hierarchy populated in 0.0183 seconds. Added 1893 classes and 338 folders.
[2016.04.30-02.33.00:026][  0]LogContentBrowser: Native class hierarchy updated for 'WidgetCarousel' in 0.0006 seconds. Added 0 classes and 0 folders.
[2016.04.30-02.33.01:499][  0]LogContentBrowser: Native class hierarchy updated for 'AddContentDialog' in 0.0006 seconds. Added 0 classes and 0 folders.
[2016.04.30-02.33.01:627][  0]LogContentBrowser: Native class hierarchy updated for 'SceneOutliner' in 0.0006 seconds. Added 1 classes and 2 folders.
[2016.04.30-02.33.02:890][  0]LogCrashTracker: Crashtracker disabled due to settings.
[2016.04.30-02.33.03:180][  0]LogUObjectGlobals:Warning: 'Class 없음.' 오브젝트를 찾는 데 실패했습니다.
[2016.04.30-02.33.03:288][  0]LogLoad: Full Startup: 85.01 seconds (BP compile: 1.26 seconds)
[2016.04.30-02.33.03:684][  0]LogOcInput: Can't find Oculus library dev build: is proper Runtime installed? Version: 0.8.0.0
[2016.04.30-02.33.04:527][  0]LogContentStreaming: Texture pool size now 1000 MB
[2016.04.30-02.33.06:120][  1]LogRenderer: Reallocating scene render targets to support 1048x536 (Frame:2).
[2016.04.30-02.33.06:256][  1]Cmd: UpdateLandscapeEditorData -warnings
[2016.04.30-02.33.10:373][ 11]LogAssetRegistry: Asset discovery search completed in 50.4440 seconds
[2016.04.30-02.33.10:391][ 11]LogCollectionManager: Rebuilt the object cache for 0 collections in 0.000001 seconds (found 0 objects)
[2016.04.30-02.33.10:391][ 11]LogCollectionManager: Fixed up redirectors for 0 collections in 0.018168 seconds (updated 0 objects)
[2016.04.30-02.36.19:466][556]LogProperty:Error: UStructProperty::Serialize Loading: Property 'StructProperty /Game/SGH/Projectile/Beam_BP.Beam_BP_C:스킬 기본값 설정.SkillStruct'. Unknown structure.
[2016.04.30-02.36.23:653][556]LogLinker:Warning: Asset '../../../Engine/Content/ArtTools/RenderToTexture/Macros/RenderToTextureMacros.uasset' has been saved with empty engine version. The asset will be loaded but may be incompatible.
[2016.04.30-02.36.24:913][556]LogContentBrowser: Native class hierarchy updated for 'BlueprintGraph' in 0.0084 seconds. Added 107 classes and 0 folders.
[2016.04.30-02.36.26:135][556]LogMaterial:Warning: Material /Game/StarterContent/Materials/M_Rock_Basalt.M_Rock_Basalt needed to have new flag set bUsedWithSkeletalMesh !
[2016.04.30-02.36.26:150][556]LogMaterial: Missing cached shader map for material M_Rock_Basalt, compiling. 
[2016.04.30-02.36.26:657][556]LogMaterial: 0.067975 seconds spent updating 1 materials, 1 interfaces, 0 instances, 0 with static permutations.
[2016.04.30-02.38.03:130][945]LogActorComponent: UnregisterComponent: (/Engine/Transient.ProjectileMovement_GEN_VARIABLE) Not registered. Aborting.
[2016.04.30-02.38.03:130][945]LogActorComponent: UnregisterComponent: (/Engine/Transient.ProjectileMovementComponent_0) Not registered. Aborting.
[2016.04.30-02.38.03:269][945]LogParticles: Destroying 0 GPU particle simulations for FXSystem 0x000001B615D74CC0
[2016.04.30-02.38.04:904][945]LogWindowsTextInputMethodSystem:Display: IME system now activated using TSF (Microsoft 입력기).
[2016.04.30-02.38.05:400][946]Cmd: QUIT_EDITOR
[2016.04.30-02.38.05:795][946]LogExit: Preparing to exit.
[2016.04.30-02.38.07:066][946]LogExit: Editor shut down
[2016.04.30-02.38.07:067][946]LogExit: Transaction tracking system shut down
[2016.04.30-02.38.07:138][946]LogParticles: Destroying 0 GPU particle simulations for FXSystem 0x000001B66F8CB600
[2016.04.30-02.38.07:141][946]LogParticles: Destroying 0 GPU particle simulations for FXSystem 0x000001B676CBC720
[2016.04.30-02.38.07:141][946]LogParticles: Destroying 0 GPU particle simulations for FXSystem 0x000001B67F6A9080
[2016.04.30-02.38.08:042][946]LogExit: Object subsystem successfully closed.
[2016.04.30-02.38.08:230][946]LogD3D11RHI: Shutdown
[2016.04.30-02.38.08:230][946]LogD3D11RHI: CleanupD3DDevice
[2016.04.30-02.38.08:416][946]LogD3D11RHI: ~FD3D11DynamicRHI
[2016.04.30-02.38.08:907][946]LogModuleManager: Shutting down and abandoning module BlueprintGraph (199)
[2016.04.30-02.38.08:907][946]LogModuleManager: Shutting down and abandoning module CrashTracker (198)
[2016.04.30-02.38.08:907][946]LogModuleManager: Shutting down and abandoning module SceneOutliner (197)
[2016.04.30-02.38.08:907][946]LogModuleManager: Shutting down and abandoning module SuperSearch (196)
[2016.04.30-02.38.08:907][946]LogModuleManager: Shutting down and abandoning module WidgetCarousel (195)
[2016.04.30-02.38.08:907][946]LogModuleManager: Shutting down and abandoning module AddContentDialog (194)
[2016.04.30-02.38.08:928][946]LogModuleManager: Shutting down and abandoning module EditorWidgets (193)
[2016.04.30-02.38.08:928][946]LogModuleManager: Shutting down and abandoning module CollectionManager (192)
[2016.04.30-02.38.08:929][946]LogModuleManager: Shutting down and abandoning module StatsViewer (191)
[2016.04.30-02.38.08:946][946]LogModuleManager: Shutting down and abandoning module FoliageEdit (190)
[2016.04.30-02.38.08:946][946]LogModuleManager: Shutting down and abandoning module LandscapeEditor (189)
[2016.04.30-02.38.08:967][946]LogModuleManager: Shutting down and abandoning module ActorPickerMode (188)
[2016.04.30-02.38.08:967][946]LogModuleManager: Shutting down and abandoning module GeometryMode (187)
[2016.04.30-02.38.08:967][946]LogModuleManager: Shutting down and abandoning module TextureAlignMode (186)
[2016.04.30-02.38.08:967][946]LogModuleManager: Shutting down and abandoning module BspMode (185)
[2016.04.30-02.38.08:967][946]LogModuleManager: Shutting down and abandoning module PlacementMode (184)
[2016.04.30-02.38.08:967][946]LogModuleManager: Shutting down and abandoning module AutomationWorker (183)
[2016.04.30-02.38.08:967][946]LogModuleManager: Shutting down and abandoning module CharacterAI (182)
[2016.04.30-02.38.08:967][946]LogModuleManager: Shutting down and abandoning module SmartSnapping (181)
[2016.04.30-02.38.08:967][946]LogModuleManager: Shutting down and abandoning module ViewportSnapping (180)
[2016.04.30-02.38.08:967][946]LogModuleManager: Shutting down and abandoning module LogVisualizer (179)
[2016.04.30-02.38.08:983][946]LogModuleManager: Shutting down and abandoning module GameProjectGeneration (178)
[2016.04.30-02.38.08:996][946]LogModuleManager: Shutting down and abandoning module IntroTutorials (177)
[2016.04.30-02.38.09:036][946]LogModuleManager: Shutting down and abandoning module EditorLiveStreaming (176)
[2016.04.30-02.38.09:036][946]LogModuleManager: Shutting down and abandoning module IOSPlatformEditor (175)
[2016.04.30-02.38.09:036][946]LogModuleManager: Shutting down and abandoning module HTML5PlatformEditor (174)
[2016.04.30-02.38.09:036][946]LogModuleManager: Shutting down and abandoning module AndroidDeviceDetection (173)
[2016.04.30-02.38.09:874][946]LogModuleManager: Shutting down and abandoning module AndroidPlatformEditor (172)
[2016.04.30-02.38.09:875][946]LogModuleManager: Shutting down and abandoning module IOSRuntimeSettings (171)
[2016.04.30-02.38.09:875][946]LogModuleManager: Shutting down and abandoning module AndroidRuntimeSettings (170)
[2016.04.30-02.38.09:875][946]LogModuleManager: Shutting down and abandoning module MergeActors (169)
[2016.04.30-02.38.09:875][946]LogModuleManager: Shutting down and abandoning module SizeMap (168)
[2016.04.30-02.38.09:875][946]LogModuleManager: Shutting down and abandoning module TreeMap (167)
[2016.04.30-02.38.09:875][946]LogModuleManager: Shutting down and abandoning module ReferenceViewer (166)
[2016.04.30-02.38.09:875][946]LogModuleManager: Shutting down and abandoning module LocalizationService (165)
[2016.04.30-02.38.09:875][946]LogModuleManager: Shutting down and abandoning module LocalizationDashboard (164)
[2016.04.30-02.38.09:883][946]LogModuleManager: Shutting down and abandoning module HardwareTargeting (163)
[2016.04.30-02.38.09:883][946]LogModuleManager: Shutting down and abandoning module DeviceProfileEditor (162)
[2016.04.30-02.38.09:895][946]LogModuleManager: Shutting down and abandoning module UndoHistory (161)
[2016.04.30-02.38.09:895][946]LogModuleManager: Shutting down and abandoning module GameplayTagsEditor (160)
[2016.04.30-02.38.09:895][946]LogModuleManager: Shutting down and abandoning module UserFeedback (159)
[2016.04.30-02.38.09:895][946]LogModuleManager: Shutting down and abandoning module XmlParser (158)
[2016.04.30-02.38.09:895][946]LogModuleManager: Shutting down and abandoning module Blutility (157)
[2016.04.30-02.38.09:895][946]LogModuleManager: Shutting down and abandoning module ProjectTargetPlatformEditor (156)
[2016.04.30-02.38.09:895][946]LogModuleManager: Shutting down and abandoning module ProjectSettingsViewer (155)
[2016.04.30-02.38.09:895][946]LogModuleManager: Shutting down and abandoning module InputBindingEditor (154)
[2016.04.30-02.38.09:910][946]LogModuleManager: Shutting down and abandoning module EditorSettingsViewer (153)
[2016.04.30-02.38.09:910][946]LogModuleManager: Shutting down and abandoning module SettingsEditor (152)
[2016.04.30-02.38.09:910][946]LogModuleManager: Shutting down and abandoning module ProjectLauncher (151)
[2016.04.30-02.38.09:931][946]LogModuleManager: Shutting down and abandoning module SessionFrontend (150)
[2016.04.30-02.38.09:946][946]LogModuleManager: Shutting down and abandoning module ProfilerClient (149)
[2016.04.30-02.38.09:946][946]LogModuleManager: Shutting down and abandoning module TargetDeviceServices (148)
[2016.04.30-02.38.09:946][946]LogModuleManager: Shutting down and abandoning module DeviceManager (147)
[2016.04.30-02.38.09:966][946]LogModuleManager: Shutting down and abandoning module AutomationController (146)
[2016.04.30-02.38.09:966][946]LogModuleManager: Shutting down and abandoning module AutomationWindow (145)
[2016.04.30-02.38.09:987][946]LogModuleManager: Shutting down and abandoning module Layers (144)
[2016.04.30-02.38.10:007][946]LogModuleManager: Shutting down and abandoning module ComponentVisualizers (143)
[2016.04.30-02.38.10:008][946]LogModuleManager: Shutting down and abandoning module DetailCustomizations (142)
[2016.04.30-02.38.10:018][946]LogModuleManager: Shutting down and abandoning module PackagesDialog (141)
[2016.04.30-02.38.10:018][946]LogModuleManager: Shutting down and abandoning module Persona (140)
[2016.04.30-02.38.10:051][946]LogModuleManager: Shutting down and abandoning module Kismet (139)
[2016.04.30-02.38.10:051][946]LogModuleManager: Shutting down and abandoning module GraphEditor (138)
[2016.04.30-02.38.10:051][946]LogModuleManager: Shutting down and abandoning module ClassViewer (137)
[2016.04.30-02.38.10:059][946]LogModuleManager: Shutting down and abandoning module Toolbox (136)
[2016.04.30-02.38.10:059][946]LogModuleManager: Shutting down and abandoning module ModuleUI (135)
[2016.04.30-02.38.10:059][946]LogModuleManager: Shutting down and abandoning module MovieSceneTools (134)
[2016.04.30-02.38.10:069][946]LogModuleManager: Shutting down and abandoning module OutputLog (133)
[2016.04.30-02.38.10:069][946]LogModuleManager: Shutting down and abandoning module GammaUI (132)
[2016.04.30-02.38.10:069][946]LogModuleManager: Shutting down and abandoning module Documentation (131)
[2016.04.30-02.38.10:069][946]LogModuleManager: Shutting down and abandoning module GameLiveStreaming (130)
[2016.04.30-02.38.10:069][946]LogModuleManager: Shutting down and abandoning module StreamingPauseRendering (129)
[2016.04.30-02.38.10:069][946]LogModuleManager: Shutting down and abandoning module AnalyticsET (128)
[2016.04.30-02.38.10:069][946]LogModuleManager: Shutting down and abandoning module Analytics (127)
[2016.04.30-02.38.10:069][946]LogModuleManager: Shutting down and abandoning module AITestSuite (126)
[2016.04.30-02.38.10:069][946]LogModuleManager: Shutting down and abandoning module GameplayDebugger (125)
[2016.04.30-02.38.10:069][946]LogModuleManager: Shutting down and abandoning module AIModule (124)
[2016.04.30-02.38.10:069][946]LogModuleManager: Shutting down and abandoning module ProfilerService (123)
[2016.04.30-02.38.10:232][946]LogModuleManager: Shutting down and abandoning module TaskGraph (122)
[2016.04.30-02.38.10:237][946]LogModuleManager: Shutting down and abandoning module SlateRemote (121)
[2016.04.30-02.38.10:237][946]LogModuleManager: Shutting down and abandoning module SteamVRController (120)
[2016.04.30-02.38.10:237][946]LogModuleManager: Shutting down and abandoning module SteamVR (119)
[2016.04.30-02.38.10:237][946]LogModuleManager: Shutting down and abandoning module ProceduralMeshComponent (118)
[2016.04.30-02.38.10:237][946]LogModuleManager: Shutting down and abandoning module OculusLibrary (117)
[2016.04.30-02.38.10:237][946]LogModuleManager: Shutting down and abandoning module OculusInput (116)
[2016.04.30-02.38.10:237][946]LogModuleManager: Shutting down and abandoning module LeapMotionController (115)
[2016.04.30-02.38.10:261][946]LogModuleManager: Shutting down and abandoning module CustomMeshComponent (114)
[2016.04.30-02.38.10:261][946]LogModuleManager: Shutting down and abandoning module CableComponent (113)
[2016.04.30-02.38.10:261][946]LogModuleManager: Shutting down and abandoning module ArchVisCharacter (112)
[2016.04.30-02.38.10:261][946]LogModuleManager: Shutting down and abandoning module MessagingDebugger (111)
[2016.04.30-02.38.10:282][946]LogModuleManager: Shutting down and abandoning module MediaPlayerEditor (110)
[2016.04.30-02.38.10:297][946]LogModuleManager: Shutting down and abandoning module HTML5Networking (109)
[2016.04.30-02.38.10:297][946]LogModuleManager: Shutting down and abandoning module SpeedTreeImporter (108)
[2016.04.30-02.38.10:297][946]LogModuleManager: Shutting down and abandoning module PluginBrowser (107)
[2016.04.30-02.38.10:306][946]LogModuleManager: Shutting down and abandoning module EpicSurvey (106)
[2016.04.30-02.38.10:306][946]LogModuleManager: Shutting down and abandoning module DesktopPlatform (105)
[2016.04.30-02.38.10:306][946]LogModuleManager: Shutting down and abandoning module VisualStudioSourceCodeAccess (104)
[2016.04.30-02.38.10:306][946]LogModuleManager: Shutting down and abandoning module UObjectPlugin (103)
[2016.04.30-02.38.10:306][946]LogModuleManager: Shutting down and abandoning module SubversionSourceControl (102)
[2016.04.30-02.38.10:306][946]LogModuleManager: Shutting down and abandoning module PerforceSourceControl (101)
[2016.04.30-02.38.10:318][946]LogModuleManager: Shutting down and abandoning module SourceControl (100)
[2016.04.30-02.38.10:335][946]LogModuleManager: Shutting down and abandoning module GitSourceControl (99)
[2016.04.30-02.38.10:345][946]LogModuleManager: Shutting down and abandoning module LightPropagationVolumeEditor (98)
[2016.04.30-02.38.10:345][946]LogModuleManager: Shutting down and abandoning module PaperTiledImporter (97)
[2016.04.30-02.38.10:345][946]LogModuleManager: Shutting down and abandoning module PaperSpriteSheetImporter (96)
[2016.04.30-02.38.10:345][946]LogModuleManager: Shutting down and abandoning module MeshPaint (95)
[2016.04.30-02.38.10:345][946]LogModuleManager: Shutting down and abandoning module SlateReflector (94)
[2016.04.30-02.38.10:355][946]LogModuleManager: Shutting down and abandoning module HotReload (93)
[2016.04.30-02.38.10:355][946]LogModuleManager: Shutting down and abandoning module MainFrame (92)
[2016.04.30-02.38.10:355][946]LogModuleManager: Shutting down and abandoning module LevelEditor (91)
[2016.04.30-02.38.10:366][946]LogModuleManager: Shutting down and abandoning module DirectoryWatcher (90)
[2016.04.30-02.38.10:367][946]LogModuleManager: Shutting down and abandoning module AssetRegistry (89)
[2016.04.30-02.38.10:456][946]LogModuleManager: Shutting down and abandoning module ContentBrowser (88)
[2016.04.30-02.38.10:457][946]LogModuleManager: Shutting down and abandoning module Paper2DEditor (87)
[2016.04.30-02.38.10:476][946]LogModuleManager: Shutting down and abandoning module UdpMessaging (86)
[2016.04.30-02.38.10:577][946]LogModuleManager: Shutting down and abandoning module LightPropagationVolumeRuntime (85)
[2016.04.30-02.38.10:577][946]LogModuleManager: Shutting down and abandoning module Paper2D (84)
[2016.04.30-02.38.10:609][946]LogModuleManager: Shutting down and abandoning module WindowsMoviePlayer (83)
[2016.04.30-02.38.10:613][946]LogModuleManager: Shutting down and abandoning module Media (82)
[2016.04.30-02.38.10:613][946]LogModuleManager: Shutting down and abandoning module WmfMedia (81)
[2016.04.30-02.38.10:614][946]LogModuleManager: Shutting down and abandoning module OnlineBlueprintSupport (80)
[2016.04.30-02.38.10:614][946]LogModuleManager: Shutting down and abandoning module GameplayTasksEditor (79)
[2016.04.30-02.38.10:614][946]LogModuleManager: Shutting down and abandoning module PropertyEditor (78)
[2016.04.30-02.38.10:614][946]LogModuleManager: Shutting down and abandoning module BehaviorTreeEditor (77)
[2016.04.30-02.38.10:641][946]LogModuleManager: Shutting down and abandoning module FunctionalTesting (76)
[2016.04.30-02.38.10:641][946]LogModuleManager: Shutting down and abandoning module CollisionAnalyzer (75)
[2016.04.30-02.38.10:641][946]LogModuleManager: Shutting down and abandoning module WorkspaceMenuStructure (74)
[2016.04.30-02.38.10:641][946]LogModuleManager: Shutting down and abandoning module MessageLog (73)
[2016.04.30-02.38.10:641][946]LogModuleManager: Shutting down and abandoning module Sequencer (72)
[2016.04.30-02.38.10:672][946]LogModuleManager: Shutting down and abandoning module AssetTools (71)
[2016.04.30-02.38.10:703][946]LogModuleManager: Shutting down and abandoning module UMGEditor (70)
[2016.04.30-02.38.10:727][946]LogModuleManager: Shutting down and abandoning module UMG (69)
[2016.04.30-02.38.10:756][946]LogModuleManager: Shutting down and abandoning module Slate (68)
[2016.04.30-02.38.10:756][946]LogModuleManager: Shutting down and abandoning module EditorStyle (67)
[2016.04.30-02.38.10:757][946]LogModuleManager: Shutting down and abandoning module SessionServices (66)
[2016.04.30-02.38.10:757][946]LogModuleManager: Shutting down and abandoning module SourceCodeAccess (65)
[2016.04.30-02.38.10:757][946]LogModuleManager: Shutting down and abandoning module HeadMountedDisplay (64)
[2016.04.30-02.38.10:758][946]LogModuleManager: Shutting down and abandoning module XAudio2 (63)
[2016.04.30-02.38.10:758][946]LogModuleManager: Shutting down and abandoning module Networking (61)
[2016.04.30-02.38.10:758][946]LogModuleManager: Shutting down and abandoning module Core (60)
[2016.04.30-02.38.10:758][946]LogModuleManager: Shutting down and abandoning module KismetCompiler (59)
[2016.04.30-02.38.10:758][946]LogModuleManager: Shutting down and abandoning module PhysXFormats (58)
[2016.04.30-02.38.10:758][946]LogModuleManager: Shutting down and abandoning module MeshUtilities (57)
[2016.04.30-02.38.10:779][946]LogModuleManager: Shutting down and abandoning module DerivedDataCache (56)
[2016.04.30-02.38.10:804][946]LogDerivedDataCache: Shutdown
[2016.04.30-02.38.10:804][946]LogModuleManager: Shutting down and abandoning module ShaderFormatOpenGL (55)
[2016.04.30-02.38.10:809][946]LogModuleManager: Shutting down and abandoning module ShaderFormatD3D (54)
[2016.04.30-02.38.10:809][946]LogModuleManager: Shutting down and abandoning module MetalShaderFormat (53)
[2016.04.30-02.38.10:823][946]LogModuleManager: Shutting down and abandoning module TextureFormatUncompressed (52)
[2016.04.30-02.38.10:823][946]LogModuleManager: Shutting down and abandoning module TextureFormatPVR (51)
[2016.04.30-02.38.10:823][946]LogModuleManager: Shutting down and abandoning module TextureFormatIntelISPCTexComp (50)
[2016.04.30-02.38.10:823][946]LogModuleManager: Shutting down and abandoning module TextureFormatDXT (49)
[2016.04.30-02.38.10:823][946]LogModuleManager: Shutting down and abandoning module ImageWrapper (48)
[2016.04.30-02.38.10:823][946]LogModuleManager: Shutting down and abandoning module TextureFormatASTC (47)
[2016.04.30-02.38.10:823][946]LogModuleManager: Shutting down and abandoning module TextureFormatAndroid (46)
[2016.04.30-02.38.10:823][946]LogModuleManager: Shutting down and abandoning module AudioFormatOpus (45)
[2016.04.30-02.38.10:823][946]LogModuleManager: Shutting down and abandoning module AudioFormatOgg (44)
[2016.04.30-02.38.10:823][946]LogModuleManager: Shutting down and abandoning module AudioFormatADPCM (43)
[2016.04.30-02.38.10:823][946]LogModuleManager: Shutting down and abandoning module LinuxTargetPlatform (42)
[2016.04.30-02.38.10:823][946]LogModuleManager: Shutting down and abandoning module LinuxServerTargetPlatform (41)
[2016.04.30-02.38.10:823][946]LogModuleManager: Shutting down and abandoning module LinuxNoEditorTargetPlatform (40)
[2016.04.30-02.38.10:823][946]LogModuleManager: Shutting down and abandoning module Messaging (39)
[2016.04.30-02.38.10:823][946]LogModuleManager: Shutting down and abandoning module IOSTargetPlatform (38)
[2016.04.30-02.38.10:823][946]LogModuleManager: Shutting down and abandoning module HTML5TargetPlatform (37)
[2016.04.30-02.38.10:823][946]LogModuleManager: Shutting down and abandoning module Android_PVRTCTargetPlatform (36)
[2016.04.30-02.38.10:823][946]LogModuleManager: Shutting down and abandoning module Android_MultiTargetPlatform (35)
[2016.04.30-02.38.10:823][946]LogModuleManager: Shutting down and abandoning module Android_ETC2TargetPlatform (34)
[2016.04.30-02.38.10:823][946]LogModuleManager: Shutting down and abandoning module Android_ETC1TargetPlatform (33)
[2016.04.30-02.38.10:823][946]LogModuleManager: Shutting down and abandoning module Android_DXTTargetPlatform (32)
[2016.04.30-02.38.10:823][946]LogModuleManager: Shutting down and abandoning module Android_ATCTargetPlatform (31)
[2016.04.30-02.38.10:823][946]LogModuleManager: Shutting down and abandoning module Android_ASTCTargetPlatform (30)
[2016.04.30-02.38.10:823][946]LogModuleManager: Shutting down and abandoning module AndroidTargetPlatform (29)
[2016.04.30-02.38.10:823][946]LogModuleManager: Shutting down and abandoning module WindowsTargetPlatform (28)
[2016.04.30-02.38.10:823][946]LogModuleManager: Shutting down and abandoning module WindowsServerTargetPlatform (27)
[2016.04.30-02.38.10:823][946]LogModuleManager: Shutting down and abandoning module WindowsNoEditorTargetPlatform (26)
[2016.04.30-02.38.10:823][946]LogModuleManager: Shutting down and abandoning module WindowsClientTargetPlatform (25)
[2016.04.30-02.38.10:823][946]LogModuleManager: Shutting down and abandoning module AllDesktopTargetPlatform (24)
[2016.04.30-02.38.10:823][946]LogModuleManager: Shutting down and abandoning module TargetPlatform (23)
[2016.04.30-02.38.10:823][946]LogModuleManager: Shutting down and abandoning module InputCore (22)
[2016.04.30-02.38.10:823][946]LogModuleManager: Shutting down and abandoning module Settings (21)
[2016.04.30-02.38.10:823][946]LogModuleManager: Shutting down and abandoning module OnlineSubsystem (19)
[2016.04.30-02.38.10:823][946]LogModuleManager: Shutting down and abandoning module HTTP (18)
[2016.04.30-02.38.11:824][946]LogModuleManager: Shutting down and abandoning module XMPP (17)
[2016.04.30-02.38.11:832][946]LogModuleManager: Shutting down and abandoning module OculusRift (16)
[2016.04.30-02.38.11:847][946]LogModuleManager: Shutting down and abandoning module ExampleDeviceProfileSelector (15)
[2016.04.30-02.38.11:847][946]LogModuleManager: Shutting down and abandoning module TextureCompressor (14)
[2016.04.30-02.38.11:847][946]LogModuleManager: Shutting down and abandoning module ShaderCore (13)
[2016.04.30-02.38.11:847][946]LogModuleManager: Shutting down and abandoning module Landscape (12)
[2016.04.30-02.38.11:847][946]LogModuleManager: Shutting down and abandoning module SlateRHIRenderer (11)
[2016.04.30-02.38.11:864][946]LogModuleManager: Shutting down and abandoning module OpenGLDrv (10)
[2016.04.30-02.38.11:876][946]LogModuleManager: Shutting down and abandoning module D3D11RHI (9)
[2016.04.30-02.38.11:876][946]LogModuleManager: Shutting down and abandoning module AnimGraphRuntime (8)
[2016.04.30-02.38.11:876][946]LogModuleManager: Shutting down and abandoning module Renderer (7)
[2016.04.30-02.38.11:876][946]LogModuleManager: Shutting down and abandoning module Engine (6)
[2016.04.30-02.38.11:876][946]LogModuleManager: Shutting down and abandoning module CoreUObject (5)
[2016.04.30-02.38.11:876][946]LogModuleManager: Shutting down and abandoning module NetworkFile (4)
[2016.04.30-02.38.11:876][946]LogModuleManager: Shutting down and abandoning module StreamingFile (3)
[2016.04.30-02.38.11:876][946]LogModuleManager: Shutting down and abandoning module SandboxFile (2)
[2016.04.30-02.38.11:876][946]LogModuleManager: Shutting down and abandoning module PakFile (1)
[2016.04.30-02.38.11:898][946]LogExit: Exiting.
[2016.04.30-02.38.11:901][946]Log file closed, 04/30/16 11:38:11
