[2016.05.02-12.24.47:511][  0]Log file open, 05/02/16 21:24:47
[2016.05.02-12.24.47:511][  0]LogInit:Display: Running engine for game: Hero
[2016.05.02-12.24.47:511][  0]LogPlatformFile: Not using cached read wrapper
[2016.05.02-12.24.47:511][  0]LogInit:Display: RandInit(-1012594168) SRandInit(-1012594166).
[2016.05.02-12.24.47:511][  0]LogTaskGraph: Started task graph with 4 named threads and 7 total threads.
[2016.05.02-12.24.47:511][  0]LogStats: Stats thread started at 0.190452
[2016.05.02-12.24.47:511][  0]LogInit: Version: 4.10.4-2872498+++depot+UE4-Releases+4.10
[2016.05.02-12.24.47:511][  0]LogInit: API Version: 2758231
[2016.05.02-12.24.47:511][  0]LogInit: Compiled (64-bit): Feb 18 2016 15:47:04
[2016.05.02-12.24.47:511][  0]LogInit: Compiled with Visual C++: 19.00.23026.00
[2016.05.02-12.24.47:511][  0]LogInit: Build Configuration: Development
[2016.05.02-12.24.47:511][  0]LogInit: Branch Name: ++depot+UE4-Releases+4.10
[2016.05.02-12.24.47:511][  0]LogInit: Command line:  
[2016.05.02-12.24.47:511][  0]LogInit: Base directory: D:/Development Kit/Epic Games/4.10/Engine/Binaries/Win64/
[2016.05.02-12.24.47:511][  0]LogInit: Rocket: 1
[2016.05.02-12.24.47:540][  0]LogInit: Using libcurl 7.41.0
[2016.05.02-12.24.47:540][  0]LogInit:  - built for x86_64-pc-win32
[2016.05.02-12.24.47:540][  0]LogInit:  - supports SSL with WinSSL
[2016.05.02-12.24.47:540][  0]LogInit:  - other features:
[2016.05.02-12.24.47:540][  0]LogInit:      CURL_VERSION_SSL
[2016.05.02-12.24.47:540][  0]LogInit:      CURL_VERSION_IPV6
[2016.05.02-12.24.47:540][  0]LogInit:      CURL_VERSION_ASYNCHDNS
[2016.05.02-12.24.47:540][  0]LogInit:      CURL_VERSION_LARGEFILE
[2016.05.02-12.24.47:540][  0]LogInit:      CURL_VERSION_IDN
[2016.05.02-12.24.47:540][  0]LogInit:  CurlRequestOptions (configurable via config and command line):
[2016.05.02-12.24.47:540][  0]LogInit:  - bVerifyPeer = true  - Libcurl will verify peer certificate
[2016.05.02-12.24.47:540][  0]LogInit:  - bUseHttpProxy = false  - Libcurl will NOT use HTTP proxy
[2016.05.02-12.24.47:540][  0]LogInit:  - bDontReuseConnections = false  - Libcurl will reuse connections
[2016.05.02-12.24.47:540][  0]LogInit:  - CertBundlePath = nullptr  - Libcurl will use whatever was configured at build time.
[2016.05.02-12.24.47:586][  0]LogInit: Presizing for 0 objects not considered by GC, pre-allocating 0 bytes.
[2016.05.02-12.24.47:591][  0]LogInit: Object subsystem initialized
[2016.05.02-12.24.47:592][  0]LogInit: Selected Device Profile: [Windows]
[2016.05.02-12.24.47:592][  0]LogInit: Applying CVar settings loaded from the selected device profile: [Windows]
[2016.05.02-12.24.47:621][  0]LogInit: Computer: NARAMPC
[2016.05.02-12.24.47:621][  0]LogInit: User: Naram
[2016.05.02-12.24.47:621][  0]LogInit: CPU Page size=4096, Cores=4
[2016.05.02-12.24.47:621][  0]LogInit: High frequency timer resolution =3.312645 MHz
[2016.05.02-12.24.47:621][  0]LogMemory: Memory total: Physical=7.5GB (8GB approx)
[2016.05.02-12.24.47:621][  0]LogMemory: Platform Memory Stats for Windows
[2016.05.02-12.24.47:621][  0]LogMemory: Process Physical Memory: 57.11 MB used, 57.11 MB peak
[2016.05.02-12.24.47:621][  0]LogMemory: Process Virtual Memory: 56.86 MB used, 56.86 MB peak
[2016.05.02-12.24.47:621][  0]LogMemory: Physical Memory: 4174.87 MB used, 7634.24 MB total
[2016.05.02-12.24.47:621][  0]LogMemory: Virtual Memory: 382.15 MB used, 134217728.00 MB total
[2016.05.02-12.24.47:985][  0]LogTextLocalizationManager: No specific translations for ('ko-KR') exist, so ('ko') translations will be used.
[2016.05.02-12.24.48:092][  0]LogTextLocalizationManager:Warning: Loaded localization resources contain conflicting entries for (Namespace:UObjectToolTips, Key:AnimNode_AssetPlayerBase:InternalTimeAccumulator):
Localization Resource: (D:/Development Kit/Epic Games/4.10/Engine/Content/Localization/EditorTutorials/ko/EditorTutorials.locres) Source String Hash: (502993589) Localized String: (이 노드에서 애셋을 레퍼런싱하는 데 사용되는 누적 시간입니다.)
Localization Resource: (D:/Development Kit/Epic Games/4.10/Engine/Content/Localization/Engine/ko/Engine.locres) Source String Hash: (502993589) Localized String: (이 노드에서 애셋을 레퍼런싱하는 데 사용된 누적 시간입니다.)
[2016.05.02-12.24.48:092][  0]LogTextLocalizationManager:Warning: Loaded localization resources contain conflicting entries for (Namespace:UObjectToolTips, Key:AnimNode_AssetPlayerBase:bIgnoreForRelevancyTest):
Localization Resource: (D:/Development Kit/Epic Games/4.10/Engine/Content/Localization/EditorTutorials/ko/EditorTutorials.locres) Source String Hash: (319969718) Localized String: (True 면, 스테이트에서 최고 가중치 애니메이션을 찾는 "Relevant anim" 노드는 이 노드를 무시합니다.
 )
Localization Resource: (D:/Development Kit/Epic Games/4.10/Engine/Content/Localization/Engine/ko/Engine.locres) Source String Hash: (319969718) Localized String: (True 면 스테이트 내 최고 웨이팅된 애니메이션을 찾는 "Relevant anim" 노드가 무시됩니다.
 )
[2016.05.02-12.24.48:092][  0]LogTextLocalizationManager:Warning: Loaded localization resources contain conflicting entries for (Namespace:UObjectToolTips, Key:AnimNode_AssetPlayerBase:BlendWeight):
Localization Resource: (D:/Development Kit/Epic Games/4.10/Engine/Content/Localization/EditorTutorials/ko/EditorTutorials.locres) Source String Hash: (-1232800293) Localized String: (이 노드에 마지막 걸린 블렌드웨이트 입니다.)
Localization Resource: (D:/Development Kit/Epic Games/4.10/Engine/Content/Localization/Engine/ko/Engine.locres) Source String Hash: (-1232800293) Localized String: (이 노드에 대해 마지막 접한 블렌드 웨이트)
[2016.05.02-12.24.48:432][  0]LogD3D11RHI: Found D3D11 adapter 0: NVIDIA GeForce GTX 660   (Feature Level 11_0)
[2016.05.02-12.24.48:432][  0]LogD3D11RHI: Adapter has 1988MB of dedicated video memory, 0MB of dedicated system memory, and 3817MB of shared system memory, 1 output[s]
[2016.05.02-12.24.48:434][  0]LogD3D11RHI: Found D3D11 adapter 1: Microsoft Basic Render Driver (Feature Level 11_0)
[2016.05.02-12.24.48:434][  0]LogD3D11RHI: Adapter has 0MB of dedicated video memory, 0MB of dedicated system memory, and 3817MB of shared system memory, 0 output[s]
[2016.05.02-12.24.48:434][  0]LogD3D11RHI: Chosen D3D11 Adapter Id = 0
[2016.05.02-12.24.48:438][  0]LogD3D11RHI: !Direct3DDevice
[2016.05.02-12.24.48:438][  0]LogRHI: Texture pool is 1361 MB (70% of 1945 MB)
[2016.05.02-12.24.48:452][  0]LogD3D11RHI: Async texture creation enabled
[2016.05.02-12.24.48:466][  0]LogShaderCompilers: Guid format shader working directory is -12 characters bigger than the processId version (../../../../../WorkSpace/Unreal Projects/Project/Hero 4.10/Intermediate/Shaders/WorkingDirectory/3176/).
[2016.05.02-12.24.48:467][  0]LogShaderCompilers: Cleaned the shader compiler working directory 'C:/Users/Naram/AppData/Local/Temp/UnrealShaderWorkingDir/D6EF9CBE4C64B07FE6DF00BA243A8CFA/'.
[2016.05.02-12.24.48:467][  0]LogShaderCompilers:Display: Using Local Shader Compiler.
[2016.05.02-12.24.51:602][  0]LogTemp:Display: Loaded TP AllDesktopTargetPlatform
[2016.05.02-12.24.51:606][  0]LogTemp:Display: Loaded TP WindowsClientTargetPlatform
[2016.05.02-12.24.51:612][  0]LogTemp:Display: Loaded TP WindowsNoEditorTargetPlatform
[2016.05.02-12.24.51:619][  0]LogTemp:Display: Loaded TP WindowsServerTargetPlatform
[2016.05.02-12.24.51:624][  0]LogTemp:Display: Loaded TP WindowsTargetPlatform
[2016.05.02-12.24.51:629][  0]LogTemp:Display: Loaded TP AndroidTargetPlatform
[2016.05.02-12.24.51:633][  0]LogTemp:Display: Loaded TP Android_ASTCTargetPlatform
[2016.05.02-12.24.51:636][  0]LogTemp:Display: Loaded TP Android_ATCTargetPlatform
[2016.05.02-12.24.51:640][  0]LogTemp:Display: Loaded TP Android_DXTTargetPlatform
[2016.05.02-12.24.51:644][  0]LogTemp:Display: Loaded TP Android_ETC1TargetPlatform
[2016.05.02-12.24.51:648][  0]LogTemp:Display: Loaded TP Android_ETC2TargetPlatform
[2016.05.02-12.24.51:655][  0]LogTemp:Display: Loaded TP Android_MultiTargetPlatform
[2016.05.02-12.24.51:655][  0]LogTemp:Display: Loaded TP Android_PVRTCTargetPlatform
[2016.05.02-12.24.51:656][  0]LogTemp:Display: Loaded TP HTML5TargetPlatform
[2016.05.02-12.24.51:705][  0]LogTemp:Display: Loaded TP IOSTargetPlatform
[2016.05.02-12.24.51:708][  0]LogTemp:Display: Loaded TP LinuxNoEditorTargetPlatform
[2016.05.02-12.24.51:711][  0]LogTemp:Display: Loaded TP LinuxServerTargetPlatform
[2016.05.02-12.24.51:730][  0]LogTemp:Display: Loaded TP LinuxTargetPlatform
[2016.05.02-12.24.51:730][  0]LogTargetPlatformManager:Display: Building Assets For Windows
[2016.05.02-12.24.52:201][  0]LogDerivedDataCache:Display: Max Cache Size: 512 MB
[2016.05.02-12.24.52:394][  0]LogDerivedDataCache: Loaded boot cache 0.19s 41MB C:/Users/Naram/AppData/Local/UnrealEngine/4.10/DerivedDataCache/Boot.ddc.
[2016.05.02-12.24.52:394][  0]LogDerivedDataCache:Display: Loaded Boot cache: C:/Users/Naram/AppData/Local/UnrealEngine/4.10/DerivedDataCache/Boot.ddc
[2016.05.02-12.24.52:394][  0]LogDerivedDataCache: FDerivedDataBackendGraph:  Pak pak cache file ../../../../../WorkSpace/Unreal Projects/Project/Hero 4.10/DerivedDataCache/DDC.ddp not found, will not use a pak cache.
[2016.05.02-12.24.52:394][  0]LogDerivedDataCache: Unable to find inner node Pak for hierarchical cache Hierarchy.
[2016.05.02-12.24.52:394][  0]LogDerivedDataCache: FDerivedDataBackendGraph:  CompressedPak pak cache file ../../../../../WorkSpace/Unreal Projects/Project/Hero 4.10/DerivedDataCache/Compressed.ddp not found, will not use a pak cache.
[2016.05.02-12.24.52:394][  0]LogDerivedDataCache: Unable to find inner node CompressedPak for hierarchical cache Hierarchy.
[2016.05.02-12.24.52:515][  0]LogDerivedDataCache:Display: Pak cache opened for reading ../../../Engine/DerivedDataCache/Compressed.ddp.
[2016.05.02-12.24.52:527][  0]LogDerivedDataCache: Using Local data cache path C:/Users/Naram/AppData/Local/UnrealEngine/Common/DerivedDataCache: Writable
[2016.05.02-12.24.56:735][  0]LogInit: Selected Device Profile: [Windows]
[2016.05.02-12.24.56:739][  0]LogContentStreaming: Texture pool size is 0.000000MB
[2016.05.02-12.24.56:976][  0]LogMeshUtilities: No automatic mesh reduction module available
[2016.05.02-12.24.56:976][  0]LogMeshUtilities: No automatic mesh merging module available
[2016.05.02-12.24.58:078][  0]LogInit: WinSock: version 1.1 (2.2), MaxSocks=32767, MaxUdp=65467
[2016.05.02-12.25.16:230][  0]UdpMessaging: Initializing bridge on interface 0.0.0.0:0 to multicast group 230.0.0.1:6666.
[2016.05.02-12.25.16:512][  0]LogAssetRegistry: FAssetRegistry took 0.0113 seconds to start up
[2016.05.02-12.25.17:245][  0]SourceControl: 정보 소스 콘트롤이 꺼졌습니다.
[2016.05.02-12.25.17:341][  0]SourceControl: 정보 소스 콘트롤이 꺼졌습니다.
[2016.05.02-12.25.17:401][  0]SourceControl: 정보 소스 콘트롤이 꺼졌습니다.
[2016.05.02-12.25.17:445][  0]SourceControl: 정보 소스 콘트롤이 꺼졌습니다.
[2016.05.02-12.25.18:344][  0]LogObj: 28633 objects as part of root set at end of initial load.
[2016.05.02-12.25.18:344][  0]LogUObjectAllocator: 6099744 out of 0 bytes used by permanent object pool.
[2016.05.02-12.25.18:511][  0]LogEngine: Initializing Engine...
[2016.05.02-12.25.18:513][  0]LogHMD: Can't find Oculus library dev build: is proper Runtime installed? Version: 0.8.0.0
[2016.05.02-12.25.18:556][  0]LogHMD: SteamVR failed to initialize.  Err: 100
[2016.05.02-12.25.19:031][  0]LogAIModule: Creating AISystem for world NewWorld
[2016.05.02-12.25.19:041][  0]LogInit: XAudio2 using '스피커(Realtek High Definition Audio)' : 2 channels at 48 kHz using 32 bits per sample (channel mask 0x3)
[2016.05.02-12.25.19:055][  0]LogInit: FAudioDevice initialized.
[2016.05.02-12.25.19:080][  0]LogDerivedDataCache: Saved boot cache 0.02s 41MB C:/Users/Naram/AppData/Local/UnrealEngine/4.10/DerivedDataCache/Boot.ddc.
[2016.05.02-12.25.19:083][  0]LogInit: Texture streaming: Enabled
[2016.05.02-12.25.19:089][  0]LogAnalytics: Creating configured Analytics provider AnalyticsET
[2016.05.02-12.25.19:089][  0]LogAnalytics: [UEEditor.Rocket.Release] APIServer = http://et2.epicgames.com/ET2/. AppVersion = 4.10.4-2872498+++depot+UE4-Releases+4.10
[2016.05.02-12.25.19:089][  0]LogAnalytics: [UEEditor.Rocket.Release] SetUserId 325538314b44384481730f8403d05ed6|5757bc0e79d542efb21b5d5f30a43a1b|7f17f01b-53ac-4a4b-834a-c233f59ae9e6
[2016.05.02-12.25.19:090][  0]LogAnalytics: [UEEditor.Rocket.Release] AnalyticsET::StartSession
[2016.05.02-12.25.19:099][  0]LogInit: Transaction tracking system initialized
[2016.05.02-12.25.19:275][  0]BlueprintLog: New page: 에디터 로드
[2016.05.02-12.25.19:593][  0]LocalizationService: 정보 현지화 서비스가 비활성화되었습니다.
[2016.05.02-12.25.20:445][  0]LogConsoleResponse:Display: 
[2016.05.02-12.25.23:055][  0]LogCook:Display: Done creating registry. It took  0.00s.
[2016.05.02-12.25.23:476][  0]LogFileCache: Scanning file cache for directory 'D:/Development Kit/WorkSpace/Unreal Projects/Project/Hero 4.10/Content/' took 0.04s
[2016.05.02-12.25.23:520][  0]SourceControl: 정보 소스 콘트롤이 꺼졌습니다.
[2016.05.02-12.25.23:521][  0]Cmd: MAP LOAD FILE="../../../../../WorkSpace/Unreal Projects/Project/Hero 4.10/Content/StarterContent/Maps/Minimal_Default.umap" TEMPLATE=0 SHOWPROGRESS=1 FEATURELEVEL=3
[2016.05.02-12.25.23:521][  0]LightingResults: New page: 라이팅 빌드
[2016.05.02-12.25.23:524][  0]MapCheck: New page: 맵 체크
[2016.05.02-12.25.23:524][  0]LightingResults: New page: 라이팅 빌드
[2016.05.02-12.25.23:533][  0]LogParticles: Destroying 0 GPU particle simulations for FXSystem 0x000002D4E43C5260
[2016.05.02-12.25.29:407][  0]LogAIModule: Creating AISystem for world Minimal_Default
[2016.05.02-12.25.29:673][  0]LogEditorServer: Finished looking for orphan Actors (0.000 secs)
[2016.05.02-12.25.29:690][  0]Cmd: MAP CHECKDEP NOCLEARLOG
[2016.05.02-12.25.29:842][  0]MapCheck: 정보 맵 체크 완료: 오류 0 회, 경고 0 회, 소요 시간 151.933ms.
[2016.05.02-12.25.29:842][  0]LogFileHelpers: Loading map 'Minimal_Default' took 6.322
[2016.05.02-12.25.30:048][  0]LogCollectionManager: Loaded 0 collections in 0.002264 seconds
[2016.05.02-12.25.30:088][  0]LogFileCache: Scanning file cache for directory 'D:/Development Kit/WorkSpace/Unreal Projects/Project/Hero 4.10/Saved/Collections/' took 0.01s
[2016.05.02-12.25.30:088][  0]LogFileCache: Scanning file cache for directory 'D:/Development Kit/WorkSpace/Unreal Projects/Project/Hero 4.10/Content/Developers/Naram/Collections/' took 0.01s
[2016.05.02-12.25.30:088][  0]LogFileCache: Scanning file cache for directory 'D:/Development Kit/WorkSpace/Unreal Projects/Project/Hero 4.10/Content/Collections/' took 0.01s
[2016.05.02-12.25.30:088][  0]LogCollectionManager: Rebuilt the GUID cache for 0 collections in 0.000002 seconds
[2016.05.02-12.25.30:095][  0]LogContentBrowser: Native class hierarchy populated in 0.0070 seconds. Added 1893 classes and 338 folders.
[2016.05.02-12.25.30:103][  0]LogContentBrowser: Native class hierarchy updated for 'WidgetCarousel' in 0.0005 seconds. Added 0 classes and 0 folders.
[2016.05.02-12.25.31:256][  0]LogContentBrowser: Native class hierarchy updated for 'AddContentDialog' in 0.0006 seconds. Added 0 classes and 0 folders.
[2016.05.02-12.25.31:278][  0]LogContentBrowser: Native class hierarchy updated for 'SceneOutliner' in 0.0005 seconds. Added 1 classes and 2 folders.
[2016.05.02-12.25.31:415][  0]LogCrashTracker: Crashtracker disabled due to settings.
[2016.05.02-12.25.31:418][  0]LogUObjectGlobals:Warning: 'Class 없음.' 오브젝트를 찾는 데 실패했습니다.
[2016.05.02-12.25.31:440][  0]LogLoad: Full Startup: 45.05 seconds (BP compile: 0.42 seconds)
[2016.05.02-12.25.31:784][  0]LogOcInput: Can't find Oculus library dev build: is proper Runtime installed? Version: 0.8.0.0
[2016.05.02-12.25.32:106][  0]LogContentStreaming: Texture pool size now 1000 MB
[2016.05.02-12.25.32:378][  0]LogRenderer: Reallocating scene render targets to support 1208x572 (Frame:2).
[2016.05.02-12.25.32:494][  1]Cmd: UpdateLandscapeEditorData -warnings
[2016.05.02-12.25.34:952][ 10]LogAssetRegistry: Asset discovery search completed in 18.4517 seconds
[2016.05.02-12.25.34:952][ 10]LogCollectionManager: Rebuilt the object cache for 0 collections in 0.000002 seconds (found 0 objects)
[2016.05.02-12.25.34:952][ 10]LogCollectionManager: Fixed up redirectors for 0 collections in 0.000024 seconds (updated 0 objects)
[2016.05.02-12.25.35:066][ 11]LogEditorViewport: Clicking on Actor (context menu): StaticMeshActor (Tile_296)
[2016.05.02-12.25.43:923][414]LogLinker:Warning: Asset '../../../Engine/Content/ArtTools/RenderToTexture/Macros/RenderToTextureMacros.uasset' has been saved with empty engine version. The asset will be loaded but may be incompatible.
[2016.05.02-12.25.44:412][414]LogContentBrowser: Native class hierarchy updated for 'BlueprintGraph' in 0.0009 seconds. Added 107 classes and 0 folders.
[2016.05.02-12.25.52:436][206]LogRenderer: Reallocating scene render targets to support 1208x712 (Frame:206).
[2016.05.02-12.25.59:439][999]LogActorComponent: UnregisterComponent: (/Engine/Transient.CharMoveComp) Not registered. Aborting.
[2016.05.02-12.26.20:643][444]BlueprintLog: New page: BP_FHero_Warrior 컴파일
[2016.05.02-12.26.21:229][444]LogActorComponent: UnregisterComponent: (/Engine/Transient.CharacterMovementComponent_0) Not registered. Aborting.
[2016.05.02-12.26.21:333][444]BlueprintEditorCompileResults: 정보 [0094.95] BP_FHero_Warrior 컴파일에 성공했습니다! [소요시간 689 ms]
[2016.05.02-12.26.24:387][541]LogSavePackage: Save=1663.629517ms
[2016.05.02-12.26.24:387][541]LogSavePackage: Moving '../../../../../WorkSpace/Unreal Projects/Project/Hero 4.10/Saved/BP_FHero_WarriorC3D31B784990151240D833A34B384B71.tmp' to '../../../../../WorkSpace/Unreal Projects/Project/Hero 4.10/Content/SGH/Character/PlayerCharacter/BP_FHero_Warrior.uasset'
[2016.05.02-12.26.24:390][541]LogSavePackage: Total save time: 1677.443251ms
[2016.05.02-12.26.24:390][541]LogSavePackage:Display: Finished SavePackage ../../../../../WorkSpace/Unreal Projects/Project/Hero 4.10/Content/SGH/Character/PlayerCharacter/BP_FHero_Warrior.uasset
[2016.05.02-12.26.26:790][809]LogActorComponent: UnregisterComponent: (/Engine/Transient.CharMoveComp) Not registered. Aborting.
[2016.05.02-12.26.29:648][809]LogSavePackage: Save=2775.738525ms
[2016.05.02-12.26.29:648][809]LogSavePackage: Moving '../../../../../WorkSpace/Unreal Projects/Project/Hero 4.10/Saved/Minimal_Default5407100F4DDB922A96AF4EB04FA096BF.tmp' to '../../../../../WorkSpace/Unreal Projects/Project/Hero 4.10/Content/StarterContent/Maps/Minimal_Default.umap'
[2016.05.02-12.26.29:657][809]LogSavePackage: Total save time: 2839.216396ms
[2016.05.02-12.26.29:657][809]LogSavePackage:Display: Finished SavePackage ../../../../../WorkSpace/Unreal Projects/Project/Hero 4.10/Content/StarterContent/Maps/Minimal_Default.umap
[2016.05.02-12.26.32:329][119]LogBlueprintUserMessages: Early PlayInEditor Detection: Level '/Game/StarterContent/Maps/Minimal_Default.Minimal_Default:PersistentLevel' has LevelScriptBlueprint '/Game/StarterContent/Maps/Minimal_Default.Minimal_Default:PersistentLevel.Minimal_Default' with GeneratedClass '/Game/StarterContent/Maps/Minimal_Default.Minimal_Default_C' with ClassGeneratedBy '/Game/StarterContent/Maps/Minimal_Default.Minimal_Default:PersistentLevel.Minimal_Default'
[2016.05.02-12.26.32:329][119]LogPlayLevel: PlayLevel: No blueprints needed recompiling
[2016.05.02-12.26.32:329][119]PIE: New page: PIE 세션: Minimal_Default (2016. 5. 3. 오전 6:26:32)
[2016.05.02-12.26.32:329][119]LogPlayLevel: Creating play world package: /Game/StarterContent/Maps/UEDPIE_0_Minimal_Default
[2016.05.02-12.26.32:398][119]LogPlayLevel: PIE: StaticDuplicateObject took: (0.069313s)
[2016.05.02-12.26.32:399][119]LogAIModule: Creating AISystem for world Minimal_Default
[2016.05.02-12.26.32:399][119]LogPlayLevel: PIE: World Init took: (0.000860s)
[2016.05.02-12.26.32:400][119]LogPlayLevel: PIE: Created PIE world by copying editor world from /Game/StarterContent/Maps/Minimal_Default.Minimal_Default to /Game/StarterContent/Maps/UEDPIE_0_Minimal_Default.Minimal_Default (0.070742s)
[2016.05.02-12.26.32:423][119]LogParticles: Destroying 0 GPU particle simulations for FXSystem 0x000002D49BFA0180
[2016.05.02-12.26.32:476][119]LogInit: XAudio2 using '스피커(Realtek High Definition Audio)' : 2 channels at 48 kHz using 32 bits per sample (channel mask 0x3)
[2016.05.02-12.26.32:487][119]LogInit: FAudioDevice initialized.
[2016.05.02-12.26.32:736][119]LogWorld: Game class is 'CustomMode_BP_C'
[2016.05.02-12.26.32:894][119]LogWorld: Bringing World /Game/StarterContent/Maps/UEDPIE_0_Minimal_Default.Minimal_Default up for play (max tick rate 0) at 2016.05.02-21.26.32
[2016.05.02-12.26.32:894][119]LogActor:Warning: GameSession /Game/StarterContent/Maps/UEDPIE_0_Minimal_Default.Minimal_Default:PersistentLevel.GameSession_0 has natively added scene component(s), but none of them were set as the actor's RootComponent - picking one arbitrarily
[2016.05.02-12.26.32:894][119]LogActor:Warning: GameNetworkManager /Game/StarterContent/Maps/UEDPIE_0_Minimal_Default.Minimal_Default:PersistentLevel.GameNetworkManager_0 has natively added scene component(s), but none of them were set as the actor's RootComponent - picking one arbitrarily
[2016.05.02-12.26.32:902][119]LogWorld: Bringing up level for play took: 0.164865
[2016.05.02-12.26.32:910][119]PIE: 정보 /Game/StarterContent/Maps/UEDPIE_0_Minimal_Default 에 대한 에디터에서 플레이 시작 시간: -0.225
[2016.05.02-12.26.32:911][119]LogBlueprintUserMessages: Late PlayInEditor Detection: Level '/Game/StarterContent/Maps/Minimal_Default.Minimal_Default:PersistentLevel' has LevelScriptBlueprint '/Game/StarterContent/Maps/Minimal_Default.Minimal_Default:PersistentLevel.Minimal_Default' with GeneratedClass '/Game/StarterContent/Maps/Minimal_Default.Minimal_Default_C' with ClassGeneratedBy '/Game/StarterContent/Maps/Minimal_Default.Minimal_Default:PersistentLevel.Minimal_Default'
[2016.05.02-12.26.33:064][123]LogBlueprintUserMessages: [BTS_botDetectEnemy_C_1] LargeHouse_BP
[2016.05.02-12.26.33:488][161]LogBlueprintUserMessages: [BTS_botDetectEnemy_C_1] LargeHouse_BP
[2016.05.02-12.26.34:053][228]LogBlueprintUserMessages: [BTS_botDetectEnemy_C_1] LargeHouse_BP
[2016.05.02-12.26.34:653][297]LogBlueprintUserMessages: [BTS_botDetectEnemy_C_1] LargeHouse_BP
[2016.05.02-12.26.35:248][368]LogBlueprintUserMessages: [BTS_botDetectEnemy_C_1] LargeHouse_BP
[2016.05.02-12.26.35:816][436]LogBlueprintUserMessages: [BTS_botDetectEnemy_C_1] LargeHouse_BP
[2016.05.02-12.26.36:284][492]LogBlueprintUserMessages: [BTS_botDetectEnemy_C_1] LargeHouse_BP
[2016.05.02-12.26.36:800][553]LogBlueprintUserMessages: [BTS_botDetectEnemy_C_1] LargeHouse_BP
[2016.05.02-12.26.37:209][602]LogBlueprintUserMessages: [BTS_botDetectEnemy_C_1] LargeHouse_BP
[2016.05.02-12.26.37:785][671]LogBlueprintUserMessages: [BTS_botDetectEnemy_C_1] LargeHouse_BP
[2016.05.02-12.26.38:335][737]LogBlueprintUserMessages: [BTS_botDetectEnemy_C_1] LargeHouse_BP
[2016.05.02-12.26.38:802][793]LogBlueprintUserMessages: [BTS_botDetectEnemy_C_1] LargeHouse_BP
[2016.05.02-12.26.39:245][846]LogBlueprintUserMessages: [BTS_botDetectEnemy_C_1] LargeHouse_BP
[2016.05.02-12.26.39:788][911]LogBlueprintUserMessages: [BTS_botDetectEnemy_C_1] LargeHouse_BP
[2016.05.02-12.26.40:299][972]LogBlueprintUserMessages: [BTS_botDetectEnemy_C_1] LargeHouse_BP
[2016.05.02-12.26.40:858][ 39]LogBlueprintUserMessages: [BTS_botDetectEnemy_C_1] LargeHouse_BP
[2016.05.02-12.26.41:296][ 76]LogBlueprintUserMessages: [BTS_botDetectEnemy_C_1] LargeHouse_BP
[2016.05.02-12.26.41:723][127]LogBlueprintUserMessages: [BTS_botDetectEnemy_C_1] LargeHouse_BP
[2016.05.02-12.26.42:140][177]LogBlueprintUserMessages: [BTS_botDetectEnemy_C_1] LargeHouse_BP
[2016.05.02-12.26.42:549][226]LogBlueprintUserMessages: [BTS_botDetectEnemy_C_1] LargeHouse_BP
[2016.05.02-12.26.43:066][288]LogBlueprintUserMessages: [BTS_botDetectEnemy_C_1] LargeHouse_BP
[2016.05.02-12.26.43:500][340]LogBlueprintUserMessages: [BTS_botDetectEnemy_C_1] LargeHouse_BP
[2016.05.02-12.26.44:027][403]LogBlueprintUserMessages: [BTS_botDetectEnemy_C_1] LargeHouse_BP
[2016.05.02-12.26.44:499][454]LogBlueprintUserMessages: [BTS_botDetectEnemy_C_1] LargeHouse_BP
[2016.05.02-12.26.45:084][524]LogBlueprintUserMessages: [BTS_botDetectEnemy_C_1] LargeHouse_BP
[2016.05.02-12.26.45:608][587]LogBlueprintUserMessages: [BTS_botDetectEnemy_C_1] LargeHouse_BP
[2016.05.02-12.26.46:159][650]LogBlueprintUserMessages: [BTS_botDetectEnemy_C_1] LargeHouse_BP
[2016.05.02-12.26.46:576][700]LogBlueprintUserMessages: [BTS_botDetectEnemy_C_1] LargeHouse_BP
[2016.05.02-12.26.47:027][754]LogBlueprintUserMessages: [BTS_botDetectEnemy_C_1] LargeHouse_BP
[2016.05.02-12.26.47:436][803]LogBlueprintUserMessages: [BTS_botDetectEnemy_C_1] LargeHouse_BP
[2016.05.02-12.26.48:005][871]LogBlueprintUserMessages: [BTS_botDetectEnemy_C_1] LargeHouse_BP
[2016.05.02-12.26.48:531][932]LogBlueprintUserMessages: [BTS_botDetectEnemy_C_1] LargeHouse_BP
[2016.05.02-12.26.49:081][998]LogBlueprintUserMessages: [BTS_botDetectEnemy_C_1] LargeHouse_BP
[2016.05.02-12.26.49:530][ 52]LogBlueprintUserMessages: [BTS_botDetectEnemy_C_1] LargeHouse_BP
[2016.05.02-12.26.50:111][121]LogBlueprintUserMessages: [BTS_botDetectEnemy_C_1] LargeHouse_BP
[2016.05.02-12.26.50:561][175]LogBlueprintUserMessages: [BTS_botDetectEnemy_C_1] LargeHouse_BP
[2016.05.02-12.26.51:011][229]LogBlueprintUserMessages: [BTS_botDetectEnemy_C_1] LargeHouse_BP
[2016.05.02-12.26.51:426][278]LogBlueprintUserMessages: [BTS_botDetectEnemy_C_1] LargeHouse_BP
[2016.05.02-12.26.52:028][344]LogBlueprintUserMessages: [BTS_botDetectEnemy_C_1] LargeHouse_BP
[2016.05.02-12.26.52:537][405]LogBlueprintUserMessages: [BTS_botDetectEnemy_C_1] LargeHouse_BP
[2016.05.02-12.26.53:050][465]LogBlueprintUserMessages: [BTS_botDetectEnemy_C_1] LargeHouse_BP
[2016.05.02-12.26.53:527][522]LogBlueprintUserMessages: [BTS_botDetectEnemy_C_1] LargeHouse_BP
[2016.05.02-12.26.54:077][588]LogBlueprintUserMessages: [BTS_botDetectEnemy_C_1] LargeHouse_BP
[2016.05.02-12.26.54:513][640]LogBlueprintUserMessages: [BTS_botDetectEnemy_C_1] LargeHouse_BP
[2016.05.02-12.26.55:107][711]LogBlueprintUserMessages: [BTS_botDetectEnemy_C_1] LargeHouse_BP
[2016.05.02-12.26.55:171][717]LogBlueprintUserMessages: Early EndPlayMap Detection: Level '/Game/StarterContent/Maps/Minimal_Default.Minimal_Default:PersistentLevel' has LevelScriptBlueprint '/Game/StarterContent/Maps/Minimal_Default.Minimal_Default:PersistentLevel.Minimal_Default' with GeneratedClass '/Game/StarterContent/Maps/Minimal_Default.Minimal_Default_C' with ClassGeneratedBy '/Game/StarterContent/Maps/Minimal_Default.Minimal_Default:PersistentLevel.Minimal_Default'
[2016.05.02-12.26.55:257][717]LogBlueprintUserMessages: Late EndPlayMap Detection: Level '/Game/StarterContent/Maps/Minimal_Default.Minimal_Default:PersistentLevel' has LevelScriptBlueprint '/Game/StarterContent/Maps/Minimal_Default.Minimal_Default:PersistentLevel.Minimal_Default' with GeneratedClass '/Game/StarterContent/Maps/Minimal_Default.Minimal_Default_C' with ClassGeneratedBy '/Game/StarterContent/Maps/Minimal_Default.Minimal_Default:PersistentLevel.Minimal_Default'
[2016.05.02-12.26.55:304][717]LogParticles: Destroying 0 GPU particle simulations for FXSystem 0x000002D499BA3EC0
[2016.05.02-12.26.58:316][ 72]LogActorComponent: UnregisterComponent: (/Engine/Transient.CharMoveComp) Not registered. Aborting.
[2016.05.02-12.26.58:465][ 72]LogWindowsTextInputMethodSystem:Display: IME system now activated using TSF (Microsoft 입력기).
[2016.05.02-12.26.58:682][ 73]Cmd: QUIT_EDITOR
[2016.05.02-12.26.59:187][ 73]LogExit: Preparing to exit.
[2016.05.02-12.27.00:452][ 73]LogExit: Editor shut down
[2016.05.02-12.27.00:452][ 73]LogExit: Transaction tracking system shut down
[2016.05.02-12.27.00:455][ 73]LogParticles: Destroying 0 GPU particle simulations for FXSystem 0x000002D4EAA8F880
[2016.05.02-12.27.00:458][ 73]LogParticles: Destroying 0 GPU particle simulations for FXSystem 0x000002D4F1CD7880
[2016.05.02-12.27.00:463][ 73]LogParticles: Destroying 0 GPU particle simulations for FXSystem 0x000002D4929E0CC0
[2016.05.02-12.27.00:463][ 73]LogParticles: Destroying 0 GPU particle simulations for FXSystem 0x000002D49295FCE0
[2016.05.02-12.27.00:463][ 73]LogParticles: Destroying 0 GPU particle simulations for FXSystem 0x000002D491287BA0
[2016.05.02-12.27.00:463][ 73]LogParticles: Destroying 0 GPU particle simulations for FXSystem 0x000002D491284F40
[2016.05.02-12.27.00:667][ 73]LogExit: Object subsystem successfully closed.
[2016.05.02-12.27.00:687][ 73]LogD3D11RHI: Shutdown
[2016.05.02-12.27.00:687][ 73]LogD3D11RHI: CleanupD3DDevice
[2016.05.02-12.27.00:760][ 73]LogD3D11RHI: ~FD3D11DynamicRHI
[2016.05.02-12.27.00:786][ 73]LogModuleManager: Shutting down and abandoning module CookingStats (200)
[2016.05.02-12.27.00:786][ 73]LogModuleManager: Shutting down and abandoning module BlueprintGraph (199)
[2016.05.02-12.27.00:786][ 73]LogModuleManager: Shutting down and abandoning module CrashTracker (198)
[2016.05.02-12.27.00:786][ 73]LogModuleManager: Shutting down and abandoning module SceneOutliner (197)
[2016.05.02-12.27.00:786][ 73]LogModuleManager: Shutting down and abandoning module SuperSearch (196)
[2016.05.02-12.27.00:786][ 73]LogModuleManager: Shutting down and abandoning module WidgetCarousel (195)
[2016.05.02-12.27.00:786][ 73]LogModuleManager: Shutting down and abandoning module AddContentDialog (194)
[2016.05.02-12.27.00:787][ 73]LogModuleManager: Shutting down and abandoning module EditorWidgets (193)
[2016.05.02-12.27.00:787][ 73]LogModuleManager: Shutting down and abandoning module CollectionManager (192)
[2016.05.02-12.27.00:787][ 73]LogModuleManager: Shutting down and abandoning module StatsViewer (191)
[2016.05.02-12.27.00:787][ 73]LogModuleManager: Shutting down and abandoning module FoliageEdit (190)
[2016.05.02-12.27.00:787][ 73]LogModuleManager: Shutting down and abandoning module LandscapeEditor (189)
[2016.05.02-12.27.00:787][ 73]LogModuleManager: Shutting down and abandoning module ActorPickerMode (188)
[2016.05.02-12.27.00:787][ 73]LogModuleManager: Shutting down and abandoning module GeometryMode (187)
[2016.05.02-12.27.00:787][ 73]LogModuleManager: Shutting down and abandoning module TextureAlignMode (186)
[2016.05.02-12.27.00:787][ 73]LogModuleManager: Shutting down and abandoning module BspMode (185)
[2016.05.02-12.27.00:787][ 73]LogModuleManager: Shutting down and abandoning module PlacementMode (184)
[2016.05.02-12.27.00:787][ 73]LogModuleManager: Shutting down and abandoning module AutomationWorker (183)
[2016.05.02-12.27.00:787][ 73]LogModuleManager: Shutting down and abandoning module CharacterAI (182)
[2016.05.02-12.27.00:787][ 73]LogModuleManager: Shutting down and abandoning module SmartSnapping (181)
[2016.05.02-12.27.00:787][ 73]LogModuleManager: Shutting down and abandoning module ViewportSnapping (180)
[2016.05.02-12.27.00:787][ 73]LogModuleManager: Shutting down and abandoning module LogVisualizer (179)
[2016.05.02-12.27.00:788][ 73]LogModuleManager: Shutting down and abandoning module GameProjectGeneration (178)
[2016.05.02-12.27.00:788][ 73]LogModuleManager: Shutting down and abandoning module IntroTutorials (177)
[2016.05.02-12.27.00:788][ 73]LogModuleManager: Shutting down and abandoning module EditorLiveStreaming (176)
[2016.05.02-12.27.00:788][ 73]LogModuleManager: Shutting down and abandoning module IOSPlatformEditor (175)
[2016.05.02-12.27.00:788][ 73]LogModuleManager: Shutting down and abandoning module HTML5PlatformEditor (174)
[2016.05.02-12.27.00:788][ 73]LogModuleManager: Shutting down and abandoning module AndroidDeviceDetection (173)
[2016.05.02-12.27.01:743][ 73]LogModuleManager: Shutting down and abandoning module AndroidPlatformEditor (172)
[2016.05.02-12.27.01:743][ 73]LogModuleManager: Shutting down and abandoning module IOSRuntimeSettings (171)
[2016.05.02-12.27.01:743][ 73]LogModuleManager: Shutting down and abandoning module AndroidRuntimeSettings (170)
[2016.05.02-12.27.01:743][ 73]LogModuleManager: Shutting down and abandoning module MergeActors (169)
[2016.05.02-12.27.01:743][ 73]LogModuleManager: Shutting down and abandoning module SizeMap (168)
[2016.05.02-12.27.01:744][ 73]LogModuleManager: Shutting down and abandoning module TreeMap (167)
[2016.05.02-12.27.01:744][ 73]LogModuleManager: Shutting down and abandoning module ReferenceViewer (166)
[2016.05.02-12.27.01:744][ 73]LogModuleManager: Shutting down and abandoning module LocalizationService (165)
[2016.05.02-12.27.01:744][ 73]LogModuleManager: Shutting down and abandoning module LocalizationDashboard (164)
[2016.05.02-12.27.01:744][ 73]LogModuleManager: Shutting down and abandoning module HardwareTargeting (163)
[2016.05.02-12.27.01:744][ 73]LogModuleManager: Shutting down and abandoning module DeviceProfileEditor (162)
[2016.05.02-12.27.01:744][ 73]LogModuleManager: Shutting down and abandoning module UndoHistory (161)
[2016.05.02-12.27.01:744][ 73]LogModuleManager: Shutting down and abandoning module GameplayTagsEditor (160)
[2016.05.02-12.27.01:744][ 73]LogModuleManager: Shutting down and abandoning module UserFeedback (159)
[2016.05.02-12.27.01:744][ 73]LogModuleManager: Shutting down and abandoning module XmlParser (158)
[2016.05.02-12.27.01:744][ 73]LogModuleManager: Shutting down and abandoning module Blutility (157)
[2016.05.02-12.27.01:744][ 73]LogModuleManager: Shutting down and abandoning module ProjectTargetPlatformEditor (156)
[2016.05.02-12.27.01:744][ 73]LogModuleManager: Shutting down and abandoning module ProjectSettingsViewer (155)
[2016.05.02-12.27.01:744][ 73]LogModuleManager: Shutting down and abandoning module InputBindingEditor (154)
[2016.05.02-12.27.01:744][ 73]LogModuleManager: Shutting down and abandoning module EditorSettingsViewer (153)
[2016.05.02-12.27.01:744][ 73]LogModuleManager: Shutting down and abandoning module SettingsEditor (152)
[2016.05.02-12.27.01:744][ 73]LogModuleManager: Shutting down and abandoning module ProjectLauncher (151)
[2016.05.02-12.27.01:744][ 73]LogModuleManager: Shutting down and abandoning module SessionFrontend (150)
[2016.05.02-12.27.01:744][ 73]LogModuleManager: Shutting down and abandoning module ProfilerClient (149)
[2016.05.02-12.27.01:744][ 73]LogModuleManager: Shutting down and abandoning module TargetDeviceServices (148)
[2016.05.02-12.27.01:744][ 73]LogModuleManager: Shutting down and abandoning module DeviceManager (147)
[2016.05.02-12.27.01:744][ 73]LogModuleManager: Shutting down and abandoning module AutomationController (146)
[2016.05.02-12.27.01:744][ 73]LogModuleManager: Shutting down and abandoning module AutomationWindow (145)
[2016.05.02-12.27.01:744][ 73]LogModuleManager: Shutting down and abandoning module Layers (144)
[2016.05.02-12.27.01:744][ 73]LogModuleManager: Shutting down and abandoning module ComponentVisualizers (143)
[2016.05.02-12.27.01:744][ 73]LogModuleManager: Shutting down and abandoning module DetailCustomizations (142)
[2016.05.02-12.27.01:744][ 73]LogModuleManager: Shutting down and abandoning module PackagesDialog (141)
[2016.05.02-12.27.01:744][ 73]LogModuleManager: Shutting down and abandoning module Persona (140)
[2016.05.02-12.27.01:744][ 73]LogModuleManager: Shutting down and abandoning module Kismet (139)
[2016.05.02-12.27.01:744][ 73]LogModuleManager: Shutting down and abandoning module GraphEditor (138)
[2016.05.02-12.27.01:744][ 73]LogModuleManager: Shutting down and abandoning module ClassViewer (137)
[2016.05.02-12.27.01:744][ 73]LogModuleManager: Shutting down and abandoning module Toolbox (136)
[2016.05.02-12.27.01:744][ 73]LogModuleManager: Shutting down and abandoning module ModuleUI (135)
[2016.05.02-12.27.01:745][ 73]LogModuleManager: Shutting down and abandoning module MovieSceneTools (134)
[2016.05.02-12.27.01:745][ 73]LogModuleManager: Shutting down and abandoning module OutputLog (133)
[2016.05.02-12.27.01:745][ 73]LogModuleManager: Shutting down and abandoning module GammaUI (132)
[2016.05.02-12.27.01:745][ 73]LogModuleManager: Shutting down and abandoning module Documentation (131)
[2016.05.02-12.27.01:745][ 73]LogModuleManager: Shutting down and abandoning module GameLiveStreaming (130)
[2016.05.02-12.27.01:745][ 73]LogModuleManager: Shutting down and abandoning module StreamingPauseRendering (129)
[2016.05.02-12.27.01:745][ 73]LogModuleManager: Shutting down and abandoning module AnalyticsET (128)
[2016.05.02-12.27.01:745][ 73]LogModuleManager: Shutting down and abandoning module Analytics (127)
[2016.05.02-12.27.01:745][ 73]LogModuleManager: Shutting down and abandoning module AITestSuite (126)
[2016.05.02-12.27.01:745][ 73]LogModuleManager: Shutting down and abandoning module GameplayDebugger (125)
[2016.05.02-12.27.01:745][ 73]LogModuleManager: Shutting down and abandoning module AIModule (124)
[2016.05.02-12.27.01:745][ 73]LogModuleManager: Shutting down and abandoning module ProfilerService (123)
[2016.05.02-12.27.01:767][ 73]LogModuleManager: Shutting down and abandoning module TaskGraph (122)
[2016.05.02-12.27.01:767][ 73]LogModuleManager: Shutting down and abandoning module SlateRemote (121)
[2016.05.02-12.27.01:767][ 73]LogModuleManager: Shutting down and abandoning module SteamVRController (120)
[2016.05.02-12.27.01:767][ 73]LogModuleManager: Shutting down and abandoning module SteamVR (119)
[2016.05.02-12.27.01:767][ 73]LogModuleManager: Shutting down and abandoning module ProceduralMeshComponent (118)
[2016.05.02-12.27.01:767][ 73]LogModuleManager: Shutting down and abandoning module OculusLibrary (117)
[2016.05.02-12.27.01:767][ 73]LogModuleManager: Shutting down and abandoning module OculusInput (116)
[2016.05.02-12.27.01:767][ 73]LogModuleManager: Shutting down and abandoning module LeapMotionController (115)
[2016.05.02-12.27.01:782][ 73]LogModuleManager: Shutting down and abandoning module CustomMeshComponent (114)
[2016.05.02-12.27.01:782][ 73]LogModuleManager: Shutting down and abandoning module CableComponent (113)
[2016.05.02-12.27.01:782][ 73]LogModuleManager: Shutting down and abandoning module ArchVisCharacter (112)
[2016.05.02-12.27.01:782][ 73]LogModuleManager: Shutting down and abandoning module MessagingDebugger (111)
[2016.05.02-12.27.01:782][ 73]LogModuleManager: Shutting down and abandoning module MediaPlayerEditor (110)
[2016.05.02-12.27.01:782][ 73]LogModuleManager: Shutting down and abandoning module HTML5Networking (109)
[2016.05.02-12.27.01:782][ 73]LogModuleManager: Shutting down and abandoning module SpeedTreeImporter (108)
[2016.05.02-12.27.01:782][ 73]LogModuleManager: Shutting down and abandoning module PluginBrowser (107)
[2016.05.02-12.27.01:782][ 73]LogModuleManager: Shutting down and abandoning module EpicSurvey (106)
[2016.05.02-12.27.01:782][ 73]LogModuleManager: Shutting down and abandoning module DesktopPlatform (105)
[2016.05.02-12.27.01:782][ 73]LogModuleManager: Shutting down and abandoning module VisualStudioSourceCodeAccess (104)
[2016.05.02-12.27.01:782][ 73]LogModuleManager: Shutting down and abandoning module UObjectPlugin (103)
[2016.05.02-12.27.01:782][ 73]LogModuleManager: Shutting down and abandoning module SubversionSourceControl (102)
[2016.05.02-12.27.01:782][ 73]LogModuleManager: Shutting down and abandoning module PerforceSourceControl (101)
[2016.05.02-12.27.01:782][ 73]LogModuleManager: Shutting down and abandoning module SourceControl (100)
[2016.05.02-12.27.01:782][ 73]LogModuleManager: Shutting down and abandoning module GitSourceControl (99)
[2016.05.02-12.27.01:782][ 73]LogModuleManager: Shutting down and abandoning module LightPropagationVolumeEditor (98)
[2016.05.02-12.27.01:782][ 73]LogModuleManager: Shutting down and abandoning module PaperTiledImporter (97)
[2016.05.02-12.27.01:782][ 73]LogModuleManager: Shutting down and abandoning module PaperSpriteSheetImporter (96)
[2016.05.02-12.27.01:782][ 73]LogModuleManager: Shutting down and abandoning module MeshPaint (95)
[2016.05.02-12.27.01:782][ 73]LogModuleManager: Shutting down and abandoning module SlateReflector (94)
[2016.05.02-12.27.01:782][ 73]LogModuleManager: Shutting down and abandoning module HotReload (93)
[2016.05.02-12.27.01:782][ 73]LogModuleManager: Shutting down and abandoning module MainFrame (92)
[2016.05.02-12.27.01:782][ 73]LogModuleManager: Shutting down and abandoning module LevelEditor (91)
[2016.05.02-12.27.01:783][ 73]LogModuleManager: Shutting down and abandoning module DirectoryWatcher (90)
[2016.05.02-12.27.01:784][ 73]LogModuleManager: Shutting down and abandoning module AssetRegistry (89)
[2016.05.02-12.27.01:874][ 73]LogModuleManager: Shutting down and abandoning module ContentBrowser (88)
[2016.05.02-12.27.01:875][ 73]LogModuleManager: Shutting down and abandoning module Paper2DEditor (87)
[2016.05.02-12.27.01:875][ 73]LogModuleManager: Shutting down and abandoning module UdpMessaging (86)
[2016.05.02-12.27.01:976][ 73]LogModuleManager: Shutting down and abandoning module LightPropagationVolumeRuntime (85)
[2016.05.02-12.27.01:976][ 73]LogModuleManager: Shutting down and abandoning module Paper2D (84)
[2016.05.02-12.27.01:976][ 73]LogModuleManager: Shutting down and abandoning module WindowsMoviePlayer (83)
[2016.05.02-12.27.01:980][ 73]LogModuleManager: Shutting down and abandoning module Media (82)
[2016.05.02-12.27.01:980][ 73]LogModuleManager: Shutting down and abandoning module WmfMedia (81)
[2016.05.02-12.27.01:980][ 73]LogModuleManager: Shutting down and abandoning module OnlineBlueprintSupport (80)
[2016.05.02-12.27.01:980][ 73]LogModuleManager: Shutting down and abandoning module GameplayTasksEditor (79)
[2016.05.02-12.27.01:980][ 73]LogModuleManager: Shutting down and abandoning module PropertyEditor (78)
[2016.05.02-12.27.01:980][ 73]LogModuleManager: Shutting down and abandoning module BehaviorTreeEditor (77)
[2016.05.02-12.27.01:980][ 73]LogModuleManager: Shutting down and abandoning module FunctionalTesting (76)
[2016.05.02-12.27.01:980][ 73]LogModuleManager: Shutting down and abandoning module CollisionAnalyzer (75)
[2016.05.02-12.27.01:980][ 73]LogModuleManager: Shutting down and abandoning module WorkspaceMenuStructure (74)
[2016.05.02-12.27.01:980][ 73]LogModuleManager: Shutting down and abandoning module MessageLog (73)
[2016.05.02-12.27.01:980][ 73]LogModuleManager: Shutting down and abandoning module Sequencer (72)
[2016.05.02-12.27.01:980][ 73]LogModuleManager: Shutting down and abandoning module AssetTools (71)
[2016.05.02-12.27.01:980][ 73]LogModuleManager: Shutting down and abandoning module UMGEditor (70)
[2016.05.02-12.27.01:980][ 73]LogModuleManager: Shutting down and abandoning module UMG (69)
[2016.05.02-12.27.01:980][ 73]LogModuleManager: Shutting down and abandoning module Slate (68)
[2016.05.02-12.27.01:980][ 73]LogModuleManager: Shutting down and abandoning module EditorStyle (67)
[2016.05.02-12.27.01:981][ 73]LogModuleManager: Shutting down and abandoning module SessionServices (66)
[2016.05.02-12.27.01:981][ 73]LogModuleManager: Shutting down and abandoning module SourceCodeAccess (65)
[2016.05.02-12.27.01:981][ 73]LogModuleManager: Shutting down and abandoning module HeadMountedDisplay (64)
[2016.05.02-12.27.01:981][ 73]LogModuleManager: Shutting down and abandoning module XAudio2 (63)
[2016.05.02-12.27.01:981][ 73]LogModuleManager: Shutting down and abandoning module Networking (61)
[2016.05.02-12.27.01:981][ 73]LogModuleManager: Shutting down and abandoning module Core (60)
[2016.05.02-12.27.01:981][ 73]LogModuleManager: Shutting down and abandoning module KismetCompiler (59)
[2016.05.02-12.27.01:981][ 73]LogModuleManager: Shutting down and abandoning module PhysXFormats (58)
[2016.05.02-12.27.01:981][ 73]LogModuleManager: Shutting down and abandoning module MeshUtilities (57)
[2016.05.02-12.27.01:981][ 73]LogModuleManager: Shutting down and abandoning module DerivedDataCache (56)
[2016.05.02-12.27.02:016][ 73]LogDerivedDataCache: Shutdown
[2016.05.02-12.27.02:016][ 73]LogModuleManager: Shutting down and abandoning module ShaderFormatOpenGL (55)
[2016.05.02-12.27.02:017][ 73]LogModuleManager: Shutting down and abandoning module ShaderFormatD3D (54)
[2016.05.02-12.27.02:017][ 73]LogModuleManager: Shutting down and abandoning module MetalShaderFormat (53)
[2016.05.02-12.27.02:017][ 73]LogModuleManager: Shutting down and abandoning module TextureFormatUncompressed (52)
[2016.05.02-12.27.02:017][ 73]LogModuleManager: Shutting down and abandoning module TextureFormatPVR (51)
[2016.05.02-12.27.02:017][ 73]LogModuleManager: Shutting down and abandoning module TextureFormatIntelISPCTexComp (50)
[2016.05.02-12.27.02:017][ 73]LogModuleManager: Shutting down and abandoning module TextureFormatDXT (49)
[2016.05.02-12.27.02:017][ 73]LogModuleManager: Shutting down and abandoning module ImageWrapper (48)
[2016.05.02-12.27.02:017][ 73]LogModuleManager: Shutting down and abandoning module TextureFormatASTC (47)
[2016.05.02-12.27.02:017][ 73]LogModuleManager: Shutting down and abandoning module TextureFormatAndroid (46)
[2016.05.02-12.27.02:017][ 73]LogModuleManager: Shutting down and abandoning module AudioFormatOpus (45)
[2016.05.02-12.27.02:017][ 73]LogModuleManager: Shutting down and abandoning module AudioFormatOgg (44)
[2016.05.02-12.27.02:017][ 73]LogModuleManager: Shutting down and abandoning module AudioFormatADPCM (43)
[2016.05.02-12.27.02:017][ 73]LogModuleManager: Shutting down and abandoning module LinuxTargetPlatform (42)
[2016.05.02-12.27.02:017][ 73]LogModuleManager: Shutting down and abandoning module LinuxServerTargetPlatform (41)
[2016.05.02-12.27.02:017][ 73]LogModuleManager: Shutting down and abandoning module LinuxNoEditorTargetPlatform (40)
[2016.05.02-12.27.02:017][ 73]LogModuleManager: Shutting down and abandoning module Messaging (39)
[2016.05.02-12.27.02:017][ 73]LogModuleManager: Shutting down and abandoning module IOSTargetPlatform (38)
[2016.05.02-12.27.02:017][ 73]LogModuleManager: Shutting down and abandoning module HTML5TargetPlatform (37)
[2016.05.02-12.27.02:017][ 73]LogModuleManager: Shutting down and abandoning module Android_PVRTCTargetPlatform (36)
[2016.05.02-12.27.02:017][ 73]LogModuleManager: Shutting down and abandoning module Android_MultiTargetPlatform (35)
[2016.05.02-12.27.02:017][ 73]LogModuleManager: Shutting down and abandoning module Android_ETC2TargetPlatform (34)
[2016.05.02-12.27.02:017][ 73]LogModuleManager: Shutting down and abandoning module Android_ETC1TargetPlatform (33)
[2016.05.02-12.27.02:017][ 73]LogModuleManager: Shutting down and abandoning module Android_DXTTargetPlatform (32)
[2016.05.02-12.27.02:017][ 73]LogModuleManager: Shutting down and abandoning module Android_ATCTargetPlatform (31)
[2016.05.02-12.27.02:017][ 73]LogModuleManager: Shutting down and abandoning module Android_ASTCTargetPlatform (30)
[2016.05.02-12.27.02:017][ 73]LogModuleManager: Shutting down and abandoning module AndroidTargetPlatform (29)
[2016.05.02-12.27.02:017][ 73]LogModuleManager: Shutting down and abandoning module WindowsTargetPlatform (28)
[2016.05.02-12.27.02:017][ 73]LogModuleManager: Shutting down and abandoning module WindowsServerTargetPlatform (27)
[2016.05.02-12.27.02:017][ 73]LogModuleManager: Shutting down and abandoning module WindowsNoEditorTargetPlatform (26)
[2016.05.02-12.27.02:017][ 73]LogModuleManager: Shutting down and abandoning module WindowsClientTargetPlatform (25)
[2016.05.02-12.27.02:017][ 73]LogModuleManager: Shutting down and abandoning module AllDesktopTargetPlatform (24)
[2016.05.02-12.27.02:017][ 73]LogModuleManager: Shutting down and abandoning module TargetPlatform (23)
[2016.05.02-12.27.02:017][ 73]LogModuleManager: Shutting down and abandoning module InputCore (22)
[2016.05.02-12.27.02:017][ 73]LogModuleManager: Shutting down and abandoning module Settings (21)
[2016.05.02-12.27.02:017][ 73]LogModuleManager: Shutting down and abandoning module OnlineSubsystem (19)
[2016.05.02-12.27.02:017][ 73]LogModuleManager: Shutting down and abandoning module HTTP (18)
[2016.05.02-12.27.03:018][ 73]LogModuleManager: Shutting down and abandoning module XMPP (17)
[2016.05.02-12.27.03:018][ 73]LogModuleManager: Shutting down and abandoning module OculusRift (16)
[2016.05.02-12.27.03:018][ 73]LogModuleManager: Shutting down and abandoning module ExampleDeviceProfileSelector (15)
[2016.05.02-12.27.03:018][ 73]LogModuleManager: Shutting down and abandoning module TextureCompressor (14)
[2016.05.02-12.27.03:018][ 73]LogModuleManager: Shutting down and abandoning module ShaderCore (13)
[2016.05.02-12.27.03:018][ 73]LogModuleManager: Shutting down and abandoning module Landscape (12)
[2016.05.02-12.27.03:018][ 73]LogModuleManager: Shutting down and abandoning module SlateRHIRenderer (11)
[2016.05.02-12.27.03:020][ 73]LogModuleManager: Shutting down and abandoning module OpenGLDrv (10)
[2016.05.02-12.27.03:020][ 73]LogModuleManager: Shutting down and abandoning module D3D11RHI (9)
[2016.05.02-12.27.03:020][ 73]LogModuleManager: Shutting down and abandoning module AnimGraphRuntime (8)
[2016.05.02-12.27.03:020][ 73]LogModuleManager: Shutting down and abandoning module Renderer (7)
[2016.05.02-12.27.03:020][ 73]LogModuleManager: Shutting down and abandoning module Engine (6)
[2016.05.02-12.27.03:020][ 73]LogModuleManager: Shutting down and abandoning module CoreUObject (5)
[2016.05.02-12.27.03:020][ 73]LogModuleManager: Shutting down and abandoning module NetworkFile (4)
[2016.05.02-12.27.03:020][ 73]LogModuleManager: Shutting down and abandoning module StreamingFile (3)
[2016.05.02-12.27.03:020][ 73]LogModuleManager: Shutting down and abandoning module SandboxFile (2)
[2016.05.02-12.27.03:020][ 73]LogModuleManager: Shutting down and abandoning module PakFile (1)
[2016.05.02-12.27.03:021][ 73]LogExit: Exiting.
[2016.05.02-12.27.03:036][ 73]Log file closed, 05/02/16 21:27:03
