[2016.04.07-09.10.37:396][  0]Log file open, 04/07/16 18:10:37
[2016.04.07-09.10.37:396][  0]LogInit:Display: Running engine for game: Hero
[2016.04.07-09.10.37:396][  0]LogPlatformFile: Not using cached read wrapper
[2016.04.07-09.10.37:396][  0]LogInit:Display: RandInit(1931612385) SRandInit(1931612386).
[2016.04.07-09.10.37:396][  0]LogTaskGraph: Started task graph with 4 named threads and 7 total threads.
[2016.04.07-09.10.37:396][  0]LogStats: Stats thread started at 0.080069
[2016.04.07-09.10.37:396][  0]LogInit: Version: 4.10.4-2872498+++depot+UE4-Releases+4.10
[2016.04.07-09.10.37:396][  0]LogInit: API Version: 2758231
[2016.04.07-09.10.37:396][  0]LogInit: Compiled (64-bit): Feb 18 2016 15:47:04
[2016.04.07-09.10.37:396][  0]LogInit: Compiled with Visual C++: 19.00.23026.00
[2016.04.07-09.10.37:396][  0]LogInit: Build Configuration: Development
[2016.04.07-09.10.37:396][  0]LogInit: Branch Name: ++depot+UE4-Releases+4.10
[2016.04.07-09.10.37:396][  0]LogInit: Command line: -EpicPortal 
[2016.04.07-09.10.37:396][  0]LogInit: Base directory: D:/DevelopmentKit/Epic Games/4.10/Engine/Binaries/Win64/
[2016.04.07-09.10.37:396][  0]LogInit: Rocket: 1
[2016.04.07-09.10.37:418][  0]LogInit: Using libcurl 7.41.0
[2016.04.07-09.10.37:418][  0]LogInit:  - built for x86_64-pc-win32
[2016.04.07-09.10.37:418][  0]LogInit:  - supports SSL with WinSSL
[2016.04.07-09.10.37:418][  0]LogInit:  - other features:
[2016.04.07-09.10.37:418][  0]LogInit:      CURL_VERSION_SSL
[2016.04.07-09.10.37:418][  0]LogInit:      CURL_VERSION_IPV6
[2016.04.07-09.10.37:418][  0]LogInit:      CURL_VERSION_ASYNCHDNS
[2016.04.07-09.10.37:418][  0]LogInit:      CURL_VERSION_LARGEFILE
[2016.04.07-09.10.37:418][  0]LogInit:      CURL_VERSION_IDN
[2016.04.07-09.10.37:418][  0]LogInit:  CurlRequestOptions (configurable via config and command line):
[2016.04.07-09.10.37:418][  0]LogInit:  - bVerifyPeer = true  - Libcurl will verify peer certificate
[2016.04.07-09.10.37:418][  0]LogInit:  - bUseHttpProxy = false  - Libcurl will NOT use HTTP proxy
[2016.04.07-09.10.37:418][  0]LogInit:  - bDontReuseConnections = false  - Libcurl will reuse connections
[2016.04.07-09.10.37:418][  0]LogInit:  - CertBundlePath = nullptr  - Libcurl will use whatever was configured at build time.
[2016.04.07-09.10.37:422][  0]LogInit: Presizing for 0 objects not considered by GC, pre-allocating 0 bytes.
[2016.04.07-09.10.37:427][  0]LogInit: Object subsystem initialized
[2016.04.07-09.10.37:428][  0]LogInit: Selected Device Profile: [Windows]
[2016.04.07-09.10.37:428][  0]LogInit: Applying CVar settings loaded from the selected device profile: [Windows]
[2016.04.07-09.10.37:467][  0]LogInit: Computer: NARAMLOPTOP
[2016.04.07-09.10.37:467][  0]LogInit: User: sylve
[2016.04.07-09.10.37:467][  0]LogInit: CPU Page size=4096, Cores=4
[2016.04.07-09.10.37:467][  0]LogInit: High frequency timer resolution =2.728067 MHz
[2016.04.07-09.10.37:467][  0]LogMemory: Memory total: Physical=7.9GB (8GB approx)
[2016.04.07-09.10.37:467][  0]LogMemory: Platform Memory Stats for Windows
[2016.04.07-09.10.37:467][  0]LogMemory: Process Physical Memory: 57.02 MB used, 57.02 MB peak
[2016.04.07-09.10.37:467][  0]LogMemory: Process Virtual Memory: 56.95 MB used, 56.95 MB peak
[2016.04.07-09.10.37:467][  0]LogMemory: Physical Memory: 3075.92 MB used, 8112.01 MB total
[2016.04.07-09.10.37:467][  0]LogMemory: Virtual Memory: 383.54 MB used, 134217728.00 MB total
[2016.04.07-09.10.37:507][  0]LogTextLocalizationManager: No specific translations for ('ko-KR') exist, so ('ko') translations will be used.
[2016.04.07-09.10.37:540][  0]LogTextLocalizationManager:Warning: Loaded localization resources contain conflicting entries for (Namespace:UObjectToolTips, Key:AnimNode_AssetPlayerBase:InternalTimeAccumulator):
Localization Resource: (D:/DevelopmentKit/Epic Games/4.10/Engine/Content/Localization/EditorTutorials/ko/EditorTutorials.locres) Source String Hash: (502993589) Localized String: (이 노드에서 애셋을 레퍼런싱하는 데 사용되는 누적 시간입니다.)
Localization Resource: (D:/DevelopmentKit/Epic Games/4.10/Engine/Content/Localization/Engine/ko/Engine.locres) Source String Hash: (502993589) Localized String: (이 노드에서 애셋을 레퍼런싱하는 데 사용된 누적 시간입니다.)
[2016.04.07-09.10.37:540][  0]LogTextLocalizationManager:Warning: Loaded localization resources contain conflicting entries for (Namespace:UObjectToolTips, Key:AnimNode_AssetPlayerBase:bIgnoreForRelevancyTest):
Localization Resource: (D:/DevelopmentKit/Epic Games/4.10/Engine/Content/Localization/EditorTutorials/ko/EditorTutorials.locres) Source String Hash: (319969718) Localized String: (True 면, 스테이트에서 최고 가중치 애니메이션을 찾는 "Relevant anim" 노드는 이 노드를 무시합니다.
 )
Localization Resource: (D:/DevelopmentKit/Epic Games/4.10/Engine/Content/Localization/Engine/ko/Engine.locres) Source String Hash: (319969718) Localized String: (True 면 스테이트 내 최고 웨이팅된 애니메이션을 찾는 "Relevant anim" 노드가 무시됩니다.
 )
[2016.04.07-09.10.37:540][  0]LogTextLocalizationManager:Warning: Loaded localization resources contain conflicting entries for (Namespace:UObjectToolTips, Key:AnimNode_AssetPlayerBase:BlendWeight):
Localization Resource: (D:/DevelopmentKit/Epic Games/4.10/Engine/Content/Localization/EditorTutorials/ko/EditorTutorials.locres) Source String Hash: (-1232800293) Localized String: (이 노드에 마지막 걸린 블렌드웨이트 입니다.)
Localization Resource: (D:/DevelopmentKit/Epic Games/4.10/Engine/Content/Localization/Engine/ko/Engine.locres) Source String Hash: (-1232800293) Localized String: (이 노드에 대해 마지막 접한 블렌드 웨이트)
[2016.04.07-09.10.37:694][  0]LogD3D11RHI: Found D3D11 adapter 0: NVIDIA GeForce GTX 765M  (Feature Level 11_0)
[2016.04.07-09.10.37:694][  0]LogD3D11RHI: Adapter has 1991MB of dedicated video memory, 0MB of dedicated system memory, and 4056MB of shared system memory, 1 output[s]
[2016.04.07-09.10.37:703][  0]LogD3D11RHI: Found D3D11 adapter 1: Intel(R) HD Graphics 4600 (Feature Level 11_0)
[2016.04.07-09.10.37:703][  0]LogD3D11RHI: Adapter has 112MB of dedicated video memory, 0MB of dedicated system memory, and 4056MB of shared system memory, 0 output[s]
[2016.04.07-09.10.37:704][  0]LogD3D11RHI: Found D3D11 adapter 2: Microsoft Basic Render Driver (Feature Level 11_0)
[2016.04.07-09.10.37:704][  0]LogD3D11RHI: Adapter has 0MB of dedicated video memory, 0MB of dedicated system memory, and 4056MB of shared system memory, 0 output[s]
[2016.04.07-09.10.37:704][  0]LogD3D11RHI: Chosen D3D11 Adapter Id = 0
[2016.04.07-09.10.37:708][  0]LogD3D11RHI: !Direct3DDevice
[2016.04.07-09.10.37:708][  0]LogRHI: Texture pool is 1361 MB (70% of 1945 MB)
[2016.04.07-09.10.37:722][  0]LogD3D11RHI: Async texture creation enabled
[2016.04.07-09.10.37:735][  0]LogShaderCompilers: Guid format shader working directory is -21 characters bigger than the processId version (../../../../../../sylve/Documents/Unreal Projects/Project/Hero 4.10/Intermediate/Shaders/WorkingDirectory/1000/).
[2016.04.07-09.10.37:735][  0]LogShaderCompilers: Cleaned the shader compiler working directory 'C:/Users/sylve/AppData/Local/Temp/UnrealShaderWorkingDir/450CD41A4CC4819C4F57B1AD9190E7B5/'.
[2016.04.07-09.10.37:735][  0]LogShaderCompilers:Display: Using Local Shader Compiler.
[2016.04.07-09.10.38:445][  0]LogTemp:Display: Loaded TP AllDesktopTargetPlatform
[2016.04.07-09.10.38:448][  0]LogTemp:Display: Loaded TP WindowsClientTargetPlatform
[2016.04.07-09.10.38:451][  0]LogTemp:Display: Loaded TP WindowsNoEditorTargetPlatform
[2016.04.07-09.10.38:455][  0]LogTemp:Display: Loaded TP WindowsServerTargetPlatform
[2016.04.07-09.10.38:458][  0]LogTemp:Display: Loaded TP WindowsTargetPlatform
[2016.04.07-09.10.38:462][  0]LogTemp:Display: Loaded TP AndroidTargetPlatform
[2016.04.07-09.10.38:466][  0]LogTemp:Display: Loaded TP Android_ASTCTargetPlatform
[2016.04.07-09.10.38:469][  0]LogTemp:Display: Loaded TP Android_ATCTargetPlatform
[2016.04.07-09.10.38:471][  0]LogTemp:Display: Loaded TP Android_DXTTargetPlatform
[2016.04.07-09.10.38:474][  0]LogTemp:Display: Loaded TP Android_ETC1TargetPlatform
[2016.04.07-09.10.38:476][  0]LogTemp:Display: Loaded TP Android_ETC2TargetPlatform
[2016.04.07-09.10.38:482][  0]LogTemp:Display: Loaded TP Android_MultiTargetPlatform
[2016.04.07-09.10.38:482][  0]LogTemp:Display: Loaded TP Android_PVRTCTargetPlatform
[2016.04.07-09.10.38:483][  0]LogTemp:Display: Loaded TP HTML5TargetPlatform
[2016.04.07-09.10.38:499][  0]LogTemp:Display: Loaded TP IOSTargetPlatform
[2016.04.07-09.10.38:502][  0]LogTemp:Display: Loaded TP LinuxNoEditorTargetPlatform
[2016.04.07-09.10.38:505][  0]LogTemp:Display: Loaded TP LinuxServerTargetPlatform
[2016.04.07-09.10.38:508][  0]LogTemp:Display: Loaded TP LinuxTargetPlatform
[2016.04.07-09.10.38:508][  0]LogTargetPlatformManager:Display: Building Assets For Windows
[2016.04.07-09.10.38:576][  0]LogDerivedDataCache:Display: Max Cache Size: 512 MB
[2016.04.07-09.10.38:624][  0]LogDerivedDataCache: Loaded boot cache 0.05s 41MB C:/Users/sylve/AppData/Local/UnrealEngine/4.10/DerivedDataCache/Boot.ddc.
[2016.04.07-09.10.38:624][  0]LogDerivedDataCache:Display: Loaded Boot cache: C:/Users/sylve/AppData/Local/UnrealEngine/4.10/DerivedDataCache/Boot.ddc
[2016.04.07-09.10.38:624][  0]LogDerivedDataCache: FDerivedDataBackendGraph:  Pak pak cache file ../../../../../../sylve/Documents/Unreal Projects/Project/Hero 4.10/DerivedDataCache/DDC.ddp not found, will not use a pak cache.
[2016.04.07-09.10.38:624][  0]LogDerivedDataCache: Unable to find inner node Pak for hierarchical cache Hierarchy.
[2016.04.07-09.10.38:624][  0]LogDerivedDataCache: FDerivedDataBackendGraph:  CompressedPak pak cache file ../../../../../../sylve/Documents/Unreal Projects/Project/Hero 4.10/DerivedDataCache/Compressed.ddp not found, will not use a pak cache.
[2016.04.07-09.10.38:624][  0]LogDerivedDataCache: Unable to find inner node CompressedPak for hierarchical cache Hierarchy.
[2016.04.07-09.10.38:675][  0]LogDerivedDataCache:Display: Pak cache opened for reading ../../../Engine/DerivedDataCache/Compressed.ddp.
[2016.04.07-09.10.38:688][  0]LogDerivedDataCache: Using Local data cache path C:/Users/sylve/AppData/Local/UnrealEngine/Common/DerivedDataCache: Writable
[2016.04.07-09.10.38:855][  0]LogInit: Selected Device Profile: [Windows]
[2016.04.07-09.10.38:857][  0]LogContentStreaming: Texture pool size is 0.000000MB
[2016.04.07-09.10.38:956][  0]LogMeshUtilities: No automatic mesh reduction module available
[2016.04.07-09.10.38:956][  0]LogMeshUtilities: No automatic mesh merging module available
[2016.04.07-09.10.39:192][  0]LogInit: WinSock: version 1.1 (2.2), MaxSocks=32767, MaxUdp=65467
[2016.04.07-09.10.39:970][  0]UdpMessaging: Initializing bridge on interface 0.0.0.0:0 to multicast group 230.0.0.1:6666.
[2016.04.07-09.10.40:124][  0]LogAssetRegistry: FAssetRegistry took 0.0110 seconds to start up
[2016.04.07-09.10.40:273][  0]SourceControl: 정보 소스 콘트롤이 꺼졌습니다.
[2016.04.07-09.10.40:274][  0]SourceControl: 정보 소스 콘트롤이 꺼졌습니다.
[2016.04.07-09.10.40:287][  0]SourceControl: 정보 소스 콘트롤이 꺼졌습니다.
[2016.04.07-09.10.40:298][  0]SourceControl: 정보 소스 콘트롤이 꺼졌습니다.
[2016.04.07-09.10.40:564][  0]LogObj: 28633 objects as part of root set at end of initial load.
[2016.04.07-09.10.40:564][  0]LogUObjectAllocator: 6099752 out of 0 bytes used by permanent object pool.
[2016.04.07-09.10.40:613][  0]LogEngine: Initializing Engine...
[2016.04.07-09.10.40:615][  0]LogHMD: Can't find Oculus library dev build: is proper Runtime installed? Version: 0.8.0.0
[2016.04.07-09.10.40:616][  0]LogHMD: SteamVR failed to initialize.  Err: 110
[2016.04.07-09.10.40:713][  0]LogAIModule: Creating AISystem for world NewWorld
[2016.04.07-09.10.40:723][  0]LogInit: XAudio2 using '스피커(2- High Definition Audio 장치)' : 2 channels at 44.1 kHz using 16 bits per sample (channel mask 0x3)
[2016.04.07-09.10.40:739][  0]LogInit: FAudioDevice initialized.
[2016.04.07-09.10.40:766][  0]LogDerivedDataCache: Saved boot cache 0.03s 41MB C:/Users/sylve/AppData/Local/UnrealEngine/4.10/DerivedDataCache/Boot.ddc.
[2016.04.07-09.10.40:771][  0]LogInit: Texture streaming: Enabled
[2016.04.07-09.10.40:774][  0]LogAnalytics: Creating configured Analytics provider AnalyticsET
[2016.04.07-09.10.40:774][  0]LogAnalytics: [UEEditor.Rocket.Release] APIServer = http://et2.epicgames.com/ET2/. AppVersion = 4.10.4-2872498+++depot+UE4-Releases+4.10
[2016.04.07-09.10.40:774][  0]LogAnalytics: [UEEditor.Rocket.Release] SetUserId 87a6af9d4023301e4ee99981cf3c496b|5757bc0e79d542efb21b5d5f30a43a1b|386686de-ea3e-42a5-87a2-6f6f6f575754
[2016.04.07-09.10.40:774][  0]LogAnalytics: [UEEditor.Rocket.Release] AnalyticsET::StartSession
[2016.04.07-09.10.40:781][  0]LogInit: Transaction tracking system initialized
[2016.04.07-09.10.40:796][  0]BlueprintLog: New page: 에디터 로드
[2016.04.07-09.10.40:844][  0]LocalizationService: 정보 현지화 서비스가 비활성화되었습니다.
[2016.04.07-09.10.40:905][  0]LogConsoleResponse:Display: 
[2016.04.07-09.10.41:078][  0]LogCook:Display: Done creating registry. It took  0.00s.
[2016.04.07-09.10.41:132][  0]LogFileCache: Scanning file cache for directory 'D:/sylve/Documents/Unreal Projects/Project/Hero 4.10/Content/' took 0.08s
[2016.04.07-09.10.41:132][  0]SourceControl: 정보 소스 콘트롤이 꺼졌습니다.
[2016.04.07-09.10.41:132][  0]Cmd: MAP LOAD FILE="../../../../../../sylve/Documents/Unreal Projects/Project/Hero 4.10/Content/StarterContent/Maps/Minimal_Default.umap" TEMPLATE=0 SHOWPROGRESS=1 FEATURELEVEL=3
[2016.04.07-09.10.41:186][  0]LightingResults: New page: 라이팅 빌드
[2016.04.07-09.10.41:188][  0]MapCheck: New page: 맵 체크
[2016.04.07-09.10.41:188][  0]LightingResults: New page: 라이팅 빌드
[2016.04.07-09.10.41:197][  0]LogParticles: Destroying 0 GPU particle simulations for FXSystem 0x000001D23BB69080
[2016.04.07-09.10.45:465][  0]LogBlueprint:Warning: [compiler BTT_botAttackEnemy] 경고  Selection  핀과  Return Value  핀을 연결할 수 없습니다: Convert 바이트 to botState 열거형
[2016.04.07-09.10.45:465][  0]LogBlueprint:Warning: [compiler BTT_botAttackEnemy] 경고  Return Value  핀과  Selection  핀을 연결할 수 없습니다: Convert 바이트 to botState 열거형
[2016.04.07-09.10.45:466][  0]LogBlueprint:Warning: [compiler BTT_botAttackEnemy] 경고 [0008.72] BTT_botAttackEnemy 컴파일에 성공했으나, 경고가 2 회 있습니다. [소요시간 6 ms]
[2016.04.07-09.10.45:466][  0]LogBlueprint:Warning: [compiler BTT_botAttackEnemy] 경고 [0008.72] BTT_botAttackEnemy 컴파일에 성공했으나, 경고가 3 회 있습니다. [소요시간 0 ms]
[2016.04.07-09.10.45:466][  0]LogBlueprint:Warning: [compiler BTT_botAttackEnemy] 경고 [0008.72] BTT_botAttackEnemy 컴파일에 성공했으나, 경고가 4 회 있습니다. [소요시간 0 ms]
[2016.04.07-09.10.45:497][  0]LogBlueprint:Warning: [compiler BTT_botMoveToEnemy] 경고  Selection  핀과  Return Value  핀을 연결할 수 없습니다: Convert 바이트 to botState 열거형
[2016.04.07-09.10.45:497][  0]LogBlueprint:Warning: [compiler BTT_botMoveToEnemy] 경고  Return Value  핀과  Selection  핀을 연결할 수 없습니다: Convert 바이트 to botState 열거형
[2016.04.07-09.10.45:498][  0]LogBlueprint:Warning: [compiler BTT_botMoveToEnemy] 경고 [0008.75] BTT_botMoveToEnemy 컴파일에 성공했으나, 경고가 2 회 있습니다. [소요시간 5 ms]
[2016.04.07-09.10.45:498][  0]LogBlueprint:Warning: [compiler BTT_botMoveToEnemy] 경고 [0008.75] BTT_botMoveToEnemy 컴파일에 성공했으나, 경고가 3 회 있습니다. [소요시간 0 ms]
[2016.04.07-09.10.45:498][  0]LogBlueprint:Warning: [compiler BTT_botMoveToEnemy] 경고 [0008.75] BTT_botMoveToEnemy 컴파일에 성공했으나, 경고가 4 회 있습니다. [소요시간 0 ms]
[2016.04.07-09.10.45:756][  0]LogBlueprint:Warning: [compiler BTT_botAttackEnemy] 경고  Selection  핀과  Return Value  핀을 연결할 수 없습니다: Convert 바이트 to botState 열거형
[2016.04.07-09.10.45:756][  0]LogBlueprint:Warning: [compiler BTT_botAttackEnemy] 경고  Return Value  핀과  Selection  핀을 연결할 수 없습니다: Convert 바이트 to botState 열거형
[2016.04.07-09.10.45:757][  0]LogBlueprint:Warning: [compiler BTT_botAttackEnemy] 경고 [0009.01] BTT_botAttackEnemy 컴파일에 성공했으나, 경고가 2 회 있습니다. [소요시간 5 ms]
[2016.04.07-09.10.45:757][  0]LogBlueprint:Warning: [compiler BTT_botAttackEnemy] 경고 [0009.01] BTT_botAttackEnemy 컴파일에 성공했으나, 경고가 3 회 있습니다. [소요시간 0 ms]
[2016.04.07-09.10.45:757][  0]LogBlueprint:Warning: [compiler BTT_botAttackEnemy] 경고 [0009.01] BTT_botAttackEnemy 컴파일에 성공했으나, 경고가 4 회 있습니다. [소요시간 0 ms]
[2016.04.07-09.10.45:763][  0]LogBlueprint:Warning: [compiler BTT_botMoveToEnemy] 경고  Selection  핀과  Return Value  핀을 연결할 수 없습니다: Convert 바이트 to botState 열거형
[2016.04.07-09.10.45:763][  0]LogBlueprint:Warning: [compiler BTT_botMoveToEnemy] 경고  Return Value  핀과  Selection  핀을 연결할 수 없습니다: Convert 바이트 to botState 열거형
[2016.04.07-09.10.45:764][  0]LogBlueprint:Warning: [compiler BTT_botMoveToEnemy] 경고 [0009.02] BTT_botMoveToEnemy 컴파일에 성공했으나, 경고가 2 회 있습니다. [소요시간 5 ms]
[2016.04.07-09.10.45:764][  0]LogBlueprint:Warning: [compiler BTT_botMoveToEnemy] 경고 [0009.02] BTT_botMoveToEnemy 컴파일에 성공했으나, 경고가 3 회 있습니다. [소요시간 0 ms]
[2016.04.07-09.10.45:765][  0]LogBlueprint:Warning: [compiler BTT_botMoveToEnemy] 경고 [0009.02] BTT_botMoveToEnemy 컴파일에 성공했으나, 경고가 4 회 있습니다. [소요시간 0 ms]
[2016.04.07-09.10.52:733][  0]LogAIModule: Creating AISystem for world Minimal_Default
[2016.04.07-09.10.53:079][  0]LogEditorServer: Finished looking for orphan Actors (0.000 secs)
[2016.04.07-09.10.53:144][  0]Cmd: MAP CHECKDEP NOCLEARLOG
[2016.04.07-09.10.53:328][  0]MapCheck: 정보 맵 체크 완료: 오류 0 회, 경고 0 회, 소요 시간 184.228ms.
[2016.04.07-09.10.53:328][  0]LogFileHelpers: Loading map 'Minimal_Default' took 12.196
[2016.04.07-09.10.53:748][  0]LogCollectionManager: Loaded 0 collections in 0.001138 seconds
[2016.04.07-09.10.53:870][  0]LogFileCache: Scanning file cache for directory 'D:/sylve/Documents/Unreal Projects/Project/Hero 4.10/Saved/Collections/' took 0.01s
[2016.04.07-09.10.53:870][  0]LogFileCache: Scanning file cache for directory 'D:/sylve/Documents/Unreal Projects/Project/Hero 4.10/Content/Developers/sylve/Collections/' took 0.02s
[2016.04.07-09.10.53:870][  0]LogFileCache: Scanning file cache for directory 'D:/sylve/Documents/Unreal Projects/Project/Hero 4.10/Content/Collections/' took 0.01s
[2016.04.07-09.10.53:870][  0]LogCollectionManager: Rebuilt the GUID cache for 0 collections in 0.000001 seconds
[2016.04.07-09.10.53:880][  0]LogContentBrowser: Native class hierarchy populated in 0.0086 seconds. Added 1893 classes and 338 folders.
[2016.04.07-09.10.53:944][  0]LogContentBrowser: Native class hierarchy updated for 'WidgetCarousel' in 0.0008 seconds. Added 0 classes and 0 folders.
[2016.04.07-09.10.55:082][  0]LogContentBrowser: Native class hierarchy updated for 'AddContentDialog' in 0.0013 seconds. Added 0 classes and 0 folders.
[2016.04.07-09.10.55:180][  0]LogContentBrowser: Native class hierarchy updated for 'SceneOutliner' in 0.0007 seconds. Added 1 classes and 2 folders.
[2016.04.07-09.10.55:490][  0]LogCrashTracker: Crashtracker disabled due to settings.
[2016.04.07-09.10.55:569][  0]LogUObjectGlobals:Warning: 'Class 없음.' 오브젝트를 찾는 데 실패했습니다.
[2016.04.07-09.10.55:603][  0]LogLoad: Full Startup: 18.86 seconds (BP compile: 1.09 seconds)
[2016.04.07-09.10.55:634][  0]LogWindowsTextInputMethodSystem:Display: IME system now activated using TSF (Microsoft 입력기).
[2016.04.07-09.10.55:646][  0]LogOcInput: Can't find Oculus library dev build: is proper Runtime installed? Version: 0.8.0.0
[2016.04.07-09.10.55:959][  0]LogContentStreaming: Texture pool size now 1000 MB
[2016.04.07-09.10.56:386][  0]LogRenderer: Reallocating scene render targets to support 1208x572 (Frame:2).
[2016.04.07-09.10.56:527][  1]Cmd: UpdateLandscapeEditorData -warnings
[2016.04.07-09.10.56:602][  1]LogFileCache: Retrieving MD5 hashes for directory 'D:/sylve/Documents/Unreal Projects/Project/Hero 4.10/Content/' took 0.94s
[2016.04.07-09.10.58:537][ 17]LogAssetRegistry: Asset discovery search completed in 18.4239 seconds
[2016.04.07-09.10.58:537][ 17]LogCollectionManager: Rebuilt the object cache for 0 collections in 0.000002 seconds (found 0 objects)
[2016.04.07-09.10.58:537][ 17]LogCollectionManager: Fixed up redirectors for 0 collections in 0.000036 seconds (updated 0 objects)
[2016.04.07-09.12.30:072][964]LogBlueprintUserMessages: Early PlayInEditor Detection: Level '/Game/StarterContent/Maps/Minimal_Default.Minimal_Default:PersistentLevel' has LevelScriptBlueprint '/Game/StarterContent/Maps/Minimal_Default.Minimal_Default:PersistentLevel.Minimal_Default' with GeneratedClass '/Game/StarterContent/Maps/Minimal_Default.Minimal_Default_C' with ClassGeneratedBy '/Game/StarterContent/Maps/Minimal_Default.Minimal_Default:PersistentLevel.Minimal_Default'
[2016.04.07-09.12.30:072][964]LogPlayLevel: PlayLevel: No blueprints needed recompiling
[2016.04.07-09.12.30:090][964]PIE: New page: PIE 세션: Minimal_Default (2016. 4. 8. 오전 3:12:30)
[2016.04.07-09.12.30:090][964]LogPlayLevel: Creating play world package: /Game/StarterContent/Maps/UEDPIE_0_Minimal_Default
[2016.04.07-09.12.30:171][964]LogPlayLevel: PIE: StaticDuplicateObject took: (0.080957s)
[2016.04.07-09.12.30:172][964]LogAIModule: Creating AISystem for world Minimal_Default
[2016.04.07-09.12.30:172][964]LogPlayLevel: PIE: World Init took: (0.000946s)
[2016.04.07-09.12.30:173][964]LogPlayLevel: PIE: Created PIE world by copying editor world from /Game/StarterContent/Maps/Minimal_Default.Minimal_Default to /Game/StarterContent/Maps/UEDPIE_0_Minimal_Default.Minimal_Default (0.082395s)
[2016.04.07-09.12.30:250][964]LogInit: XAudio2 using '스피커(2- High Definition Audio 장치)' : 2 channels at 44.1 kHz using 16 bits per sample (channel mask 0x3)
[2016.04.07-09.12.30:257][964]LogInit: FAudioDevice initialized.
[2016.04.07-09.12.30:359][964]LogWorld: Game class is 'CustomMode_BP_C'
[2016.04.07-09.12.30:509][964]LogWorld: Bringing World /Game/StarterContent/Maps/UEDPIE_0_Minimal_Default.Minimal_Default up for play (max tick rate 60) at 2016.04.07-18.12.30
[2016.04.07-09.12.30:509][964]LogActor:Warning: GameSession /Game/StarterContent/Maps/UEDPIE_0_Minimal_Default.Minimal_Default:PersistentLevel.GameSession_0 has natively added scene component(s), but none of them were set as the actor's RootComponent - picking one arbitrarily
[2016.04.07-09.12.30:509][964]LogActor:Warning: GameNetworkManager /Game/StarterContent/Maps/UEDPIE_0_Minimal_Default.Minimal_Default:PersistentLevel.GameNetworkManager_0 has natively added scene component(s), but none of them were set as the actor's RootComponent - picking one arbitrarily
[2016.04.07-09.12.30:629][964]LogWorld: Bringing up level for play took: 0.255160
[2016.04.07-09.12.30:817][964]PIE: 정보 /Game/StarterContent/Maps/UEDPIE_0_Minimal_Default 에 대한 에디터에서 플레이 시작 시간: 0.633
[2016.04.07-09.12.30:818][964]LogBlueprintUserMessages: Late PlayInEditor Detection: Level '/Game/StarterContent/Maps/Minimal_Default.Minimal_Default:PersistentLevel' has LevelScriptBlueprint '/Game/StarterContent/Maps/Minimal_Default.Minimal_Default:PersistentLevel.Minimal_Default' with GeneratedClass '/Game/StarterContent/Maps/Minimal_Default.Minimal_Default_C' with ClassGeneratedBy '/Game/StarterContent/Maps/Minimal_Default.Minimal_Default:PersistentLevel.Minimal_Default'
[2016.04.07-09.12.32:589][ 51]LogBlueprintUserMessages: Early EndPlayMap Detection: Level '/Game/StarterContent/Maps/Minimal_Default.Minimal_Default:PersistentLevel' has LevelScriptBlueprint '/Game/StarterContent/Maps/Minimal_Default.Minimal_Default:PersistentLevel.Minimal_Default' with GeneratedClass '/Game/StarterContent/Maps/Minimal_Default.Minimal_Default_C' with ClassGeneratedBy '/Game/StarterContent/Maps/Minimal_Default.Minimal_Default:PersistentLevel.Minimal_Default'
[2016.04.07-09.12.32:647][ 51]LogBlueprintUserMessages: Late EndPlayMap Detection: Level '/Game/StarterContent/Maps/Minimal_Default.Minimal_Default:PersistentLevel' has LevelScriptBlueprint '/Game/StarterContent/Maps/Minimal_Default.Minimal_Default:PersistentLevel.Minimal_Default' with GeneratedClass '/Game/StarterContent/Maps/Minimal_Default.Minimal_Default_C' with ClassGeneratedBy '/Game/StarterContent/Maps/Minimal_Default.Minimal_Default:PersistentLevel.Minimal_Default'
[2016.04.07-09.12.32:665][ 51]LogParticles: Destroying 0 GPU particle simulations for FXSystem 0x000001D258845940
[2016.04.07-09.13.53:019][561]LogLinker:Warning: Asset '../../../Engine/Content/ArtTools/RenderToTexture/Macros/RenderToTextureMacros.uasset' has been saved with empty engine version. The asset will be loaded but may be incompatible.
[2016.04.07-09.13.53:784][561]LogContentBrowser: Native class hierarchy updated for 'BlueprintGraph' in 0.0009 seconds. Added 107 classes and 0 folders.
[2016.04.07-09.14.37:350][ 18]LogUObjectHash:Warning: Ambiguous search, could be VerticalBox /Game/SGH/UI/UMG/GameHUD.GameHUD:WidgetTree.VerticalBox_0 or VerticalBox /Game/KNR/MainMenu.MainMenu_C:WidgetTree_13.VerticalBox_0
[2016.04.07-09.14.37:351][ 18]LogUObjectHash:Warning: Ambiguous search, could be VerticalBox /Game/SGH/UI/UMG/GameHUD.GameHUD:WidgetTree.VerticalBox_0 or VerticalBox /Game/KNR/MainMenu.MainMenu:WidgetTree.VerticalBox_0
[2016.04.07-09.14.37:351][ 18]LogUObjectHash:Warning: Ambiguous search, could be VerticalBox /Game/SGH/UI/UMG/GameHUD.GameHUD:WidgetTree.VerticalBox_0 or VerticalBox /Game/SGH/UI/UMG/GameHUD.GameHUD_C:WidgetTree_4.VerticalBox_0
[2016.04.07-09.14.37:351][ 18]LogUObjectHash:Warning: Ambiguous search, could be VerticalBox /Game/SGH/UI/UMG/GameHUD.GameHUD:WidgetTree.VerticalBox_0 or VerticalBox /Engine/Transient.World_3:MainMenu_C_3.WidgetTree_14.VerticalBox_0
[2016.04.07-09.14.37:351][ 18]LogUObjectHash:Warning: Ambiguous search, could be VerticalBox /Game/SGH/UI/UMG/GameHUD.GameHUD:WidgetTree.VerticalBox_0 or VerticalBox /Game/KNR/MainMenu.MainMenu_C:WidgetTree_15.VerticalBox_0
[2016.04.07-09.14.37:351][ 18]LogUObjectHash:Warning: Ambiguous search, could be VerticalBox /Game/SGH/UI/UMG/GameHUD.GameHUD:WidgetTree.VerticalBox_0 or VerticalBox /Engine/Transient.World_3:MainMenu_C_4.WidgetTree_16.VerticalBox_0
[2016.04.07-09.14.37:351][ 18]LogUObjectHash:Warning: Ambiguous search, could be VerticalBox /Game/SGH/UI/UMG/GameHUD.GameHUD:WidgetTree.VerticalBox_0 or VerticalBox /Game/KNR/MainMenu.MainMenu_C:WidgetTree_17.VerticalBox_0
[2016.04.07-09.14.37:351][ 18]LogUObjectHash:Warning: Ambiguous search, could be VerticalBox /Game/SGH/UI/UMG/GameHUD.GameHUD:WidgetTree.VerticalBox_0 or VerticalBox /Engine/Transient.World_3:MainMenu_C_5.WidgetTree_18.VerticalBox_0
[2016.04.07-09.14.37:351][ 18]LogProperty:Warning: Illegal TEXT reference to a private object in external package (VerticalBoxSlot /Game/SGH/UI/UMG/GameHUD.GameHUD:WidgetTree.VerticalBox_0.VerticalBoxSlot_0) from referencer (TextBlock /Engine/UMG/Editor/Transient.TextBlock_0).  Import failed...
[2016.04.07-09.14.37:351][ 18]LogProperty:Warning: ObjectProperty /Script/UMG.Widget:Slot: unresolved reference to 'VerticalBoxSlot'VerticalBox_0.VerticalBoxSlot_0''
[2016.04.07-09.14.40:485][196]LogUObjectHash:Warning: Ambiguous search, could be VerticalBox /Game/SGH/UI/UMG/GameHUD.GameHUD:WidgetTree.VerticalBox_0 or VerticalBox /Game/KNR/MainMenu.MainMenu_C:WidgetTree_13.VerticalBox_0
[2016.04.07-09.14.40:485][196]LogUObjectHash:Warning: Ambiguous search, could be VerticalBox /Game/SGH/UI/UMG/GameHUD.GameHUD:WidgetTree.VerticalBox_0 or VerticalBox /Game/KNR/MainMenu.MainMenu:WidgetTree.VerticalBox_0
[2016.04.07-09.14.40:485][196]LogUObjectHash:Warning: Ambiguous search, could be VerticalBox /Game/SGH/UI/UMG/GameHUD.GameHUD:WidgetTree.VerticalBox_0 or VerticalBox /Game/SGH/UI/UMG/GameHUD.GameHUD_C:WidgetTree_4.VerticalBox_0
[2016.04.07-09.14.40:485][196]LogUObjectHash:Warning: Ambiguous search, could be VerticalBox /Game/SGH/UI/UMG/GameHUD.GameHUD:WidgetTree.VerticalBox_0 or VerticalBox /Engine/Transient.World_3:MainMenu_C_3.WidgetTree_14.VerticalBox_0
[2016.04.07-09.14.40:485][196]LogUObjectHash:Warning: Ambiguous search, could be VerticalBox /Game/SGH/UI/UMG/GameHUD.GameHUD:WidgetTree.VerticalBox_0 or VerticalBox /Game/KNR/MainMenu.MainMenu_C:WidgetTree_15.VerticalBox_0
[2016.04.07-09.14.40:485][196]LogUObjectHash:Warning: Ambiguous search, could be VerticalBox /Game/SGH/UI/UMG/GameHUD.GameHUD:WidgetTree.VerticalBox_0 or VerticalBox /Engine/Transient.World_3:MainMenu_C_4.WidgetTree_16.VerticalBox_0
[2016.04.07-09.14.40:485][196]LogUObjectHash:Warning: Ambiguous search, could be VerticalBox /Game/SGH/UI/UMG/GameHUD.GameHUD:WidgetTree.VerticalBox_0 or VerticalBox /Game/KNR/MainMenu.MainMenu_C:WidgetTree_17.VerticalBox_0
[2016.04.07-09.14.40:485][196]LogUObjectHash:Warning: Ambiguous search, could be VerticalBox /Game/SGH/UI/UMG/GameHUD.GameHUD:WidgetTree.VerticalBox_0 or VerticalBox /Engine/Transient.World_3:MainMenu_C_5.WidgetTree_18.VerticalBox_0
[2016.04.07-09.14.40:485][196]LogUObjectHash:Warning: Ambiguous search, could be VerticalBox /Game/SGH/UI/UMG/GameHUD.GameHUD:WidgetTree.VerticalBox_0 or VerticalBox /Game/KNR/MainMenu.MainMenu_C:WidgetTree_19.VerticalBox_0
[2016.04.07-09.14.40:485][196]LogUObjectHash:Warning: Ambiguous search, could be VerticalBox /Game/SGH/UI/UMG/GameHUD.GameHUD:WidgetTree.VerticalBox_0 or VerticalBox /Engine/Transient.World_3:MainMenu_C_6.WidgetTree_20.VerticalBox_0
[2016.04.07-09.14.40:485][196]LogUObjectHash:Warning: Ambiguous search, could be VerticalBoxSlot /Game/KNR/MainMenu.MainMenu_C:WidgetTree_17.VerticalBox_0.VerticalBoxSlot_1 or VerticalBoxSlot /Game/KNR/MainMenu.MainMenu:WidgetTree.VerticalBox_0.VerticalBoxSlot_1
[2016.04.07-09.14.40:485][196]LogUObjectHash:Warning: Ambiguous search, could be VerticalBoxSlot /Game/KNR/MainMenu.MainMenu_C:WidgetTree_17.VerticalBox_0.VerticalBoxSlot_1 or VerticalBoxSlot /Engine/Transient.World_3:MainMenu_C_5.WidgetTree_18.VerticalBox_0.VerticalBoxSlot_1
[2016.04.07-09.14.40:485][196]LogUObjectHash:Warning: Ambiguous search, could be VerticalBoxSlot /Game/KNR/MainMenu.MainMenu_C:WidgetTree_17.VerticalBox_0.VerticalBoxSlot_1 or VerticalBoxSlot /Game/KNR/MainMenu.MainMenu_C:WidgetTree_19.VerticalBox_0.VerticalBoxSlot_1
[2016.04.07-09.14.40:485][196]LogUObjectHash:Warning: Ambiguous search, could be VerticalBoxSlot /Game/KNR/MainMenu.MainMenu_C:WidgetTree_17.VerticalBox_0.VerticalBoxSlot_1 or VerticalBoxSlot /Engine/Transient.World_3:MainMenu_C_6.WidgetTree_20.VerticalBox_0.VerticalBoxSlot_1
[2016.04.07-09.14.40:485][196]LogProperty:Warning: Illegal TEXT reference to a private object in external package (VerticalBoxSlot /Game/KNR/MainMenu.MainMenu_C:WidgetTree_17.VerticalBox_0.VerticalBoxSlot_1) from referencer (Button /Engine/UMG/Editor/Transient.Button_0).  Import failed...
[2016.04.07-09.14.40:486][196]LogProperty:Warning: ObjectProperty /Script/UMG.Widget:Slot: unresolved reference to 'VerticalBoxSlot'VerticalBox_0.VerticalBoxSlot_1''
[2016.04.07-09.15.22:404][947]LogFactory: FactoryCreateBinary: Texture with ReimportTextureFactory (0 0 D:\sylve\Documents\카카오톡 받은 파일\KakaoTalk_20160406_231030590.png)
[2016.04.07-09.15.22:559][947]LogTexture:Display: 텍스처 빌드중: KakaoTalk_20160406_231030590 (BGRA8)
[2016.04.07-09.16.03:066][251]Cmd: OBJ SAVEPACKAGE PACKAGE="/Game/KNR/Example" FILE="../../../../../../sylve/Documents/Unreal Projects/Project/Hero 4.10/Content/KNR/Example.uasset" SILENT=true
[2016.04.07-09.16.03:237][251]LogSavePackage: Save=134.755127ms
[2016.04.07-09.16.03:237][251]LogSavePackage: Moving '../../../../../../sylve/Documents/Unreal Projects/Project/Hero 4.10/Saved/ExampleFD5BADCE48E840B86024929E51A28CFD.tmp' to '../../../../../../sylve/Documents/Unreal Projects/Project/Hero 4.10/Content/KNR/Example.uasset'
[2016.04.07-09.16.03:256][251]LogSavePackage: Total save time: 170.379248ms
[2016.04.07-09.16.03:256][251]LogSavePackage:Display: Finished SavePackage ../../../../../../sylve/Documents/Unreal Projects/Project/Hero 4.10/Content/KNR/Example.uasset
[2016.04.07-09.21.13:661][ 38]LogFileHelpers: Editor autosave (incl. sublevels) for '/Game/StarterContent/Maps/Minimal_Default' took 0.028
[2016.04.07-09.21.13:667][ 38]OBJ SavePackage: Generating thumbnails for [0] asset(s) in package [/Game/KNR/MainMenu] ([1] browsable assets)...
[2016.04.07-09.21.13:667][ 38]OBJ SavePackage: Finished generating thumbnails for package [/Game/KNR/MainMenu]
[2016.04.07-09.21.13:667][ 38]Cmd: OBJ SAVEPACKAGE PACKAGE="/Game/KNR/MainMenu" FILE="../../../../../../sylve/Documents/Unreal Projects/Project/Hero 4.10/Saved/Autosaves/Game/KNR/MainMenu_Auto1.uasset" SILENT=false AUTOSAVING=true
[2016.04.07-09.21.13:694][ 38]LogSavePackage: Save=15.441703ms
[2016.04.07-09.21.13:694][ 38]LogSavePackage: Moving '../../../../../../sylve/Documents/Unreal Projects/Project/Hero 4.10/Saved/MainMenu_Auto1CD7243184749A09FC72313AC2D95610E.tmp' to '../../../../../../sylve/Documents/Unreal Projects/Project/Hero 4.10/Saved/Autosaves/Game/KNR/MainMenu_Auto1.uasset'
[2016.04.07-09.21.13:696][ 38]LogSavePackage: Total save time: 17.750666ms
[2016.04.07-09.21.13:696][ 38]LogSavePackage:Display: Finished SavePackage ../../../../../../sylve/Documents/Unreal Projects/Project/Hero 4.10/Saved/Autosaves/Game/KNR/MainMenu_Auto1.uasset
[2016.04.07-09.21.13:704][ 38]LogSavePackage: Save=1.951931ms
[2016.04.07-09.21.13:704][ 38]LogSavePackage: Moving '../../../../../../sylve/Documents/Unreal Projects/Project/Hero 4.10/Saved/KakaoTalk_20160406_231030590_Auto19162925A4AE470AFFEE8D69B6075257B.tmp' to '../../../../../../sylve/Documents/Unreal Projects/Project/Hero 4.10/Saved/Autosaves/Game/KNR/KakaoTalk_20160406_231030590_Auto1.uasset'
[2016.04.07-09.21.13:706][ 38]LogSavePackage: Total save time: 3.958113ms
[2016.04.07-09.21.13:706][ 38]LogSavePackage:Display: Finished SavePackage ../../../../../../sylve/Documents/Unreal Projects/Project/Hero 4.10/Saved/Autosaves/Game/KNR/KakaoTalk_20160406_231030590_Auto1.uasset
[2016.04.07-09.21.13:706][ 38]LogFileHelpers: Auto-saving content packages took 0.044
[2016.04.07-09.26.11:972][859]Cmd: OBJ SAVEPACKAGE PACKAGE="/Game/KNR/MainMenu" FILE="../../../../../../sylve/Documents/Unreal Projects/Project/Hero 4.10/Content/KNR/MainMenu.uasset" SILENT=true
[2016.04.07-09.26.12:033][859]LogSavePackage: Save=22.462425ms
[2016.04.07-09.26.12:033][859]LogSavePackage: Moving '../../../../../../sylve/Documents/Unreal Projects/Project/Hero 4.10/Saved/MainMenuB84C3BB2405D64A8C01B0FBE4A838D4D.tmp' to '../../../../../../sylve/Documents/Unreal Projects/Project/Hero 4.10/Content/KNR/MainMenu.uasset'
[2016.04.07-09.26.12:037][859]LogSavePackage: Total save time: 26.965246ms
[2016.04.07-09.26.12:037][859]LogSavePackage:Display: Finished SavePackage ../../../../../../sylve/Documents/Unreal Projects/Project/Hero 4.10/Content/KNR/MainMenu.uasset
[2016.04.07-09.26.12:727][901]BlueprintLog: New page: MainMenu 컴파일
[2016.04.07-09.26.12:897][901]BlueprintEditorCompileResults: 정보 [0936.15] MainMenu 컴파일에 성공했습니다! [소요시간 170 ms]
[2016.04.07-09.27.30:425][ 43]BlueprintLog: New page: MainMenu 컴파일
[2016.04.07-09.27.30:500][ 43]BlueprintEditorCompileResults: 정보 [1013.75] MainMenu 컴파일에 성공했습니다! [소요시간 75 ms]
[2016.04.07-09.27.32:830][181]Cmd: OBJ SAVEPACKAGE PACKAGE="/Game/KNR/MainMenu" FILE="../../../../../../sylve/Documents/Unreal Projects/Project/Hero 4.10/Content/KNR/MainMenu.uasset" SILENT=true
[2016.04.07-09.27.32:918][181]LogSavePackage: Save=42.364796ms
[2016.04.07-09.27.32:918][181]LogSavePackage: Moving '../../../../../../sylve/Documents/Unreal Projects/Project/Hero 4.10/Saved/MainMenu673EDD4A41AAAF2A951759A139B221EB.tmp' to '../../../../../../sylve/Documents/Unreal Projects/Project/Hero 4.10/Content/KNR/MainMenu.uasset'
[2016.04.07-09.27.32:925][181]LogSavePackage: Total save time: 93.081657ms
[2016.04.07-09.27.32:925][181]LogSavePackage:Display: Finished SavePackage ../../../../../../sylve/Documents/Unreal Projects/Project/Hero 4.10/Content/KNR/MainMenu.uasset
[2016.04.07-09.27.39:943][401]LogParticles: Destroying 0 GPU particle simulations for FXSystem 0x000001D242B5C680
[2016.04.07-09.27.45:977][401]Cmd: OBJ SAVEPACKAGE PACKAGE="/Game/KNR/KakaoTalk_20160406_231030590" FILE="../../../../../../sylve/Documents/Unreal Projects/Project/Hero 4.10/Content/KNR/KakaoTalk_20160406_231030590.uasset" SILENT=true
[2016.04.07-09.27.45:981][401]LogSavePackage: Save=1.849295ms
[2016.04.07-09.27.45:981][401]LogSavePackage: Moving '../../../../../../sylve/Documents/Unreal Projects/Project/Hero 4.10/Saved/KakaoTalk_20160406_231030590AFEBEDB442A1E26FD7C1078F7507D97F.tmp' to '../../../../../../sylve/Documents/Unreal Projects/Project/Hero 4.10/Content/KNR/KakaoTalk_20160406_231030590.uasset'
[2016.04.07-09.27.45:985][401]LogSavePackage: Total save time: 6.368976ms
[2016.04.07-09.27.45:985][401]LogSavePackage:Display: Finished SavePackage ../../../../../../sylve/Documents/Unreal Projects/Project/Hero 4.10/Content/KNR/KakaoTalk_20160406_231030590.uasset
[2016.04.07-09.27.46:193][401]Cmd: OBJ SAVEPACKAGE PACKAGE="/Game/KNR/Main" FILE="../../../../../../sylve/Documents/Unreal Projects/Project/Hero 4.10/Content/KNR/Main.umap" SILENT=true AUTOSAVING=false KEEPDIRTY=false
[2016.04.07-09.27.46:241][401]LogSavePackage: Save=7.471591ms
[2016.04.07-09.27.46:241][401]LogSavePackage: Moving '../../../../../../sylve/Documents/Unreal Projects/Project/Hero 4.10/Saved/Main6138118A4041204F5FAD2DAA7D58A714.tmp' to '../../../../../../sylve/Documents/Unreal Projects/Project/Hero 4.10/Content/KNR/Main.umap'
[2016.04.07-09.27.46:246][401]LogSavePackage: Total save time: 12.480631ms
[2016.04.07-09.27.46:246][401]LogSavePackage:Display: Finished SavePackage ../../../../../../sylve/Documents/Unreal Projects/Project/Hero 4.10/Content/KNR/Main.umap
[2016.04.07-09.27.46:246][401]LogFileHelpers: Saving map 'Main' took 0.260
[2016.04.07-09.27.46:252][401]Cmd: MAP LOAD FILE="../../../../../../sylve/Documents/Unreal Projects/Project/Hero 4.10/Content/KNR/Main.umap" TEMPLATE=0 SHOWPROGRESS=1 FEATURELEVEL=3
[2016.04.07-09.27.46:252][401]LightingResults: New page: 라이팅 빌드
[2016.04.07-09.27.46:269][401]LoadErrors: New page: 맵 로드중: Main.umap
[2016.04.07-09.27.46:280][401]MapCheck: New page: 맵 체크
[2016.04.07-09.27.46:280][401]LightingResults: New page: 라이팅 빌드
[2016.04.07-09.27.46:307][401]LogParticles: Destroying 0 GPU particle simulations for FXSystem 0x000001D249983BA0
[2016.04.07-09.27.46:320][401]LogParticles: Destroying 0 GPU particle simulations for FXSystem 0x000001D242B9D300
[2016.04.07-09.27.46:339][401]LogEditorServer: Finished looking for orphan Actors (0.000 secs)
[2016.04.07-09.27.46:340][401]LogAIModule: Creating AISystem for world Main
[2016.04.07-09.27.46:379][401]Cmd: MAP CHECKDEP NOCLEARLOG
[2016.04.07-09.27.46:564][401]MapCheck: 정보 맵 체크 완료: 오류 0 회, 경고 0 회, 소요 시간 185.291ms.
[2016.04.07-09.27.46:565][401]LogFileHelpers: Loading map 'Main' took 0.314
[2016.04.07-09.27.46:578][402]Cmd: UpdateLandscapeEditorData
[2016.04.07-09.28.28:054][299]LogSlate:Warning: Prevented a slow task dialog from being summoned while a context menu was open
[2016.04.07-09.29.47:317][424]BlueprintLog: New page: Main 컴파일
[2016.04.07-09.29.47:403][424]LogActorComponent: UnregisterComponent: (/Engine/Transient.CharMoveComp) Not registered. Aborting.
[2016.04.07-09.29.47:405][424]LogActorComponent: UnregisterComponent: (/Engine/Transient.CharacterMovementComponent_0) Not registered. Aborting.
[2016.04.07-09.29.47:451][424]BlueprintEditorCompileResults: 정보 [1150.71] Main 컴파일에 성공했습니다! [소요시간 133 ms]
[2016.04.07-09.30.03:744][562]BlueprintLog: New page: Main 컴파일
[2016.04.07-09.30.03:814][562]BlueprintEditorCompileResults: 정보 [1167.07] Main 컴파일에 성공했습니다! [소요시간 69 ms]
[2016.04.07-09.30.11:830][ 39]Cmd: OBJ SAVEPACKAGE PACKAGE="/Game/KNR/Main" FILE="../../../../../../sylve/Documents/Unreal Projects/Project/Hero 4.10/Content/KNR/Main.umap" SILENT=true AUTOSAVING=false KEEPDIRTY=false
[2016.04.07-09.30.11:855][ 39]LogParticles: Destroying 0 GPU particle simulations for FXSystem 0x000001D242CDDE40
[2016.04.07-09.30.11:919][ 39]LogSavePackage: Save=58.486099ms
[2016.04.07-09.30.11:919][ 39]LogSavePackage: Moving '../../../../../../sylve/Documents/Unreal Projects/Project/Hero 4.10/Saved/Main6F0D6E1944ACFFE2AB45D2B6DB5E4629.tmp' to '../../../../../../sylve/Documents/Unreal Projects/Project/Hero 4.10/Content/KNR/Main.umap'
[2016.04.07-09.30.11:924][ 39]LogSavePackage: Total save time: 67.073863ms
[2016.04.07-09.30.11:924][ 39]LogSavePackage:Display: Finished SavePackage ../../../../../../sylve/Documents/Unreal Projects/Project/Hero 4.10/Content/KNR/Main.umap
[2016.04.07-09.30.30:697][265]LogSlate:Warning: Prevented a slow task dialog from being summoned while a context menu was open
[2016.04.07-09.30.32:975][397]Cmd: UpdateLandscapeSetup
[2016.04.07-09.30.57:273][840]Cmd: OBJ SAVEPACKAGE PACKAGE="/Game/KNR/Main" FILE="../../../../../../sylve/Documents/Unreal Projects/Project/Hero 4.10/Content/KNR/Main.umap" SILENT=true AUTOSAVING=false KEEPDIRTY=false
[2016.04.07-09.30.57:358][840]LogSavePackage: Save=56.178238ms
[2016.04.07-09.30.57:358][840]LogSavePackage: Moving '../../../../../../sylve/Documents/Unreal Projects/Project/Hero 4.10/Saved/MainED4D170D48AFCCECF6BDE881CA667A97.tmp' to '../../../../../../sylve/Documents/Unreal Projects/Project/Hero 4.10/Content/KNR/Main.umap'
[2016.04.07-09.30.57:362][840]LogSavePackage: Total save time: 62.618699ms
[2016.04.07-09.30.57:362][840]LogSavePackage:Display: Finished SavePackage ../../../../../../sylve/Documents/Unreal Projects/Project/Hero 4.10/Content/KNR/Main.umap
[2016.04.07-09.31.00:132][931]LogBlueprintUserMessages: Early PlayInEditor Detection: Level '/Game/KNR/Main.Main:PersistentLevel' has LevelScriptBlueprint '/Game/KNR/Main.Main:PersistentLevel.Main' with GeneratedClass '/Game/KNR/Main.Main_C' with ClassGeneratedBy '/Game/KNR/Main.Main:PersistentLevel.Main'
[2016.04.07-09.31.00:132][931]LogPlayLevel: PlayLevel: No blueprints needed recompiling
[2016.04.07-09.31.00:132][931]PIE: New page: PIE 세션: Main (2016. 4. 8. 오전 3:31:00)
[2016.04.07-09.31.00:132][931]LogPlayLevel: Creating play world package: /Game/KNR/UEDPIE_0_Main
[2016.04.07-09.31.00:135][931]LogPlayLevel: PIE: StaticDuplicateObject took: (0.003296s)
[2016.04.07-09.31.00:136][931]LogAIModule: Creating AISystem for world Main
[2016.04.07-09.31.00:136][931]LogPlayLevel: PIE: World Init took: (0.000668s)
[2016.04.07-09.31.00:136][931]LogPlayLevel: PIE: Created PIE world by copying editor world from /Game/KNR/Main.Main to /Game/KNR/UEDPIE_0_Main.Main (0.004151s)
[2016.04.07-09.31.00:166][931]LogInit: XAudio2 using '스피커(2- High Definition Audio 장치)' : 2 channels at 44.1 kHz using 16 bits per sample (channel mask 0x3)
[2016.04.07-09.31.00:174][931]LogInit: FAudioDevice initialized.
[2016.04.07-09.31.00:211][931]LogWorld: Game class is 'CustomMode_BP_C'
[2016.04.07-09.31.00:213][931]LogWorld: Bringing World /Game/KNR/UEDPIE_0_Main.Main up for play (max tick rate 60) at 2016.04.07-18.31.00
[2016.04.07-09.31.00:213][931]LogActor:Warning: GameSession /Game/KNR/UEDPIE_0_Main.Main:PersistentLevel.GameSession_1 has natively added scene component(s), but none of them were set as the actor's RootComponent - picking one arbitrarily
[2016.04.07-09.31.00:213][931]LogActor:Warning: GameNetworkManager /Game/KNR/UEDPIE_0_Main.Main:PersistentLevel.GameNetworkManager_1 has natively added scene component(s), but none of them were set as the actor's RootComponent - picking one arbitrarily
[2016.04.07-09.31.00:213][931]LogWorld: Bringing up level for play took: 0.001548
[2016.04.07-09.31.00:216][931]PIE: 정보 /Game/KNR/UEDPIE_0_Main 에 대한 에디터에서 플레이 시작 시간: 0.032
[2016.04.07-09.31.00:216][931]LogBlueprintUserMessages: Late PlayInEditor Detection: Level '/Game/KNR/Main.Main:PersistentLevel' has LevelScriptBlueprint '/Game/KNR/Main.Main:PersistentLevel.Main' with GeneratedClass '/Game/KNR/Main.Main_C' with ClassGeneratedBy '/Game/KNR/Main.Main:PersistentLevel.Main'
[2016.04.07-09.31.01:902][ 32]LogBlueprintUserMessages: Early EndPlayMap Detection: Level '/Game/KNR/Main.Main:PersistentLevel' has LevelScriptBlueprint '/Game/KNR/Main.Main:PersistentLevel.Main' with GeneratedClass '/Game/KNR/Main.Main_C' with ClassGeneratedBy '/Game/KNR/Main.Main:PersistentLevel.Main'
[2016.04.07-09.31.01:943][ 32]LogBlueprintUserMessages: Late EndPlayMap Detection: Level '/Game/KNR/Main.Main:PersistentLevel' has LevelScriptBlueprint '/Game/KNR/Main.Main:PersistentLevel.Main' with GeneratedClass '/Game/KNR/Main.Main_C' with ClassGeneratedBy '/Game/KNR/Main.Main:PersistentLevel.Main'
[2016.04.07-09.31.01:965][ 32]LogParticles: Destroying 0 GPU particle simulations for FXSystem 0x000001D21AD38FE0
[2016.04.07-09.31.03:206][106]LogBlueprintUserMessages: Early PlayInEditor Detection: Level '/Game/KNR/Main.Main:PersistentLevel' has LevelScriptBlueprint '/Game/KNR/Main.Main:PersistentLevel.Main' with GeneratedClass '/Game/KNR/Main.Main_C' with ClassGeneratedBy '/Game/KNR/Main.Main:PersistentLevel.Main'
[2016.04.07-09.31.03:206][106]LogPlayLevel: PlayLevel: No blueprints needed recompiling
[2016.04.07-09.31.03:206][106]PIE: New page: PIE 세션: Main (2016. 4. 8. 오전 3:31:03)
[2016.04.07-09.31.03:206][106]LogPlayLevel: Creating play world package: /Game/KNR/UEDPIE_0_Main
[2016.04.07-09.31.03:212][106]LogPlayLevel: PIE: StaticDuplicateObject took: (0.005920s)
[2016.04.07-09.31.03:213][106]LogAIModule: Creating AISystem for world Main
[2016.04.07-09.31.03:213][106]LogPlayLevel: PIE: World Init took: (0.001335s)
[2016.04.07-09.31.03:213][106]LogPlayLevel: PIE: Created PIE world by copying editor world from /Game/KNR/Main.Main to /Game/KNR/UEDPIE_0_Main.Main (0.007498s)
[2016.04.07-09.31.03:245][106]LogInit: XAudio2 using '스피커(2- High Definition Audio 장치)' : 2 channels at 44.1 kHz using 16 bits per sample (channel mask 0x3)
[2016.04.07-09.31.03:252][106]LogInit: FAudioDevice initialized.
[2016.04.07-09.31.03:289][106]LogWorld: Game class is 'CustomMode_BP_C'
[2016.04.07-09.31.03:291][106]LogWorld: Bringing World /Game/KNR/UEDPIE_0_Main.Main up for play (max tick rate 60) at 2016.04.07-18.31.03
[2016.04.07-09.31.03:291][106]LogActor:Warning: GameSession /Game/KNR/UEDPIE_0_Main.Main:PersistentLevel.GameSession_2 has natively added scene component(s), but none of them were set as the actor's RootComponent - picking one arbitrarily
[2016.04.07-09.31.03:291][106]LogActor:Warning: GameNetworkManager /Game/KNR/UEDPIE_0_Main.Main:PersistentLevel.GameNetworkManager_2 has natively added scene component(s), but none of them were set as the actor's RootComponent - picking one arbitrarily
[2016.04.07-09.31.03:291][106]LogWorld: Bringing up level for play took: 0.001466
[2016.04.07-09.31.03:294][106]PIE: 정보 /Game/KNR/UEDPIE_0_Main 에 대한 에디터에서 플레이 시작 시간: -0.89
[2016.04.07-09.31.03:294][106]LogBlueprintUserMessages: Late PlayInEditor Detection: Level '/Game/KNR/Main.Main:PersistentLevel' has LevelScriptBlueprint '/Game/KNR/Main.Main:PersistentLevel.Main' with GeneratedClass '/Game/KNR/Main.Main_C' with ClassGeneratedBy '/Game/KNR/Main.Main:PersistentLevel.Main'
[2016.04.07-09.31.03:977][140]LogPackageName: SearchForPackageOnDisk took   0.117s to resolve Minimal_Default.umap.
[2016.04.07-09.31.04:086][140]LogPackageName: SearchForPackageOnDisk took   0.109s to resolve Minimal_Default.umap.
[2016.04.07-09.31.04:086][140]LogNet: Browse: /Game/StarterContent/Maps/Minimal_Default
[2016.04.07-09.31.04:087][140]LogLoad: LoadMap: /Game/StarterContent/Maps/Minimal_Default
[2016.04.07-09.31.04:188][140]LogParticles: Destroying 0 GPU particle simulations for FXSystem 0x000001D26E4B3A60
[2016.04.07-09.31.04:188][140]Cmd: MEM
[2016.04.07-09.31.04:233][140]LogMemory: Platform Memory Stats for Windows
[2016.04.07-09.31.04:233][140]LogMemory: Process Physical Memory: 1276.34 MB used, 1287.03 MB peak
[2016.04.07-09.31.04:233][140]LogMemory: Process Virtual Memory: 2060.13 MB used, 2071.52 MB peak
[2016.04.07-09.31.04:233][140]LogMemory: Physical Memory: 4141.77 MB used, 8112.01 MB total
[2016.04.07-09.31.04:233][140]LogMemory: Virtual Memory: 2844.68 MB used, 134217728.00 MB total
[2016.04.07-09.31.04:233][140]LogMemory: 
[2016.04.07-09.31.04:233][140]Allocator Stats for TBB: (not implemented)
[2016.04.07-09.31.08:986][140]LogAIModule: Creating AISystem for world Minimal_Default
[2016.04.07-09.31.08:986][140]LogWorld: Game class is 'CustomMode_BP_C'
[2016.04.07-09.31.09:141][140]LogWorld: Bringing World /Game/StarterContent/Maps/UEDPIE_0_Minimal_Default.Minimal_Default up for play (max tick rate 60) at 2016.04.07-18.31.09
[2016.04.07-09.31.09:141][140]LogActor:Warning: GameSession /Game/StarterContent/Maps/UEDPIE_0_Minimal_Default.Minimal_Default:PersistentLevel.GameSession_3 has natively added scene component(s), but none of them were set as the actor's RootComponent - picking one arbitrarily
[2016.04.07-09.31.09:141][140]LogActor:Warning: GameNetworkManager /Game/StarterContent/Maps/UEDPIE_0_Minimal_Default.Minimal_Default:PersistentLevel.GameNetworkManager_3 has natively added scene component(s), but none of them were set as the actor's RootComponent - picking one arbitrarily
[2016.04.07-09.31.09:149][140]LogWorld: Bringing up level for play took: 0.147691
[2016.04.07-09.31.18:874][700]LogBlueprintUserMessages: Early EndPlayMap Detection: Level '/Game/KNR/Main.Main:PersistentLevel' has LevelScriptBlueprint '/Game/KNR/Main.Main:PersistentLevel.Main' with GeneratedClass '/Game/KNR/Main.Main_C' with ClassGeneratedBy '/Game/KNR/Main.Main:PersistentLevel.Main'
[2016.04.07-09.31.18:922][700]LogBlueprintUserMessages: Late EndPlayMap Detection: Level '/Game/KNR/Main.Main:PersistentLevel' has LevelScriptBlueprint '/Game/KNR/Main.Main:PersistentLevel.Main' with GeneratedClass '/Game/KNR/Main.Main_C' with ClassGeneratedBy '/Game/KNR/Main.Main:PersistentLevel.Main'
[2016.04.07-09.31.18:952][700]LogParticles: Destroying 0 GPU particle simulations for FXSystem 0x000001D21C2C8CC0
[2016.04.07-09.31.21:761][799]LogSlate:Warning: Prevented a slow task dialog from being summoned while a context menu was open
[2016.04.07-09.31.55:132][769]LogBlueprintUserMessages: Early PlayInEditor Detection: Level '/Game/KNR/Main.Main:PersistentLevel' has LevelScriptBlueprint '/Game/KNR/Main.Main:PersistentLevel.Main' with GeneratedClass '/Game/KNR/Main.Main_C' with ClassGeneratedBy '/Game/KNR/Main.Main:PersistentLevel.Main'
[2016.04.07-09.31.55:132][769]LogPlayLevel: PlayLevel: No blueprints needed recompiling
[2016.04.07-09.31.55:132][769]PIE: New page: PIE 세션: Main (2016. 4. 8. 오전 3:31:55)
[2016.04.07-09.31.55:132][769]LogPlayLevel: Creating play world package: /Game/KNR/UEDPIE_0_Main
[2016.04.07-09.31.55:135][769]LogPlayLevel: PIE: StaticDuplicateObject took: (0.002826s)
[2016.04.07-09.31.55:135][769]LogAIModule: Creating AISystem for world Main
[2016.04.07-09.31.55:135][769]LogPlayLevel: PIE: World Init took: (0.000596s)
[2016.04.07-09.31.55:136][769]LogPlayLevel: PIE: Created PIE world by copying editor world from /Game/KNR/Main.Main to /Game/KNR/UEDPIE_0_Main.Main (0.003592s)
[2016.04.07-09.31.55:136][769]LogActorComponent: UnregisterComponent: (/Engine/Transient.CharMoveComp) Not registered. Aborting.
[2016.04.07-09.31.55:165][769]LogInit: XAudio2 using '스피커(2- High Definition Audio 장치)' : 2 channels at 44.1 kHz using 16 bits per sample (channel mask 0x3)
[2016.04.07-09.31.55:172][769]LogInit: FAudioDevice initialized.
[2016.04.07-09.31.55:212][769]LogWorld: Game class is 'CustomMode_BP_C'
[2016.04.07-09.31.55:214][769]LogWorld: Bringing World /Game/KNR/UEDPIE_0_Main.Main up for play (max tick rate 60) at 2016.04.07-18.31.55
[2016.04.07-09.31.55:214][769]LogActor:Warning: GameSession /Game/KNR/UEDPIE_0_Main.Main:PersistentLevel.GameSession_4 has natively added scene component(s), but none of them were set as the actor's RootComponent - picking one arbitrarily
[2016.04.07-09.31.55:214][769]LogActor:Warning: GameNetworkManager /Game/KNR/UEDPIE_0_Main.Main:PersistentLevel.GameNetworkManager_4 has natively added scene component(s), but none of them were set as the actor's RootComponent - picking one arbitrarily
[2016.04.07-09.31.55:214][769]LogWorld: Bringing up level for play took: 0.001468
[2016.04.07-09.31.55:221][769]PIE: 정보 /Game/KNR/UEDPIE_0_Main 에 대한 에디터에서 플레이 시작 시간: 1.037
[2016.04.07-09.31.55:221][769]LogBlueprintUserMessages: Late PlayInEditor Detection: Level '/Game/KNR/Main.Main:PersistentLevel' has LevelScriptBlueprint '/Game/KNR/Main.Main:PersistentLevel.Main' with GeneratedClass '/Game/KNR/Main.Main_C' with ClassGeneratedBy '/Game/KNR/Main.Main:PersistentLevel.Main'
[2016.04.07-09.31.56:083][814]LogPackageName: SearchForPackageOnDisk took   0.114s to resolve Minimal_Default.umap.
[2016.04.07-09.31.56:194][814]LogPackageName: SearchForPackageOnDisk took   0.111s to resolve Minimal_Default.umap.
[2016.04.07-09.31.56:195][814]LogNet: Browse: /Game/StarterContent/Maps/Minimal_Default
[2016.04.07-09.31.56:195][814]LogLoad: LoadMap: /Game/StarterContent/Maps/Minimal_Default
[2016.04.07-09.31.56:237][814]LogParticles: Destroying 0 GPU particle simulations for FXSystem 0x000001D283536200
[2016.04.07-09.31.56:240][814]Cmd: MEM
[2016.04.07-09.31.56:262][814]LogMemory: Platform Memory Stats for Windows
[2016.04.07-09.31.56:262][814]LogMemory: Process Physical Memory: 1764.21 MB used, 1934.13 MB peak
[2016.04.07-09.31.56:262][814]LogMemory: Process Virtual Memory: 2641.17 MB used, 2679.82 MB peak
[2016.04.07-09.31.56:262][814]LogMemory: Physical Memory: 4618.85 MB used, 8112.01 MB total
[2016.04.07-09.31.56:262][814]LogMemory: Virtual Memory: 3470.21 MB used, 134217728.00 MB total
[2016.04.07-09.31.56:262][814]LogMemory: 
[2016.04.07-09.31.56:262][814]Allocator Stats for TBB: (not implemented)
[2016.04.07-09.31.57:558][814]LogAIModule: Creating AISystem for world Minimal_Default
[2016.04.07-09.31.57:559][814]LogWorld: Game class is 'CustomMode_BP_C'
[2016.04.07-09.31.57:703][814]LogWorld: Bringing World /Game/StarterContent/Maps/UEDPIE_0_Minimal_Default.Minimal_Default up for play (max tick rate 60) at 2016.04.07-18.31.57
[2016.04.07-09.31.57:703][814]LogActor:Warning: GameSession /Game/StarterContent/Maps/UEDPIE_0_Minimal_Default.Minimal_Default:PersistentLevel.GameSession_5 has natively added scene component(s), but none of them were set as the actor's RootComponent - picking one arbitrarily
[2016.04.07-09.31.57:703][814]LogActor:Warning: GameNetworkManager /Game/StarterContent/Maps/UEDPIE_0_Minimal_Default.Minimal_Default:PersistentLevel.GameNetworkManager_5 has natively added scene component(s), but none of them were set as the actor's RootComponent - picking one arbitrarily
[2016.04.07-09.31.57:711][814]LogWorld: Bringing up level for play took: 0.151490
[2016.04.07-09.32.00:638][956]LogBlueprintUserMessages: Early EndPlayMap Detection: Level '/Game/KNR/Main.Main:PersistentLevel' has LevelScriptBlueprint '/Game/KNR/Main.Main:PersistentLevel.Main' with GeneratedClass '/Game/KNR/Main.Main_C' with ClassGeneratedBy '/Game/KNR/Main.Main:PersistentLevel.Main'
[2016.04.07-09.32.00:682][956]LogBlueprintUserMessages: Late EndPlayMap Detection: Level '/Game/KNR/Main.Main:PersistentLevel' has LevelScriptBlueprint '/Game/KNR/Main.Main:PersistentLevel.Main' with GeneratedClass '/Game/KNR/Main.Main_C' with ClassGeneratedBy '/Game/KNR/Main.Main:PersistentLevel.Main'
[2016.04.07-09.32.00:712][956]LogParticles: Destroying 0 GPU particle simulations for FXSystem 0x000001D28440E700
[2016.04.07-09.32.08:265][193]LogBlueprintUserMessages: Early PlayInEditor Detection: Level '/Game/KNR/Main.Main:PersistentLevel' has LevelScriptBlueprint '/Game/KNR/Main.Main:PersistentLevel.Main' with GeneratedClass '/Game/KNR/Main.Main_C' with ClassGeneratedBy '/Game/KNR/Main.Main:PersistentLevel.Main'
[2016.04.07-09.32.08:265][193]LogPlayLevel: PlayLevel: No blueprints needed recompiling
[2016.04.07-09.32.08:265][193]PIE: New page: PIE 세션: Main (2016. 4. 8. 오전 3:32:08)
[2016.04.07-09.32.08:265][193]LogPlayLevel: Creating play world package: /Game/KNR/UEDPIE_0_Main
[2016.04.07-09.32.08:268][193]LogPlayLevel: PIE: StaticDuplicateObject took: (0.002828s)
[2016.04.07-09.32.08:269][193]LogAIModule: Creating AISystem for world Main
[2016.04.07-09.32.08:269][193]LogPlayLevel: PIE: World Init took: (0.001029s)
[2016.04.07-09.32.08:269][193]LogPlayLevel: PIE: Created PIE world by copying editor world from /Game/KNR/Main.Main to /Game/KNR/UEDPIE_0_Main.Main (0.004291s)
[2016.04.07-09.32.08:303][193]LogInit: XAudio2 using '스피커(2- High Definition Audio 장치)' : 2 channels at 44.1 kHz using 16 bits per sample (channel mask 0x3)
[2016.04.07-09.32.08:310][193]LogInit: FAudioDevice initialized.
[2016.04.07-09.32.08:342][193]LogWorld: Game class is 'CustomMode_BP_C'
[2016.04.07-09.32.08:344][193]LogWorld: Bringing World /Game/KNR/UEDPIE_0_Main.Main up for play (max tick rate 60) at 2016.04.07-18.32.08
[2016.04.07-09.32.08:344][193]LogActor:Warning: GameSession /Game/KNR/UEDPIE_0_Main.Main:PersistentLevel.GameSession_6 has natively added scene component(s), but none of them were set as the actor's RootComponent - picking one arbitrarily
[2016.04.07-09.32.08:344][193]LogActor:Warning: GameNetworkManager /Game/KNR/UEDPIE_0_Main.Main:PersistentLevel.GameNetworkManager_6 has natively added scene component(s), but none of them were set as the actor's RootComponent - picking one arbitrarily
[2016.04.07-09.32.08:344][193]LogWorld: Bringing up level for play took: 0.001422
[2016.04.07-09.32.08:351][193]PIE: 정보 /Game/KNR/UEDPIE_0_Main 에 대한 에디터에서 플레이 시작 시간: 0.167
[2016.04.07-09.32.08:351][193]LogBlueprintUserMessages: Late PlayInEditor Detection: Level '/Game/KNR/Main.Main:PersistentLevel' has LevelScriptBlueprint '/Game/KNR/Main.Main:PersistentLevel.Main' with GeneratedClass '/Game/KNR/Main.Main_C' with ClassGeneratedBy '/Game/KNR/Main.Main:PersistentLevel.Main'
[2016.04.07-09.32.12:188][358]LogBlueprintUserMessages: Early EndPlayMap Detection: Level '/Game/KNR/Main.Main:PersistentLevel' has LevelScriptBlueprint '/Game/KNR/Main.Main:PersistentLevel.Main' with GeneratedClass '/Game/KNR/Main.Main_C' with ClassGeneratedBy '/Game/KNR/Main.Main:PersistentLevel.Main'
[2016.04.07-09.32.12:224][358]LogBlueprintUserMessages: Late EndPlayMap Detection: Level '/Game/KNR/Main.Main:PersistentLevel' has LevelScriptBlueprint '/Game/KNR/Main.Main:PersistentLevel.Main' with GeneratedClass '/Game/KNR/Main.Main_C' with ClassGeneratedBy '/Game/KNR/Main.Main:PersistentLevel.Main'
[2016.04.07-09.32.12:262][359]LogParticles: Destroying 0 GPU particle simulations for FXSystem 0x000001D24A147EC0
[2016.04.07-09.32.13:630][438]Cmd: OBJ SAVEPACKAGE PACKAGE="/Game/KNR/Main" FILE="../../../../../../sylve/Documents/Unreal Projects/Project/Hero 4.10/Content/KNR/Main.umap" SILENT=true AUTOSAVING=false KEEPDIRTY=false
[2016.04.07-09.32.13:719][438]LogSavePackage: Save=60.444263ms
[2016.04.07-09.32.13:719][438]LogSavePackage: Moving '../../../../../../sylve/Documents/Unreal Projects/Project/Hero 4.10/Saved/Main4ADAC210427B82B967D5E299E3AA2200.tmp' to '../../../../../../sylve/Documents/Unreal Projects/Project/Hero 4.10/Content/KNR/Main.umap'
[2016.04.07-09.32.13:721][438]LogSavePackage: Total save time: 64.031050ms
[2016.04.07-09.32.13:721][438]LogSavePackage:Display: Finished SavePackage ../../../../../../sylve/Documents/Unreal Projects/Project/Hero 4.10/Content/KNR/Main.umap
[2016.04.07-09.32.18:584][538]Cmd: OBJ SAVEPACKAGE PACKAGE="/Game/CustomMode_BP" FILE="../../../../../../sylve/Documents/Unreal Projects/Project/Hero 4.10/Content/CustomMode_BP.uasset" SILENT=true
[2016.04.07-09.32.18:598][538]LogSavePackage: Save=10.212359ms
[2016.04.07-09.32.18:598][538]LogSavePackage: Moving '../../../../../../sylve/Documents/Unreal Projects/Project/Hero 4.10/Saved/CustomMode_BPC4E0511540117F976421DDBA8390DD20.tmp' to '../../../../../../sylve/Documents/Unreal Projects/Project/Hero 4.10/Content/CustomMode_BP.uasset'
[2016.04.07-09.32.18:603][538]LogSavePackage: Total save time: 17.565917ms
[2016.04.07-09.32.18:603][538]LogSavePackage:Display: Finished SavePackage ../../../../../../sylve/Documents/Unreal Projects/Project/Hero 4.10/Content/CustomMode_BP.uasset
[2016.04.07-09.32.18:945][539]Cmd: QUIT_EDITOR
[2016.04.07-09.32.19:517][539]LogWindowsTextInputMethodSystem:Display: IME system now activated using TSF (Microsoft 입력기).
[2016.04.07-09.32.19:577][539]LogExit: Preparing to exit.
[2016.04.07-09.32.20:757][539]LogExit: Editor shut down
[2016.04.07-09.32.20:757][539]LogExit: Transaction tracking system shut down
[2016.04.07-09.32.20:766][539]LogParticles: Destroying 0 GPU particle simulations for FXSystem 0x000001D24E1E6A20
[2016.04.07-09.32.20:767][539]LogParticles: Destroying 0 GPU particle simulations for FXSystem 0x000001D24E1FE340
[2016.04.07-09.32.20:767][539]LogParticles: Destroying 0 GPU particle simulations for FXSystem 0x000001D258844680
[2016.04.07-09.32.20:767][539]LogParticles: Destroying 0 GPU particle simulations for FXSystem 0x000001D205FA2700
[2016.04.07-09.32.20:768][539]LogParticles: Destroying 0 GPU particle simulations for FXSystem 0x000001D2851A9620
[2016.04.07-09.32.20:768][539]LogParticles: Destroying 0 GPU particle simulations for FXSystem 0x000001D26AD80860
[2016.04.07-09.32.20:768][539]LogParticles: Destroying 0 GPU particle simulations for FXSystem 0x000001D21C358B80
[2016.04.07-09.32.21:043][539]LogExit: Object subsystem successfully closed.
[2016.04.07-09.32.21:060][539]LogD3D11RHI: Shutdown
[2016.04.07-09.32.21:060][539]LogD3D11RHI: CleanupD3DDevice
[2016.04.07-09.32.21:157][539]LogD3D11RHI: ~FD3D11DynamicRHI
[2016.04.07-09.32.21:176][539]LogModuleManager: Shutting down and abandoning module CookingStats (201)
[2016.04.07-09.32.21:176][539]LogModuleManager: Shutting down and abandoning module SequencerWidgets (200)
[2016.04.07-09.32.21:176][539]LogModuleManager: Shutting down and abandoning module BlueprintGraph (199)
[2016.04.07-09.32.21:176][539]LogModuleManager: Shutting down and abandoning module CrashTracker (198)
[2016.04.07-09.32.21:176][539]LogModuleManager: Shutting down and abandoning module SceneOutliner (197)
[2016.04.07-09.32.21:176][539]LogModuleManager: Shutting down and abandoning module SuperSearch (196)
[2016.04.07-09.32.21:176][539]LogModuleManager: Shutting down and abandoning module WidgetCarousel (195)
[2016.04.07-09.32.21:176][539]LogModuleManager: Shutting down and abandoning module AddContentDialog (194)
[2016.04.07-09.32.21:179][539]LogModuleManager: Shutting down and abandoning module EditorWidgets (193)
[2016.04.07-09.32.21:179][539]LogModuleManager: Shutting down and abandoning module CollectionManager (192)
[2016.04.07-09.32.21:179][539]LogModuleManager: Shutting down and abandoning module StatsViewer (191)
[2016.04.07-09.32.21:179][539]LogModuleManager: Shutting down and abandoning module FoliageEdit (190)
[2016.04.07-09.32.21:179][539]LogModuleManager: Shutting down and abandoning module LandscapeEditor (189)
[2016.04.07-09.32.21:179][539]LogModuleManager: Shutting down and abandoning module ActorPickerMode (188)
[2016.04.07-09.32.21:179][539]LogModuleManager: Shutting down and abandoning module GeometryMode (187)
[2016.04.07-09.32.21:179][539]LogModuleManager: Shutting down and abandoning module TextureAlignMode (186)
[2016.04.07-09.32.21:179][539]LogModuleManager: Shutting down and abandoning module BspMode (185)
[2016.04.07-09.32.21:179][539]LogModuleManager: Shutting down and abandoning module PlacementMode (184)
[2016.04.07-09.32.21:179][539]LogModuleManager: Shutting down and abandoning module AutomationWorker (183)
[2016.04.07-09.32.21:179][539]LogModuleManager: Shutting down and abandoning module CharacterAI (182)
[2016.04.07-09.32.21:179][539]LogModuleManager: Shutting down and abandoning module SmartSnapping (181)
[2016.04.07-09.32.21:179][539]LogModuleManager: Shutting down and abandoning module ViewportSnapping (180)
[2016.04.07-09.32.21:179][539]LogModuleManager: Shutting down and abandoning module LogVisualizer (179)
[2016.04.07-09.32.21:180][539]LogModuleManager: Shutting down and abandoning module GameProjectGeneration (178)
[2016.04.07-09.32.21:180][539]LogModuleManager: Shutting down and abandoning module IntroTutorials (177)
[2016.04.07-09.32.21:180][539]LogModuleManager: Shutting down and abandoning module EditorLiveStreaming (176)
[2016.04.07-09.32.21:180][539]LogModuleManager: Shutting down and abandoning module IOSPlatformEditor (175)
[2016.04.07-09.32.21:180][539]LogModuleManager: Shutting down and abandoning module HTML5PlatformEditor (174)
[2016.04.07-09.32.21:180][539]LogModuleManager: Shutting down and abandoning module AndroidDeviceDetection (173)
[2016.04.07-09.32.21:271][539]LogModuleManager: Shutting down and abandoning module AndroidPlatformEditor (172)
[2016.04.07-09.32.21:271][539]LogModuleManager: Shutting down and abandoning module IOSRuntimeSettings (171)
[2016.04.07-09.32.21:271][539]LogModuleManager: Shutting down and abandoning module AndroidRuntimeSettings (170)
[2016.04.07-09.32.21:271][539]LogModuleManager: Shutting down and abandoning module MergeActors (169)
[2016.04.07-09.32.21:271][539]LogModuleManager: Shutting down and abandoning module SizeMap (168)
[2016.04.07-09.32.21:271][539]LogModuleManager: Shutting down and abandoning module TreeMap (167)
[2016.04.07-09.32.21:272][539]LogModuleManager: Shutting down and abandoning module ReferenceViewer (166)
[2016.04.07-09.32.21:272][539]LogModuleManager: Shutting down and abandoning module LocalizationService (165)
[2016.04.07-09.32.21:272][539]LogModuleManager: Shutting down and abandoning module LocalizationDashboard (164)
[2016.04.07-09.32.21:272][539]LogModuleManager: Shutting down and abandoning module HardwareTargeting (163)
[2016.04.07-09.32.21:272][539]LogModuleManager: Shutting down and abandoning module DeviceProfileEditor (162)
[2016.04.07-09.32.21:272][539]LogModuleManager: Shutting down and abandoning module UndoHistory (161)
[2016.04.07-09.32.21:272][539]LogModuleManager: Shutting down and abandoning module GameplayTagsEditor (160)
[2016.04.07-09.32.21:272][539]LogModuleManager: Shutting down and abandoning module UserFeedback (159)
[2016.04.07-09.32.21:272][539]LogModuleManager: Shutting down and abandoning module XmlParser (158)
[2016.04.07-09.32.21:272][539]LogModuleManager: Shutting down and abandoning module Blutility (157)
[2016.04.07-09.32.21:272][539]LogModuleManager: Shutting down and abandoning module ProjectTargetPlatformEditor (156)
[2016.04.07-09.32.21:272][539]LogModuleManager: Shutting down and abandoning module ProjectSettingsViewer (155)
[2016.04.07-09.32.21:272][539]LogModuleManager: Shutting down and abandoning module InputBindingEditor (154)
[2016.04.07-09.32.21:272][539]LogModuleManager: Shutting down and abandoning module EditorSettingsViewer (153)
[2016.04.07-09.32.21:272][539]LogModuleManager: Shutting down and abandoning module SettingsEditor (152)
[2016.04.07-09.32.21:272][539]LogModuleManager: Shutting down and abandoning module ProjectLauncher (151)
[2016.04.07-09.32.21:272][539]LogModuleManager: Shutting down and abandoning module SessionFrontend (150)
[2016.04.07-09.32.21:272][539]LogModuleManager: Shutting down and abandoning module ProfilerClient (149)
[2016.04.07-09.32.21:272][539]LogModuleManager: Shutting down and abandoning module TargetDeviceServices (148)
[2016.04.07-09.32.21:272][539]LogModuleManager: Shutting down and abandoning module DeviceManager (147)
[2016.04.07-09.32.21:273][539]LogModuleManager: Shutting down and abandoning module AutomationController (146)
[2016.04.07-09.32.21:273][539]LogModuleManager: Shutting down and abandoning module AutomationWindow (145)
[2016.04.07-09.32.21:273][539]LogModuleManager: Shutting down and abandoning module Layers (144)
[2016.04.07-09.32.21:273][539]LogModuleManager: Shutting down and abandoning module ComponentVisualizers (143)
[2016.04.07-09.32.21:273][539]LogModuleManager: Shutting down and abandoning module DetailCustomizations (142)
[2016.04.07-09.32.21:273][539]LogModuleManager: Shutting down and abandoning module PackagesDialog (141)
[2016.04.07-09.32.21:273][539]LogModuleManager: Shutting down and abandoning module Persona (140)
[2016.04.07-09.32.21:273][539]LogModuleManager: Shutting down and abandoning module Kismet (139)
[2016.04.07-09.32.21:273][539]LogModuleManager: Shutting down and abandoning module GraphEditor (138)
[2016.04.07-09.32.21:273][539]LogModuleManager: Shutting down and abandoning module ClassViewer (137)
[2016.04.07-09.32.21:276][539]LogModuleManager: Shutting down and abandoning module Toolbox (136)
[2016.04.07-09.32.21:276][539]LogModuleManager: Shutting down and abandoning module ModuleUI (135)
[2016.04.07-09.32.21:276][539]LogModuleManager: Shutting down and abandoning module MovieSceneTools (134)
[2016.04.07-09.32.21:276][539]LogModuleManager: Shutting down and abandoning module OutputLog (133)
[2016.04.07-09.32.21:276][539]LogModuleManager: Shutting down and abandoning module GammaUI (132)
[2016.04.07-09.32.21:276][539]LogModuleManager: Shutting down and abandoning module Documentation (131)
[2016.04.07-09.32.21:276][539]LogModuleManager: Shutting down and abandoning module GameLiveStreaming (130)
[2016.04.07-09.32.21:276][539]LogModuleManager: Shutting down and abandoning module StreamingPauseRendering (129)
[2016.04.07-09.32.21:276][539]LogModuleManager: Shutting down and abandoning module AnalyticsET (128)
[2016.04.07-09.32.21:276][539]LogModuleManager: Shutting down and abandoning module Analytics (127)
[2016.04.07-09.32.21:276][539]LogModuleManager: Shutting down and abandoning module AITestSuite (126)
[2016.04.07-09.32.21:276][539]LogModuleManager: Shutting down and abandoning module GameplayDebugger (125)
[2016.04.07-09.32.21:276][539]LogModuleManager: Shutting down and abandoning module AIModule (124)
[2016.04.07-09.32.21:276][539]LogModuleManager: Shutting down and abandoning module ProfilerService (123)
[2016.04.07-09.32.21:451][539]LogModuleManager: Shutting down and abandoning module TaskGraph (122)
[2016.04.07-09.32.21:451][539]LogModuleManager: Shutting down and abandoning module SlateRemote (121)
[2016.04.07-09.32.21:451][539]LogModuleManager: Shutting down and abandoning module SteamVRController (120)
[2016.04.07-09.32.21:451][539]LogModuleManager: Shutting down and abandoning module SteamVR (119)
[2016.04.07-09.32.21:451][539]LogModuleManager: Shutting down and abandoning module ProceduralMeshComponent (118)
[2016.04.07-09.32.21:451][539]LogModuleManager: Shutting down and abandoning module OculusLibrary (117)
[2016.04.07-09.32.21:451][539]LogModuleManager: Shutting down and abandoning module OculusInput (116)
[2016.04.07-09.32.21:451][539]LogModuleManager: Shutting down and abandoning module LeapMotionController (115)
[2016.04.07-09.32.21:479][539]LogModuleManager: Shutting down and abandoning module CustomMeshComponent (114)
[2016.04.07-09.32.21:479][539]LogModuleManager: Shutting down and abandoning module CableComponent (113)
[2016.04.07-09.32.21:479][539]LogModuleManager: Shutting down and abandoning module ArchVisCharacter (112)
[2016.04.07-09.32.21:479][539]LogModuleManager: Shutting down and abandoning module MessagingDebugger (111)
[2016.04.07-09.32.21:479][539]LogModuleManager: Shutting down and abandoning module MediaPlayerEditor (110)
[2016.04.07-09.32.21:479][539]LogModuleManager: Shutting down and abandoning module HTML5Networking (109)
[2016.04.07-09.32.21:479][539]LogModuleManager: Shutting down and abandoning module SpeedTreeImporter (108)
[2016.04.07-09.32.21:479][539]LogModuleManager: Shutting down and abandoning module PluginBrowser (107)
[2016.04.07-09.32.21:479][539]LogModuleManager: Shutting down and abandoning module EpicSurvey (106)
[2016.04.07-09.32.21:479][539]LogModuleManager: Shutting down and abandoning module DesktopPlatform (105)
[2016.04.07-09.32.21:479][539]LogModuleManager: Shutting down and abandoning module VisualStudioSourceCodeAccess (104)
[2016.04.07-09.32.21:479][539]LogModuleManager: Shutting down and abandoning module UObjectPlugin (103)
[2016.04.07-09.32.21:479][539]LogModuleManager: Shutting down and abandoning module SubversionSourceControl (102)
[2016.04.07-09.32.21:479][539]LogModuleManager: Shutting down and abandoning module PerforceSourceControl (101)
[2016.04.07-09.32.21:479][539]LogModuleManager: Shutting down and abandoning module SourceControl (100)
[2016.04.07-09.32.21:479][539]LogModuleManager: Shutting down and abandoning module GitSourceControl (99)
[2016.04.07-09.32.21:479][539]LogModuleManager: Shutting down and abandoning module LightPropagationVolumeEditor (98)
[2016.04.07-09.32.21:479][539]LogModuleManager: Shutting down and abandoning module PaperTiledImporter (97)
[2016.04.07-09.32.21:479][539]LogModuleManager: Shutting down and abandoning module PaperSpriteSheetImporter (96)
[2016.04.07-09.32.21:479][539]LogModuleManager: Shutting down and abandoning module MeshPaint (95)
[2016.04.07-09.32.21:479][539]LogModuleManager: Shutting down and abandoning module SlateReflector (94)
[2016.04.07-09.32.21:479][539]LogModuleManager: Shutting down and abandoning module HotReload (93)
[2016.04.07-09.32.21:479][539]LogModuleManager: Shutting down and abandoning module MainFrame (92)
[2016.04.07-09.32.21:479][539]LogModuleManager: Shutting down and abandoning module LevelEditor (91)
[2016.04.07-09.32.21:481][539]LogModuleManager: Shutting down and abandoning module DirectoryWatcher (90)
[2016.04.07-09.32.21:483][539]LogModuleManager: Shutting down and abandoning module AssetRegistry (89)
[2016.04.07-09.32.21:574][539]LogModuleManager: Shutting down and abandoning module ContentBrowser (88)
[2016.04.07-09.32.21:574][539]LogModuleManager: Shutting down and abandoning module Paper2DEditor (87)
[2016.04.07-09.32.21:574][539]LogModuleManager: Shutting down and abandoning module UdpMessaging (86)
[2016.04.07-09.32.21:675][539]LogModuleManager: Shutting down and abandoning module LightPropagationVolumeRuntime (85)
[2016.04.07-09.32.21:675][539]LogModuleManager: Shutting down and abandoning module Paper2D (84)
[2016.04.07-09.32.21:675][539]LogModuleManager: Shutting down and abandoning module WindowsMoviePlayer (83)
[2016.04.07-09.32.21:682][539]LogModuleManager: Shutting down and abandoning module Media (82)
[2016.04.07-09.32.21:682][539]LogModuleManager: Shutting down and abandoning module WmfMedia (81)
[2016.04.07-09.32.21:682][539]LogModuleManager: Shutting down and abandoning module OnlineBlueprintSupport (80)
[2016.04.07-09.32.21:682][539]LogModuleManager: Shutting down and abandoning module GameplayTasksEditor (79)
[2016.04.07-09.32.21:682][539]LogModuleManager: Shutting down and abandoning module PropertyEditor (78)
[2016.04.07-09.32.21:726][539]LogModuleManager: Shutting down and abandoning module BehaviorTreeEditor (77)
[2016.04.07-09.32.21:726][539]LogModuleManager: Shutting down and abandoning module FunctionalTesting (76)
[2016.04.07-09.32.21:726][539]LogModuleManager: Shutting down and abandoning module CollisionAnalyzer (75)
[2016.04.07-09.32.21:726][539]LogModuleManager: Shutting down and abandoning module WorkspaceMenuStructure (74)
[2016.04.07-09.32.21:726][539]LogModuleManager: Shutting down and abandoning module MessageLog (73)
[2016.04.07-09.32.21:726][539]LogModuleManager: Shutting down and abandoning module Sequencer (72)
[2016.04.07-09.32.21:726][539]LogModuleManager: Shutting down and abandoning module AssetTools (71)
[2016.04.07-09.32.21:726][539]LogModuleManager: Shutting down and abandoning module UMGEditor (70)
[2016.04.07-09.32.21:726][539]LogModuleManager: Shutting down and abandoning module UMG (69)
[2016.04.07-09.32.21:726][539]LogModuleManager: Shutting down and abandoning module Slate (68)
[2016.04.07-09.32.21:726][539]LogModuleManager: Shutting down and abandoning module EditorStyle (67)
[2016.04.07-09.32.21:729][539]LogModuleManager: Shutting down and abandoning module SessionServices (66)
[2016.04.07-09.32.21:729][539]LogModuleManager: Shutting down and abandoning module SourceCodeAccess (65)
[2016.04.07-09.32.21:729][539]LogModuleManager: Shutting down and abandoning module HeadMountedDisplay (64)
[2016.04.07-09.32.21:729][539]LogModuleManager: Shutting down and abandoning module XAudio2 (63)
[2016.04.07-09.32.21:729][539]LogModuleManager: Shutting down and abandoning module Networking (61)
[2016.04.07-09.32.21:729][539]LogModuleManager: Shutting down and abandoning module Core (60)
[2016.04.07-09.32.21:729][539]LogModuleManager: Shutting down and abandoning module KismetCompiler (59)
[2016.04.07-09.32.21:729][539]LogModuleManager: Shutting down and abandoning module PhysXFormats (58)
[2016.04.07-09.32.21:729][539]LogModuleManager: Shutting down and abandoning module MeshUtilities (57)
[2016.04.07-09.32.21:729][539]LogModuleManager: Shutting down and abandoning module DerivedDataCache (56)
[2016.04.07-09.32.21:736][539]LogDerivedDataCache: Shutdown
[2016.04.07-09.32.21:736][539]LogModuleManager: Shutting down and abandoning module ShaderFormatOpenGL (55)
[2016.04.07-09.32.21:736][539]LogModuleManager: Shutting down and abandoning module ShaderFormatD3D (54)
[2016.04.07-09.32.21:736][539]LogModuleManager: Shutting down and abandoning module MetalShaderFormat (53)
[2016.04.07-09.32.21:736][539]LogModuleManager: Shutting down and abandoning module TextureFormatUncompressed (52)
[2016.04.07-09.32.21:736][539]LogModuleManager: Shutting down and abandoning module TextureFormatPVR (51)
[2016.04.07-09.32.21:736][539]LogModuleManager: Shutting down and abandoning module TextureFormatIntelISPCTexComp (50)
[2016.04.07-09.32.21:736][539]LogModuleManager: Shutting down and abandoning module TextureFormatDXT (49)
[2016.04.07-09.32.21:736][539]LogModuleManager: Shutting down and abandoning module ImageWrapper (48)
[2016.04.07-09.32.21:736][539]LogModuleManager: Shutting down and abandoning module TextureFormatASTC (47)
[2016.04.07-09.32.21:736][539]LogModuleManager: Shutting down and abandoning module TextureFormatAndroid (46)
[2016.04.07-09.32.21:736][539]LogModuleManager: Shutting down and abandoning module AudioFormatOpus (45)
[2016.04.07-09.32.21:736][539]LogModuleManager: Shutting down and abandoning module AudioFormatOgg (44)
[2016.04.07-09.32.21:736][539]LogModuleManager: Shutting down and abandoning module AudioFormatADPCM (43)
[2016.04.07-09.32.21:737][539]LogModuleManager: Shutting down and abandoning module LinuxTargetPlatform (42)
[2016.04.07-09.32.21:737][539]LogModuleManager: Shutting down and abandoning module LinuxServerTargetPlatform (41)
[2016.04.07-09.32.21:737][539]LogModuleManager: Shutting down and abandoning module LinuxNoEditorTargetPlatform (40)
[2016.04.07-09.32.21:737][539]LogModuleManager: Shutting down and abandoning module Messaging (39)
[2016.04.07-09.32.21:737][539]LogModuleManager: Shutting down and abandoning module IOSTargetPlatform (38)
[2016.04.07-09.32.21:737][539]LogModuleManager: Shutting down and abandoning module HTML5TargetPlatform (37)
[2016.04.07-09.32.21:737][539]LogModuleManager: Shutting down and abandoning module Android_PVRTCTargetPlatform (36)
[2016.04.07-09.32.21:737][539]LogModuleManager: Shutting down and abandoning module Android_MultiTargetPlatform (35)
[2016.04.07-09.32.21:737][539]LogModuleManager: Shutting down and abandoning module Android_ETC2TargetPlatform (34)
[2016.04.07-09.32.21:737][539]LogModuleManager: Shutting down and abandoning module Android_ETC1TargetPlatform (33)
[2016.04.07-09.32.21:737][539]LogModuleManager: Shutting down and abandoning module Android_DXTTargetPlatform (32)
[2016.04.07-09.32.21:737][539]LogModuleManager: Shutting down and abandoning module Android_ATCTargetPlatform (31)
[2016.04.07-09.32.21:737][539]LogModuleManager: Shutting down and abandoning module Android_ASTCTargetPlatform (30)
[2016.04.07-09.32.21:737][539]LogModuleManager: Shutting down and abandoning module AndroidTargetPlatform (29)
[2016.04.07-09.32.21:737][539]LogModuleManager: Shutting down and abandoning module WindowsTargetPlatform (28)
[2016.04.07-09.32.21:737][539]LogModuleManager: Shutting down and abandoning module WindowsServerTargetPlatform (27)
[2016.04.07-09.32.21:737][539]LogModuleManager: Shutting down and abandoning module WindowsNoEditorTargetPlatform (26)
[2016.04.07-09.32.21:737][539]LogModuleManager: Shutting down and abandoning module WindowsClientTargetPlatform (25)
[2016.04.07-09.32.21:737][539]LogModuleManager: Shutting down and abandoning module AllDesktopTargetPlatform (24)
[2016.04.07-09.32.21:737][539]LogModuleManager: Shutting down and abandoning module TargetPlatform (23)
[2016.04.07-09.32.21:737][539]LogModuleManager: Shutting down and abandoning module InputCore (22)
[2016.04.07-09.32.21:737][539]LogModuleManager: Shutting down and abandoning module Settings (21)
[2016.04.07-09.32.21:737][539]LogModuleManager: Shutting down and abandoning module OnlineSubsystem (19)
[2016.04.07-09.32.21:737][539]LogModuleManager: Shutting down and abandoning module HTTP (18)
[2016.04.07-09.32.22:739][539]LogModuleManager: Shutting down and abandoning module XMPP (17)
[2016.04.07-09.32.22:739][539]LogModuleManager: Shutting down and abandoning module OculusRift (16)
[2016.04.07-09.32.22:740][539]LogModuleManager: Shutting down and abandoning module ExampleDeviceProfileSelector (15)
[2016.04.07-09.32.22:740][539]LogModuleManager: Shutting down and abandoning module TextureCompressor (14)
[2016.04.07-09.32.22:740][539]LogModuleManager: Shutting down and abandoning module ShaderCore (13)
[2016.04.07-09.32.22:740][539]LogModuleManager: Shutting down and abandoning module Landscape (12)
[2016.04.07-09.32.22:740][539]LogModuleManager: Shutting down and abandoning module SlateRHIRenderer (11)
[2016.04.07-09.32.22:750][539]LogModuleManager: Shutting down and abandoning module OpenGLDrv (10)
[2016.04.07-09.32.22:750][539]LogModuleManager: Shutting down and abandoning module D3D11RHI (9)
[2016.04.07-09.32.22:750][539]LogModuleManager: Shutting down and abandoning module AnimGraphRuntime (8)
[2016.04.07-09.32.22:750][539]LogModuleManager: Shutting down and abandoning module Renderer (7)
[2016.04.07-09.32.22:750][539]LogModuleManager: Shutting down and abandoning module Engine (6)
[2016.04.07-09.32.22:750][539]LogModuleManager: Shutting down and abandoning module CoreUObject (5)
[2016.04.07-09.32.22:750][539]LogModuleManager: Shutting down and abandoning module NetworkFile (4)
[2016.04.07-09.32.22:750][539]LogModuleManager: Shutting down and abandoning module StreamingFile (3)
[2016.04.07-09.32.22:751][539]LogModuleManager: Shutting down and abandoning module SandboxFile (2)
[2016.04.07-09.32.22:751][539]LogModuleManager: Shutting down and abandoning module PakFile (1)
[2016.04.07-09.32.22:753][539]LogExit: Exiting.
[2016.04.07-09.32.22:772][539]Log file closed, 04/07/16 18:32:22
