[2016.05.02-02.53.39:585][  0]Log file open, 05/02/16 11:53:39
[2016.05.02-02.53.39:585][  0]LogInit:Display: Running engine for game: Hero
[2016.05.02-02.53.39:585][  0]LogPlatformFile: Not using cached read wrapper
[2016.05.02-02.53.39:585][  0]LogInit:Display: RandInit(1441839287) SRandInit(1441839289).
[2016.05.02-02.53.39:585][  0]LogTaskGraph: Started task graph with 4 named threads and 7 total threads.
[2016.05.02-02.53.39:585][  0]LogStats: Stats thread started at 0.084484
[2016.05.02-02.53.39:585][  0]LogInit: Version: 4.10.4-2872498+++depot+UE4-Releases+4.10
[2016.05.02-02.53.39:585][  0]LogInit: API Version: 2758231
[2016.05.02-02.53.39:585][  0]LogInit: Compiled (64-bit): Feb 18 2016 15:47:04
[2016.05.02-02.53.39:585][  0]LogInit: Compiled with Visual C++: 19.00.23026.00
[2016.05.02-02.53.39:585][  0]LogInit: Build Configuration: Development
[2016.05.02-02.53.39:585][  0]LogInit: Branch Name: ++depot+UE4-Releases+4.10
[2016.05.02-02.53.39:585][  0]LogInit: Command line:  
[2016.05.02-02.53.39:585][  0]LogInit: Base directory: C:/Program Files (x86)/Epic Games/4.10/Engine/Binaries/Win64/
[2016.05.02-02.53.39:585][  0]LogInit: Rocket: 1
[2016.05.02-02.53.39:618][  0]LogInit: Using libcurl 7.41.0
[2016.05.02-02.53.39:618][  0]LogInit:  - built for x86_64-pc-win32
[2016.05.02-02.53.39:618][  0]LogInit:  - supports SSL with WinSSL
[2016.05.02-02.53.39:618][  0]LogInit:  - other features:
[2016.05.02-02.53.39:618][  0]LogInit:      CURL_VERSION_SSL
[2016.05.02-02.53.39:618][  0]LogInit:      CURL_VERSION_IPV6
[2016.05.02-02.53.39:618][  0]LogInit:      CURL_VERSION_ASYNCHDNS
[2016.05.02-02.53.39:618][  0]LogInit:      CURL_VERSION_LARGEFILE
[2016.05.02-02.53.39:618][  0]LogInit:      CURL_VERSION_IDN
[2016.05.02-02.53.39:618][  0]LogInit:  CurlRequestOptions (configurable via config and command line):
[2016.05.02-02.53.39:618][  0]LogInit:  - bVerifyPeer = true  - Libcurl will verify peer certificate
[2016.05.02-02.53.39:618][  0]LogInit:  - bUseHttpProxy = false  - Libcurl will NOT use HTTP proxy
[2016.05.02-02.53.39:618][  0]LogInit:  - bDontReuseConnections = false  - Libcurl will reuse connections
[2016.05.02-02.53.39:618][  0]LogInit:  - CertBundlePath = nullptr  - Libcurl will use whatever was configured at build time.
[2016.05.02-02.53.39:659][  0]LogInit: Presizing for 0 objects not considered by GC, pre-allocating 0 bytes.
[2016.05.02-02.53.39:663][  0]LogInit: Object subsystem initialized
[2016.05.02-02.53.39:664][  0]LogInit: Selected Device Profile: [Windows]
[2016.05.02-02.53.39:664][  0]LogInit: Applying CVar settings loaded from the selected device profile: [Windows]
[2016.05.02-02.53.39:674][  0]LogInit: Computer: MUHONI_ECL-PC
[2016.05.02-02.53.39:674][  0]LogInit: User: MUHONIecl
[2016.05.02-02.53.39:674][  0]LogInit: CPU Page size=4096, Cores=4
[2016.05.02-02.53.39:674][  0]LogInit: High frequency timer resolution =3.328261 MHz
[2016.05.02-02.53.39:674][  0]LogMemory: Memory total: Physical=15.9GB (16GB approx)
[2016.05.02-02.53.39:674][  0]LogMemory: Platform Memory Stats for Windows
[2016.05.02-02.53.39:674][  0]LogMemory: Process Physical Memory: 58.31 MB used, 58.31 MB peak
[2016.05.02-02.53.39:674][  0]LogMemory: Process Virtual Memory: 57.55 MB used, 57.55 MB peak
[2016.05.02-02.53.39:674][  0]LogMemory: Physical Memory: 4778.35 MB used, 16320.46 MB total
[2016.05.02-02.53.39:674][  0]LogMemory: Virtual Memory: 351.21 MB used, 8388608.00 MB total
[2016.05.02-02.53.39:887][  0]LogTextLocalizationManager: No specific translations for ('ko-KR') exist, so ('ko') translations will be used.
[2016.05.02-02.53.39:920][  0]LogTextLocalizationManager:Warning: Loaded localization resources contain conflicting entries for (Namespace:UObjectToolTips, Key:AnimNode_AssetPlayerBase:InternalTimeAccumulator):
Localization Resource: (C:/Program Files (x86)/Epic Games/4.10/Engine/Content/Localization/EditorTutorials/ko/EditorTutorials.locres) Source String Hash: (502993589) Localized String: (이 노드에서 애셋을 레퍼런싱하는 데 사용되는 누적 시간입니다.)
Localization Resource: (C:/Program Files (x86)/Epic Games/4.10/Engine/Content/Localization/Engine/ko/Engine.locres) Source String Hash: (502993589) Localized String: (이 노드에서 애셋을 레퍼런싱하는 데 사용된 누적 시간입니다.)
[2016.05.02-02.53.39:920][  0]LogTextLocalizationManager:Warning: Loaded localization resources contain conflicting entries for (Namespace:UObjectToolTips, Key:AnimNode_AssetPlayerBase:bIgnoreForRelevancyTest):
Localization Resource: (C:/Program Files (x86)/Epic Games/4.10/Engine/Content/Localization/EditorTutorials/ko/EditorTutorials.locres) Source String Hash: (319969718) Localized String: (True 면, 스테이트에서 최고 가중치 애니메이션을 찾는 "Relevant anim" 노드는 이 노드를 무시합니다.
 )
Localization Resource: (C:/Program Files (x86)/Epic Games/4.10/Engine/Content/Localization/Engine/ko/Engine.locres) Source String Hash: (319969718) Localized String: (True 면 스테이트 내 최고 웨이팅된 애니메이션을 찾는 "Relevant anim" 노드가 무시됩니다.
 )
[2016.05.02-02.53.39:920][  0]LogTextLocalizationManager:Warning: Loaded localization resources contain conflicting entries for (Namespace:UObjectToolTips, Key:AnimNode_AssetPlayerBase:BlendWeight):
Localization Resource: (C:/Program Files (x86)/Epic Games/4.10/Engine/Content/Localization/EditorTutorials/ko/EditorTutorials.locres) Source String Hash: (-1232800293) Localized String: (이 노드에 마지막 걸린 블렌드웨이트 입니다.)
Localization Resource: (C:/Program Files (x86)/Epic Games/4.10/Engine/Content/Localization/Engine/ko/Engine.locres) Source String Hash: (-1232800293) Localized String: (이 노드에 대해 마지막 접한 블렌드 웨이트)
[2016.05.02-02.53.40:180][  0]LogD3D11RHI: Found D3D11 adapter 0: NVIDIA GeForce GTX 970 (Feature Level 11_0)
[2016.05.02-02.53.40:180][  0]LogD3D11RHI: Adapter has 4007MB of dedicated video memory, 0MB of dedicated system memory, and 7904MB of shared system memory, 2 output[s]
[2016.05.02-02.53.40:180][  0]LogD3D11RHI: Chosen D3D11 Adapter Id = 0
[2016.05.02-02.53.40:185][  0]LogD3D11RHI: !Direct3DDevice
[2016.05.02-02.53.40:185][  0]LogRHI: Texture pool is 1361 MB (70% of 1945 MB)
[2016.05.02-02.53.40:194][  0]LogD3D11RHI: Async texture creation enabled
[2016.05.02-02.53.40:206][  0]LogShaderCompilers: Guid format shader working directory is 4 characters bigger than the processId version (I:/Projects/Unreal Projects/Project/Hero 4.10/Intermediate/Shaders/WorkingDirectory/2576/).
[2016.05.02-02.53.40:206][  0]LogShaderCompilers: Cleaned the shader compiler working directory 'C:/Users/MUHONI~1/AppData/Local/Temp/UnrealShaderWorkingDir/CE8F8A584490146888193894D6EFE901/'.
[2016.05.02-02.53.40:206][  0]LogShaderCompilers:Display: Using Local Shader Compiler.
[2016.05.02-02.53.41:786][  0]LogTemp:Display: Loaded TP AllDesktopTargetPlatform
[2016.05.02-02.53.41:795][  0]LogTemp:Display: Loaded TP WindowsClientTargetPlatform
[2016.05.02-02.53.41:804][  0]LogTemp:Display: Loaded TP WindowsNoEditorTargetPlatform
[2016.05.02-02.53.41:813][  0]LogTemp:Display: Loaded TP WindowsServerTargetPlatform
[2016.05.02-02.53.41:824][  0]LogTemp:Display: Loaded TP WindowsTargetPlatform
[2016.05.02-02.53.41:832][  0]LogTemp:Display: Loaded TP AndroidTargetPlatform
[2016.05.02-02.53.41:841][  0]LogTemp:Display: Loaded TP Android_ASTCTargetPlatform
[2016.05.02-02.53.41:849][  0]LogTemp:Display: Loaded TP Android_ATCTargetPlatform
[2016.05.02-02.53.41:858][  0]LogTemp:Display: Loaded TP Android_DXTTargetPlatform
[2016.05.02-02.53.41:866][  0]LogTemp:Display: Loaded TP Android_ETC1TargetPlatform
[2016.05.02-02.53.41:874][  0]LogTemp:Display: Loaded TP Android_ETC2TargetPlatform
[2016.05.02-02.53.41:891][  0]LogTemp:Display: Loaded TP Android_MultiTargetPlatform
[2016.05.02-02.53.41:891][  0]LogTemp:Display: Loaded TP Android_PVRTCTargetPlatform
[2016.05.02-02.53.41:896][  0]LogTemp:Display: Loaded TP HTML5TargetPlatform
[2016.05.02-02.53.41:933][  0]LogTemp:Display: Loaded TP IOSTargetPlatform
[2016.05.02-02.53.41:941][  0]LogTemp:Display: Loaded TP LinuxNoEditorTargetPlatform
[2016.05.02-02.53.41:949][  0]LogTemp:Display: Loaded TP LinuxServerTargetPlatform
[2016.05.02-02.53.41:958][  0]LogTemp:Display: Loaded TP LinuxTargetPlatform
[2016.05.02-02.53.41:958][  0]LogTargetPlatformManager:Display: Building Assets For Windows
[2016.05.02-02.53.42:205][  0]LogDerivedDataCache:Display: Max Cache Size: 512 MB
[2016.05.02-02.53.42:342][  0]LogDerivedDataCache: Loaded boot cache 0.14s 41MB C:/Users/MUHONI_ecl/AppData/Local/UnrealEngine/4.10/DerivedDataCache/Boot.ddc.
[2016.05.02-02.53.42:342][  0]LogDerivedDataCache:Display: Loaded Boot cache: C:/Users/MUHONI_ecl/AppData/Local/UnrealEngine/4.10/DerivedDataCache/Boot.ddc
[2016.05.02-02.53.42:342][  0]LogDerivedDataCache: FDerivedDataBackendGraph:  Pak pak cache file I:/Projects/Unreal Projects/Project/Hero 4.10/DerivedDataCache/DDC.ddp not found, will not use a pak cache.
[2016.05.02-02.53.42:342][  0]LogDerivedDataCache: Unable to find inner node Pak for hierarchical cache Hierarchy.
[2016.05.02-02.53.42:342][  0]LogDerivedDataCache: FDerivedDataBackendGraph:  CompressedPak pak cache file I:/Projects/Unreal Projects/Project/Hero 4.10/DerivedDataCache/Compressed.ddp not found, will not use a pak cache.
[2016.05.02-02.53.42:342][  0]LogDerivedDataCache: Unable to find inner node CompressedPak for hierarchical cache Hierarchy.
[2016.05.02-02.53.42:391][  0]LogDerivedDataCache:Display: Pak cache opened for reading ../../../Engine/DerivedDataCache/Compressed.ddp.
[2016.05.02-02.53.42:402][  0]LogDerivedDataCache: Using Local data cache path C:/Users/MUHONI_ecl/AppData/Local/UnrealEngine/Common/DerivedDataCache: Writable
[2016.05.02-02.53.42:818][  0]LogInit: Selected Device Profile: [Windows]
[2016.05.02-02.53.42:818][  0]LogContentStreaming: Texture pool size is 0.000000MB
[2016.05.02-02.53.42:894][  0]LogMeshUtilities: No automatic mesh reduction module available
[2016.05.02-02.53.42:894][  0]LogMeshUtilities: No automatic mesh merging module available
[2016.05.02-02.53.43:231][  0]LogInit: WinSock: version 1.1 (2.2), MaxSocks=32767, MaxUdp=65467
[2016.05.02-02.53.45:125][  0]UdpMessaging: Initializing bridge on interface 0.0.0.0:0 to multicast group 230.0.0.1:6666.
[2016.05.02-02.53.45:373][  0]LogAssetRegistry: FAssetRegistry took 0.0107 seconds to start up
[2016.05.02-02.53.45:965][  0]SourceControl: 정보 소스 콘트롤이 꺼졌습니다.
[2016.05.02-02.53.45:966][  0]SourceControl: 정보 소스 콘트롤이 꺼졌습니다.
[2016.05.02-02.53.46:001][  0]SourceControl: 정보 소스 콘트롤이 꺼졌습니다.
[2016.05.02-02.53.46:028][  0]SourceControl: 정보 소스 콘트롤이 꺼졌습니다.
[2016.05.02-02.53.46:456][  0]LogObj: 28633 objects as part of root set at end of initial load.
[2016.05.02-02.53.46:456][  0]LogUObjectAllocator: 6099744 out of 0 bytes used by permanent object pool.
[2016.05.02-02.53.46:532][  0]LogEngine: Initializing Engine...
[2016.05.02-02.53.46:535][  0]LogHMD: Can't find Oculus library dev build: is proper Runtime installed? Version: 0.8.0.0
[2016.05.02-02.53.46:542][  0]LogHMD: SteamVR failed to initialize.  Err: 110
[2016.05.02-02.53.46:667][  0]LogAIModule: Creating AISystem for world NewWorld
[2016.05.02-02.53.46:682][  0]LogInit: XAudio2 using 'Realtek HD Audio 2nd output(Realtek High Definition Audio)' : 2 channels at 48 kHz using 32 bits per sample (channel mask 0x3)
[2016.05.02-02.53.46:695][  0]LogInit: FAudioDevice initialized.
[2016.05.02-02.53.46:713][  0]LogDerivedDataCache: Saved boot cache 0.02s 41MB C:/Users/MUHONI_ecl/AppData/Local/UnrealEngine/4.10/DerivedDataCache/Boot.ddc.
[2016.05.02-02.53.46:715][  0]LogInit: Texture streaming: Enabled
[2016.05.02-02.53.46:732][  0]LogAnalytics: Creating configured Analytics provider AnalyticsET
[2016.05.02-02.53.46:732][  0]LogAnalytics: [UEEditor.Rocket.Release] APIServer = http://et2.epicgames.com/ET2/. AppVersion = 4.10.4-2872498+++depot+UE4-Releases+4.10
[2016.05.02-02.53.46:732][  0]LogAnalytics: [UEEditor.Rocket.Release] SetUserId 8bc9eabf4fd918bb65b531bbfe5eee47|1ee373e9bedc4d7e9c76f780c6814fe5|2baa7e2a-217c-4725-bcca-eb1feecff6c2
[2016.05.02-02.53.46:732][  0]LogAnalytics: [UEEditor.Rocket.Release] AnalyticsET::StartSession
[2016.05.02-02.53.46:744][  0]LogInit: Transaction tracking system initialized
[2016.05.02-02.53.46:818][  0]BlueprintLog: New page: 에디터 로드
[2016.05.02-02.53.47:288][  0]LocalizationService: 정보 현지화 서비스가 비활성화되었습니다.
[2016.05.02-02.53.47:504][  0]LogConsoleResponse:Display: 
[2016.05.02-02.53.47:704][  0]LogCook:Display: Done creating registry. It took  0.00s.
[2016.05.02-02.53.47:868][  0]SourceControl: 정보 소스 콘트롤이 꺼졌습니다.
[2016.05.02-02.53.47:868][  0]Cmd: MAP LOAD FILE="I:/Projects/Unreal Projects/Project/Hero 4.10/Content/StarterContent/Maps/Minimal_Default.umap" TEMPLATE=0 SHOWPROGRESS=1 FEATURELEVEL=3
[2016.05.02-02.53.47:959][  0]LightingResults: New page: 라이팅 빌드
[2016.05.02-02.53.47:962][  0]MapCheck: New page: 맵 체크
[2016.05.02-02.53.47:962][  0]LightingResults: New page: 라이팅 빌드
[2016.05.02-02.53.47:970][  0]LogParticles: Destroying 0 GPU particle simulations for FXSystem 0x0000000023A83B00
[2016.05.02-02.53.49:423][  0]LogFileCache: Scanning file cache for directory 'I:/Projects/Unreal Projects/Project/Hero 4.10/Content/' took 0.75s
[2016.05.02-02.53.54:581][  0]LogAIModule: Creating AISystem for world Minimal_Default
[2016.05.02-02.53.54:690][  0]LogEditorServer: Finished looking for orphan Actors (0.000 secs)
[2016.05.02-02.53.54:706][  0]Cmd: MAP CHECKDEP NOCLEARLOG
[2016.05.02-02.53.54:803][  0]MapCheck: 정보 맵 체크 완료: 오류 0 회, 경고 0 회, 소요 시간 97.305ms.
[2016.05.02-02.53.54:803][  0]LogFileHelpers: Loading map 'Minimal_Default' took 6.935
[2016.05.02-02.53.54:968][  0]LogCollectionManager: Loaded 0 collections in 0.036535 seconds
[2016.05.02-02.53.55:010][  0]LogFileCache: Scanning file cache for directory 'I:/Projects/Unreal Projects/Project/Hero 4.10/Saved/Collections/' took 0.01s
[2016.05.02-02.53.55:010][  0]LogFileCache: Scanning file cache for directory 'I:/Projects/Unreal Projects/Project/Hero 4.10/Content/Developers/MUHONIecl/Collections/' took 0.01s
[2016.05.02-02.53.55:010][  0]LogFileCache: Scanning file cache for directory 'I:/Projects/Unreal Projects/Project/Hero 4.10/Content/Collections/' took 0.01s
[2016.05.02-02.53.55:010][  0]LogCollectionManager: Rebuilt the GUID cache for 0 collections in 0.000003 seconds
[2016.05.02-02.53.55:016][  0]LogContentBrowser: Native class hierarchy populated in 0.0061 seconds. Added 1893 classes and 338 folders.
[2016.05.02-02.53.55:023][  0]LogContentBrowser: Native class hierarchy updated for 'WidgetCarousel' in 0.0003 seconds. Added 0 classes and 0 folders.
[2016.05.02-02.53.55:145][  0]LogContentBrowser: Native class hierarchy updated for 'AddContentDialog' in 0.0003 seconds. Added 0 classes and 0 folders.
[2016.05.02-02.53.55:169][  0]LogContentBrowser: Native class hierarchy updated for 'SceneOutliner' in 0.0003 seconds. Added 1 classes and 2 folders.
[2016.05.02-02.53.55:216][  0]LogCrashTracker: Crashtracker disabled due to settings.
[2016.05.02-02.53.55:219][  0]LogUObjectGlobals:Warning: 'Class 없음.' 오브젝트를 찾는 데 실패했습니다.
[2016.05.02-02.53.55:240][  0]LogLoad: Full Startup: 16.67 seconds (BP compile: 0.20 seconds)
[2016.05.02-02.53.55:257][  0]LogOcInput: Can't find Oculus library dev build: is proper Runtime installed? Version: 0.8.0.0
[2016.05.02-02.53.55:516][  0]LogContentStreaming: Texture pool size now 1000 MB
[2016.05.02-02.53.55:644][  1]Cmd: UpdateLandscapeEditorData -warnings
[2016.05.02-02.53.55:681][  1]LogRenderer: Reallocating scene render targets to support 1036x564 (Frame:2).
[2016.05.02-02.53.56:157][  8]LogAssetRegistry: Asset discovery search completed in 10.7945 seconds
[2016.05.02-02.53.56:158][  8]LogCollectionManager: Rebuilt the object cache for 0 collections in 0.000001 seconds (found 0 objects)
[2016.05.02-02.53.56:158][  8]LogCollectionManager: Fixed up redirectors for 0 collections in 0.000065 seconds (updated 0 objects)
[2016.05.02-02.53.58:850][266]Cmd: QUIT_EDITOR
[2016.05.02-02.53.58:946][266]LogExit: Preparing to exit.
[2016.05.02-02.53.59:230][266]LogExit: Editor shut down
[2016.05.02-02.53.59:230][266]LogExit: Transaction tracking system shut down
[2016.05.02-02.53.59:232][266]LogParticles: Destroying 0 GPU particle simulations for FXSystem 0x000000002D6A5E40
[2016.05.02-02.53.59:235][266]LogParticles: Destroying 0 GPU particle simulations for FXSystem 0x0000000033D73880
[2016.05.02-02.53.59:336][266]LogExit: Object subsystem successfully closed.
[2016.05.02-02.53.59:346][266]LogD3D11RHI: Shutdown
[2016.05.02-02.53.59:346][266]LogD3D11RHI: CleanupD3DDevice
[2016.05.02-02.53.59:393][266]LogD3D11RHI: ~FD3D11DynamicRHI
[2016.05.02-02.53.59:411][266]LogModuleManager: Shutting down and abandoning module CrashTracker (198)
[2016.05.02-02.53.59:411][266]LogModuleManager: Shutting down and abandoning module SceneOutliner (197)
[2016.05.02-02.53.59:411][266]LogModuleManager: Shutting down and abandoning module SuperSearch (196)
[2016.05.02-02.53.59:411][266]LogModuleManager: Shutting down and abandoning module WidgetCarousel (195)
[2016.05.02-02.53.59:411][266]LogModuleManager: Shutting down and abandoning module AddContentDialog (194)
[2016.05.02-02.53.59:412][266]LogModuleManager: Shutting down and abandoning module EditorWidgets (193)
[2016.05.02-02.53.59:412][266]LogModuleManager: Shutting down and abandoning module CollectionManager (192)
[2016.05.02-02.53.59:412][266]LogModuleManager: Shutting down and abandoning module StatsViewer (191)
[2016.05.02-02.53.59:412][266]LogModuleManager: Shutting down and abandoning module FoliageEdit (190)
[2016.05.02-02.53.59:412][266]LogModuleManager: Shutting down and abandoning module LandscapeEditor (189)
[2016.05.02-02.53.59:412][266]LogModuleManager: Shutting down and abandoning module ActorPickerMode (188)
[2016.05.02-02.53.59:412][266]LogModuleManager: Shutting down and abandoning module GeometryMode (187)
[2016.05.02-02.53.59:412][266]LogModuleManager: Shutting down and abandoning module TextureAlignMode (186)
[2016.05.02-02.53.59:412][266]LogModuleManager: Shutting down and abandoning module BspMode (185)
[2016.05.02-02.53.59:412][266]LogModuleManager: Shutting down and abandoning module PlacementMode (184)
[2016.05.02-02.53.59:412][266]LogModuleManager: Shutting down and abandoning module AutomationWorker (183)
[2016.05.02-02.53.59:412][266]LogModuleManager: Shutting down and abandoning module CharacterAI (182)
[2016.05.02-02.53.59:412][266]LogModuleManager: Shutting down and abandoning module SmartSnapping (181)
[2016.05.02-02.53.59:412][266]LogModuleManager: Shutting down and abandoning module ViewportSnapping (180)
[2016.05.02-02.53.59:412][266]LogModuleManager: Shutting down and abandoning module LogVisualizer (179)
[2016.05.02-02.53.59:412][266]LogModuleManager: Shutting down and abandoning module GameProjectGeneration (178)
[2016.05.02-02.53.59:412][266]LogModuleManager: Shutting down and abandoning module IntroTutorials (177)
[2016.05.02-02.53.59:412][266]LogModuleManager: Shutting down and abandoning module EditorLiveStreaming (176)
[2016.05.02-02.53.59:412][266]LogModuleManager: Shutting down and abandoning module IOSPlatformEditor (175)
[2016.05.02-02.53.59:412][266]LogModuleManager: Shutting down and abandoning module HTML5PlatformEditor (174)
[2016.05.02-02.53.59:412][266]LogModuleManager: Shutting down and abandoning module AndroidDeviceDetection (173)
[2016.05.02-02.54.00:400][266]LogModuleManager: Shutting down and abandoning module AndroidPlatformEditor (172)
[2016.05.02-02.54.00:400][266]LogModuleManager: Shutting down and abandoning module IOSRuntimeSettings (171)
[2016.05.02-02.54.00:400][266]LogModuleManager: Shutting down and abandoning module AndroidRuntimeSettings (170)
[2016.05.02-02.54.00:400][266]LogModuleManager: Shutting down and abandoning module MergeActors (169)
[2016.05.02-02.54.00:400][266]LogModuleManager: Shutting down and abandoning module SizeMap (168)
[2016.05.02-02.54.00:400][266]LogModuleManager: Shutting down and abandoning module TreeMap (167)
[2016.05.02-02.54.00:400][266]LogModuleManager: Shutting down and abandoning module ReferenceViewer (166)
[2016.05.02-02.54.00:400][266]LogModuleManager: Shutting down and abandoning module LocalizationService (165)
[2016.05.02-02.54.00:400][266]LogModuleManager: Shutting down and abandoning module LocalizationDashboard (164)
[2016.05.02-02.54.00:400][266]LogModuleManager: Shutting down and abandoning module HardwareTargeting (163)
[2016.05.02-02.54.00:400][266]LogModuleManager: Shutting down and abandoning module DeviceProfileEditor (162)
[2016.05.02-02.54.00:400][266]LogModuleManager: Shutting down and abandoning module UndoHistory (161)
[2016.05.02-02.54.00:400][266]LogModuleManager: Shutting down and abandoning module GameplayTagsEditor (160)
[2016.05.02-02.54.00:400][266]LogModuleManager: Shutting down and abandoning module UserFeedback (159)
[2016.05.02-02.54.00:400][266]LogModuleManager: Shutting down and abandoning module XmlParser (158)
[2016.05.02-02.54.00:400][266]LogModuleManager: Shutting down and abandoning module Blutility (157)
[2016.05.02-02.54.00:400][266]LogModuleManager: Shutting down and abandoning module ProjectTargetPlatformEditor (156)
[2016.05.02-02.54.00:400][266]LogModuleManager: Shutting down and abandoning module ProjectSettingsViewer (155)
[2016.05.02-02.54.00:400][266]LogModuleManager: Shutting down and abandoning module InputBindingEditor (154)
[2016.05.02-02.54.00:401][266]LogModuleManager: Shutting down and abandoning module EditorSettingsViewer (153)
[2016.05.02-02.54.00:401][266]LogModuleManager: Shutting down and abandoning module SettingsEditor (152)
[2016.05.02-02.54.00:401][266]LogModuleManager: Shutting down and abandoning module ProjectLauncher (151)
[2016.05.02-02.54.00:401][266]LogModuleManager: Shutting down and abandoning module SessionFrontend (150)
[2016.05.02-02.54.00:401][266]LogModuleManager: Shutting down and abandoning module ProfilerClient (149)
[2016.05.02-02.54.00:401][266]LogModuleManager: Shutting down and abandoning module TargetDeviceServices (148)
[2016.05.02-02.54.00:401][266]LogModuleManager: Shutting down and abandoning module DeviceManager (147)
[2016.05.02-02.54.00:401][266]LogModuleManager: Shutting down and abandoning module AutomationController (146)
[2016.05.02-02.54.00:401][266]LogModuleManager: Shutting down and abandoning module AutomationWindow (145)
[2016.05.02-02.54.00:401][266]LogModuleManager: Shutting down and abandoning module Layers (144)
[2016.05.02-02.54.00:401][266]LogModuleManager: Shutting down and abandoning module ComponentVisualizers (143)
[2016.05.02-02.54.00:401][266]LogModuleManager: Shutting down and abandoning module DetailCustomizations (142)
[2016.05.02-02.54.00:401][266]LogModuleManager: Shutting down and abandoning module PackagesDialog (141)
[2016.05.02-02.54.00:401][266]LogModuleManager: Shutting down and abandoning module Persona (140)
[2016.05.02-02.54.00:401][266]LogModuleManager: Shutting down and abandoning module Kismet (139)
[2016.05.02-02.54.00:401][266]LogModuleManager: Shutting down and abandoning module GraphEditor (138)
[2016.05.02-02.54.00:401][266]LogModuleManager: Shutting down and abandoning module ClassViewer (137)
[2016.05.02-02.54.00:401][266]LogModuleManager: Shutting down and abandoning module Toolbox (136)
[2016.05.02-02.54.00:401][266]LogModuleManager: Shutting down and abandoning module ModuleUI (135)
[2016.05.02-02.54.00:401][266]LogModuleManager: Shutting down and abandoning module MovieSceneTools (134)
[2016.05.02-02.54.00:401][266]LogModuleManager: Shutting down and abandoning module OutputLog (133)
[2016.05.02-02.54.00:401][266]LogModuleManager: Shutting down and abandoning module GammaUI (132)
[2016.05.02-02.54.00:401][266]LogModuleManager: Shutting down and abandoning module Documentation (131)
[2016.05.02-02.54.00:401][266]LogModuleManager: Shutting down and abandoning module GameLiveStreaming (130)
[2016.05.02-02.54.00:401][266]LogModuleManager: Shutting down and abandoning module StreamingPauseRendering (129)
[2016.05.02-02.54.00:401][266]LogModuleManager: Shutting down and abandoning module AnalyticsET (128)
[2016.05.02-02.54.00:401][266]LogModuleManager: Shutting down and abandoning module Analytics (127)
[2016.05.02-02.54.00:401][266]LogModuleManager: Shutting down and abandoning module AITestSuite (126)
[2016.05.02-02.54.00:402][266]LogModuleManager: Shutting down and abandoning module GameplayDebugger (125)
[2016.05.02-02.54.00:402][266]LogModuleManager: Shutting down and abandoning module AIModule (124)
[2016.05.02-02.54.00:402][266]LogModuleManager: Shutting down and abandoning module ProfilerService (123)
[2016.05.02-02.54.00:490][266]LogModuleManager: Shutting down and abandoning module TaskGraph (122)
[2016.05.02-02.54.00:490][266]LogModuleManager: Shutting down and abandoning module SlateRemote (121)
[2016.05.02-02.54.00:490][266]LogModuleManager: Shutting down and abandoning module SteamVRController (120)
[2016.05.02-02.54.00:490][266]LogModuleManager: Shutting down and abandoning module SteamVR (119)
[2016.05.02-02.54.00:490][266]LogModuleManager: Shutting down and abandoning module ProceduralMeshComponent (118)
[2016.05.02-02.54.00:490][266]LogModuleManager: Shutting down and abandoning module OculusLibrary (117)
[2016.05.02-02.54.00:490][266]LogModuleManager: Shutting down and abandoning module OculusInput (116)
[2016.05.02-02.54.00:490][266]LogModuleManager: Shutting down and abandoning module LeapMotionController (115)
[2016.05.02-02.54.00:498][266]LogModuleManager: Shutting down and abandoning module CustomMeshComponent (114)
[2016.05.02-02.54.00:498][266]LogModuleManager: Shutting down and abandoning module CableComponent (113)
[2016.05.02-02.54.00:498][266]LogModuleManager: Shutting down and abandoning module ArchVisCharacter (112)
[2016.05.02-02.54.00:498][266]LogModuleManager: Shutting down and abandoning module MessagingDebugger (111)
[2016.05.02-02.54.00:498][266]LogModuleManager: Shutting down and abandoning module MediaPlayerEditor (110)
[2016.05.02-02.54.00:498][266]LogModuleManager: Shutting down and abandoning module HTML5Networking (109)
[2016.05.02-02.54.00:498][266]LogModuleManager: Shutting down and abandoning module SpeedTreeImporter (108)
[2016.05.02-02.54.00:498][266]LogModuleManager: Shutting down and abandoning module PluginBrowser (107)
[2016.05.02-02.54.00:498][266]LogModuleManager: Shutting down and abandoning module EpicSurvey (106)
[2016.05.02-02.54.00:498][266]LogModuleManager: Shutting down and abandoning module DesktopPlatform (105)
[2016.05.02-02.54.00:499][266]LogModuleManager: Shutting down and abandoning module VisualStudioSourceCodeAccess (104)
[2016.05.02-02.54.00:499][266]LogModuleManager: Shutting down and abandoning module UObjectPlugin (103)
[2016.05.02-02.54.00:499][266]LogModuleManager: Shutting down and abandoning module SubversionSourceControl (102)
[2016.05.02-02.54.00:499][266]LogModuleManager: Shutting down and abandoning module PerforceSourceControl (101)
[2016.05.02-02.54.00:499][266]LogModuleManager: Shutting down and abandoning module SourceControl (100)
[2016.05.02-02.54.00:499][266]LogModuleManager: Shutting down and abandoning module GitSourceControl (99)
[2016.05.02-02.54.00:499][266]LogModuleManager: Shutting down and abandoning module LightPropagationVolumeEditor (98)
[2016.05.02-02.54.00:499][266]LogModuleManager: Shutting down and abandoning module PaperTiledImporter (97)
[2016.05.02-02.54.00:499][266]LogModuleManager: Shutting down and abandoning module PaperSpriteSheetImporter (96)
[2016.05.02-02.54.00:499][266]LogModuleManager: Shutting down and abandoning module MeshPaint (95)
[2016.05.02-02.54.00:499][266]LogModuleManager: Shutting down and abandoning module SlateReflector (94)
[2016.05.02-02.54.00:499][266]LogModuleManager: Shutting down and abandoning module HotReload (93)
[2016.05.02-02.54.00:499][266]LogModuleManager: Shutting down and abandoning module MainFrame (92)
[2016.05.02-02.54.00:499][266]LogModuleManager: Shutting down and abandoning module LevelEditor (91)
[2016.05.02-02.54.00:499][266]LogModuleManager: Shutting down and abandoning module DirectoryWatcher (90)
[2016.05.02-02.54.00:500][266]LogModuleManager: Shutting down and abandoning module AssetRegistry (89)
[2016.05.02-02.54.01:377][266]LogModuleManager: Shutting down and abandoning module ContentBrowser (88)
[2016.05.02-02.54.01:377][266]LogModuleManager: Shutting down and abandoning module Paper2DEditor (87)
[2016.05.02-02.54.01:377][266]LogModuleManager: Shutting down and abandoning module UdpMessaging (86)
[2016.05.02-02.54.01:478][266]LogModuleManager: Shutting down and abandoning module LightPropagationVolumeRuntime (85)
[2016.05.02-02.54.01:478][266]LogModuleManager: Shutting down and abandoning module Paper2D (84)
[2016.05.02-02.54.01:478][266]LogModuleManager: Shutting down and abandoning module WindowsMoviePlayer (83)
[2016.05.02-02.54.01:480][266]LogModuleManager: Shutting down and abandoning module Media (82)
[2016.05.02-02.54.01:480][266]LogModuleManager: Shutting down and abandoning module WmfMedia (81)
[2016.05.02-02.54.01:480][266]LogModuleManager: Shutting down and abandoning module OnlineBlueprintSupport (80)
[2016.05.02-02.54.01:480][266]LogModuleManager: Shutting down and abandoning module GameplayTasksEditor (79)
[2016.05.02-02.54.01:480][266]LogModuleManager: Shutting down and abandoning module PropertyEditor (78)
[2016.05.02-02.54.01:480][266]LogModuleManager: Shutting down and abandoning module BehaviorTreeEditor (77)
[2016.05.02-02.54.01:481][266]LogModuleManager: Shutting down and abandoning module FunctionalTesting (76)
[2016.05.02-02.54.01:481][266]LogModuleManager: Shutting down and abandoning module CollisionAnalyzer (75)
[2016.05.02-02.54.01:481][266]LogModuleManager: Shutting down and abandoning module WorkspaceMenuStructure (74)
[2016.05.02-02.54.01:481][266]LogModuleManager: Shutting down and abandoning module MessageLog (73)
[2016.05.02-02.54.01:481][266]LogModuleManager: Shutting down and abandoning module Sequencer (72)
[2016.05.02-02.54.01:481][266]LogModuleManager: Shutting down and abandoning module AssetTools (71)
[2016.05.02-02.54.01:481][266]LogModuleManager: Shutting down and abandoning module UMGEditor (70)
[2016.05.02-02.54.01:481][266]LogModuleManager: Shutting down and abandoning module UMG (69)
[2016.05.02-02.54.01:481][266]LogModuleManager: Shutting down and abandoning module Slate (68)
[2016.05.02-02.54.01:481][266]LogModuleManager: Shutting down and abandoning module EditorStyle (67)
[2016.05.02-02.54.01:483][266]LogModuleManager: Shutting down and abandoning module SessionServices (66)
[2016.05.02-02.54.01:483][266]LogModuleManager: Shutting down and abandoning module SourceCodeAccess (65)
[2016.05.02-02.54.01:483][266]LogModuleManager: Shutting down and abandoning module HeadMountedDisplay (64)
[2016.05.02-02.54.01:483][266]LogModuleManager: Shutting down and abandoning module XAudio2 (63)
[2016.05.02-02.54.01:483][266]LogModuleManager: Shutting down and abandoning module Networking (61)
[2016.05.02-02.54.01:483][266]LogModuleManager: Shutting down and abandoning module Core (60)
[2016.05.02-02.54.01:483][266]LogModuleManager: Shutting down and abandoning module KismetCompiler (59)
[2016.05.02-02.54.01:483][266]LogModuleManager: Shutting down and abandoning module PhysXFormats (58)
[2016.05.02-02.54.01:483][266]LogModuleManager: Shutting down and abandoning module MeshUtilities (57)
[2016.05.02-02.54.01:483][266]LogModuleManager: Shutting down and abandoning module DerivedDataCache (56)
[2016.05.02-02.54.01:892][266]LogDerivedDataCache: Shutdown
[2016.05.02-02.54.01:892][266]LogModuleManager: Shutting down and abandoning module ShaderFormatOpenGL (55)
[2016.05.02-02.54.01:892][266]LogModuleManager: Shutting down and abandoning module ShaderFormatD3D (54)
[2016.05.02-02.54.01:892][266]LogModuleManager: Shutting down and abandoning module MetalShaderFormat (53)
[2016.05.02-02.54.01:892][266]LogModuleManager: Shutting down and abandoning module TextureFormatUncompressed (52)
[2016.05.02-02.54.01:892][266]LogModuleManager: Shutting down and abandoning module TextureFormatPVR (51)
[2016.05.02-02.54.01:892][266]LogModuleManager: Shutting down and abandoning module TextureFormatIntelISPCTexComp (50)
[2016.05.02-02.54.01:892][266]LogModuleManager: Shutting down and abandoning module TextureFormatDXT (49)
[2016.05.02-02.54.01:892][266]LogModuleManager: Shutting down and abandoning module ImageWrapper (48)
[2016.05.02-02.54.01:892][266]LogModuleManager: Shutting down and abandoning module TextureFormatASTC (47)
[2016.05.02-02.54.01:892][266]LogModuleManager: Shutting down and abandoning module TextureFormatAndroid (46)
[2016.05.02-02.54.01:893][266]LogModuleManager: Shutting down and abandoning module AudioFormatOpus (45)
[2016.05.02-02.54.01:893][266]LogModuleManager: Shutting down and abandoning module AudioFormatOgg (44)
[2016.05.02-02.54.01:893][266]LogModuleManager: Shutting down and abandoning module AudioFormatADPCM (43)
[2016.05.02-02.54.01:893][266]LogModuleManager: Shutting down and abandoning module LinuxTargetPlatform (42)
[2016.05.02-02.54.01:893][266]LogModuleManager: Shutting down and abandoning module LinuxServerTargetPlatform (41)
[2016.05.02-02.54.01:893][266]LogModuleManager: Shutting down and abandoning module LinuxNoEditorTargetPlatform (40)
[2016.05.02-02.54.01:893][266]LogModuleManager: Shutting down and abandoning module Messaging (39)
[2016.05.02-02.54.01:893][266]LogModuleManager: Shutting down and abandoning module IOSTargetPlatform (38)
[2016.05.02-02.54.01:893][266]LogModuleManager: Shutting down and abandoning module HTML5TargetPlatform (37)
[2016.05.02-02.54.01:893][266]LogModuleManager: Shutting down and abandoning module Android_PVRTCTargetPlatform (36)
[2016.05.02-02.54.01:893][266]LogModuleManager: Shutting down and abandoning module Android_MultiTargetPlatform (35)
[2016.05.02-02.54.01:893][266]LogModuleManager: Shutting down and abandoning module Android_ETC2TargetPlatform (34)
[2016.05.02-02.54.01:893][266]LogModuleManager: Shutting down and abandoning module Android_ETC1TargetPlatform (33)
[2016.05.02-02.54.01:893][266]LogModuleManager: Shutting down and abandoning module Android_DXTTargetPlatform (32)
[2016.05.02-02.54.01:893][266]LogModuleManager: Shutting down and abandoning module Android_ATCTargetPlatform (31)
[2016.05.02-02.54.01:893][266]LogModuleManager: Shutting down and abandoning module Android_ASTCTargetPlatform (30)
[2016.05.02-02.54.01:893][266]LogModuleManager: Shutting down and abandoning module AndroidTargetPlatform (29)
[2016.05.02-02.54.01:893][266]LogModuleManager: Shutting down and abandoning module WindowsTargetPlatform (28)
[2016.05.02-02.54.01:893][266]LogModuleManager: Shutting down and abandoning module WindowsServerTargetPlatform (27)
[2016.05.02-02.54.01:893][266]LogModuleManager: Shutting down and abandoning module WindowsNoEditorTargetPlatform (26)
[2016.05.02-02.54.01:893][266]LogModuleManager: Shutting down and abandoning module WindowsClientTargetPlatform (25)
[2016.05.02-02.54.01:893][266]LogModuleManager: Shutting down and abandoning module AllDesktopTargetPlatform (24)
[2016.05.02-02.54.01:893][266]LogModuleManager: Shutting down and abandoning module TargetPlatform (23)
[2016.05.02-02.54.01:893][266]LogModuleManager: Shutting down and abandoning module InputCore (22)
[2016.05.02-02.54.01:893][266]LogModuleManager: Shutting down and abandoning module Settings (21)
[2016.05.02-02.54.01:893][266]LogModuleManager: Shutting down and abandoning module OnlineSubsystem (19)
[2016.05.02-02.54.01:893][266]LogModuleManager: Shutting down and abandoning module HTTP (18)
[2016.05.02-02.54.03:893][266]LogModuleManager: Shutting down and abandoning module XMPP (17)
[2016.05.02-02.54.03:893][266]LogModuleManager: Shutting down and abandoning module OculusRift (16)
[2016.05.02-02.54.03:893][266]LogModuleManager: Shutting down and abandoning module ExampleDeviceProfileSelector (15)
[2016.05.02-02.54.03:893][266]LogModuleManager: Shutting down and abandoning module TextureCompressor (14)
[2016.05.02-02.54.03:893][266]LogModuleManager: Shutting down and abandoning module ShaderCore (13)
[2016.05.02-02.54.03:893][266]LogModuleManager: Shutting down and abandoning module Landscape (12)
[2016.05.02-02.54.03:893][266]LogModuleManager: Shutting down and abandoning module SlateRHIRenderer (11)
[2016.05.02-02.54.03:893][266]LogModuleManager: Shutting down and abandoning module OpenGLDrv (10)
[2016.05.02-02.54.03:893][266]LogModuleManager: Shutting down and abandoning module D3D11RHI (9)
[2016.05.02-02.54.03:893][266]LogModuleManager: Shutting down and abandoning module AnimGraphRuntime (8)
[2016.05.02-02.54.03:893][266]LogModuleManager: Shutting down and abandoning module Renderer (7)
[2016.05.02-02.54.03:893][266]LogModuleManager: Shutting down and abandoning module Engine (6)
[2016.05.02-02.54.03:893][266]LogModuleManager: Shutting down and abandoning module CoreUObject (5)
[2016.05.02-02.54.03:893][266]LogModuleManager: Shutting down and abandoning module NetworkFile (4)
[2016.05.02-02.54.03:893][266]LogModuleManager: Shutting down and abandoning module StreamingFile (3)
[2016.05.02-02.54.03:893][266]LogModuleManager: Shutting down and abandoning module SandboxFile (2)
[2016.05.02-02.54.03:893][266]LogModuleManager: Shutting down and abandoning module PakFile (1)
[2016.05.02-02.54.03:894][266]LogExit: Exiting.
[2016.05.02-02.54.03:895][266]Log file closed, 05/02/16 11:54:03
