[2016.04.25-15.02.08:218][  0]Log file open, 04/26/16 00:02:08
[2016.04.25-15.02.08:218][  0]LogInit:Display: Running engine for game: Hero
[2016.04.25-15.02.08:218][  0]LogPlatformFile: Not using cached read wrapper
[2016.04.25-15.02.08:218][  0]LogInit:Display: RandInit(221308447) SRandInit(221308448).
[2016.04.25-15.02.08:218][  0]LogTaskGraph: Started task graph with 4 named threads and 7 total threads.
[2016.04.25-15.02.08:218][  0]LogStats: Stats thread started at 0.346888
[2016.04.25-15.02.08:218][  0]LogInit: Version: 4.10.4-2872498+++depot+UE4-Releases+4.10
[2016.04.25-15.02.08:218][  0]LogInit: API Version: 2758231
[2016.04.25-15.02.08:218][  0]LogInit: Compiled (64-bit): Feb 18 2016 15:47:04
[2016.04.25-15.02.08:218][  0]LogInit: Compiled with Visual C++: 19.00.23026.00
[2016.04.25-15.02.08:218][  0]LogInit: Build Configuration: Development
[2016.04.25-15.02.08:218][  0]LogInit: Branch Name: ++depot+UE4-Releases+4.10
[2016.04.25-15.02.08:218][  0]LogInit: Command line:  
[2016.04.25-15.02.08:218][  0]LogInit: Base directory: D:/Development Kit/Epic Games/4.10/Engine/Binaries/Win64/
[2016.04.25-15.02.08:218][  0]LogInit: Rocket: 1
[2016.04.25-15.02.08:225][  0]LogInit: Using libcurl 7.41.0
[2016.04.25-15.02.08:225][  0]LogInit:  - built for x86_64-pc-win32
[2016.04.25-15.02.08:225][  0]LogInit:  - supports SSL with WinSSL
[2016.04.25-15.02.08:225][  0]LogInit:  - other features:
[2016.04.25-15.02.08:225][  0]LogInit:      CURL_VERSION_SSL
[2016.04.25-15.02.08:225][  0]LogInit:      CURL_VERSION_IPV6
[2016.04.25-15.02.08:225][  0]LogInit:      CURL_VERSION_ASYNCHDNS
[2016.04.25-15.02.08:225][  0]LogInit:      CURL_VERSION_LARGEFILE
[2016.04.25-15.02.08:225][  0]LogInit:      CURL_VERSION_IDN
[2016.04.25-15.02.08:225][  0]LogInit:  CurlRequestOptions (configurable via config and command line):
[2016.04.25-15.02.08:226][  0]LogInit:  - bVerifyPeer = true  - Libcurl will verify peer certificate
[2016.04.25-15.02.08:226][  0]LogInit:  - bUseHttpProxy = false  - Libcurl will NOT use HTTP proxy
[2016.04.25-15.02.08:226][  0]LogInit:  - bDontReuseConnections = false  - Libcurl will reuse connections
[2016.04.25-15.02.08:226][  0]LogInit:  - CertBundlePath = nullptr  - Libcurl will use whatever was configured at build time.
[2016.04.25-15.02.08:234][  0]LogInit: Presizing for 0 objects not considered by GC, pre-allocating 0 bytes.
[2016.04.25-15.02.08:239][  0]LogInit: Object subsystem initialized
[2016.04.25-15.02.08:239][  0]LogInit: Selected Device Profile: [Windows]
[2016.04.25-15.02.08:240][  0]LogInit: Applying CVar settings loaded from the selected device profile: [Windows]
[2016.04.25-15.02.08:266][  0]LogInit: Computer: NARAMPC
[2016.04.25-15.02.08:266][  0]LogInit: User: Naram
[2016.04.25-15.02.08:266][  0]LogInit: CPU Page size=4096, Cores=4
[2016.04.25-15.02.08:266][  0]LogInit: High frequency timer resolution =3.312644 MHz
[2016.04.25-15.02.08:266][  0]LogMemory: Memory total: Physical=7.5GB (8GB approx)
[2016.04.25-15.02.08:266][  0]LogMemory: Platform Memory Stats for Windows
[2016.04.25-15.02.08:266][  0]LogMemory: Process Physical Memory: 57.07 MB used, 57.07 MB peak
[2016.04.25-15.02.08:266][  0]LogMemory: Process Virtual Memory: 58.70 MB used, 58.70 MB peak
[2016.04.25-15.02.08:266][  0]LogMemory: Physical Memory: 6116.22 MB used, 7634.24 MB total
[2016.04.25-15.02.08:266][  0]LogMemory: Virtual Memory: 384.09 MB used, 134217728.00 MB total
[2016.04.25-15.02.08:357][  0]LogTextLocalizationManager: No specific translations for ('ko-KR') exist, so ('ko') translations will be used.
[2016.04.25-15.02.08:391][  0]LogTextLocalizationManager:Warning: Loaded localization resources contain conflicting entries for (Namespace:UObjectToolTips, Key:AnimNode_AssetPlayerBase:InternalTimeAccumulator):
Localization Resource: (D:/Development Kit/Epic Games/4.10/Engine/Content/Localization/EditorTutorials/ko/EditorTutorials.locres) Source String Hash: (502993589) Localized String: (이 노드에서 애셋을 레퍼런싱하는 데 사용되는 누적 시간입니다.)
Localization Resource: (D:/Development Kit/Epic Games/4.10/Engine/Content/Localization/Engine/ko/Engine.locres) Source String Hash: (502993589) Localized String: (이 노드에서 애셋을 레퍼런싱하는 데 사용된 누적 시간입니다.)
[2016.04.25-15.02.08:391][  0]LogTextLocalizationManager:Warning: Loaded localization resources contain conflicting entries for (Namespace:UObjectToolTips, Key:AnimNode_AssetPlayerBase:bIgnoreForRelevancyTest):
Localization Resource: (D:/Development Kit/Epic Games/4.10/Engine/Content/Localization/EditorTutorials/ko/EditorTutorials.locres) Source String Hash: (319969718) Localized String: (True 면, 스테이트에서 최고 가중치 애니메이션을 찾는 "Relevant anim" 노드는 이 노드를 무시합니다.
 )
Localization Resource: (D:/Development Kit/Epic Games/4.10/Engine/Content/Localization/Engine/ko/Engine.locres) Source String Hash: (319969718) Localized String: (True 면 스테이트 내 최고 웨이팅된 애니메이션을 찾는 "Relevant anim" 노드가 무시됩니다.
 )
[2016.04.25-15.02.08:391][  0]LogTextLocalizationManager:Warning: Loaded localization resources contain conflicting entries for (Namespace:UObjectToolTips, Key:AnimNode_AssetPlayerBase:BlendWeight):
Localization Resource: (D:/Development Kit/Epic Games/4.10/Engine/Content/Localization/EditorTutorials/ko/EditorTutorials.locres) Source String Hash: (-1232800293) Localized String: (이 노드에 마지막 걸린 블렌드웨이트 입니다.)
Localization Resource: (D:/Development Kit/Epic Games/4.10/Engine/Content/Localization/Engine/ko/Engine.locres) Source String Hash: (-1232800293) Localized String: (이 노드에 대해 마지막 접한 블렌드 웨이트)
[2016.04.25-15.02.08:556][  0]LogD3D11RHI: Found D3D11 adapter 0: NVIDIA GeForce GTX 660   (Feature Level 11_0)
[2016.04.25-15.02.08:556][  0]LogD3D11RHI: Adapter has 1988MB of dedicated video memory, 0MB of dedicated system memory, and 3817MB of shared system memory, 1 output[s]
[2016.04.25-15.02.08:558][  0]LogD3D11RHI: Found D3D11 adapter 1: Microsoft Basic Render Driver (Feature Level 11_0)
[2016.04.25-15.02.08:558][  0]LogD3D11RHI: Adapter has 0MB of dedicated video memory, 0MB of dedicated system memory, and 3817MB of shared system memory, 0 output[s]
[2016.04.25-15.02.08:558][  0]LogD3D11RHI: Chosen D3D11 Adapter Id = 0
[2016.04.25-15.02.08:562][  0]LogD3D11RHI: !Direct3DDevice
[2016.04.25-15.02.08:562][  0]LogRHI: Texture pool is 1361 MB (70% of 1945 MB)
[2016.04.25-15.02.08:578][  0]LogD3D11RHI: Async texture creation enabled
[2016.04.25-15.02.08:592][  0]LogShaderCompilers: Guid format shader working directory is -12 characters bigger than the processId version (../../../../../WorkSpace/Unreal Projects/Project/Hero 4.10/Intermediate/Shaders/WorkingDirectory/3552/).
[2016.04.25-15.02.08:592][  0]LogShaderCompilers: Cleaned the shader compiler working directory 'C:/Users/Naram/AppData/Local/Temp/UnrealShaderWorkingDir/E07CD2FA440B63247F7B00AF6C2A2FD3/'.
[2016.04.25-15.02.08:592][  0]LogShaderCompilers:Display: Using Local Shader Compiler.
[2016.04.25-15.02.09:955][  0]LogTemp:Display: Loaded TP AllDesktopTargetPlatform
[2016.04.25-15.02.09:959][  0]LogTemp:Display: Loaded TP WindowsClientTargetPlatform
[2016.04.25-15.02.09:966][  0]LogTemp:Display: Loaded TP WindowsNoEditorTargetPlatform
[2016.04.25-15.02.09:971][  0]LogTemp:Display: Loaded TP WindowsServerTargetPlatform
[2016.04.25-15.02.09:976][  0]LogTemp:Display: Loaded TP WindowsTargetPlatform
[2016.04.25-15.02.09:979][  0]LogTemp:Display: Loaded TP AndroidTargetPlatform
[2016.04.25-15.02.09:984][  0]LogTemp:Display: Loaded TP Android_ASTCTargetPlatform
[2016.04.25-15.02.09:988][  0]LogTemp:Display: Loaded TP Android_ATCTargetPlatform
[2016.04.25-15.02.09:991][  0]LogTemp:Display: Loaded TP Android_DXTTargetPlatform
[2016.04.25-15.02.09:994][  0]LogTemp:Display: Loaded TP Android_ETC1TargetPlatform
[2016.04.25-15.02.09:997][  0]LogTemp:Display: Loaded TP Android_ETC2TargetPlatform
[2016.04.25-15.02.10:005][  0]LogTemp:Display: Loaded TP Android_MultiTargetPlatform
[2016.04.25-15.02.10:016][  0]LogTemp:Display: Loaded TP Android_PVRTCTargetPlatform
[2016.04.25-15.02.10:017][  0]LogTemp:Display: Loaded TP HTML5TargetPlatform
[2016.04.25-15.02.10:067][  0]LogTemp:Display: Loaded TP IOSTargetPlatform
[2016.04.25-15.02.10:070][  0]LogTemp:Display: Loaded TP LinuxNoEditorTargetPlatform
[2016.04.25-15.02.10:073][  0]LogTemp:Display: Loaded TP LinuxServerTargetPlatform
[2016.04.25-15.02.10:076][  0]LogTemp:Display: Loaded TP LinuxTargetPlatform
[2016.04.25-15.02.10:076][  0]LogTargetPlatformManager:Display: Building Assets For Windows
[2016.04.25-15.02.10:258][  0]LogDerivedDataCache:Display: Max Cache Size: 512 MB
[2016.04.25-15.02.10:428][  0]LogDerivedDataCache: Loaded boot cache 0.14s 41MB C:/Users/Naram/AppData/Local/UnrealEngine/4.10/DerivedDataCache/Boot.ddc.
[2016.04.25-15.02.10:428][  0]LogDerivedDataCache:Display: Loaded Boot cache: C:/Users/Naram/AppData/Local/UnrealEngine/4.10/DerivedDataCache/Boot.ddc
[2016.04.25-15.02.10:436][  0]LogDerivedDataCache: FDerivedDataBackendGraph:  Pak pak cache file ../../../../../WorkSpace/Unreal Projects/Project/Hero 4.10/DerivedDataCache/DDC.ddp not found, will not use a pak cache.
[2016.04.25-15.02.10:436][  0]LogDerivedDataCache: Unable to find inner node Pak for hierarchical cache Hierarchy.
[2016.04.25-15.02.10:436][  0]LogDerivedDataCache: FDerivedDataBackendGraph:  CompressedPak pak cache file ../../../../../WorkSpace/Unreal Projects/Project/Hero 4.10/DerivedDataCache/Compressed.ddp not found, will not use a pak cache.
[2016.04.25-15.02.10:437][  0]LogDerivedDataCache: Unable to find inner node CompressedPak for hierarchical cache Hierarchy.
[2016.04.25-15.02.10:555][  0]LogDerivedDataCache:Display: Pak cache opened for reading ../../../Engine/DerivedDataCache/Compressed.ddp.
[2016.04.25-15.02.10:568][  0]LogDerivedDataCache: Using Local data cache path C:/Users/Naram/AppData/Local/UnrealEngine/Common/DerivedDataCache: Writable
[2016.04.25-15.02.17:885][  0]LogInit: Selected Device Profile: [Windows]
[2016.04.25-15.02.18:033][  0]LogContentStreaming: Texture pool size is 0.000000MB
[2016.04.25-15.02.19:826][  0]LogMeshUtilities: No automatic mesh reduction module available
[2016.04.25-15.02.19:826][  0]LogMeshUtilities: No automatic mesh merging module available
[2016.04.25-15.02.23:337][  0]LogInit: WinSock: version 1.1 (2.2), MaxSocks=32767, MaxUdp=65467
[2016.04.25-15.02.43:651][  0]UdpMessaging: Initializing bridge on interface 0.0.0.0:0 to multicast group 230.0.0.1:6666.
[2016.04.25-15.02.44:355][  0]LogAssetRegistry: FAssetRegistry took 0.0133 seconds to start up
[2016.04.25-15.02.48:708][  0]SourceControl: 정보 소스 콘트롤이 꺼졌습니다.
[2016.04.25-15.02.48:817][  0]SourceControl: 정보 소스 콘트롤이 꺼졌습니다.
[2016.04.25-15.02.49:017][  0]SourceControl: 정보 소스 콘트롤이 꺼졌습니다.
[2016.04.25-15.02.49:161][  0]SourceControl: 정보 소스 콘트롤이 꺼졌습니다.
[2016.04.25-15.02.52:955][  0]LogObj: 28633 objects as part of root set at end of initial load.
[2016.04.25-15.02.52:955][  0]LogUObjectAllocator: 6099744 out of 0 bytes used by permanent object pool.
[2016.04.25-15.02.55:423][  0]LogAutomationTest:Warning: Smoke tests took > 1s to run: 1.47s
[2016.04.25-15.02.55:612][  0]LogEngine: Initializing Engine...
[2016.04.25-15.02.55:705][  0]LogHMD: Can't find Oculus library dev build: is proper Runtime installed? Version: 0.8.0.0
[2016.04.25-15.02.55:894][  0]LogHMD: SteamVR failed to initialize.  Err: 100
[2016.04.25-15.02.58:529][  0]LogAIModule: Creating AISystem for world NewWorld
[2016.04.25-15.02.59:320][  0]LogInit: XAudio2 using '스피커(Realtek High Definition Audio)' : 2 channels at 48 kHz using 32 bits per sample (channel mask 0x3)
[2016.04.25-15.02.59:339][  0]LogInit: FAudioDevice initialized.
[2016.04.25-15.02.59:413][  0]LogDerivedDataCache: Saved boot cache 0.07s 41MB C:/Users/Naram/AppData/Local/UnrealEngine/4.10/DerivedDataCache/Boot.ddc.
[2016.04.25-15.02.59:417][  0]LogInit: Texture streaming: Enabled
[2016.04.25-15.02.59:541][  0]LogAnalytics: Creating configured Analytics provider AnalyticsET
[2016.04.25-15.02.59:542][  0]LogAnalytics: [UEEditor.Rocket.Release] APIServer = http://et2.epicgames.com/ET2/. AppVersion = 4.10.4-2872498+++depot+UE4-Releases+4.10
[2016.04.25-15.02.59:542][  0]LogAnalytics: [UEEditor.Rocket.Release] SetUserId 325538314b44384481730f8403d05ed6|5757bc0e79d542efb21b5d5f30a43a1b|7f17f01b-53ac-4a4b-834a-c233f59ae9e6
[2016.04.25-15.02.59:567][  0]LogAnalytics: [UEEditor.Rocket.Release] AnalyticsET::StartSession
[2016.04.25-15.02.59:778][  0]LogInit: Transaction tracking system initialized
[2016.04.25-15.03.00:046][  0]BlueprintLog: New page: 에디터 로드
[2016.04.25-15.03.01:542][  0]LocalizationService: 정보 현지화 서비스가 비활성화되었습니다.
[2016.04.25-15.03.02:523][  0]LogConsoleResponse:Display: 
[2016.04.25-15.03.06:390][  0]LogCook:Display: Done creating registry. It took  0.00s.
[2016.04.25-15.03.07:656][  0]LogFileCache: Scanning file cache for directory 'D:/Development Kit/WorkSpace/Unreal Projects/Project/Hero 4.10/Content/' took 0.24s
[2016.04.25-15.03.07:875][  0]SourceControl: 정보 소스 콘트롤이 꺼졌습니다.
[2016.04.25-15.03.07:929][  0]Cmd: MAP LOAD FILE="../../../../../WorkSpace/Unreal Projects/Project/Hero 4.10/Content/StarterContent/Maps/Minimal_Default.umap" TEMPLATE=0 SHOWPROGRESS=1 FEATURELEVEL=3
[2016.04.25-15.03.08:037][  0]LightingResults: New page: 라이팅 빌드
[2016.04.25-15.03.08:284][  0]MapCheck: New page: 맵 체크
[2016.04.25-15.03.08:284][  0]LightingResults: New page: 라이팅 빌드
[2016.04.25-15.03.08:753][  0]LogParticles: Destroying 0 GPU particle simulations for FXSystem 0x00000284BC7A51C0
[2016.04.25-15.03.17:640][  0]LogAIModule: Creating AISystem for world Minimal_Default
[2016.04.25-15.03.18:821][  0]LogEditorServer: Finished looking for orphan Actors (0.006 secs)
[2016.04.25-15.03.19:012][  0]Cmd: MAP CHECKDEP NOCLEARLOG
[2016.04.25-15.03.19:255][  0]MapCheck: 정보 맵 체크 완료: 오류 0 회, 경고 0 회, 소요 시간 243.198ms.
[2016.04.25-15.03.19:277][  0]LogFileHelpers: Loading map 'Minimal_Default' took 11.356
[2016.04.25-15.03.22:467][  0]LogCollectionManager: Loaded 0 collections in 0.022836 seconds
[2016.04.25-15.03.22:631][  0]LogFileCache: Scanning file cache for directory 'D:/Development Kit/WorkSpace/Unreal Projects/Project/Hero 4.10/Saved/Collections/' took 0.01s
[2016.04.25-15.03.22:631][  0]LogFileCache: Scanning file cache for directory 'D:/Development Kit/WorkSpace/Unreal Projects/Project/Hero 4.10/Content/Developers/Naram/Collections/' took 0.01s
[2016.04.25-15.03.22:631][  0]LogFileCache: Scanning file cache for directory 'D:/Development Kit/WorkSpace/Unreal Projects/Project/Hero 4.10/Content/Collections/' took 0.01s
[2016.04.25-15.03.22:631][  0]LogCollectionManager: Rebuilt the GUID cache for 0 collections in 0.000002 seconds
[2016.04.25-15.03.22:646][  0]LogContentBrowser: Native class hierarchy populated in 0.0144 seconds. Added 1893 classes and 338 folders.
[2016.04.25-15.03.22:838][  0]LogContentBrowser: Native class hierarchy updated for 'WidgetCarousel' in 0.0006 seconds. Added 0 classes and 0 folders.
[2016.04.25-15.03.24:468][  0]LogContentBrowser: Native class hierarchy updated for 'AddContentDialog' in 0.0006 seconds. Added 0 classes and 0 folders.
[2016.04.25-15.03.24:576][  0]LogContentBrowser: Native class hierarchy updated for 'SceneOutliner' in 0.0006 seconds. Added 1 classes and 2 folders.
[2016.04.25-15.03.25:709][  0]LogCrashTracker: Crashtracker disabled due to settings.
[2016.04.25-15.03.26:065][  0]LogUObjectGlobals:Warning: 'Class 없음.' 오브젝트를 찾는 데 실패했습니다.
[2016.04.25-15.03.26:157][  0]LogLoad: Full Startup: 79.61 seconds (BP compile: 1.24 seconds)
[2016.04.25-15.03.26:569][  0]LogOcInput: Can't find Oculus library dev build: is proper Runtime installed? Version: 0.8.0.0
[2016.04.25-15.03.27:505][  0]LogContentStreaming: Texture pool size now 1000 MB
[2016.04.25-15.03.29:340][  1]LogRenderer: Reallocating scene render targets to support 1032x524 (Frame:2).
[2016.04.25-15.03.30:935][  1]Cmd: UpdateLandscapeEditorData -warnings
[2016.04.25-15.03.35:146][  6]LogD3D11RHI: Timed out while waiting for GPU to catch up. (0.5 s)
[2016.04.25-15.03.36:323][  6]LogWindowsTextInputMethodSystem:Display: IME system now activated using TSF (Microsoft 입력기).
[2016.04.25-15.03.44:119][  7]Cmd: QUIT_EDITOR
[2016.04.25-15.03.45:433][  7]LogExit: Preparing to exit.
[2016.04.25-15.03.46:496][  7]LogExit: Editor shut down
[2016.04.25-15.03.46:496][  7]LogExit: Transaction tracking system shut down
[2016.04.25-15.03.46:532][  7]LogParticles: Destroying 0 GPU particle simulations for FXSystem 0x00000284C48FB740
[2016.04.25-15.03.46:535][  7]LogParticles: Destroying 0 GPU particle simulations for FXSystem 0x00000284CBE4B4C0
[2016.04.25-15.03.47:863][  7]LogExit: Object subsystem successfully closed.
[2016.04.25-15.03.48:059][  7]LogD3D11RHI: Shutdown
[2016.04.25-15.03.48:059][  7]LogD3D11RHI: CleanupD3DDevice
[2016.04.25-15.03.48:240][  7]LogD3D11RHI: ~FD3D11DynamicRHI
[2016.04.25-15.03.49:025][  7]LogModuleManager: Shutting down and abandoning module CrashTracker (198)
[2016.04.25-15.03.49:025][  7]LogModuleManager: Shutting down and abandoning module SceneOutliner (197)
[2016.04.25-15.03.49:025][  7]LogModuleManager: Shutting down and abandoning module SuperSearch (196)
[2016.04.25-15.03.49:025][  7]LogModuleManager: Shutting down and abandoning module WidgetCarousel (195)
[2016.04.25-15.03.49:034][  7]LogModuleManager: Shutting down and abandoning module AddContentDialog (194)
[2016.04.25-15.03.49:050][  7]LogModuleManager: Shutting down and abandoning module EditorWidgets (193)
[2016.04.25-15.03.49:050][  7]LogModuleManager: Shutting down and abandoning module CollectionManager (192)
[2016.04.25-15.03.49:063][  7]LogModuleManager: Shutting down and abandoning module StatsViewer (191)
[2016.04.25-15.03.49:092][  7]LogModuleManager: Shutting down and abandoning module FoliageEdit (190)
[2016.04.25-15.03.49:114][  7]LogModuleManager: Shutting down and abandoning module LandscapeEditor (189)
[2016.04.25-15.03.49:138][  7]LogModuleManager: Shutting down and abandoning module ActorPickerMode (188)
[2016.04.25-15.03.49:138][  7]LogModuleManager: Shutting down and abandoning module GeometryMode (187)
[2016.04.25-15.03.49:138][  7]LogModuleManager: Shutting down and abandoning module TextureAlignMode (186)
[2016.04.25-15.03.49:138][  7]LogModuleManager: Shutting down and abandoning module BspMode (185)
[2016.04.25-15.03.49:138][  7]LogModuleManager: Shutting down and abandoning module PlacementMode (184)
[2016.04.25-15.03.49:138][  7]LogModuleManager: Shutting down and abandoning module AutomationWorker (183)
[2016.04.25-15.03.49:138][  7]LogModuleManager: Shutting down and abandoning module CharacterAI (182)
[2016.04.25-15.03.49:138][  7]LogModuleManager: Shutting down and abandoning module SmartSnapping (181)
[2016.04.25-15.03.49:138][  7]LogModuleManager: Shutting down and abandoning module ViewportSnapping (180)
[2016.04.25-15.03.49:138][  7]LogModuleManager: Shutting down and abandoning module LogVisualizer (179)
[2016.04.25-15.03.49:156][  7]LogModuleManager: Shutting down and abandoning module GameProjectGeneration (178)
[2016.04.25-15.03.49:167][  7]LogModuleManager: Shutting down and abandoning module IntroTutorials (177)
[2016.04.25-15.03.49:207][  7]LogModuleManager: Shutting down and abandoning module EditorLiveStreaming (176)
[2016.04.25-15.03.49:207][  7]LogModuleManager: Shutting down and abandoning module IOSPlatformEditor (175)
[2016.04.25-15.03.49:207][  7]LogModuleManager: Shutting down and abandoning module HTML5PlatformEditor (174)
[2016.04.25-15.03.49:207][  7]LogModuleManager: Shutting down and abandoning module AndroidDeviceDetection (173)
[2016.04.25-15.03.49:815][  7]LogModuleManager: Shutting down and abandoning module AndroidPlatformEditor (172)
[2016.04.25-15.03.49:815][  7]LogModuleManager: Shutting down and abandoning module IOSRuntimeSettings (171)
[2016.04.25-15.03.49:815][  7]LogModuleManager: Shutting down and abandoning module AndroidRuntimeSettings (170)
[2016.04.25-15.03.49:816][  7]LogModuleManager: Shutting down and abandoning module MergeActors (169)
[2016.04.25-15.03.49:832][  7]LogModuleManager: Shutting down and abandoning module SizeMap (168)
[2016.04.25-15.03.49:832][  7]LogModuleManager: Shutting down and abandoning module TreeMap (167)
[2016.04.25-15.03.49:844][  7]LogModuleManager: Shutting down and abandoning module ReferenceViewer (166)
[2016.04.25-15.03.49:854][  7]LogModuleManager: Shutting down and abandoning module LocalizationService (165)
[2016.04.25-15.03.49:863][  7]LogModuleManager: Shutting down and abandoning module LocalizationDashboard (164)
[2016.04.25-15.03.49:871][  7]LogModuleManager: Shutting down and abandoning module HardwareTargeting (163)
[2016.04.25-15.03.49:882][  7]LogModuleManager: Shutting down and abandoning module DeviceProfileEditor (162)
[2016.04.25-15.03.49:908][  7]LogModuleManager: Shutting down and abandoning module UndoHistory (161)
[2016.04.25-15.03.49:914][  7]LogModuleManager: Shutting down and abandoning module GameplayTagsEditor (160)
[2016.04.25-15.03.49:920][  7]LogModuleManager: Shutting down and abandoning module UserFeedback (159)
[2016.04.25-15.03.49:920][  7]LogModuleManager: Shutting down and abandoning module XmlParser (158)
[2016.04.25-15.03.49:920][  7]LogModuleManager: Shutting down and abandoning module Blutility (157)
[2016.04.25-15.03.49:921][  7]LogModuleManager: Shutting down and abandoning module ProjectTargetPlatformEditor (156)
[2016.04.25-15.03.49:921][  7]LogModuleManager: Shutting down and abandoning module ProjectSettingsViewer (155)
[2016.04.25-15.03.49:921][  7]LogModuleManager: Shutting down and abandoning module InputBindingEditor (154)
[2016.04.25-15.03.49:959][  7]LogModuleManager: Shutting down and abandoning module EditorSettingsViewer (153)
[2016.04.25-15.03.49:959][  7]LogModuleManager: Shutting down and abandoning module SettingsEditor (152)
[2016.04.25-15.03.49:987][  7]LogModuleManager: Shutting down and abandoning module ProjectLauncher (151)
[2016.04.25-15.03.50:011][  7]LogModuleManager: Shutting down and abandoning module SessionFrontend (150)
[2016.04.25-15.03.50:034][  7]LogModuleManager: Shutting down and abandoning module ProfilerClient (149)
[2016.04.25-15.03.50:034][  7]LogModuleManager: Shutting down and abandoning module TargetDeviceServices (148)
[2016.04.25-15.03.50:034][  7]LogModuleManager: Shutting down and abandoning module DeviceManager (147)
[2016.04.25-15.03.50:054][  7]LogModuleManager: Shutting down and abandoning module AutomationController (146)
[2016.04.25-15.03.50:054][  7]LogModuleManager: Shutting down and abandoning module AutomationWindow (145)
[2016.04.25-15.03.50:075][  7]LogModuleManager: Shutting down and abandoning module Layers (144)
[2016.04.25-15.03.50:097][  7]LogModuleManager: Shutting down and abandoning module ComponentVisualizers (143)
[2016.04.25-15.03.50:097][  7]LogModuleManager: Shutting down and abandoning module DetailCustomizations (142)
[2016.04.25-15.03.50:106][  7]LogModuleManager: Shutting down and abandoning module PackagesDialog (141)
[2016.04.25-15.03.50:119][  7]LogModuleManager: Shutting down and abandoning module Persona (140)
[2016.04.25-15.03.50:149][  7]LogModuleManager: Shutting down and abandoning module Kismet (139)
[2016.04.25-15.03.50:182][  7]LogModuleManager: Shutting down and abandoning module GraphEditor (138)
[2016.04.25-15.03.50:234][  7]LogModuleManager: Shutting down and abandoning module ClassViewer (137)
[2016.04.25-15.03.50:247][  7]LogModuleManager: Shutting down and abandoning module Toolbox (136)
[2016.04.25-15.03.50:247][  7]LogModuleManager: Shutting down and abandoning module ModuleUI (135)
[2016.04.25-15.03.50:251][  7]LogModuleManager: Shutting down and abandoning module MovieSceneTools (134)
[2016.04.25-15.03.50:265][  7]LogModuleManager: Shutting down and abandoning module OutputLog (133)
[2016.04.25-15.03.50:265][  7]LogModuleManager: Shutting down and abandoning module GammaUI (132)
[2016.04.25-15.03.50:265][  7]LogModuleManager: Shutting down and abandoning module Documentation (131)
[2016.04.25-15.03.50:265][  7]LogModuleManager: Shutting down and abandoning module GameLiveStreaming (130)
[2016.04.25-15.03.50:265][  7]LogModuleManager: Shutting down and abandoning module StreamingPauseRendering (129)
[2016.04.25-15.03.50:265][  7]LogModuleManager: Shutting down and abandoning module AnalyticsET (128)
[2016.04.25-15.03.50:265][  7]LogModuleManager: Shutting down and abandoning module Analytics (127)
[2016.04.25-15.03.50:265][  7]LogModuleManager: Shutting down and abandoning module AITestSuite (126)
[2016.04.25-15.03.50:283][  7]LogModuleManager: Shutting down and abandoning module GameplayDebugger (125)
[2016.04.25-15.03.50:293][  7]LogModuleManager: Shutting down and abandoning module AIModule (124)
[2016.04.25-15.03.50:308][  7]LogModuleManager: Shutting down and abandoning module ProfilerService (123)
[2016.04.25-15.03.50:329][  7]LogModuleManager: Shutting down and abandoning module TaskGraph (122)
[2016.04.25-15.03.50:342][  7]LogModuleManager: Shutting down and abandoning module SlateRemote (121)
[2016.04.25-15.03.50:342][  7]LogModuleManager: Shutting down and abandoning module SteamVRController (120)
[2016.04.25-15.03.50:342][  7]LogModuleManager: Shutting down and abandoning module SteamVR (119)
[2016.04.25-15.03.50:342][  7]LogModuleManager: Shutting down and abandoning module ProceduralMeshComponent (118)
[2016.04.25-15.03.50:342][  7]LogModuleManager: Shutting down and abandoning module OculusLibrary (117)
[2016.04.25-15.03.50:342][  7]LogModuleManager: Shutting down and abandoning module OculusInput (116)
[2016.04.25-15.03.50:342][  7]LogModuleManager: Shutting down and abandoning module LeapMotionController (115)
[2016.04.25-15.03.50:377][  7]LogModuleManager: Shutting down and abandoning module CustomMeshComponent (114)
[2016.04.25-15.03.50:377][  7]LogModuleManager: Shutting down and abandoning module CableComponent (113)
[2016.04.25-15.03.50:380][  7]LogModuleManager: Shutting down and abandoning module ArchVisCharacter (112)
[2016.04.25-15.03.50:380][  7]LogModuleManager: Shutting down and abandoning module MessagingDebugger (111)
[2016.04.25-15.03.50:396][  7]LogModuleManager: Shutting down and abandoning module MediaPlayerEditor (110)
[2016.04.25-15.03.50:403][  7]LogModuleManager: Shutting down and abandoning module HTML5Networking (109)
[2016.04.25-15.03.50:403][  7]LogModuleManager: Shutting down and abandoning module SpeedTreeImporter (108)
[2016.04.25-15.03.50:403][  7]LogModuleManager: Shutting down and abandoning module PluginBrowser (107)
[2016.04.25-15.03.50:410][  7]LogModuleManager: Shutting down and abandoning module EpicSurvey (106)
[2016.04.25-15.03.50:410][  7]LogModuleManager: Shutting down and abandoning module DesktopPlatform (105)
[2016.04.25-15.03.50:421][  7]LogModuleManager: Shutting down and abandoning module VisualStudioSourceCodeAccess (104)
[2016.04.25-15.03.50:421][  7]LogModuleManager: Shutting down and abandoning module UObjectPlugin (103)
[2016.04.25-15.03.50:421][  7]LogModuleManager: Shutting down and abandoning module SubversionSourceControl (102)
[2016.04.25-15.03.50:439][  7]LogModuleManager: Shutting down and abandoning module PerforceSourceControl (101)
[2016.04.25-15.03.50:455][  7]LogModuleManager: Shutting down and abandoning module SourceControl (100)
[2016.04.25-15.03.50:473][  7]LogModuleManager: Shutting down and abandoning module GitSourceControl (99)
[2016.04.25-15.03.50:491][  7]LogModuleManager: Shutting down and abandoning module LightPropagationVolumeEditor (98)
[2016.04.25-15.03.50:491][  7]LogModuleManager: Shutting down and abandoning module PaperTiledImporter (97)
[2016.04.25-15.03.50:491][  7]LogModuleManager: Shutting down and abandoning module PaperSpriteSheetImporter (96)
[2016.04.25-15.03.50:491][  7]LogModuleManager: Shutting down and abandoning module MeshPaint (95)
[2016.04.25-15.03.50:491][  7]LogModuleManager: Shutting down and abandoning module SlateReflector (94)
[2016.04.25-15.03.50:504][  7]LogModuleManager: Shutting down and abandoning module HotReload (93)
[2016.04.25-15.03.50:515][  7]LogModuleManager: Shutting down and abandoning module MainFrame (92)
[2016.04.25-15.03.50:515][  7]LogModuleManager: Shutting down and abandoning module LevelEditor (91)
[2016.04.25-15.03.50:521][  7]LogModuleManager: Shutting down and abandoning module DirectoryWatcher (90)
[2016.04.25-15.03.50:522][  7]LogModuleManager: Shutting down and abandoning module AssetRegistry (89)
[2016.04.25-15.03.50:614][  7]LogModuleManager: Shutting down and abandoning module ContentBrowser (88)
[2016.04.25-15.03.50:614][  7]LogModuleManager: Shutting down and abandoning module Paper2DEditor (87)
[2016.04.25-15.03.50:639][  7]LogModuleManager: Shutting down and abandoning module UdpMessaging (86)
[2016.04.25-15.03.50:739][  7]LogModuleManager: Shutting down and abandoning module LightPropagationVolumeRuntime (85)
[2016.04.25-15.03.50:739][  7]LogModuleManager: Shutting down and abandoning module Paper2D (84)
[2016.04.25-15.03.50:747][  7]LogModuleManager: Shutting down and abandoning module WindowsMoviePlayer (83)
[2016.04.25-15.03.50:762][  7]LogModuleManager: Shutting down and abandoning module Media (82)
[2016.04.25-15.03.50:762][  7]LogModuleManager: Shutting down and abandoning module WmfMedia (81)
[2016.04.25-15.03.50:766][  7]LogModuleManager: Shutting down and abandoning module OnlineBlueprintSupport (80)
[2016.04.25-15.03.50:766][  7]LogModuleManager: Shutting down and abandoning module GameplayTasksEditor (79)
[2016.04.25-15.03.50:766][  7]LogModuleManager: Shutting down and abandoning module PropertyEditor (78)
[2016.04.25-15.03.50:766][  7]LogModuleManager: Shutting down and abandoning module BehaviorTreeEditor (77)
[2016.04.25-15.03.50:796][  7]LogModuleManager: Shutting down and abandoning module FunctionalTesting (76)
[2016.04.25-15.03.50:796][  7]LogModuleManager: Shutting down and abandoning module CollisionAnalyzer (75)
[2016.04.25-15.03.50:811][  7]LogModuleManager: Shutting down and abandoning module WorkspaceMenuStructure (74)
[2016.04.25-15.03.50:811][  7]LogModuleManager: Shutting down and abandoning module MessageLog (73)
[2016.04.25-15.03.50:811][  7]LogModuleManager: Shutting down and abandoning module Sequencer (72)
[2016.04.25-15.03.50:835][  7]LogModuleManager: Shutting down and abandoning module AssetTools (71)
[2016.04.25-15.03.50:866][  7]LogModuleManager: Shutting down and abandoning module UMGEditor (70)
[2016.04.25-15.03.50:889][  7]LogModuleManager: Shutting down and abandoning module UMG (69)
[2016.04.25-15.03.50:919][  7]LogModuleManager: Shutting down and abandoning module Slate (68)
[2016.04.25-15.03.50:919][  7]LogModuleManager: Shutting down and abandoning module EditorStyle (67)
[2016.04.25-15.03.50:921][  7]LogModuleManager: Shutting down and abandoning module SessionServices (66)
[2016.04.25-15.03.50:921][  7]LogModuleManager: Shutting down and abandoning module SourceCodeAccess (65)
[2016.04.25-15.03.50:921][  7]LogModuleManager: Shutting down and abandoning module HeadMountedDisplay (64)
[2016.04.25-15.03.50:921][  7]LogModuleManager: Shutting down and abandoning module XAudio2 (63)
[2016.04.25-15.03.50:921][  7]LogModuleManager: Shutting down and abandoning module Networking (61)
[2016.04.25-15.03.50:921][  7]LogModuleManager: Shutting down and abandoning module Core (60)
[2016.04.25-15.03.50:921][  7]LogModuleManager: Shutting down and abandoning module KismetCompiler (59)
[2016.04.25-15.03.50:921][  7]LogModuleManager: Shutting down and abandoning module PhysXFormats (58)
[2016.04.25-15.03.50:921][  7]LogModuleManager: Shutting down and abandoning module MeshUtilities (57)
[2016.04.25-15.03.50:951][  7]LogModuleManager: Shutting down and abandoning module DerivedDataCache (56)
[2016.04.25-15.03.51:141][  7]LogDerivedDataCache: Shutdown
[2016.04.25-15.03.51:141][  7]LogModuleManager: Shutting down and abandoning module ShaderFormatOpenGL (55)
[2016.04.25-15.03.51:147][  7]LogModuleManager: Shutting down and abandoning module ShaderFormatD3D (54)
[2016.04.25-15.03.51:147][  7]LogModuleManager: Shutting down and abandoning module MetalShaderFormat (53)
[2016.04.25-15.03.51:160][  7]LogModuleManager: Shutting down and abandoning module TextureFormatUncompressed (52)
[2016.04.25-15.03.51:160][  7]LogModuleManager: Shutting down and abandoning module TextureFormatPVR (51)
[2016.04.25-15.03.51:160][  7]LogModuleManager: Shutting down and abandoning module TextureFormatIntelISPCTexComp (50)
[2016.04.25-15.03.51:160][  7]LogModuleManager: Shutting down and abandoning module TextureFormatDXT (49)
[2016.04.25-15.03.51:160][  7]LogModuleManager: Shutting down and abandoning module ImageWrapper (48)
[2016.04.25-15.03.51:160][  7]LogModuleManager: Shutting down and abandoning module TextureFormatASTC (47)
[2016.04.25-15.03.51:160][  7]LogModuleManager: Shutting down and abandoning module TextureFormatAndroid (46)
[2016.04.25-15.03.51:160][  7]LogModuleManager: Shutting down and abandoning module AudioFormatOpus (45)
[2016.04.25-15.03.51:176][  7]LogModuleManager: Shutting down and abandoning module AudioFormatOgg (44)
[2016.04.25-15.03.51:176][  7]LogModuleManager: Shutting down and abandoning module AudioFormatADPCM (43)
[2016.04.25-15.03.51:176][  7]LogModuleManager: Shutting down and abandoning module LinuxTargetPlatform (42)
[2016.04.25-15.03.51:176][  7]LogModuleManager: Shutting down and abandoning module LinuxServerTargetPlatform (41)
[2016.04.25-15.03.51:176][  7]LogModuleManager: Shutting down and abandoning module LinuxNoEditorTargetPlatform (40)
[2016.04.25-15.03.51:176][  7]LogModuleManager: Shutting down and abandoning module Messaging (39)
[2016.04.25-15.03.51:176][  7]LogModuleManager: Shutting down and abandoning module IOSTargetPlatform (38)
[2016.04.25-15.03.51:176][  7]LogModuleManager: Shutting down and abandoning module HTML5TargetPlatform (37)
[2016.04.25-15.03.51:176][  7]LogModuleManager: Shutting down and abandoning module Android_PVRTCTargetPlatform (36)
[2016.04.25-15.03.51:176][  7]LogModuleManager: Shutting down and abandoning module Android_MultiTargetPlatform (35)
[2016.04.25-15.03.51:176][  7]LogModuleManager: Shutting down and abandoning module Android_ETC2TargetPlatform (34)
[2016.04.25-15.03.51:176][  7]LogModuleManager: Shutting down and abandoning module Android_ETC1TargetPlatform (33)
[2016.04.25-15.03.51:176][  7]LogModuleManager: Shutting down and abandoning module Android_DXTTargetPlatform (32)
[2016.04.25-15.03.51:176][  7]LogModuleManager: Shutting down and abandoning module Android_ATCTargetPlatform (31)
[2016.04.25-15.03.51:176][  7]LogModuleManager: Shutting down and abandoning module Android_ASTCTargetPlatform (30)
[2016.04.25-15.03.51:176][  7]LogModuleManager: Shutting down and abandoning module AndroidTargetPlatform (29)
[2016.04.25-15.03.51:176][  7]LogModuleManager: Shutting down and abandoning module WindowsTargetPlatform (28)
[2016.04.25-15.03.51:176][  7]LogModuleManager: Shutting down and abandoning module WindowsServerTargetPlatform (27)
[2016.04.25-15.03.51:176][  7]LogModuleManager: Shutting down and abandoning module WindowsNoEditorTargetPlatform (26)
[2016.04.25-15.03.51:176][  7]LogModuleManager: Shutting down and abandoning module WindowsClientTargetPlatform (25)
[2016.04.25-15.03.51:176][  7]LogModuleManager: Shutting down and abandoning module AllDesktopTargetPlatform (24)
[2016.04.25-15.03.51:176][  7]LogModuleManager: Shutting down and abandoning module TargetPlatform (23)
[2016.04.25-15.03.51:176][  7]LogModuleManager: Shutting down and abandoning module InputCore (22)
[2016.04.25-15.03.51:176][  7]LogModuleManager: Shutting down and abandoning module Settings (21)
[2016.04.25-15.03.51:176][  7]LogModuleManager: Shutting down and abandoning module OnlineSubsystem (19)
[2016.04.25-15.03.51:176][  7]LogModuleManager: Shutting down and abandoning module HTTP (18)
[2016.04.25-15.03.53:704][  7]LogModuleManager: Shutting down and abandoning module XMPP (17)
[2016.04.25-15.03.53:719][  7]LogModuleManager: Shutting down and abandoning module OculusRift (16)
[2016.04.25-15.03.53:736][  7]LogModuleManager: Shutting down and abandoning module ExampleDeviceProfileSelector (15)
[2016.04.25-15.03.53:736][  7]LogModuleManager: Shutting down and abandoning module TextureCompressor (14)
[2016.04.25-15.03.53:747][  7]LogModuleManager: Shutting down and abandoning module ShaderCore (13)
[2016.04.25-15.03.53:747][  7]LogModuleManager: Shutting down and abandoning module Landscape (12)
[2016.04.25-15.03.53:747][  7]LogModuleManager: Shutting down and abandoning module SlateRHIRenderer (11)
[2016.04.25-15.03.53:760][  7]LogModuleManager: Shutting down and abandoning module OpenGLDrv (10)
[2016.04.25-15.03.53:773][  7]LogModuleManager: Shutting down and abandoning module D3D11RHI (9)
[2016.04.25-15.03.53:773][  7]LogModuleManager: Shutting down and abandoning module AnimGraphRuntime (8)
[2016.04.25-15.03.53:773][  7]LogModuleManager: Shutting down and abandoning module Renderer (7)
[2016.04.25-15.03.53:773][  7]LogModuleManager: Shutting down and abandoning module Engine (6)
[2016.04.25-15.03.53:773][  7]LogModuleManager: Shutting down and abandoning module CoreUObject (5)
[2016.04.25-15.03.53:773][  7]LogModuleManager: Shutting down and abandoning module NetworkFile (4)
[2016.04.25-15.03.53:785][  7]LogModuleManager: Shutting down and abandoning module StreamingFile (3)
[2016.04.25-15.03.53:785][  7]LogModuleManager: Shutting down and abandoning module SandboxFile (2)
[2016.04.25-15.03.53:799][  7]LogModuleManager: Shutting down and abandoning module PakFile (1)
[2016.04.25-15.03.53:820][  7]LogExit: Exiting.
[2016.04.25-15.03.53:831][  7]Log file closed, 04/26/16 00:03:53
