[2016.05.09-15.59.30:855][  0]Log file open, 05/10/16 00:59:30
[2016.05.09-15.59.30:855][  0]LogInit:Display: Running engine for game: Hero
[2016.05.09-15.59.30:855][  0]LogPlatformFile: Not using cached read wrapper
[2016.05.09-15.59.30:855][  0]LogInit:Display: RandInit(-325939113) SRandInit(-325939111).
[2016.05.09-15.59.30:855][  0]LogTaskGraph: Started task graph with 4 named threads and 7 total threads.
[2016.05.09-15.59.30:855][  0]LogStats: Stats thread started at 0.281678
[2016.05.09-15.59.30:855][  0]LogInit: Version: 4.10.4-2872498+++depot+UE4-Releases+4.10
[2016.05.09-15.59.30:855][  0]LogInit: API Version: 2758231
[2016.05.09-15.59.30:855][  0]LogInit: Compiled (64-bit): Feb 18 2016 15:47:04
[2016.05.09-15.59.30:855][  0]LogInit: Compiled with Visual C++: 19.00.23026.00
[2016.05.09-15.59.30:855][  0]LogInit: Build Configuration: Development
[2016.05.09-15.59.30:855][  0]LogInit: Branch Name: ++depot+UE4-Releases+4.10
[2016.05.09-15.59.30:855][  0]LogInit: Command line:  
[2016.05.09-15.59.30:855][  0]LogInit: Base directory: D:/Development Kit/Epic Games/4.10/Engine/Binaries/Win64/
[2016.05.09-15.59.30:855][  0]LogInit: Rocket: 1
[2016.05.09-15.59.30:914][  0]LogInit: Using libcurl 7.41.0
[2016.05.09-15.59.30:914][  0]LogInit:  - built for x86_64-pc-win32
[2016.05.09-15.59.30:914][  0]LogInit:  - supports SSL with WinSSL
[2016.05.09-15.59.30:914][  0]LogInit:  - other features:
[2016.05.09-15.59.30:914][  0]LogInit:      CURL_VERSION_SSL
[2016.05.09-15.59.30:914][  0]LogInit:      CURL_VERSION_IPV6
[2016.05.09-15.59.30:914][  0]LogInit:      CURL_VERSION_ASYNCHDNS
[2016.05.09-15.59.30:914][  0]LogInit:      CURL_VERSION_LARGEFILE
[2016.05.09-15.59.30:914][  0]LogInit:      CURL_VERSION_IDN
[2016.05.09-15.59.30:914][  0]LogInit:  CurlRequestOptions (configurable via config and command line):
[2016.05.09-15.59.30:914][  0]LogInit:  - bVerifyPeer = true  - Libcurl will verify peer certificate
[2016.05.09-15.59.30:915][  0]LogInit:  - bUseHttpProxy = false  - Libcurl will NOT use HTTP proxy
[2016.05.09-15.59.30:915][  0]LogInit:  - bDontReuseConnections = false  - Libcurl will reuse connections
[2016.05.09-15.59.30:915][  0]LogInit:  - CertBundlePath = nullptr  - Libcurl will use whatever was configured at build time.
[2016.05.09-15.59.30:959][  0]LogInit: Presizing for 0 objects not considered by GC, pre-allocating 0 bytes.
[2016.05.09-15.59.30:969][  0]LogInit: Object subsystem initialized
[2016.05.09-15.59.30:971][  0]LogInit: Selected Device Profile: [Windows]
[2016.05.09-15.59.30:971][  0]LogInit: Applying CVar settings loaded from the selected device profile: [Windows]
[2016.05.09-15.59.31:005][  0]LogInit: Computer: NARAMPC
[2016.05.09-15.59.31:005][  0]LogInit: User: Naram
[2016.05.09-15.59.31:005][  0]LogInit: CPU Page size=4096, Cores=4
[2016.05.09-15.59.31:005][  0]LogInit: High frequency timer resolution =3.312641 MHz
[2016.05.09-15.59.31:005][  0]LogMemory: Memory total: Physical=7.5GB (8GB approx)
[2016.05.09-15.59.31:005][  0]LogMemory: Platform Memory Stats for Windows
[2016.05.09-15.59.31:005][  0]LogMemory: Process Physical Memory: 57.05 MB used, 57.05 MB peak
[2016.05.09-15.59.31:005][  0]LogMemory: Process Virtual Memory: 58.67 MB used, 58.67 MB peak
[2016.05.09-15.59.31:005][  0]LogMemory: Physical Memory: 4384.69 MB used, 7634.24 MB total
[2016.05.09-15.59.31:005][  0]LogMemory: Virtual Memory: 384.09 MB used, 134217728.00 MB total
[2016.05.09-15.59.31:265][  0]LogTextLocalizationManager: No specific translations for ('ko-KR') exist, so ('ko') translations will be used.
[2016.05.09-15.59.31:310][  0]LogTextLocalizationManager:Warning: Loaded localization resources contain conflicting entries for (Namespace:UObjectToolTips, Key:AnimNode_AssetPlayerBase:InternalTimeAccumulator):
Localization Resource: (D:/Development Kit/Epic Games/4.10/Engine/Content/Localization/EditorTutorials/ko/EditorTutorials.locres) Source String Hash: (502993589) Localized String: (이 노드에서 애셋을 레퍼런싱하는 데 사용되는 누적 시간입니다.)
Localization Resource: (D:/Development Kit/Epic Games/4.10/Engine/Content/Localization/Engine/ko/Engine.locres) Source String Hash: (502993589) Localized String: (이 노드에서 애셋을 레퍼런싱하는 데 사용된 누적 시간입니다.)
[2016.05.09-15.59.31:310][  0]LogTextLocalizationManager:Warning: Loaded localization resources contain conflicting entries for (Namespace:UObjectToolTips, Key:AnimNode_AssetPlayerBase:bIgnoreForRelevancyTest):
Localization Resource: (D:/Development Kit/Epic Games/4.10/Engine/Content/Localization/EditorTutorials/ko/EditorTutorials.locres) Source String Hash: (319969718) Localized String: (True 면, 스테이트에서 최고 가중치 애니메이션을 찾는 "Relevant anim" 노드는 이 노드를 무시합니다.
 )
Localization Resource: (D:/Development Kit/Epic Games/4.10/Engine/Content/Localization/Engine/ko/Engine.locres) Source String Hash: (319969718) Localized String: (True 면 스테이트 내 최고 웨이팅된 애니메이션을 찾는 "Relevant anim" 노드가 무시됩니다.
 )
[2016.05.09-15.59.31:310][  0]LogTextLocalizationManager:Warning: Loaded localization resources contain conflicting entries for (Namespace:UObjectToolTips, Key:AnimNode_AssetPlayerBase:BlendWeight):
Localization Resource: (D:/Development Kit/Epic Games/4.10/Engine/Content/Localization/EditorTutorials/ko/EditorTutorials.locres) Source String Hash: (-1232800293) Localized String: (이 노드에 마지막 걸린 블렌드웨이트 입니다.)
Localization Resource: (D:/Development Kit/Epic Games/4.10/Engine/Content/Localization/Engine/ko/Engine.locres) Source String Hash: (-1232800293) Localized String: (이 노드에 대해 마지막 접한 블렌드 웨이트)
[2016.05.09-15.59.31:693][  0]LogD3D11RHI: Found D3D11 adapter 0: NVIDIA GeForce GTX 660   (Feature Level 11_0)
[2016.05.09-15.59.31:693][  0]LogD3D11RHI: Adapter has 1988MB of dedicated video memory, 0MB of dedicated system memory, and 3817MB of shared system memory, 1 output[s]
[2016.05.09-15.59.31:695][  0]LogD3D11RHI: Found D3D11 adapter 1: Microsoft Basic Render Driver (Feature Level 11_0)
[2016.05.09-15.59.31:695][  0]LogD3D11RHI: Adapter has 0MB of dedicated video memory, 0MB of dedicated system memory, and 3817MB of shared system memory, 0 output[s]
[2016.05.09-15.59.31:695][  0]LogD3D11RHI: Chosen D3D11 Adapter Id = 0
[2016.05.09-15.59.31:699][  0]LogD3D11RHI: !Direct3DDevice
[2016.05.09-15.59.31:699][  0]LogRHI: Texture pool is 1361 MB (70% of 1945 MB)
[2016.05.09-15.59.31:712][  0]LogD3D11RHI: Async texture creation enabled
[2016.05.09-15.59.31:728][  0]LogShaderCompilers: Guid format shader working directory is -12 characters bigger than the processId version (../../../../../WorkSpace/Unreal Projects/Project/Hero 4.10/Intermediate/Shaders/WorkingDirectory/1104/).
[2016.05.09-15.59.31:728][  0]LogShaderCompilers: Cleaned the shader compiler working directory 'C:/Users/Naram/AppData/Local/Temp/UnrealShaderWorkingDir/DAEF3D1D459C7697A677F6820DE6292B/'.
[2016.05.09-15.59.31:728][  0]LogShaderCompilers:Display: Using Local Shader Compiler.
[2016.05.09-15.59.33:720][  0]LogTemp:Display: Loaded TP AllDesktopTargetPlatform
[2016.05.09-15.59.33:730][  0]LogTemp:Display: Loaded TP WindowsClientTargetPlatform
[2016.05.09-15.59.33:740][  0]LogTemp:Display: Loaded TP WindowsNoEditorTargetPlatform
[2016.05.09-15.59.33:749][  0]LogTemp:Display: Loaded TP WindowsServerTargetPlatform
[2016.05.09-15.59.33:755][  0]LogTemp:Display: Loaded TP WindowsTargetPlatform
[2016.05.09-15.59.33:759][  0]LogTemp:Display: Loaded TP AndroidTargetPlatform
[2016.05.09-15.59.33:763][  0]LogTemp:Display: Loaded TP Android_ASTCTargetPlatform
[2016.05.09-15.59.33:766][  0]LogTemp:Display: Loaded TP Android_ATCTargetPlatform
[2016.05.09-15.59.33:769][  0]LogTemp:Display: Loaded TP Android_DXTTargetPlatform
[2016.05.09-15.59.33:772][  0]LogTemp:Display: Loaded TP Android_ETC1TargetPlatform
[2016.05.09-15.59.33:776][  0]LogTemp:Display: Loaded TP Android_ETC2TargetPlatform
[2016.05.09-15.59.33:783][  0]LogTemp:Display: Loaded TP Android_MultiTargetPlatform
[2016.05.09-15.59.33:784][  0]LogTemp:Display: Loaded TP Android_PVRTCTargetPlatform
[2016.05.09-15.59.33:784][  0]LogTemp:Display: Loaded TP HTML5TargetPlatform
[2016.05.09-15.59.33:837][  0]LogTemp:Display: Loaded TP IOSTargetPlatform
[2016.05.09-15.59.33:840][  0]LogTemp:Display: Loaded TP LinuxNoEditorTargetPlatform
[2016.05.09-15.59.33:843][  0]LogTemp:Display: Loaded TP LinuxServerTargetPlatform
[2016.05.09-15.59.33:846][  0]LogTemp:Display: Loaded TP LinuxTargetPlatform
[2016.05.09-15.59.33:846][  0]LogTargetPlatformManager:Display: Building Assets For Windows
[2016.05.09-15.59.34:231][  0]LogDerivedDataCache:Display: Max Cache Size: 512 MB
[2016.05.09-15.59.34:381][  0]LogDerivedDataCache: Loaded boot cache 0.15s 41MB C:/Users/Naram/AppData/Local/UnrealEngine/4.10/DerivedDataCache/Boot.ddc.
[2016.05.09-15.59.34:381][  0]LogDerivedDataCache:Display: Loaded Boot cache: C:/Users/Naram/AppData/Local/UnrealEngine/4.10/DerivedDataCache/Boot.ddc
[2016.05.09-15.59.34:404][  0]LogDerivedDataCache: FDerivedDataBackendGraph:  Pak pak cache file ../../../../../WorkSpace/Unreal Projects/Project/Hero 4.10/DerivedDataCache/DDC.ddp not found, will not use a pak cache.
[2016.05.09-15.59.34:404][  0]LogDerivedDataCache: Unable to find inner node Pak for hierarchical cache Hierarchy.
[2016.05.09-15.59.34:404][  0]LogDerivedDataCache: FDerivedDataBackendGraph:  CompressedPak pak cache file ../../../../../WorkSpace/Unreal Projects/Project/Hero 4.10/DerivedDataCache/Compressed.ddp not found, will not use a pak cache.
[2016.05.09-15.59.34:404][  0]LogDerivedDataCache: Unable to find inner node CompressedPak for hierarchical cache Hierarchy.
[2016.05.09-15.59.34:572][  0]LogDerivedDataCache:Display: Pak cache opened for reading ../../../Engine/DerivedDataCache/Compressed.ddp.
[2016.05.09-15.59.34:586][  0]LogDerivedDataCache: Using Local data cache path C:/Users/Naram/AppData/Local/UnrealEngine/Common/DerivedDataCache: Writable
[2016.05.09-15.59.45:143][  0]LogInit: Selected Device Profile: [Windows]
[2016.05.09-15.59.45:228][  0]LogContentStreaming: Texture pool size is 0.000000MB
[2016.05.09-15.59.46:965][  0]LogMeshUtilities: No automatic mesh reduction module available
[2016.05.09-15.59.46:965][  0]LogMeshUtilities: No automatic mesh merging module available
[2016.05.09-15.59.51:215][  0]LogInit: WinSock: version 1.1 (2.2), MaxSocks=32767, MaxUdp=65467
[2016.05.09-16.00.13:776][  0]UdpMessaging: Initializing bridge on interface 0.0.0.0:0 to multicast group 230.0.0.1:6666.
[2016.05.09-16.00.15:515][  0]LogAssetRegistry: FAssetRegistry took 0.0127 seconds to start up
[2016.05.09-16.00.19:412][  0]SourceControl: 정보 소스 콘트롤이 꺼졌습니다.
[2016.05.09-16.00.19:659][  0]SourceControl: 정보 소스 콘트롤이 꺼졌습니다.
[2016.05.09-16.00.19:770][  0]SourceControl: 정보 소스 콘트롤이 꺼졌습니다.
[2016.05.09-16.00.19:850][  0]SourceControl: 정보 소스 콘트롤이 꺼졌습니다.
[2016.05.09-16.00.23:197][  0]LogObj: 28633 objects as part of root set at end of initial load.
[2016.05.09-16.00.23:197][  0]LogUObjectAllocator: 6099752 out of 0 bytes used by permanent object pool.
[2016.05.09-16.00.25:140][  0]LogEngine: Initializing Engine...
[2016.05.09-16.00.25:273][  0]LogHMD: Can't find Oculus library dev build: is proper Runtime installed? Version: 0.8.0.0
[2016.05.09-16.00.25:451][  0]LogHMD: SteamVR failed to initialize.  Err: 100
[2016.05.09-16.00.27:770][  0]LogAIModule: Creating AISystem for world NewWorld
[2016.05.09-16.00.28:031][  0]LogInit: XAudio2 using '스피커(Realtek High Definition Audio)' : 2 channels at 48 kHz using 32 bits per sample (channel mask 0x3)
[2016.05.09-16.00.28:057][  0]LogInit: FAudioDevice initialized.
[2016.05.09-16.00.28:146][  0]LogDerivedDataCache: Saved boot cache 0.09s 41MB C:/Users/Naram/AppData/Local/UnrealEngine/4.10/DerivedDataCache/Boot.ddc.
[2016.05.09-16.00.28:149][  0]LogInit: Texture streaming: Enabled
[2016.05.09-16.00.28:300][  0]LogAnalytics: Creating configured Analytics provider AnalyticsET
[2016.05.09-16.00.28:300][  0]LogAnalytics: [UEEditor.Rocket.Release] APIServer = http://et2.epicgames.com/ET2/. AppVersion = 4.10.4-2872498+++depot+UE4-Releases+4.10
[2016.05.09-16.00.28:300][  0]LogAnalytics: [UEEditor.Rocket.Release] SetUserId 325538314b44384481730f8403d05ed6|5757bc0e79d542efb21b5d5f30a43a1b|7f17f01b-53ac-4a4b-834a-c233f59ae9e6
[2016.05.09-16.00.28:331][  0]LogAnalytics: [UEEditor.Rocket.Release] AnalyticsET::StartSession
[2016.05.09-16.00.30:212][  0]LogInit: Transaction tracking system initialized
[2016.05.09-16.00.30:759][  0]BlueprintLog: New page: 에디터 로드
[2016.05.09-16.00.33:667][  0]LocalizationService: 정보 현지화 서비스가 비활성화되었습니다.
[2016.05.09-16.00.35:180][  0]LogConsoleResponse:Display: 
[2016.05.09-16.00.43:358][  0]LogCook:Display: Done creating registry. It took  0.00s.
[2016.05.09-16.00.44:978][  0]LogFileCache: Scanning file cache for directory 'D:/Development Kit/WorkSpace/Unreal Projects/Project/Hero 4.10/Content/' took 0.16s
[2016.05.09-16.00.45:408][  0]SourceControl: 정보 소스 콘트롤이 꺼졌습니다.
[2016.05.09-16.00.45:447][  0]Cmd: MAP LOAD FILE="../../../../../WorkSpace/Unreal Projects/Project/Hero 4.10/Content/StarterContent/Maps/Minimal_Default.umap" TEMPLATE=0 SHOWPROGRESS=1 FEATURELEVEL=3
[2016.05.09-16.00.45:930][  0]LightingResults: New page: 라이팅 빌드
[2016.05.09-16.00.46:348][  0]MapCheck: New page: 맵 체크
[2016.05.09-16.00.46:348][  0]LightingResults: New page: 라이팅 빌드
[2016.05.09-16.00.47:099][  0]LogParticles: Destroying 0 GPU particle simulations for FXSystem 0x000001EC665C1260
[2016.05.09-16.01.06:356][  0]LogAIModule: Creating AISystem for world Minimal_Default
[2016.05.09-16.01.07:189][  0]LogEditorServer: Finished looking for orphan Actors (0.000 secs)
[2016.05.09-16.01.07:306][  0]Cmd: MAP CHECKDEP NOCLEARLOG
[2016.05.09-16.01.07:468][  0]MapCheck: 정보 맵 체크 완료: 오류 0 회, 경고 0 회, 소요 시간 161.704ms.
[2016.05.09-16.01.07:468][  0]LogFileHelpers: Loading map 'Minimal_Default' took 22.032
[2016.05.09-16.01.08:769][  0]LogCollectionManager: Loaded 0 collections in 0.002263 seconds
[2016.05.09-16.01.08:921][  0]LogFileCache: Scanning file cache for directory 'D:/Development Kit/WorkSpace/Unreal Projects/Project/Hero 4.10/Saved/Collections/' took 0.01s
[2016.05.09-16.01.08:921][  0]LogFileCache: Scanning file cache for directory 'D:/Development Kit/WorkSpace/Unreal Projects/Project/Hero 4.10/Content/Developers/Naram/Collections/' took 0.01s
[2016.05.09-16.01.08:921][  0]LogFileCache: Scanning file cache for directory 'D:/Development Kit/WorkSpace/Unreal Projects/Project/Hero 4.10/Content/Collections/' took 0.01s
[2016.05.09-16.01.08:921][  0]LogCollectionManager: Rebuilt the GUID cache for 0 collections in 0.000004 seconds
[2016.05.09-16.01.08:937][  0]LogContentBrowser: Native class hierarchy populated in 0.0143 seconds. Added 1893 classes and 338 folders.
[2016.05.09-16.01.09:049][  0]LogContentBrowser: Native class hierarchy updated for 'WidgetCarousel' in 0.0010 seconds. Added 0 classes and 0 folders.
[2016.05.09-16.01.10:628][  0]LogContentBrowser: Native class hierarchy updated for 'AddContentDialog' in 0.0006 seconds. Added 0 classes and 0 folders.
[2016.05.09-16.01.10:721][  0]LogContentBrowser: Native class hierarchy updated for 'SceneOutliner' in 0.0006 seconds. Added 1 classes and 2 folders.
[2016.05.09-16.01.11:649][  0]LogCrashTracker: Crashtracker disabled due to settings.
[2016.05.09-16.01.11:820][  0]LogUObjectGlobals:Warning: 'Class 없음.' 오브젝트를 찾는 데 실패했습니다.
[2016.05.09-16.01.11:884][  0]LogLoad: Full Startup: 102.39 seconds (BP compile: 1.18 seconds)
[2016.05.09-16.01.12:276][  0]LogOcInput: Can't find Oculus library dev build: is proper Runtime installed? Version: 0.8.0.0
[2016.05.09-16.01.12:677][  0]LogContentStreaming: Texture pool size now 1000 MB
[2016.05.09-16.01.13:194][  0]LogRenderer: Reallocating scene render targets to support 1208x572 (Frame:2).
[2016.05.09-16.01.13:909][  1]Cmd: UpdateLandscapeEditorData -warnings
[2016.05.09-16.01.17:477][ 11]LogAssetRegistry: Asset discovery search completed in 61.9741 seconds
[2016.05.09-16.01.17:493][ 11]LogCollectionManager: Rebuilt the object cache for 0 collections in 0.000002 seconds (found 0 objects)
[2016.05.09-16.01.17:493][ 11]LogCollectionManager: Fixed up redirectors for 0 collections in 0.000066 seconds (updated 0 objects)
[2016.05.09-17.06.22:450][556]LogLinker:Warning: Asset '../../../Engine/Content/ArtTools/RenderToTexture/Macros/RenderToTextureMacros.uasset' has been saved with empty engine version. The asset will be loaded but may be incompatible.
[2016.05.09-17.06.23:302][556]LogContentBrowser: Native class hierarchy updated for 'BlueprintGraph' in 0.0013 seconds. Added 107 classes and 0 folders.
[2016.05.09-17.17.31:549][ 26]LogActorComponent: UnregisterComponent: (/Engine/Transient.CharMoveComp) Not registered. Aborting.
[2016.05.09-17.17.31:710][ 26]LogFileHelpers: Editor autosave (incl. sublevels) for '/Game/StarterContent/Maps/Minimal_Default' took 0.170
[2016.05.09-17.17.31:765][ 26]OBJ SavePackage: Generating thumbnails for [1] asset(s) in package [/Game/SGH/Character/PlayerCharacter/BP_FHero_Warrior] ([1] browsable assets)...
[2016.05.09-17.17.31:818][ 26]OBJ SavePackage:     Rendered thumbnail for [Blueprint /Game/SGH/Character/PlayerCharacter/BP_FHero_Warrior.BP_FHero_Warrior]
[2016.05.09-17.17.31:818][ 26]OBJ SavePackage: Finished generating thumbnails for package [/Game/SGH/Character/PlayerCharacter/BP_FHero_Warrior]
[2016.05.09-17.17.33:731][ 26]LogSavePackage: Save=1752.950928ms
[2016.05.09-17.17.33:731][ 26]LogSavePackage: Moving '../../../../../WorkSpace/Unreal Projects/Project/Hero 4.10/Saved/BP_FHero_Warrior_Auto1ED77AF9241CF4098D4F4558D1EA2091B.tmp' to '../../../../../WorkSpace/Unreal Projects/Project/Hero 4.10/Saved/Autosaves/Game/SGH/Character/PlayerCharacter/BP_FHero_Warrior_Auto1.uasset'
[2016.05.09-17.17.33:779][ 26]LogSavePackage: Total save time: 1955.275565ms
[2016.05.09-17.17.33:779][ 26]LogSavePackage:Display: Finished SavePackage ../../../../../WorkSpace/Unreal Projects/Project/Hero 4.10/Saved/Autosaves/Game/SGH/Character/PlayerCharacter/BP_FHero_Warrior_Auto1.uasset
[2016.05.09-17.17.33:780][ 26]LogFileHelpers: Auto-saving content packages took 2.068
[2016.05.09-17.22.16:913][726]LogActorComponent: UnregisterComponent: (/Engine/Transient.CharMoveComp) Not registered. Aborting.
[2016.05.09-17.22.18:590][924]BlueprintLog: New page: BP_FHero_Warrior 컴파일
[2016.05.09-17.22.19:267][924]LogActorComponent: UnregisterComponent: (/Engine/Transient.CharacterMovementComponent_0) Not registered. Aborting.
[2016.05.09-17.22.19:336][924]BlueprintEditorCompileResults: 정보 [4969.85] BP_FHero_Warrior 컴파일에 성공했습니다! [소요시간 745 ms]
[2016.05.09-17.22.22:136][994]LogSavePackage: Save=1749.254395ms
[2016.05.09-17.22.22:136][994]LogSavePackage: Moving '../../../../../WorkSpace/Unreal Projects/Project/Hero 4.10/Saved/BP_FHero_Warrior1DE168614E6C9D1957A5DABC78EA89ED.tmp' to '../../../../../WorkSpace/Unreal Projects/Project/Hero 4.10/Content/SGH/Character/PlayerCharacter/BP_FHero_Warrior.uasset'
[2016.05.09-17.22.22:163][994]LogSavePackage: Total save time: 1780.510176ms
[2016.05.09-17.22.22:163][994]LogSavePackage:Display: Finished SavePackage ../../../../../WorkSpace/Unreal Projects/Project/Hero 4.10/Content/SGH/Character/PlayerCharacter/BP_FHero_Warrior.uasset
[2016.05.09-17.22.52:706][646]LogActorComponent: UnregisterComponent: (/Engine/Transient.CharMoveComp) Not registered. Aborting.
[2016.05.09-17.22.55:174][939]BlueprintLog: New page: BP_FHero_Warrior 컴파일
[2016.05.09-17.22.55:633][939]LogActorComponent: UnregisterComponent: (/Engine/Transient.CharacterMovementComponent_1) Not registered. Aborting.
[2016.05.09-17.22.55:679][939]BlueprintEditorCompileResults: 정보 [5006.19] BP_FHero_Warrior 컴파일에 성공했습니다! [소요시간 504 ms]
[2016.05.09-17.22.58:054][978]LogSavePackage: Save=1616.973633ms
[2016.05.09-17.22.58:054][978]LogSavePackage: Moving '../../../../../WorkSpace/Unreal Projects/Project/Hero 4.10/Saved/BP_FHero_Warrior2A8DB9B44EB53D8F51AE7C8F49D2BC6E.tmp' to '../../../../../WorkSpace/Unreal Projects/Project/Hero 4.10/Content/SGH/Character/PlayerCharacter/BP_FHero_Warrior.uasset'
[2016.05.09-17.22.58:059][978]LogSavePackage: Total save time: 1645.984579ms
[2016.05.09-17.22.58:059][978]LogSavePackage:Display: Finished SavePackage ../../../../../WorkSpace/Unreal Projects/Project/Hero 4.10/Content/SGH/Character/PlayerCharacter/BP_FHero_Warrior.uasset
[2016.05.09-17.23.25:778][863]BlueprintLog: New page: BP_FHero_Warrior 컴파일
[2016.05.09-17.23.26:237][863]LogActorComponent: UnregisterComponent: (/Engine/Transient.CharMoveComp) Not registered. Aborting.
[2016.05.09-17.23.26:281][863]BlueprintEditorCompileResults: 정보 [5036.79] BP_FHero_Warrior 컴파일에 성공했습니다! [소요시간 503 ms]
[2016.05.09-17.23.28:665][897]LogSavePackage: Save=1677.599854ms
[2016.05.09-17.23.28:665][897]LogSavePackage: Moving '../../../../../WorkSpace/Unreal Projects/Project/Hero 4.10/Saved/BP_FHero_WarriorA8AA85204392C62B0524F88F2771F12F.tmp' to '../../../../../WorkSpace/Unreal Projects/Project/Hero 4.10/Content/SGH/Character/PlayerCharacter/BP_FHero_Warrior.uasset'
[2016.05.09-17.23.28:670][897]LogSavePackage: Total save time: 1686.063476ms
[2016.05.09-17.23.28:670][897]LogSavePackage:Display: Finished SavePackage ../../../../../WorkSpace/Unreal Projects/Project/Hero 4.10/Content/SGH/Character/PlayerCharacter/BP_FHero_Warrior.uasset
[2016.05.09-17.25.55:072][555]BlueprintLog: New page: BP_FHero_Warrior 컴파일
[2016.05.09-17.25.55:538][555]LogActorComponent: UnregisterComponent: (/Engine/Transient.CharMoveComp) Not registered. Aborting.
[2016.05.09-17.25.55:580][555]BlueprintEditorCompileResults: 정보 [5186.09] BP_FHero_Warrior 컴파일에 성공했습니다! [소요시간 508 ms]
[2016.05.09-17.25.58:040][598]LogSavePackage: Save=1565.965088ms
[2016.05.09-17.25.58:040][598]LogSavePackage: Moving '../../../../../WorkSpace/Unreal Projects/Project/Hero 4.10/Saved/BP_FHero_WarriorF0685746429E930854C76CBC199F7490.tmp' to '../../../../../WorkSpace/Unreal Projects/Project/Hero 4.10/Content/SGH/Character/PlayerCharacter/BP_FHero_Warrior.uasset'
[2016.05.09-17.25.58:044][598]LogSavePackage: Total save time: 1574.287403ms
[2016.05.09-17.25.58:044][598]LogSavePackage:Display: Finished SavePackage ../../../../../WorkSpace/Unreal Projects/Project/Hero 4.10/Content/SGH/Character/PlayerCharacter/BP_FHero_Warrior.uasset
[2016.05.09-17.29.32:989][380]LogActorComponent: UnregisterComponent: (/Engine/Transient.CharMoveComp) Not registered. Aborting.
[2016.05.09-17.29.37:375][381]Cmd: QUIT_EDITOR
[2016.05.09-17.29.37:736][381]LogWindowsTextInputMethodSystem:Display: IME system now activated using TSF (Microsoft 입력기).
[2016.05.09-17.29.37:859][381]LogExit: Preparing to exit.
[2016.05.09-17.29.38:766][381]LogExit: Editor shut down
[2016.05.09-17.29.38:768][381]LogExit: Transaction tracking system shut down
[2016.05.09-17.29.38:808][381]LogParticles: Destroying 0 GPU particle simulations for FXSystem 0x000001EC6FC834C0
[2016.05.09-17.29.38:816][381]LogParticles: Destroying 0 GPU particle simulations for FXSystem 0x000001EC5B84A020
[2016.05.09-17.29.38:816][381]LogParticles: Destroying 0 GPU particle simulations for FXSystem 0x000001EC76772160
[2016.05.09-17.29.38:818][381]LogParticles: Destroying 0 GPU particle simulations for FXSystem 0x000001EC1A303420
[2016.05.09-17.29.38:819][381]LogParticles: Destroying 0 GPU particle simulations for FXSystem 0x000001EC1DC6C220
[2016.05.09-17.29.38:820][381]LogParticles: Destroying 0 GPU particle simulations for FXSystem 0x000001EC1DA72020
[2016.05.09-17.29.38:820][381]LogParticles: Destroying 0 GPU particle simulations for FXSystem 0x000001EC1E1D49A0
[2016.05.09-17.29.38:820][381]LogParticles: Destroying 0 GPU particle simulations for FXSystem 0x000001EC1F38F9C0
[2016.05.09-17.29.39:299][381]LogExit: Object subsystem successfully closed.
[2016.05.09-17.29.39:455][381]LogD3D11RHI: Shutdown
[2016.05.09-17.29.39:455][381]LogD3D11RHI: CleanupD3DDevice
[2016.05.09-17.29.39:565][381]LogD3D11RHI: ~FD3D11DynamicRHI
[2016.05.09-17.29.39:820][381]LogModuleManager: Shutting down and abandoning module SoundCueEditor (201)
[2016.05.09-17.29.39:820][381]LogModuleManager: Shutting down and abandoning module CookingStats (200)
[2016.05.09-17.29.39:820][381]LogModuleManager: Shutting down and abandoning module BlueprintGraph (199)
[2016.05.09-17.29.39:820][381]LogModuleManager: Shutting down and abandoning module CrashTracker (198)
[2016.05.09-17.29.39:820][381]LogModuleManager: Shutting down and abandoning module SceneOutliner (197)
[2016.05.09-17.29.39:820][381]LogModuleManager: Shutting down and abandoning module SuperSearch (196)
[2016.05.09-17.29.39:820][381]LogModuleManager: Shutting down and abandoning module WidgetCarousel (195)
[2016.05.09-17.29.39:820][381]LogModuleManager: Shutting down and abandoning module AddContentDialog (194)
[2016.05.09-17.29.39:828][381]LogModuleManager: Shutting down and abandoning module EditorWidgets (193)
[2016.05.09-17.29.39:828][381]LogModuleManager: Shutting down and abandoning module CollectionManager (192)
[2016.05.09-17.29.39:829][381]LogModuleManager: Shutting down and abandoning module StatsViewer (191)
[2016.05.09-17.29.39:829][381]LogModuleManager: Shutting down and abandoning module FoliageEdit (190)
[2016.05.09-17.29.39:829][381]LogModuleManager: Shutting down and abandoning module LandscapeEditor (189)
[2016.05.09-17.29.39:842][381]LogModuleManager: Shutting down and abandoning module ActorPickerMode (188)
[2016.05.09-17.29.39:842][381]LogModuleManager: Shutting down and abandoning module GeometryMode (187)
[2016.05.09-17.29.39:842][381]LogModuleManager: Shutting down and abandoning module TextureAlignMode (186)
[2016.05.09-17.29.39:842][381]LogModuleManager: Shutting down and abandoning module BspMode (185)
[2016.05.09-17.29.39:842][381]LogModuleManager: Shutting down and abandoning module PlacementMode (184)
[2016.05.09-17.29.39:843][381]LogModuleManager: Shutting down and abandoning module AutomationWorker (183)
[2016.05.09-17.29.39:843][381]LogModuleManager: Shutting down and abandoning module CharacterAI (182)
[2016.05.09-17.29.39:843][381]LogModuleManager: Shutting down and abandoning module SmartSnapping (181)
[2016.05.09-17.29.39:843][381]LogModuleManager: Shutting down and abandoning module ViewportSnapping (180)
[2016.05.09-17.29.39:843][381]LogModuleManager: Shutting down and abandoning module LogVisualizer (179)
[2016.05.09-17.29.39:843][381]LogModuleManager: Shutting down and abandoning module GameProjectGeneration (178)
[2016.05.09-17.29.39:864][381]LogModuleManager: Shutting down and abandoning module IntroTutorials (177)
[2016.05.09-17.29.39:864][381]LogModuleManager: Shutting down and abandoning module EditorLiveStreaming (176)
[2016.05.09-17.29.39:864][381]LogModuleManager: Shutting down and abandoning module IOSPlatformEditor (175)
[2016.05.09-17.29.39:864][381]LogModuleManager: Shutting down and abandoning module HTML5PlatformEditor (174)
[2016.05.09-17.29.39:864][381]LogModuleManager: Shutting down and abandoning module AndroidDeviceDetection (173)
[2016.05.09-17.29.40:850][381]LogModuleManager: Shutting down and abandoning module AndroidPlatformEditor (172)
[2016.05.09-17.29.40:850][381]LogModuleManager: Shutting down and abandoning module IOSRuntimeSettings (171)
[2016.05.09-17.29.40:850][381]LogModuleManager: Shutting down and abandoning module AndroidRuntimeSettings (170)
[2016.05.09-17.29.40:850][381]LogModuleManager: Shutting down and abandoning module MergeActors (169)
[2016.05.09-17.29.40:850][381]LogModuleManager: Shutting down and abandoning module SizeMap (168)
[2016.05.09-17.29.40:851][381]LogModuleManager: Shutting down and abandoning module TreeMap (167)
[2016.05.09-17.29.40:851][381]LogModuleManager: Shutting down and abandoning module ReferenceViewer (166)
[2016.05.09-17.29.40:851][381]LogModuleManager: Shutting down and abandoning module LocalizationService (165)
[2016.05.09-17.29.40:851][381]LogModuleManager: Shutting down and abandoning module LocalizationDashboard (164)
[2016.05.09-17.29.41:034][381]LogModuleManager: Shutting down and abandoning module HardwareTargeting (163)
[2016.05.09-17.29.41:035][381]LogModuleManager: Shutting down and abandoning module DeviceProfileEditor (162)
[2016.05.09-17.29.41:035][381]LogModuleManager: Shutting down and abandoning module UndoHistory (161)
[2016.05.09-17.29.41:035][381]LogModuleManager: Shutting down and abandoning module GameplayTagsEditor (160)
[2016.05.09-17.29.41:035][381]LogModuleManager: Shutting down and abandoning module UserFeedback (159)
[2016.05.09-17.29.41:035][381]LogModuleManager: Shutting down and abandoning module XmlParser (158)
[2016.05.09-17.29.41:035][381]LogModuleManager: Shutting down and abandoning module Blutility (157)
[2016.05.09-17.29.41:035][381]LogModuleManager: Shutting down and abandoning module ProjectTargetPlatformEditor (156)
[2016.05.09-17.29.41:035][381]LogModuleManager: Shutting down and abandoning module ProjectSettingsViewer (155)
[2016.05.09-17.29.41:036][381]LogModuleManager: Shutting down and abandoning module InputBindingEditor (154)
[2016.05.09-17.29.41:036][381]LogModuleManager: Shutting down and abandoning module EditorSettingsViewer (153)
[2016.05.09-17.29.41:036][381]LogModuleManager: Shutting down and abandoning module SettingsEditor (152)
[2016.05.09-17.29.41:036][381]LogModuleManager: Shutting down and abandoning module ProjectLauncher (151)
[2016.05.09-17.29.41:058][381]LogModuleManager: Shutting down and abandoning module SessionFrontend (150)
[2016.05.09-17.29.41:058][381]LogModuleManager: Shutting down and abandoning module ProfilerClient (149)
[2016.05.09-17.29.41:058][381]LogModuleManager: Shutting down and abandoning module TargetDeviceServices (148)
[2016.05.09-17.29.41:058][381]LogModuleManager: Shutting down and abandoning module DeviceManager (147)
[2016.05.09-17.29.41:059][381]LogModuleManager: Shutting down and abandoning module AutomationController (146)
[2016.05.09-17.29.41:059][381]LogModuleManager: Shutting down and abandoning module AutomationWindow (145)
[2016.05.09-17.29.41:072][381]LogModuleManager: Shutting down and abandoning module Layers (144)
[2016.05.09-17.29.41:086][381]LogModuleManager: Shutting down and abandoning module ComponentVisualizers (143)
[2016.05.09-17.29.41:087][381]LogModuleManager: Shutting down and abandoning module DetailCustomizations (142)
[2016.05.09-17.29.41:087][381]LogModuleManager: Shutting down and abandoning module PackagesDialog (141)
[2016.05.09-17.29.41:087][381]LogModuleManager: Shutting down and abandoning module Persona (140)
[2016.05.09-17.29.41:101][381]LogModuleManager: Shutting down and abandoning module Kismet (139)
[2016.05.09-17.29.41:102][381]LogModuleManager: Shutting down and abandoning module GraphEditor (138)
[2016.05.09-17.29.41:102][381]LogModuleManager: Shutting down and abandoning module ClassViewer (137)
[2016.05.09-17.29.41:102][381]LogModuleManager: Shutting down and abandoning module Toolbox (136)
[2016.05.09-17.29.41:102][381]LogModuleManager: Shutting down and abandoning module ModuleUI (135)
[2016.05.09-17.29.41:102][381]LogModuleManager: Shutting down and abandoning module MovieSceneTools (134)
[2016.05.09-17.29.41:103][381]LogModuleManager: Shutting down and abandoning module OutputLog (133)
[2016.05.09-17.29.41:103][381]LogModuleManager: Shutting down and abandoning module GammaUI (132)
[2016.05.09-17.29.41:103][381]LogModuleManager: Shutting down and abandoning module Documentation (131)
[2016.05.09-17.29.41:103][381]LogModuleManager: Shutting down and abandoning module GameLiveStreaming (130)
[2016.05.09-17.29.41:103][381]LogModuleManager: Shutting down and abandoning module StreamingPauseRendering (129)
[2016.05.09-17.29.41:103][381]LogModuleManager: Shutting down and abandoning module AnalyticsET (128)
[2016.05.09-17.29.41:103][381]LogModuleManager: Shutting down and abandoning module Analytics (127)
[2016.05.09-17.29.41:103][381]LogModuleManager: Shutting down and abandoning module AITestSuite (126)
[2016.05.09-17.29.41:103][381]LogModuleManager: Shutting down and abandoning module GameplayDebugger (125)
[2016.05.09-17.29.41:103][381]LogModuleManager: Shutting down and abandoning module AIModule (124)
[2016.05.09-17.29.41:103][381]LogModuleManager: Shutting down and abandoning module ProfilerService (123)
[2016.05.09-17.29.41:338][381]LogModuleManager: Shutting down and abandoning module TaskGraph (122)
[2016.05.09-17.29.41:338][381]LogModuleManager: Shutting down and abandoning module SlateRemote (121)
[2016.05.09-17.29.41:338][381]LogModuleManager: Shutting down and abandoning module SteamVRController (120)
[2016.05.09-17.29.41:338][381]LogModuleManager: Shutting down and abandoning module SteamVR (119)
[2016.05.09-17.29.41:338][381]LogModuleManager: Shutting down and abandoning module ProceduralMeshComponent (118)
[2016.05.09-17.29.41:338][381]LogModuleManager: Shutting down and abandoning module OculusLibrary (117)
[2016.05.09-17.29.41:338][381]LogModuleManager: Shutting down and abandoning module OculusInput (116)
[2016.05.09-17.29.41:338][381]LogModuleManager: Shutting down and abandoning module LeapMotionController (115)
[2016.05.09-17.29.41:365][381]LogModuleManager: Shutting down and abandoning module CustomMeshComponent (114)
[2016.05.09-17.29.41:365][381]LogModuleManager: Shutting down and abandoning module CableComponent (113)
[2016.05.09-17.29.41:365][381]LogModuleManager: Shutting down and abandoning module ArchVisCharacter (112)
[2016.05.09-17.29.41:365][381]LogModuleManager: Shutting down and abandoning module MessagingDebugger (111)
[2016.05.09-17.29.41:373][381]LogModuleManager: Shutting down and abandoning module MediaPlayerEditor (110)
[2016.05.09-17.29.41:373][381]LogModuleManager: Shutting down and abandoning module HTML5Networking (109)
[2016.05.09-17.29.41:373][381]LogModuleManager: Shutting down and abandoning module SpeedTreeImporter (108)
[2016.05.09-17.29.41:373][381]LogModuleManager: Shutting down and abandoning module PluginBrowser (107)
[2016.05.09-17.29.41:380][381]LogModuleManager: Shutting down and abandoning module EpicSurvey (106)
[2016.05.09-17.29.41:380][381]LogModuleManager: Shutting down and abandoning module DesktopPlatform (105)
[2016.05.09-17.29.41:380][381]LogModuleManager: Shutting down and abandoning module VisualStudioSourceCodeAccess (104)
[2016.05.09-17.29.41:380][381]LogModuleManager: Shutting down and abandoning module UObjectPlugin (103)
[2016.05.09-17.29.41:380][381]LogModuleManager: Shutting down and abandoning module SubversionSourceControl (102)
[2016.05.09-17.29.41:380][381]LogModuleManager: Shutting down and abandoning module PerforceSourceControl (101)
[2016.05.09-17.29.41:380][381]LogModuleManager: Shutting down and abandoning module SourceControl (100)
[2016.05.09-17.29.41:387][381]LogModuleManager: Shutting down and abandoning module GitSourceControl (99)
[2016.05.09-17.29.41:387][381]LogModuleManager: Shutting down and abandoning module LightPropagationVolumeEditor (98)
[2016.05.09-17.29.41:387][381]LogModuleManager: Shutting down and abandoning module PaperTiledImporter (97)
[2016.05.09-17.29.41:387][381]LogModuleManager: Shutting down and abandoning module PaperSpriteSheetImporter (96)
[2016.05.09-17.29.41:387][381]LogModuleManager: Shutting down and abandoning module MeshPaint (95)
[2016.05.09-17.29.41:387][381]LogModuleManager: Shutting down and abandoning module SlateReflector (94)
[2016.05.09-17.29.41:387][381]LogModuleManager: Shutting down and abandoning module HotReload (93)
[2016.05.09-17.29.41:387][381]LogModuleManager: Shutting down and abandoning module MainFrame (92)
[2016.05.09-17.29.41:387][381]LogModuleManager: Shutting down and abandoning module LevelEditor (91)
[2016.05.09-17.29.41:402][381]LogModuleManager: Shutting down and abandoning module DirectoryWatcher (90)
[2016.05.09-17.29.41:405][381]LogModuleManager: Shutting down and abandoning module AssetRegistry (89)
[2016.05.09-17.29.41:487][381]LogModuleManager: Shutting down and abandoning module ContentBrowser (88)
[2016.05.09-17.29.41:489][381]LogModuleManager: Shutting down and abandoning module Paper2DEditor (87)
[2016.05.09-17.29.41:505][381]LogModuleManager: Shutting down and abandoning module UdpMessaging (86)
[2016.05.09-17.29.41:605][381]LogModuleManager: Shutting down and abandoning module LightPropagationVolumeRuntime (85)
[2016.05.09-17.29.41:605][381]LogModuleManager: Shutting down and abandoning module Paper2D (84)
[2016.05.09-17.29.41:605][381]LogModuleManager: Shutting down and abandoning module WindowsMoviePlayer (83)
[2016.05.09-17.29.41:609][381]LogModuleManager: Shutting down and abandoning module Media (82)
[2016.05.09-17.29.41:609][381]LogModuleManager: Shutting down and abandoning module WmfMedia (81)
[2016.05.09-17.29.41:609][381]LogModuleManager: Shutting down and abandoning module OnlineBlueprintSupport (80)
[2016.05.09-17.29.41:609][381]LogModuleManager: Shutting down and abandoning module GameplayTasksEditor (79)
[2016.05.09-17.29.41:609][381]LogModuleManager: Shutting down and abandoning module PropertyEditor (78)
[2016.05.09-17.29.41:609][381]LogModuleManager: Shutting down and abandoning module BehaviorTreeEditor (77)
[2016.05.09-17.29.41:626][381]LogModuleManager: Shutting down and abandoning module FunctionalTesting (76)
[2016.05.09-17.29.41:626][381]LogModuleManager: Shutting down and abandoning module CollisionAnalyzer (75)
[2016.05.09-17.29.41:626][381]LogModuleManager: Shutting down and abandoning module WorkspaceMenuStructure (74)
[2016.05.09-17.29.41:626][381]LogModuleManager: Shutting down and abandoning module MessageLog (73)
[2016.05.09-17.29.41:626][381]LogModuleManager: Shutting down and abandoning module Sequencer (72)
[2016.05.09-17.29.41:643][381]LogModuleManager: Shutting down and abandoning module AssetTools (71)
[2016.05.09-17.29.41:655][381]LogModuleManager: Shutting down and abandoning module UMGEditor (70)
[2016.05.09-17.29.41:677][381]LogModuleManager: Shutting down and abandoning module UMG (69)
[2016.05.09-17.29.41:700][381]LogModuleManager: Shutting down and abandoning module Slate (68)
[2016.05.09-17.29.41:700][381]LogModuleManager: Shutting down and abandoning module EditorStyle (67)
[2016.05.09-17.29.41:704][381]LogModuleManager: Shutting down and abandoning module SessionServices (66)
[2016.05.09-17.29.41:704][381]LogModuleManager: Shutting down and abandoning module SourceCodeAccess (65)
[2016.05.09-17.29.41:704][381]LogModuleManager: Shutting down and abandoning module HeadMountedDisplay (64)
[2016.05.09-17.29.41:704][381]LogModuleManager: Shutting down and abandoning module XAudio2 (63)
[2016.05.09-17.29.41:704][381]LogModuleManager: Shutting down and abandoning module Networking (61)
[2016.05.09-17.29.41:704][381]LogModuleManager: Shutting down and abandoning module Core (60)
[2016.05.09-17.29.41:704][381]LogModuleManager: Shutting down and abandoning module KismetCompiler (59)
[2016.05.09-17.29.41:704][381]LogModuleManager: Shutting down and abandoning module PhysXFormats (58)
[2016.05.09-17.29.41:704][381]LogModuleManager: Shutting down and abandoning module MeshUtilities (57)
[2016.05.09-17.29.41:722][381]LogModuleManager: Shutting down and abandoning module DerivedDataCache (56)
[2016.05.09-17.29.41:814][381]LogDerivedDataCache: Shutdown
[2016.05.09-17.29.41:814][381]LogModuleManager: Shutting down and abandoning module ShaderFormatOpenGL (55)
[2016.05.09-17.29.41:869][381]LogModuleManager: Shutting down and abandoning module ShaderFormatD3D (54)
[2016.05.09-17.29.41:869][381]LogModuleManager: Shutting down and abandoning module MetalShaderFormat (53)
[2016.05.09-17.29.41:882][381]LogModuleManager: Shutting down and abandoning module TextureFormatUncompressed (52)
[2016.05.09-17.29.41:882][381]LogModuleManager: Shutting down and abandoning module TextureFormatPVR (51)
[2016.05.09-17.29.41:882][381]LogModuleManager: Shutting down and abandoning module TextureFormatIntelISPCTexComp (50)
[2016.05.09-17.29.41:882][381]LogModuleManager: Shutting down and abandoning module TextureFormatDXT (49)
[2016.05.09-17.29.41:882][381]LogModuleManager: Shutting down and abandoning module ImageWrapper (48)
[2016.05.09-17.29.41:883][381]LogModuleManager: Shutting down and abandoning module TextureFormatASTC (47)
[2016.05.09-17.29.41:883][381]LogModuleManager: Shutting down and abandoning module TextureFormatAndroid (46)
[2016.05.09-17.29.41:883][381]LogModuleManager: Shutting down and abandoning module AudioFormatOpus (45)
[2016.05.09-17.29.41:883][381]LogModuleManager: Shutting down and abandoning module AudioFormatOgg (44)
[2016.05.09-17.29.41:883][381]LogModuleManager: Shutting down and abandoning module AudioFormatADPCM (43)
[2016.05.09-17.29.41:883][381]LogModuleManager: Shutting down and abandoning module LinuxTargetPlatform (42)
[2016.05.09-17.29.41:883][381]LogModuleManager: Shutting down and abandoning module LinuxServerTargetPlatform (41)
[2016.05.09-17.29.41:883][381]LogModuleManager: Shutting down and abandoning module LinuxNoEditorTargetPlatform (40)
[2016.05.09-17.29.41:883][381]LogModuleManager: Shutting down and abandoning module Messaging (39)
[2016.05.09-17.29.41:883][381]LogModuleManager: Shutting down and abandoning module IOSTargetPlatform (38)
[2016.05.09-17.29.41:883][381]LogModuleManager: Shutting down and abandoning module HTML5TargetPlatform (37)
[2016.05.09-17.29.41:883][381]LogModuleManager: Shutting down and abandoning module Android_PVRTCTargetPlatform (36)
[2016.05.09-17.29.41:883][381]LogModuleManager: Shutting down and abandoning module Android_MultiTargetPlatform (35)
[2016.05.09-17.29.41:883][381]LogModuleManager: Shutting down and abandoning module Android_ETC2TargetPlatform (34)
[2016.05.09-17.29.41:883][381]LogModuleManager: Shutting down and abandoning module Android_ETC1TargetPlatform (33)
[2016.05.09-17.29.41:883][381]LogModuleManager: Shutting down and abandoning module Android_DXTTargetPlatform (32)
[2016.05.09-17.29.41:883][381]LogModuleManager: Shutting down and abandoning module Android_ATCTargetPlatform (31)
[2016.05.09-17.29.41:883][381]LogModuleManager: Shutting down and abandoning module Android_ASTCTargetPlatform (30)
[2016.05.09-17.29.41:883][381]LogModuleManager: Shutting down and abandoning module AndroidTargetPlatform (29)
[2016.05.09-17.29.41:883][381]LogModuleManager: Shutting down and abandoning module WindowsTargetPlatform (28)
[2016.05.09-17.29.41:884][381]LogModuleManager: Shutting down and abandoning module WindowsServerTargetPlatform (27)
[2016.05.09-17.29.41:884][381]LogModuleManager: Shutting down and abandoning module WindowsNoEditorTargetPlatform (26)
[2016.05.09-17.29.41:884][381]LogModuleManager: Shutting down and abandoning module WindowsClientTargetPlatform (25)
[2016.05.09-17.29.41:884][381]LogModuleManager: Shutting down and abandoning module AllDesktopTargetPlatform (24)
[2016.05.09-17.29.41:884][381]LogModuleManager: Shutting down and abandoning module TargetPlatform (23)
[2016.05.09-17.29.41:884][381]LogModuleManager: Shutting down and abandoning module InputCore (22)
[2016.05.09-17.29.41:884][381]LogModuleManager: Shutting down and abandoning module Settings (21)
[2016.05.09-17.29.41:884][381]LogModuleManager: Shutting down and abandoning module OnlineSubsystem (19)
[2016.05.09-17.29.41:884][381]LogModuleManager: Shutting down and abandoning module HTTP (18)
[2016.05.09-17.29.43:888][381]LogModuleManager: Shutting down and abandoning module XMPP (17)
[2016.05.09-17.29.43:915][381]LogModuleManager: Shutting down and abandoning module OculusRift (16)
[2016.05.09-17.29.43:924][381]LogModuleManager: Shutting down and abandoning module ExampleDeviceProfileSelector (15)
[2016.05.09-17.29.43:924][381]LogModuleManager: Shutting down and abandoning module TextureCompressor (14)
[2016.05.09-17.29.43:924][381]LogModuleManager: Shutting down and abandoning module ShaderCore (13)
[2016.05.09-17.29.43:924][381]LogModuleManager: Shutting down and abandoning module Landscape (12)
[2016.05.09-17.29.43:924][381]LogModuleManager: Shutting down and abandoning module SlateRHIRenderer (11)
[2016.05.09-17.29.43:936][381]LogModuleManager: Shutting down and abandoning module OpenGLDrv (10)
[2016.05.09-17.29.43:952][381]LogModuleManager: Shutting down and abandoning module D3D11RHI (9)
[2016.05.09-17.29.43:953][381]LogModuleManager: Shutting down and abandoning module AnimGraphRuntime (8)
[2016.05.09-17.29.43:953][381]LogModuleManager: Shutting down and abandoning module Renderer (7)
[2016.05.09-17.29.43:953][381]LogModuleManager: Shutting down and abandoning module Engine (6)
[2016.05.09-17.29.43:953][381]LogModuleManager: Shutting down and abandoning module CoreUObject (5)
[2016.05.09-17.29.43:953][381]LogModuleManager: Shutting down and abandoning module NetworkFile (4)
[2016.05.09-17.29.43:953][381]LogModuleManager: Shutting down and abandoning module StreamingFile (3)
[2016.05.09-17.29.43:953][381]LogModuleManager: Shutting down and abandoning module SandboxFile (2)
[2016.05.09-17.29.43:953][381]LogModuleManager: Shutting down and abandoning module PakFile (1)
[2016.05.09-17.29.43:956][381]LogExit: Exiting.
[2016.05.09-17.29.43:963][381]Log file closed, 05/10/16 02:29:43
