[2016.05.02-11.48.16:468][  0]Log file open, 05/02/16 20:48:16
[2016.05.02-11.48.16:468][  0]LogInit:Display: Running engine for game: Hero
[2016.05.02-11.48.16:468][  0]LogPlatformFile: Not using cached read wrapper
[2016.05.02-11.48.16:468][  0]LogInit:Display: RandInit(311985472) SRandInit(311985474).
[2016.05.02-11.48.16:468][  0]LogTaskGraph: Started task graph with 4 named threads and 7 total threads.
[2016.05.02-11.48.16:468][  0]LogStats: Stats thread started at 4.630850
[2016.05.02-11.48.16:468][  0]LogInit: Version: 4.10.4-2872498+++depot+UE4-Releases+4.10
[2016.05.02-11.48.16:468][  0]LogInit: API Version: 2758231
[2016.05.02-11.48.16:468][  0]LogInit: Compiled (64-bit): Feb 18 2016 15:47:04
[2016.05.02-11.48.16:468][  0]LogInit: Compiled with Visual C++: 19.00.23026.00
[2016.05.02-11.48.16:468][  0]LogInit: Build Configuration: Development
[2016.05.02-11.48.16:468][  0]LogInit: Branch Name: ++depot+UE4-Releases+4.10
[2016.05.02-11.48.16:468][  0]LogInit: Command line:  
[2016.05.02-11.48.16:468][  0]LogInit: Base directory: D:/Development Kit/Epic Games/4.10/Engine/Binaries/Win64/
[2016.05.02-11.48.16:468][  0]LogInit: Rocket: 1
[2016.05.02-11.48.16:531][  0]LogInit: Using libcurl 7.41.0
[2016.05.02-11.48.16:531][  0]LogInit:  - built for x86_64-pc-win32
[2016.05.02-11.48.16:531][  0]LogInit:  - supports SSL with WinSSL
[2016.05.02-11.48.16:531][  0]LogInit:  - other features:
[2016.05.02-11.48.16:531][  0]LogInit:      CURL_VERSION_SSL
[2016.05.02-11.48.16:531][  0]LogInit:      CURL_VERSION_IPV6
[2016.05.02-11.48.16:531][  0]LogInit:      CURL_VERSION_ASYNCHDNS
[2016.05.02-11.48.16:531][  0]LogInit:      CURL_VERSION_LARGEFILE
[2016.05.02-11.48.16:531][  0]LogInit:      CURL_VERSION_IDN
[2016.05.02-11.48.16:531][  0]LogInit:  CurlRequestOptions (configurable via config and command line):
[2016.05.02-11.48.16:531][  0]LogInit:  - bVerifyPeer = true  - Libcurl will verify peer certificate
[2016.05.02-11.48.16:531][  0]LogInit:  - bUseHttpProxy = false  - Libcurl will NOT use HTTP proxy
[2016.05.02-11.48.16:531][  0]LogInit:  - bDontReuseConnections = false  - Libcurl will reuse connections
[2016.05.02-11.48.16:531][  0]LogInit:  - CertBundlePath = nullptr  - Libcurl will use whatever was configured at build time.
[2016.05.02-11.48.17:328][  0]LogInit: Presizing for 0 objects not considered by GC, pre-allocating 0 bytes.
[2016.05.02-11.48.17:343][  0]LogInit: Object subsystem initialized
[2016.05.02-11.48.17:343][  0]LogInit: Selected Device Profile: [Windows]
[2016.05.02-11.48.17:343][  0]LogInit: Applying CVar settings loaded from the selected device profile: [Windows]
[2016.05.02-11.48.17:380][  0]LogInit: Computer: NARAMPC
[2016.05.02-11.48.17:380][  0]LogInit: User: Naram
[2016.05.02-11.48.17:380][  0]LogInit: CPU Page size=4096, Cores=4
[2016.05.02-11.48.17:380][  0]LogInit: High frequency timer resolution =3.312645 MHz
[2016.05.02-11.48.17:380][  0]LogMemory: Memory total: Physical=7.5GB (8GB approx)
[2016.05.02-11.48.17:380][  0]LogMemory: Platform Memory Stats for Windows
[2016.05.02-11.48.17:380][  0]LogMemory: Process Physical Memory: 56.33 MB used, 56.33 MB peak
[2016.05.02-11.48.17:380][  0]LogMemory: Process Virtual Memory: 56.70 MB used, 56.70 MB peak
[2016.05.02-11.48.17:380][  0]LogMemory: Physical Memory: 2114.62 MB used, 7634.24 MB total
[2016.05.02-11.48.17:380][  0]LogMemory: Virtual Memory: 382.15 MB used, 134217728.00 MB total
[2016.05.02-11.48.17:793][  0]LogTextLocalizationManager: No specific translations for ('ko-KR') exist, so ('ko') translations will be used.
[2016.05.02-11.48.17:827][  0]LogTextLocalizationManager:Warning: Loaded localization resources contain conflicting entries for (Namespace:UObjectToolTips, Key:AnimNode_AssetPlayerBase:InternalTimeAccumulator):
Localization Resource: (D:/Development Kit/Epic Games/4.10/Engine/Content/Localization/EditorTutorials/ko/EditorTutorials.locres) Source String Hash: (502993589) Localized String: (이 노드에서 애셋을 레퍼런싱하는 데 사용되는 누적 시간입니다.)
Localization Resource: (D:/Development Kit/Epic Games/4.10/Engine/Content/Localization/Engine/ko/Engine.locres) Source String Hash: (502993589) Localized String: (이 노드에서 애셋을 레퍼런싱하는 데 사용된 누적 시간입니다.)
[2016.05.02-11.48.17:828][  0]LogTextLocalizationManager:Warning: Loaded localization resources contain conflicting entries for (Namespace:UObjectToolTips, Key:AnimNode_AssetPlayerBase:bIgnoreForRelevancyTest):
Localization Resource: (D:/Development Kit/Epic Games/4.10/Engine/Content/Localization/EditorTutorials/ko/EditorTutorials.locres) Source String Hash: (319969718) Localized String: (True 면, 스테이트에서 최고 가중치 애니메이션을 찾는 "Relevant anim" 노드는 이 노드를 무시합니다.
 )
Localization Resource: (D:/Development Kit/Epic Games/4.10/Engine/Content/Localization/Engine/ko/Engine.locres) Source String Hash: (319969718) Localized String: (True 면 스테이트 내 최고 웨이팅된 애니메이션을 찾는 "Relevant anim" 노드가 무시됩니다.
 )
[2016.05.02-11.48.17:828][  0]LogTextLocalizationManager:Warning: Loaded localization resources contain conflicting entries for (Namespace:UObjectToolTips, Key:AnimNode_AssetPlayerBase:BlendWeight):
Localization Resource: (D:/Development Kit/Epic Games/4.10/Engine/Content/Localization/EditorTutorials/ko/EditorTutorials.locres) Source String Hash: (-1232800293) Localized String: (이 노드에 마지막 걸린 블렌드웨이트 입니다.)
Localization Resource: (D:/Development Kit/Epic Games/4.10/Engine/Content/Localization/Engine/ko/Engine.locres) Source String Hash: (-1232800293) Localized String: (이 노드에 대해 마지막 접한 블렌드 웨이트)
[2016.05.02-11.48.18:072][  0]LogD3D11RHI: Found D3D11 adapter 0: NVIDIA GeForce GTX 660   (Feature Level 11_0)
[2016.05.02-11.48.18:072][  0]LogD3D11RHI: Adapter has 1988MB of dedicated video memory, 0MB of dedicated system memory, and 3817MB of shared system memory, 1 output[s]
[2016.05.02-11.48.18:074][  0]LogD3D11RHI: Found D3D11 adapter 1: Microsoft Basic Render Driver (Feature Level 11_0)
[2016.05.02-11.48.18:074][  0]LogD3D11RHI: Adapter has 0MB of dedicated video memory, 0MB of dedicated system memory, and 3817MB of shared system memory, 0 output[s]
[2016.05.02-11.48.18:074][  0]LogD3D11RHI: Chosen D3D11 Adapter Id = 0
[2016.05.02-11.48.18:077][  0]LogD3D11RHI: !Direct3DDevice
[2016.05.02-11.48.18:078][  0]LogRHI: Texture pool is 1361 MB (70% of 1945 MB)
[2016.05.02-11.48.18:091][  0]LogD3D11RHI: Async texture creation enabled
[2016.05.02-11.48.18:105][  0]LogShaderCompilers: Guid format shader working directory is 1 characters bigger than the processId version (H:/Projects/Unreal Projects/Project/Hero 4.10/Intermediate/Shaders/WorkingDirectory/9252/).
[2016.05.02-11.48.18:106][  0]LogShaderCompilers: Cleaned the shader compiler working directory 'C:/Users/Naram/AppData/Local/Temp/UnrealShaderWorkingDir/0661C49C4735257ABB38DC925D287A9E/'.
[2016.05.02-11.48.18:106][  0]LogShaderCompilers:Display: Using Local Shader Compiler.
[2016.05.02-11.48.20:300][  0]LogTemp:Display: Loaded TP AllDesktopTargetPlatform
[2016.05.02-11.48.20:304][  0]LogTemp:Display: Loaded TP WindowsClientTargetPlatform
[2016.05.02-11.48.20:309][  0]LogTemp:Display: Loaded TP WindowsNoEditorTargetPlatform
[2016.05.02-11.48.20:313][  0]LogTemp:Display: Loaded TP WindowsServerTargetPlatform
[2016.05.02-11.48.20:318][  0]LogTemp:Display: Loaded TP WindowsTargetPlatform
[2016.05.02-11.48.20:322][  0]LogTemp:Display: Loaded TP AndroidTargetPlatform
[2016.05.02-11.48.20:325][  0]LogTemp:Display: Loaded TP Android_ASTCTargetPlatform
[2016.05.02-11.48.20:328][  0]LogTemp:Display: Loaded TP Android_ATCTargetPlatform
[2016.05.02-11.48.20:331][  0]LogTemp:Display: Loaded TP Android_DXTTargetPlatform
[2016.05.02-11.48.20:334][  0]LogTemp:Display: Loaded TP Android_ETC1TargetPlatform
[2016.05.02-11.48.20:337][  0]LogTemp:Display: Loaded TP Android_ETC2TargetPlatform
[2016.05.02-11.48.20:343][  0]LogTemp:Display: Loaded TP Android_MultiTargetPlatform
[2016.05.02-11.48.20:343][  0]LogTemp:Display: Loaded TP Android_PVRTCTargetPlatform
[2016.05.02-11.48.20:344][  0]LogTemp:Display: Loaded TP HTML5TargetPlatform
[2016.05.02-11.48.20:414][  0]LogTemp:Display: Loaded TP IOSTargetPlatform
[2016.05.02-11.48.20:416][  0]LogTemp:Display: Loaded TP LinuxNoEditorTargetPlatform
[2016.05.02-11.48.20:419][  0]LogTemp:Display: Loaded TP LinuxServerTargetPlatform
[2016.05.02-11.48.20:423][  0]LogTemp:Display: Loaded TP LinuxTargetPlatform
[2016.05.02-11.48.20:423][  0]LogTargetPlatformManager:Display: Building Assets For Windows
[2016.05.02-11.48.21:790][  0]LogDerivedDataCache:Display: Max Cache Size: 512 MB
[2016.05.02-11.48.22:376][  0]LogDerivedDataCache: Loaded boot cache 0.59s 41MB C:/Users/Naram/AppData/Local/UnrealEngine/4.10/DerivedDataCache/Boot.ddc.
[2016.05.02-11.48.22:376][  0]LogDerivedDataCache:Display: Loaded Boot cache: C:/Users/Naram/AppData/Local/UnrealEngine/4.10/DerivedDataCache/Boot.ddc
[2016.05.02-11.48.22:376][  0]LogDerivedDataCache: FDerivedDataBackendGraph:  Pak pak cache file H:/Projects/Unreal Projects/Project/Hero 4.10/DerivedDataCache/DDC.ddp not found, will not use a pak cache.
[2016.05.02-11.48.22:376][  0]LogDerivedDataCache: Unable to find inner node Pak for hierarchical cache Hierarchy.
[2016.05.02-11.48.22:376][  0]LogDerivedDataCache: FDerivedDataBackendGraph:  CompressedPak pak cache file H:/Projects/Unreal Projects/Project/Hero 4.10/DerivedDataCache/Compressed.ddp not found, will not use a pak cache.
[2016.05.02-11.48.22:376][  0]LogDerivedDataCache: Unable to find inner node CompressedPak for hierarchical cache Hierarchy.
[2016.05.02-11.48.22:879][  0]LogDerivedDataCache:Display: Pak cache opened for reading ../../../Engine/DerivedDataCache/Compressed.ddp.
[2016.05.02-11.48.22:896][  0]LogDerivedDataCache: Using Local data cache path C:/Users/Naram/AppData/Local/UnrealEngine/Common/DerivedDataCache: Writable
[2016.05.02-11.48.43:876][  0]LogInit: Selected Device Profile: [Windows]
[2016.05.02-11.48.43:990][  0]LogContentStreaming: Texture pool size is 0.000000MB
[2016.05.02-11.48.45:646][  0]LogMeshUtilities: No automatic mesh reduction module available
[2016.05.02-11.48.45:646][  0]LogMeshUtilities: No automatic mesh merging module available
[2016.05.02-11.48.49:773][  0]LogInit: WinSock: version 1.1 (2.2), MaxSocks=32767, MaxUdp=65467
[2016.05.02-11.49.12:919][  0]UdpMessaging: Initializing bridge on interface 0.0.0.0:0 to multicast group 230.0.0.1:6666.
[2016.05.02-11.49.13:501][  0]LogAssetRegistry: FAssetRegistry took 0.0126 seconds to start up
[2016.05.02-11.49.16:207][  0]SourceControl: 정보 소스 콘트롤이 꺼졌습니다.
[2016.05.02-11.49.16:300][  0]SourceControl: 정보 소스 콘트롤이 꺼졌습니다.
[2016.05.02-11.49.16:457][  0]SourceControl: 정보 소스 콘트롤이 꺼졌습니다.
[2016.05.02-11.49.16:486][  0]SourceControl: 정보 소스 콘트롤이 꺼졌습니다.
[2016.05.02-11.49.17:861][  0]LogObj: 28633 objects as part of root set at end of initial load.
[2016.05.02-11.49.17:861][  0]LogUObjectAllocator: 6099744 out of 0 bytes used by permanent object pool.
[2016.05.02-11.49.18:601][  0]LogEngine: Initializing Engine...
[2016.05.02-11.49.18:631][  0]LogHMD: Can't find Oculus library dev build: is proper Runtime installed? Version: 0.8.0.0
[2016.05.02-11.49.18:708][  0]LogHMD: SteamVR failed to initialize.  Err: 100
[2016.05.02-11.49.21:163][  0]LogAIModule: Creating AISystem for world NewWorld
[2016.05.02-11.49.21:543][  0]LogInit: XAudio2 using '스피커(Realtek High Definition Audio)' : 2 channels at 48 kHz using 32 bits per sample (channel mask 0x3)
[2016.05.02-11.49.21:592][  0]LogInit: FAudioDevice initialized.
[2016.05.02-11.49.21:701][  0]LogDerivedDataCache: Saved boot cache 0.11s 41MB C:/Users/Naram/AppData/Local/UnrealEngine/4.10/DerivedDataCache/Boot.ddc.
[2016.05.02-11.49.21:708][  0]LogInit: Texture streaming: Enabled
[2016.05.02-11.49.21:811][  0]LogAnalytics: Creating configured Analytics provider AnalyticsET
[2016.05.02-11.49.21:811][  0]LogAnalytics: [UEEditor.Rocket.Release] APIServer = http://et2.epicgames.com/ET2/. AppVersion = 4.10.4-2872498+++depot+UE4-Releases+4.10
[2016.05.02-11.49.21:812][  0]LogAnalytics: [UEEditor.Rocket.Release] SetUserId 325538314b44384481730f8403d05ed6|5757bc0e79d542efb21b5d5f30a43a1b|7f17f01b-53ac-4a4b-834a-c233f59ae9e6
[2016.05.02-11.49.21:842][  0]LogAnalytics: [UEEditor.Rocket.Release] AnalyticsET::StartSession
[2016.05.02-11.49.26:048][  0]LogInit: Transaction tracking system initialized
[2016.05.02-11.49.26:526][  0]BlueprintLog: New page: 에디터 로드
[2016.05.02-11.49.29:046][  0]LocalizationService: 정보 현지화 서비스가 비활성화되었습니다.
[2016.05.02-11.49.30:718][  0]LogConsoleResponse:Display: 
[2016.05.02-11.49.38:076][  0]LogCook:Display: Done creating registry. It took  0.00s.
[2016.05.02-11.49.39:938][  0]LogFileCache: Scanning file cache for directory 'H:/Projects/Unreal Projects/Project/Hero 4.10/Content/' took 0.19s
[2016.05.02-11.49.40:401][  0]SourceControl: 정보 소스 콘트롤이 꺼졌습니다.
[2016.05.02-11.49.40:541][  0]Cmd: MAP LOAD FILE="H:/Projects/Unreal Projects/Project/Hero 4.10/Content/StarterContent/Maps/Minimal_Default.umap" TEMPLATE=0 SHOWPROGRESS=1 FEATURELEVEL=3
[2016.05.02-11.49.40:702][  0]LightingResults: New page: 라이팅 빌드
[2016.05.02-11.49.40:984][  0]MapCheck: New page: 맵 체크
[2016.05.02-11.49.40:984][  0]LightingResults: New page: 라이팅 빌드
[2016.05.02-11.49.41:595][  0]LogParticles: Destroying 0 GPU particle simulations for FXSystem 0x00000218022ED260
[2016.05.02-11.50.00:499][  0]LogAIModule: Creating AISystem for world Minimal_Default
[2016.05.02-11.50.01:825][  0]LogEditorServer: Finished looking for orphan Actors (0.000 secs)
[2016.05.02-11.50.02:083][  0]Cmd: MAP CHECKDEP NOCLEARLOG
[2016.05.02-11.50.02:333][  0]MapCheck: 정보 맵 체크 완료: 오류 0 회, 경고 0 회, 소요 시간 249.222ms.
[2016.05.02-11.50.02:333][  0]LogFileHelpers: Loading map 'Minimal_Default' took 21.837
[2016.05.02-11.50.04:675][  0]LogCollectionManager: Loaded 0 collections in 0.005570 seconds
[2016.05.02-11.50.05:468][  0]LogFileCache: Scanning file cache for directory 'H:/Projects/Unreal Projects/Project/Hero 4.10/Saved/Collections/' took 0.01s
[2016.05.02-11.50.05:468][  0]LogFileCache: Scanning file cache for directory 'H:/Projects/Unreal Projects/Project/Hero 4.10/Content/Developers/Naram/Collections/' took 0.01s
[2016.05.02-11.50.05:468][  0]LogFileCache: Scanning file cache for directory 'H:/Projects/Unreal Projects/Project/Hero 4.10/Content/Collections/' took 0.01s
[2016.05.02-11.50.05:468][  0]LogCollectionManager: Rebuilt the GUID cache for 0 collections in 0.000008 seconds
[2016.05.02-11.50.05:543][  0]LogContentBrowser: Native class hierarchy populated in 0.0529 seconds. Added 1893 classes and 338 folders.
[2016.05.02-11.50.05:720][  0]LogContentBrowser: Native class hierarchy updated for 'WidgetCarousel' in 0.0009 seconds. Added 0 classes and 0 folders.
[2016.05.02-11.50.10:772][  0]LogContentBrowser: Native class hierarchy updated for 'AddContentDialog' in 0.0003 seconds. Added 0 classes and 0 folders.
[2016.05.02-11.50.11:166][  0]LogContentBrowser: Native class hierarchy updated for 'SceneOutliner' in 0.0005 seconds. Added 1 classes and 2 folders.
[2016.05.02-11.50.14:303][  0]LogCrashTracker: Crashtracker disabled due to settings.
[2016.05.02-11.50.14:807][  0]LogUObjectGlobals:Warning: 'Class 없음.' 오브젝트를 찾는 데 실패했습니다.
[2016.05.02-11.50.14:964][  0]LogLoad: Full Startup: 126.21 seconds (BP compile: 1.18 seconds)
[2016.05.02-11.50.15:340][  0]LogOcInput: Can't find Oculus library dev build: is proper Runtime installed? Version: 0.8.0.0
[2016.05.02-11.50.16:031][  0]LogContentStreaming: Texture pool size now 1000 MB
[2016.05.02-11.50.17:156][  0]LogRenderer: Reallocating scene render targets to support 1208x572 (Frame:2).
[2016.05.02-11.50.17:321][  1]Cmd: UpdateLandscapeEditorData -warnings
[2016.05.02-11.50.21:563][ 13]LogAssetRegistry: Asset discovery search completed in 68.0728 seconds
[2016.05.02-11.50.21:606][ 13]LogCollectionManager: Rebuilt the object cache for 0 collections in 0.000001 seconds (found 0 objects)
[2016.05.02-11.50.21:606][ 13]LogCollectionManager: Fixed up redirectors for 0 collections in 0.000044 seconds (updated 0 objects)
[2016.05.02-11.50.23:619][ 20]LogSynthBenchmark:Display: FSynthBenchmark (V0.95):  requested WorkScale=1.00
[2016.05.02-11.50.23:619][ 20]LogSynthBenchmark:Display: ===============
[2016.05.02-11.50.23:619][ 20]LogSynthBenchmark:Display: Main Processor:
[2016.05.02-11.50.23:704][ 20]LogSynthBenchmark:Display:          ... 0.056565 s/Run 'RayIntersect'
[2016.05.02-11.50.23:704][ 20]LogSynthBenchmark:Display:          ... 0.027327 s/Run 'Fractal'
[2016.05.02-11.50.23:704][ 20]LogSynthBenchmark:Display: 
[2016.05.02-11.50.23:704][ 20]LogSynthBenchmark:Display:   CompiledTarget_x_Bits: 64
[2016.05.02-11.50.23:704][ 20]LogSynthBenchmark:Display:   UE_BUILD_SHIPPING: 0
[2016.05.02-11.50.23:704][ 20]LogSynthBenchmark:Display:   UE_BUILD_TEST: 0
[2016.05.02-11.50.23:704][ 20]LogSynthBenchmark:Display:   UE_BUILD_DEBUG: 0
[2016.05.02-11.50.23:704][ 20]LogSynthBenchmark:Display:   TotalPhysicalGBRam: 8
[2016.05.02-11.50.23:704][ 20]LogSynthBenchmark:Display:   NumberOfCores (physical): 4
[2016.05.02-11.50.23:704][ 20]LogSynthBenchmark:Display:   NumberOfCores (logical): 4
[2016.05.02-11.50.23:704][ 20]LogSynthBenchmark:Display:   CPU Perf Index 0: 45.3
[2016.05.02-11.50.23:704][ 20]LogSynthBenchmark:Display:   CPU Perf Index 1: 104.7
[2016.05.02-11.50.23:704][ 20]LogSynthBenchmark:Display:  
[2016.05.02-11.50.23:704][ 20]LogSynthBenchmark:Display: Graphics:
[2016.05.02-11.50.23:704][ 20]LogSynthBenchmark:Display:   Adapter Name: 'NVIDIA GeForce GTX 660  '
[2016.05.02-11.50.23:704][ 20]LogSynthBenchmark:Display:   (On Optimus the name might be wrong, memory should be ok)
[2016.05.02-11.50.23:704][ 20]LogSynthBenchmark:Display:   Vendor Id: 0x10de
[2016.05.02-11.50.23:704][ 20]LogSynthBenchmark:Display:   GPU Memory: 1989/0/3818 MB
[2016.05.02-11.50.23:704][ 20]LogSynthBenchmark:Display:   CPUIndex: 45.3
[2016.05.02-11.50.23:704][ 20]LogSynthBenchmark:Display:   GPUIndex: -nan(ind)
[2016.05.02-11.50.23:704][ 20]LogSynthBenchmark:Display: 
[2016.05.02-11.50.23:704][ 20]LogSynthBenchmark:Display:          ... Total Time: 0.084168 sec
[2016.05.02-11.50.58:031][286]LogFactory: FactoryCreateBinary: SoundWave with ReimportSoundFactory (0 0 H:\Projects\Unreal Projects\soundpick\sound\character\sword\52458__audione__sword-01.wav)
[2016.05.02-11.50.58:113][286]LogAudioDerivedData:Display: OGG 압축 오디오 포맷 52458__audione__sword-01 웨이브 빌드중...
[2016.05.02-11.50.58:190][286]LogAudioDerivedData:Warning: Updated SoundWave->RawPCMDataSize during cooking SoundWave /Game/KNR/sound/character/sword/52458__audione__sword-01.52458__audione__sword-01.
[2016.05.02-11.50.58:468][286]LogFactory: FactoryCreateBinary: SoundWave with ReimportSoundFactory (0 0 H:\Projects\Unreal Projects\soundpick\sound\character\sword\344131__thebuilder15__sword-slice.wav)
[2016.05.02-11.50.58:481][286]LogAudioDerivedData:Display: OGG 압축 오디오 포맷 344131__thebuilder15__sword-slice 웨이브 빌드중...
[2016.05.02-11.50.58:515][286]LogAudioDerivedData:Warning: Updated SoundWave->RawPCMDataSize during cooking SoundWave /Game/KNR/sound/character/sword/344131__thebuilder15__sword-slice.344131__thebuilder15__sword-slice.
[2016.05.02-11.51.55:903][539]Cmd: OBJ SAVEPACKAGE PACKAGE="/Game/KNR/sound/character/sword/sword0" FILE="H:/Projects/Unreal Projects/Project/Hero 4.10/Content/KNR/sound/character/sword/sword0.uasset" SILENT=true
[2016.05.02-11.51.55:969][539]LogSavePackage: Save=15.346347ms
[2016.05.02-11.51.55:969][539]LogSavePackage: Moving 'H:/Projects/Unreal Projects/Project/Hero 4.10/Saved/sword0589D02F54831519A00AFFB982B21F3E0.tmp' to 'H:/Projects/Unreal Projects/Project/Hero 4.10/Content/KNR/sound/character/sword/sword0.uasset'
[2016.05.02-11.51.55:975][539]LogSavePackage: Total save time: 66.034544ms
[2016.05.02-11.51.55:975][539]LogSavePackage:Display: Finished SavePackage H:/Projects/Unreal Projects/Project/Hero 4.10/Content/KNR/sound/character/sword/sword0.uasset
[2016.05.02-11.52.25:247][706]Cmd: OBJ SAVEPACKAGE PACKAGE="/Game/KNR/sound/character/sword/sword1" FILE="H:/Projects/Unreal Projects/Project/Hero 4.10/Content/KNR/sound/character/sword/sword1.uasset" SILENT=true
[2016.05.02-11.52.25:295][706]LogSavePackage: Save=3.217067ms
[2016.05.02-11.52.25:295][706]LogSavePackage: Moving 'H:/Projects/Unreal Projects/Project/Hero 4.10/Saved/sword19FFC152A4B3177DDEACA12B3038D58BF.tmp' to 'H:/Projects/Unreal Projects/Project/Hero 4.10/Content/KNR/sound/character/sword/sword1.uasset'
[2016.05.02-11.52.25:300][706]LogSavePackage: Total save time: 23.386449ms
[2016.05.02-11.52.25:300][706]LogSavePackage:Display: Finished SavePackage H:/Projects/Unreal Projects/Project/Hero 4.10/Content/KNR/sound/character/sword/sword1.uasset
[2016.05.02-11.52.34:487][968]LogSavePackage: Save=4285.913574ms
[2016.05.02-11.52.34:489][968]LogSavePackage: Moving 'H:/Projects/Unreal Projects/Project/Hero 4.10/Saved/Minimal_DefaultD9FCE5F040C96066F9DB9692E0A3CAAE.tmp' to 'H:/Projects/Unreal Projects/Project/Hero 4.10/Content/StarterContent/Maps/Minimal_Default.umap'
[2016.05.02-11.52.34:521][968]LogSavePackage: Total save time: 6415.155258ms
[2016.05.02-11.52.34:521][968]LogSavePackage:Display: Finished SavePackage H:/Projects/Unreal Projects/Project/Hero 4.10/Content/StarterContent/Maps/Minimal_Default.umap
[2016.05.02-11.53.09:999][250]LogBlueprintUserMessages: Early PlayInEditor Detection: Level '/Game/StarterContent/Maps/Minimal_Default.Minimal_Default:PersistentLevel' has LevelScriptBlueprint '/Game/StarterContent/Maps/Minimal_Default.Minimal_Default:PersistentLevel.Minimal_Default' with GeneratedClass '/Game/StarterContent/Maps/Minimal_Default.Minimal_Default_C' with ClassGeneratedBy '/Game/StarterContent/Maps/Minimal_Default.Minimal_Default:PersistentLevel.Minimal_Default'
[2016.05.02-11.53.09:999][250]LogPlayLevel: PlayLevel: No blueprints needed recompiling
[2016.05.02-11.53.10:026][250]PIE: New page: PIE 세션: Minimal_Default (2016. 5. 3. 오전 5:53:10)
[2016.05.02-11.53.10:026][250]LogPlayLevel: Creating play world package: /Game/StarterContent/Maps/UEDPIE_0_Minimal_Default
[2016.05.02-11.53.10:124][250]LogPlayLevel: PIE: StaticDuplicateObject took: (0.098084s)
[2016.05.02-11.53.10:126][250]LogAIModule: Creating AISystem for world Minimal_Default
[2016.05.02-11.53.10:126][250]LogPlayLevel: PIE: World Init took: (0.001789s)
[2016.05.02-11.53.10:127][250]LogPlayLevel: PIE: Created PIE world by copying editor world from /Game/StarterContent/Maps/Minimal_Default.Minimal_Default to /Game/StarterContent/Maps/UEDPIE_0_Minimal_Default.Minimal_Default (0.100368s)
[2016.05.02-11.53.10:146][250]LogInit: XAudio2 using '스피커(Realtek High Definition Audio)' : 2 channels at 48 kHz using 32 bits per sample (channel mask 0x3)
[2016.05.02-11.53.10:156][250]LogInit: FAudioDevice initialized.
[2016.05.02-11.53.18:817][250]LogWorld: Game class is 'CustomMode_BP_C'
[2016.05.02-11.53.18:909][250]LogWorld: Bringing World /Game/StarterContent/Maps/UEDPIE_0_Minimal_Default.Minimal_Default up for play (max tick rate 0) at 2016.05.02-20.53.18
[2016.05.02-11.53.18:909][250]LogActor:Warning: GameSession /Game/StarterContent/Maps/UEDPIE_0_Minimal_Default.Minimal_Default:PersistentLevel.GameSession_0 has natively added scene component(s), but none of them were set as the actor's RootComponent - picking one arbitrarily
[2016.05.02-11.53.18:909][250]LogActor:Warning: GameNetworkManager /Game/StarterContent/Maps/UEDPIE_0_Minimal_Default.Minimal_Default:PersistentLevel.GameNetworkManager_0 has natively added scene component(s), but none of them were set as the actor's RootComponent - picking one arbitrarily
[2016.05.02-11.53.18:987][250]LogWorld: Bringing up level for play took: 0.141329
[2016.05.02-11.53.19:072][250]PIE: 정보 /Game/StarterContent/Maps/UEDPIE_0_Minimal_Default 에 대한 에디터에서 플레이 시작 시간: 9.937
[2016.05.02-11.53.19:073][250]LogBlueprintUserMessages: Late PlayInEditor Detection: Level '/Game/StarterContent/Maps/Minimal_Default.Minimal_Default:PersistentLevel' has LevelScriptBlueprint '/Game/StarterContent/Maps/Minimal_Default.Minimal_Default:PersistentLevel.Minimal_Default' with GeneratedClass '/Game/StarterContent/Maps/Minimal_Default.Minimal_Default_C' with ClassGeneratedBy '/Game/StarterContent/Maps/Minimal_Default.Minimal_Default:PersistentLevel.Minimal_Default'
[2016.05.02-11.53.19:162][251]LoadErrors:Error: 오류 /Game/KNR/sound/character/sword/sword0  : Failed import for SoundWave /Game/KNR/sound/character/sword/344131__thebuilder15__sword-slice.344131__thebuilder15__sword-slice
[2016.05.02-11.53.19:162][251]LoadErrors:Error: 오류 /Game/SGH/Character/PlayerCharacter/BP_FHero_Warrior  : Failed import for SoundWave /Game/KNR/sound/character/sword/sword0.sword0 /Game/SGH/Character/PlayerCharacter/BP_FHero_Warrior 의  [redirection]
[2016.05.02-11.53.19:162][251]LoadErrors:Error: 오류 /Game/KNR/sound/character/sword/sword1  : Failed import for SoundWave /Game/KNR/sound/character/sword/52458__audione__sword-01.52458__audione__sword-01
[2016.05.02-11.53.19:162][251]LoadErrors:Error: 오류 /Game/SGH/Character/PlayerCharacter/BP_FHero_Warrior  : Failed import for SoundWave /Game/KNR/sound/character/sword/sword1.sword1 /Game/SGH/Character/PlayerCharacter/BP_FHero_Warrior 의  [redirection]
[2016.05.02-11.53.19:301][252]LogBlueprintUserMessages: [BTS_botDetectEnemy_C_1] LargeHouse_BP
[2016.05.02-11.53.19:862][312]LogBlueprintUserMessages: [BTS_botDetectEnemy_C_1] LargeHouse_BP
[2016.05.02-11.53.20:295][362]LogBlueprintUserMessages: [BTS_botDetectEnemy_C_1] LargeHouse_BP
[2016.05.02-11.53.20:769][419]LogBlueprintUserMessages: [BTS_botDetectEnemy_C_1] LargeHouse_BP
[2016.05.02-11.53.21:281][478]LogBlueprintUserMessages: [BTS_botDetectEnemy_C_1] LargeHouse_BP
[2016.05.02-11.53.21:826][543]LogBlueprintUserMessages: [BTS_botDetectEnemy_C_1] LargeHouse_BP
[2016.05.02-11.53.22:367][608]LogBlueprintUserMessages: [BTS_botDetectEnemy_C_1] LargeHouse_BP
[2016.05.02-11.53.22:859][667]LogBlueprintUserMessages: [BTS_botDetectEnemy_C_1] LargeHouse_BP
[2016.05.02-11.53.23:418][734]LogBlueprintUserMessages: [BTS_botDetectEnemy_C_1] LargeHouse_BP
[2016.05.02-11.53.23:919][786]LogBlueprintUserMessages: [BTS_botDetectEnemy_C_1] LargeHouse_BP
[2016.05.02-11.53.24:394][843]LogBlueprintUserMessages: [BTS_botDetectEnemy_C_1] LargeHouse_BP
[2016.05.02-11.53.24:894][903]LogBlueprintUserMessages: [BTS_botDetectEnemy_C_1] LargeHouse_BP
[2016.05.02-11.53.25:444][969]LogBlueprintUserMessages: [BTS_botDetectEnemy_C_1] LargeHouse_BP
[2016.05.02-11.53.26:002][ 36]LogBlueprintUserMessages: [BTS_botDetectEnemy_C_1] LargeHouse_BP
[2016.05.02-11.53.26:428][ 87]LogBlueprintUserMessages: [BTS_botDetectEnemy_C_1] LargeHouse_BP
[2016.05.02-11.53.26:936][148]LogBlueprintUserMessages: [BTS_botDetectEnemy_C_1] LargeHouse_BP
[2016.05.02-11.53.27:378][201]LogBlueprintUserMessages: [BTS_botDetectEnemy_C_1] LargeHouse_BP
[2016.05.02-11.53.27:837][256]LogBlueprintUserMessages: [BTS_botDetectEnemy_C_1] LargeHouse_BP
[2016.05.02-11.53.28:353][318]LogBlueprintUserMessages: [BTS_botDetectEnemy_C_1] LargeHouse_BP
[2016.05.02-11.53.28:895][383]LogBlueprintUserMessages: [BTS_botDetectEnemy_C_1] LargeHouse_BP
[2016.05.02-11.53.29:320][434]LogBlueprintUserMessages: [BTS_botDetectEnemy_C_1] LargeHouse_BP
[2016.05.02-11.53.29:695][479]LogBlueprintUserMessages: Early EndPlayMap Detection: Level '/Game/StarterContent/Maps/Minimal_Default.Minimal_Default:PersistentLevel' has LevelScriptBlueprint '/Game/StarterContent/Maps/Minimal_Default.Minimal_Default:PersistentLevel.Minimal_Default' with GeneratedClass '/Game/StarterContent/Maps/Minimal_Default.Minimal_Default_C' with ClassGeneratedBy '/Game/StarterContent/Maps/Minimal_Default.Minimal_Default:PersistentLevel.Minimal_Default'
[2016.05.02-11.53.29:793][479]LogBlueprintUserMessages: Late EndPlayMap Detection: Level '/Game/StarterContent/Maps/Minimal_Default.Minimal_Default:PersistentLevel' has LevelScriptBlueprint '/Game/StarterContent/Maps/Minimal_Default.Minimal_Default:PersistentLevel.Minimal_Default' with GeneratedClass '/Game/StarterContent/Maps/Minimal_Default.Minimal_Default_C' with ClassGeneratedBy '/Game/StarterContent/Maps/Minimal_Default.Minimal_Default:PersistentLevel.Minimal_Default'
[2016.05.02-11.53.29:820][479]LogActorComponent: UnregisterComponent: (/Engine/Transient.CharMoveComp) Not registered. Aborting.
[2016.05.02-11.53.29:893][479]LogParticles: Destroying 0 GPU particle simulations for FXSystem 0x00000218743E65C0
[2016.05.02-11.53.40:129][580]LogLinker:Warning: Asset '../../../Engine/Content/ArtTools/RenderToTexture/Macros/RenderToTextureMacros.uasset' has been saved with empty engine version. The asset will be loaded but may be incompatible.
[2016.05.02-11.53.40:815][580]LogContentBrowser: Native class hierarchy updated for 'BlueprintGraph' in 0.0013 seconds. Added 107 classes and 0 folders.
[2016.05.02-11.54.41:864][356]LogActorComponent: UnregisterComponent: (/Engine/Transient.CharMoveComp) Not registered. Aborting.
[2016.05.02-11.54.45:550][356]LogSavePackage: Save=14.226397ms
[2016.05.02-11.54.45:550][356]LogSavePackage: Moving 'H:/Projects/Unreal Projects/Project/Hero 4.10/Saved/344131__thebuilder15__sword-slice8C2EE4AF45A120A40C284DAFE8FD4568.tmp' to 'H:/Projects/Unreal Projects/Project/Hero 4.10/Content/KNR/sound/character/sword/344131__thebuilder15__sword-slice.uasset'
[2016.05.02-11.54.45:555][356]LogSavePackage: Total save time: 23.505691ms
[2016.05.02-11.54.45:555][356]LogSavePackage:Display: Finished SavePackage H:/Projects/Unreal Projects/Project/Hero 4.10/Content/KNR/sound/character/sword/344131__thebuilder15__sword-slice.uasset
[2016.05.02-11.54.45:590][356]LogSavePackage: Save=16.668251ms
[2016.05.02-11.54.45:590][356]LogSavePackage: Moving 'H:/Projects/Unreal Projects/Project/Hero 4.10/Saved/52458__audione__sword-012BD1C6C849D86DF2E6DFB8A692C48581.tmp' to 'H:/Projects/Unreal Projects/Project/Hero 4.10/Content/KNR/sound/character/sword/52458__audione__sword-01.uasset'
[2016.05.02-11.54.45:598][356]LogSavePackage: Total save time: 27.838178ms
[2016.05.02-11.54.45:598][356]LogSavePackage:Display: Finished SavePackage H:/Projects/Unreal Projects/Project/Hero 4.10/Content/KNR/sound/character/sword/52458__audione__sword-01.uasset
[2016.05.02-11.56.11:075][ 27]Cmd: OBJ SAVEPACKAGE PACKAGE="/Game/KNR/sound/character/sword/swordSound0" FILE="H:/Projects/Unreal Projects/Project/Hero 4.10/Content/KNR/sound/character/sword/swordSound0.uasset" SILENT=true
[2016.05.02-11.56.11:098][ 27]LogSavePackage: Save=6.731479ms
[2016.05.02-11.56.11:098][ 27]LogSavePackage: Moving 'H:/Projects/Unreal Projects/Project/Hero 4.10/Saved/swordSound03D32AFA44DBCBC9FE93C94845EC416C5.tmp' to 'H:/Projects/Unreal Projects/Project/Hero 4.10/Content/KNR/sound/character/sword/swordSound0.uasset'
[2016.05.02-11.56.11:102][ 27]LogSavePackage: Total save time: 11.454292ms
[2016.05.02-11.56.11:102][ 27]LogSavePackage:Display: Finished SavePackage H:/Projects/Unreal Projects/Project/Hero 4.10/Content/KNR/sound/character/sword/swordSound0.uasset
[2016.05.02-11.56.11:302][ 27]Cmd: OBJ SAVEPACKAGE PACKAGE="/Game/KNR/sound/character/sword/sword0" FILE="H:/Projects/Unreal Projects/Project/Hero 4.10/Content/KNR/sound/character/sword/sword0.uasset" SILENT=true
[2016.05.02-11.56.11:309][ 27]LogSavePackage: Save=2.500419ms
[2016.05.02-11.56.11:309][ 27]LogSavePackage: Moving 'H:/Projects/Unreal Projects/Project/Hero 4.10/Saved/sword0982B78FB42FEEA843765BB9E8FB3BBB4.tmp' to 'H:/Projects/Unreal Projects/Project/Hero 4.10/Content/KNR/sound/character/sword/sword0.uasset'
[2016.05.02-11.56.11:314][ 27]LogSavePackage: Total save time: 9.759873ms
[2016.05.02-11.56.11:314][ 27]LogSavePackage:Display: Finished SavePackage H:/Projects/Unreal Projects/Project/Hero 4.10/Content/KNR/sound/character/sword/sword0.uasset
[2016.05.02-11.56.20:475][115]Cmd: OBJ SAVEPACKAGE PACKAGE="/Game/KNR/sound/character/sword/swordSound1" FILE="H:/Projects/Unreal Projects/Project/Hero 4.10/Content/KNR/sound/character/sword/swordSound1.uasset" SILENT=true
[2016.05.02-11.56.20:496][115]LogSavePackage: Save=17.549723ms
[2016.05.02-11.56.20:496][115]LogSavePackage: Moving 'H:/Projects/Unreal Projects/Project/Hero 4.10/Saved/swordSound107506431492F425F8A1D119049E01328.tmp' to 'H:/Projects/Unreal Projects/Project/Hero 4.10/Content/KNR/sound/character/sword/swordSound1.uasset'
[2016.05.02-11.56.20:501][115]LogSavePackage: Total save time: 22.494413ms
[2016.05.02-11.56.20:501][115]LogSavePackage:Display: Finished SavePackage H:/Projects/Unreal Projects/Project/Hero 4.10/Content/KNR/sound/character/sword/swordSound1.uasset
[2016.05.02-11.56.20:669][115]Cmd: OBJ SAVEPACKAGE PACKAGE="/Game/KNR/sound/character/sword/sword1" FILE="H:/Projects/Unreal Projects/Project/Hero 4.10/Content/KNR/sound/character/sword/sword1.uasset" SILENT=true
[2016.05.02-11.56.20:676][115]LogSavePackage: Save=2.601547ms
[2016.05.02-11.56.20:676][115]LogSavePackage: Moving 'H:/Projects/Unreal Projects/Project/Hero 4.10/Saved/sword18415CEE74F0A170AAD78A587F26D71C7.tmp' to 'H:/Projects/Unreal Projects/Project/Hero 4.10/Content/KNR/sound/character/sword/sword1.uasset'
[2016.05.02-11.56.20:681][115]LogSavePackage: Total save time: 9.870663ms
[2016.05.02-11.56.20:681][115]LogSavePackage:Display: Finished SavePackage H:/Projects/Unreal Projects/Project/Hero 4.10/Content/KNR/sound/character/sword/sword1.uasset
[2016.05.02-11.56.34:458][661]LogActorComponent: UnregisterComponent: (/Engine/Transient.CharMoveComp) Not registered. Aborting.
[2016.05.02-11.56.37:085][972]BlueprintLog: New page: BP_FHero_Warrior 컴파일
[2016.05.02-11.56.37:854][972]LogActorComponent: UnregisterComponent: (/Engine/Transient.CharacterMovementComponent_0) Not registered. Aborting.
[2016.05.02-11.56.37:895][972]BlueprintEditorCompileResults: 정보 [0509.14] BP_FHero_Warrior 컴파일에 성공했습니다! [소요시간 810 ms]
[2016.05.02-11.56.41:943][ 62]LogSavePackage: Save=2500.491699ms
[2016.05.02-11.56.41:943][ 62]LogSavePackage: Moving 'H:/Projects/Unreal Projects/Project/Hero 4.10/Saved/BP_FHero_WarriorF5371F3D4EEFFD1AD76A7D97E69A2908.tmp' to 'H:/Projects/Unreal Projects/Project/Hero 4.10/Content/SGH/Character/PlayerCharacter/BP_FHero_Warrior.uasset'
[2016.05.02-11.56.41:950][ 62]LogSavePackage: Total save time: 2676.236663ms
[2016.05.02-11.56.41:950][ 62]LogSavePackage:Display: Finished SavePackage H:/Projects/Unreal Projects/Project/Hero 4.10/Content/SGH/Character/PlayerCharacter/BP_FHero_Warrior.uasset
[2016.05.02-11.57.04:214][728]LogBlueprintUserMessages: Early PlayInEditor Detection: Level '/Game/StarterContent/Maps/Minimal_Default.Minimal_Default:PersistentLevel' has LevelScriptBlueprint '/Game/StarterContent/Maps/Minimal_Default.Minimal_Default:PersistentLevel.Minimal_Default' with GeneratedClass '/Game/StarterContent/Maps/Minimal_Default.Minimal_Default_C' with ClassGeneratedBy '/Game/StarterContent/Maps/Minimal_Default.Minimal_Default:PersistentLevel.Minimal_Default'
[2016.05.02-11.57.04:214][728]LogPlayLevel: PlayLevel: No blueprints needed recompiling
[2016.05.02-11.57.04:214][728]PIE: New page: PIE 세션: Minimal_Default (2016. 5. 3. 오전 5:57:04)
[2016.05.02-11.57.04:214][728]LogPlayLevel: Creating play world package: /Game/StarterContent/Maps/UEDPIE_0_Minimal_Default
[2016.05.02-11.57.04:275][728]LogPlayLevel: PIE: StaticDuplicateObject took: (0.060649s)
[2016.05.02-11.57.04:276][728]LogAIModule: Creating AISystem for world Minimal_Default
[2016.05.02-11.57.04:276][728]LogPlayLevel: PIE: World Init took: (0.001056s)
[2016.05.02-11.57.04:277][728]LogPlayLevel: PIE: Created PIE world by copying editor world from /Game/StarterContent/Maps/Minimal_Default.Minimal_Default to /Game/StarterContent/Maps/UEDPIE_0_Minimal_Default.Minimal_Default (0.062224s)
[2016.05.02-11.57.04:277][728]LogActorComponent: UnregisterComponent: (/Engine/Transient.CharMoveComp) Not registered. Aborting.
[2016.05.02-11.57.04:310][728]LogInit: XAudio2 using '스피커(Realtek High Definition Audio)' : 2 channels at 48 kHz using 32 bits per sample (channel mask 0x3)
[2016.05.02-11.57.04:320][728]LogInit: FAudioDevice initialized.
[2016.05.02-11.57.04:354][728]LogWorld: Game class is 'CustomMode_BP_C'
[2016.05.02-11.57.04:420][728]LogWorld: Bringing World /Game/StarterContent/Maps/UEDPIE_0_Minimal_Default.Minimal_Default up for play (max tick rate 0) at 2016.05.02-20.57.04
[2016.05.02-11.57.04:420][728]LogActor:Warning: GameSession /Game/StarterContent/Maps/UEDPIE_0_Minimal_Default.Minimal_Default:PersistentLevel.GameSession_1 has natively added scene component(s), but none of them were set as the actor's RootComponent - picking one arbitrarily
[2016.05.02-11.57.04:420][728]LogActor:Warning: GameNetworkManager /Game/StarterContent/Maps/UEDPIE_0_Minimal_Default.Minimal_Default:PersistentLevel.GameNetworkManager_1 has natively added scene component(s), but none of them were set as the actor's RootComponent - picking one arbitrarily
[2016.05.02-11.57.04:425][728]LogWorld: Bringing up level for play took: 0.070350
[2016.05.02-11.57.04:432][728]PIE: 정보 /Game/StarterContent/Maps/UEDPIE_0_Minimal_Default 에 대한 에디터에서 플레이 시작 시간: -0.703
[2016.05.02-11.57.04:432][728]LogBlueprintUserMessages: Late PlayInEditor Detection: Level '/Game/StarterContent/Maps/Minimal_Default.Minimal_Default:PersistentLevel' has LevelScriptBlueprint '/Game/StarterContent/Maps/Minimal_Default.Minimal_Default:PersistentLevel.Minimal_Default' with GeneratedClass '/Game/StarterContent/Maps/Minimal_Default.Minimal_Default_C' with ClassGeneratedBy '/Game/StarterContent/Maps/Minimal_Default.Minimal_Default:PersistentLevel.Minimal_Default'
[2016.05.02-11.57.04:600][743]LogBlueprintUserMessages: [BTS_botDetectEnemy_C_3] LargeHouse_BP
[2016.05.02-11.57.05:025][794]LogBlueprintUserMessages: [BTS_botDetectEnemy_C_3] LargeHouse_BP
[2016.05.02-11.57.05:492][850]LogBlueprintUserMessages: [BTS_botDetectEnemy_C_3] LargeHouse_BP
[2016.05.02-11.57.05:942][904]LogBlueprintUserMessages: [BTS_botDetectEnemy_C_3] LargeHouse_BP
[2016.05.02-11.57.06:426][962]LogBlueprintUserMessages: [BTS_botDetectEnemy_C_3] LargeHouse_BP
[2016.05.02-11.57.06:951][ 25]LogBlueprintUserMessages: [BTS_botDetectEnemy_C_3] LargeHouse_BP
[2016.05.02-11.57.07:426][ 82]LogBlueprintUserMessages: [BTS_botDetectEnemy_C_3] LargeHouse_BP
[2016.05.02-11.57.07:951][145]LogBlueprintUserMessages: [BTS_botDetectEnemy_C_3] LargeHouse_BP
[2016.05.02-11.57.08:468][207]LogBlueprintUserMessages: [BTS_botDetectEnemy_C_3] LargeHouse_BP
[2016.05.02-11.57.09:018][273]LogBlueprintUserMessages: [BTS_botDetectEnemy_C_3] LargeHouse_BP
[2016.05.02-11.57.09:544][336]LogBlueprintUserMessages: [BTS_botDetectEnemy_C_3] LargeHouse_BP
[2016.05.02-11.57.10:143][408]LogBlueprintUserMessages: [BTS_botDetectEnemy_C_3] LargeHouse_BP
[2016.05.02-11.57.10:568][459]LogBlueprintUserMessages: [BTS_botDetectEnemy_C_3] LargeHouse_BP
[2016.05.02-11.57.11:054][517]LogBlueprintUserMessages: [BTS_botDetectEnemy_C_3] LargeHouse_BP
[2016.05.02-11.57.11:537][575]LogBlueprintUserMessages: [BTS_botDetectEnemy_C_3] LargeHouse_BP
[2016.05.02-11.57.12:070][639]LogBlueprintUserMessages: [BTS_botDetectEnemy_C_3] LargeHouse_BP
[2016.05.02-11.57.12:604][703]LogBlueprintUserMessages: [BTS_botDetectEnemy_C_3] LargeHouse_BP
[2016.05.02-11.57.13:163][770]LogBlueprintUserMessages: [BTS_botDetectEnemy_C_3] LargeHouse_BP
[2016.05.02-11.57.13:713][836]LogBlueprintUserMessages: [BTS_botDetectEnemy_C_3] LargeHouse_BP
[2016.05.02-11.57.14:163][890]LogBlueprintUserMessages: [BTS_botDetectEnemy_C_3] LargeHouse_BP
[2016.05.02-11.57.14:696][954]LogBlueprintUserMessages: [BTS_botDetectEnemy_C_3] LargeHouse_BP
[2016.05.02-11.57.15:230][ 18]LogBlueprintUserMessages: [BTS_botDetectEnemy_C_3] LargeHouse_BP
[2016.05.02-11.57.15:663][ 70]LogBlueprintUserMessages: [BTS_botDetectEnemy_C_3] LargeHouse_BP
[2016.05.02-11.57.16:205][135]LogBlueprintUserMessages: [BTS_botDetectEnemy_C_3] LargeHouse_BP
[2016.05.02-11.57.16:648][188]LogBlueprintUserMessages: [BTS_botDetectEnemy_C_3] LargeHouse_BP
[2016.05.02-11.57.17:073][239]LogBlueprintUserMessages: [BTS_botDetectEnemy_C_3] LargeHouse_BP
[2016.05.02-11.57.17:481][288]LogBlueprintUserMessages: [BTS_botDetectEnemy_C_3] LargeHouse_BP
[2016.05.02-11.57.18:065][358]LogBlueprintUserMessages: [BTS_botDetectEnemy_C_3] LargeHouse_BP
[2016.05.02-11.57.18:573][419]LogBlueprintUserMessages: [BTS_botDetectEnemy_C_3] LargeHouse_BP
[2016.05.02-11.57.18:981][468]LogBlueprintUserMessages: [BTS_botDetectEnemy_C_3] LargeHouse_BP
[2016.05.02-11.57.19:432][522]LogBlueprintUserMessages: [BTS_botDetectEnemy_C_3] LargeHouse_BP
[2016.05.02-11.57.19:901][577]LogBlueprintUserMessages: [BTS_botDetectEnemy_C_3] LargeHouse_BP
[2016.05.02-11.57.20:494][648]LogBlueprintUserMessages: [BTS_botDetectEnemy_C_3] LargeHouse_BP
[2016.05.02-11.57.20:495][648]LogBlueprintUserMessages: Early EndPlayMap Detection: Level '/Game/StarterContent/Maps/Minimal_Default.Minimal_Default:PersistentLevel' has LevelScriptBlueprint '/Game/StarterContent/Maps/Minimal_Default.Minimal_Default:PersistentLevel.Minimal_Default' with GeneratedClass '/Game/StarterContent/Maps/Minimal_Default.Minimal_Default_C' with ClassGeneratedBy '/Game/StarterContent/Maps/Minimal_Default.Minimal_Default:PersistentLevel.Minimal_Default'
[2016.05.02-11.57.20:535][648]LogBlueprintUserMessages: Late EndPlayMap Detection: Level '/Game/StarterContent/Maps/Minimal_Default.Minimal_Default:PersistentLevel' has LevelScriptBlueprint '/Game/StarterContent/Maps/Minimal_Default.Minimal_Default:PersistentLevel.Minimal_Default' with GeneratedClass '/Game/StarterContent/Maps/Minimal_Default.Minimal_Default_C' with ClassGeneratedBy '/Game/StarterContent/Maps/Minimal_Default.Minimal_Default:PersistentLevel.Minimal_Default'
[2016.05.02-11.57.20:564][648]LogParticles: Destroying 0 GPU particle simulations for FXSystem 0x00000218A23FAC00
[2016.05.02-12.03.04:477][319]LogFileHelpers: Editor autosave (incl. sublevels) for '/Game/StarterContent/Maps/Minimal_Default' took 0.029
[2016.05.02-12.03.04:509][319]OBJ SavePackage: Generating thumbnails for [0] asset(s) in package [/Game/KNR/sound/character/footStep/stepSound] ([1] browsable assets)...
[2016.05.02-12.03.04:509][319]OBJ SavePackage: Finished generating thumbnails for package [/Game/KNR/sound/character/footStep/stepSound]
[2016.05.02-12.03.04:523][319]LogSavePackage: Save=10.160159ms
[2016.05.02-12.03.04:523][319]LogSavePackage: Moving 'H:/Projects/Unreal Projects/Project/Hero 4.10/Saved/stepSound_Auto14DC9FD8D48C94B58A55DE3B157058F8B.tmp' to 'H:/Projects/Unreal Projects/Project/Hero 4.10/Saved/Autosaves/Game/KNR/sound/character/footStep/stepSound_Auto1.uasset'
[2016.05.02-12.03.04:526][319]LogSavePackage: Total save time: 13.089843ms
[2016.05.02-12.03.04:526][319]LogSavePackage:Display: Finished SavePackage H:/Projects/Unreal Projects/Project/Hero 4.10/Saved/Autosaves/Game/KNR/sound/character/footStep/stepSound_Auto1.uasset
[2016.05.02-12.03.04:526][319]LogFileHelpers: Auto-saving content packages took 0.028
[2016.05.02-12.08.18:657][707]Cmd: OBJ SAVEPACKAGE PACKAGE="/Game/KNR/sound/character/footStep/stepSound" FILE="H:/Projects/Unreal Projects/Project/Hero 4.10/Content/KNR/sound/character/footStep/stepSound.uasset" SILENT=true
[2016.05.02-12.08.18:669][707]LogSavePackage: Save=8.479931ms
[2016.05.02-12.08.18:669][707]LogSavePackage: Moving 'H:/Projects/Unreal Projects/Project/Hero 4.10/Saved/stepSoundD51F6BB942BDBEB506AE00B8A2B4BFEB.tmp' to 'H:/Projects/Unreal Projects/Project/Hero 4.10/Content/KNR/sound/character/footStep/stepSound.uasset'
[2016.05.02-12.08.18:674][707]LogSavePackage: Total save time: 13.882563ms
[2016.05.02-12.08.18:674][707]LogSavePackage:Display: Finished SavePackage H:/Projects/Unreal Projects/Project/Hero 4.10/Content/KNR/sound/character/footStep/stepSound.uasset
[2016.05.02-12.10.24:855][644]LogSkeletalMesh: InitArticulated: Bodies already created (/Engine/Transient.DebugSkelMeshComponent_0) - call TermArticulated first.
[2016.05.02-12.10.58:535][812]LogSkeletalMesh: InitArticulated: Bodies already created (/Engine/Transient.DebugSkelMeshComponent_2) - call TermArticulated first.
[2016.05.02-12.10.58:723][812]LogContentBrowser:Verbose: The majority of assets in the view are of type: AnimSequence
[2016.05.02-12.13.51:368][529]LogSavePackage: Save=59.521320ms
[2016.05.02-12.13.51:368][529]LogSavePackage: Moving 'H:/Projects/Unreal Projects/Project/Hero 4.10/Saved/Retargeted_48_Mannequin87F05BC540CF762676A95F8E1CA15C81.tmp' to 'H:/Projects/Unreal Projects/Project/Hero 4.10/Content/SGH/Character/PlayerCharacter/Retargeted_48_Mannequin.uasset'
[2016.05.02-12.13.51:376][529]LogSavePackage: Total save time: 423.533760ms
[2016.05.02-12.13.51:376][529]LogSavePackage:Display: Finished SavePackage H:/Projects/Unreal Projects/Project/Hero 4.10/Content/SGH/Character/PlayerCharacter/Retargeted_48_Mannequin.uasset
[2016.05.02-12.14.32:527][797]LogSavePackage: Save=23.616476ms
[2016.05.02-12.14.32:527][797]LogSavePackage: Moving 'H:/Projects/Unreal Projects/Project/Hero 4.10/Saved/Retargeted_48_MannequinD15F09D54FCD8A1601B63890DC1F1149.tmp' to 'H:/Projects/Unreal Projects/Project/Hero 4.10/Content/ChibiHeroFemalePack/Meshes/Character/Retargeted_48_Mannequin.uasset'
[2016.05.02-12.14.32:877][797]LogSavePackage: Total save time: 375.783399ms
[2016.05.02-12.14.32:877][797]LogSavePackage:Display: Finished SavePackage H:/Projects/Unreal Projects/Project/Hero 4.10/Content/ChibiHeroFemalePack/Meshes/Character/Retargeted_48_Mannequin.uasset
[2016.05.02-12.14.43:896][691]LogBlueprintUserMessages: Early PlayInEditor Detection: Level '/Game/StarterContent/Maps/Minimal_Default.Minimal_Default:PersistentLevel' has LevelScriptBlueprint '/Game/StarterContent/Maps/Minimal_Default.Minimal_Default:PersistentLevel.Minimal_Default' with GeneratedClass '/Game/StarterContent/Maps/Minimal_Default.Minimal_Default_C' with ClassGeneratedBy '/Game/StarterContent/Maps/Minimal_Default.Minimal_Default:PersistentLevel.Minimal_Default'
[2016.05.02-12.14.43:896][691]LogPlayLevel: PlayLevel: No blueprints needed recompiling
[2016.05.02-12.14.43:896][691]PIE: New page: PIE 세션: Minimal_Default (2016. 5. 3. 오전 6:14:43)
[2016.05.02-12.14.43:896][691]LogPlayLevel: Creating play world package: /Game/StarterContent/Maps/UEDPIE_0_Minimal_Default
[2016.05.02-12.14.44:003][691]LogPlayLevel: PIE: StaticDuplicateObject took: (0.107150s)
[2016.05.02-12.14.44:004][691]LogAIModule: Creating AISystem for world Minimal_Default
[2016.05.02-12.14.44:004][691]LogPlayLevel: PIE: World Init took: (0.000978s)
[2016.05.02-12.14.44:005][691]LogPlayLevel: PIE: Created PIE world by copying editor world from /Game/StarterContent/Maps/Minimal_Default.Minimal_Default to /Game/StarterContent/Maps/UEDPIE_0_Minimal_Default.Minimal_Default (0.108491s)
[2016.05.02-12.14.44:005][691]LogActorComponent: UnregisterComponent: (/Engine/Transient.CharMoveComp) Not registered. Aborting.
[2016.05.02-12.14.44:037][691]LogParticles: Destroying 0 GPU particle simulations for FXSystem 0x00000218C00E4900
[2016.05.02-12.14.44:038][691]LogParticles: Destroying 0 GPU particle simulations for FXSystem 0x0000021877335300
[2016.05.02-12.14.44:039][691]LogParticles: Destroying 0 GPU particle simulations for FXSystem 0x0000021877335940
[2016.05.02-12.14.44:041][691]LogParticles: Destroying 0 GPU particle simulations for FXSystem 0x00000218C7C0C0E0
[2016.05.02-12.14.44:042][691]LogParticles: Destroying 0 GPU particle simulations for FXSystem 0x00000218C7C0CC20
[2016.05.02-12.14.44:043][691]LogParticles: Destroying 0 GPU particle simulations for FXSystem 0x00000218CF1FF7E0
[2016.05.02-12.14.44:044][691]LogParticles: Destroying 0 GPU particle simulations for FXSystem 0x00000218D522C2C0
[2016.05.02-12.14.44:045][691]LogParticles: Destroying 0 GPU particle simulations for FXSystem 0x000002191B566700
[2016.05.02-12.14.44:046][691]LogParticles: Destroying 0 GPU particle simulations for FXSystem 0x0000021909DC3060
[2016.05.02-12.14.44:101][691]LogInit: XAudio2 using '스피커(Realtek High Definition Audio)' : 2 channels at 48 kHz using 32 bits per sample (channel mask 0x3)
[2016.05.02-12.14.44:140][691]LogInit: FAudioDevice initialized.
[2016.05.02-12.14.44:176][691]LogWorld: Game class is 'CustomMode_BP_C'
[2016.05.02-12.14.44:263][691]LogWorld: Bringing World /Game/StarterContent/Maps/UEDPIE_0_Minimal_Default.Minimal_Default up for play (max tick rate 0) at 2016.05.02-21.14.44
[2016.05.02-12.14.44:263][691]LogActor:Warning: GameSession /Game/StarterContent/Maps/UEDPIE_0_Minimal_Default.Minimal_Default:PersistentLevel.GameSession_2 has natively added scene component(s), but none of them were set as the actor's RootComponent - picking one arbitrarily
[2016.05.02-12.14.44:263][691]LogActor:Warning: GameNetworkManager /Game/StarterContent/Maps/UEDPIE_0_Minimal_Default.Minimal_Default:PersistentLevel.GameNetworkManager_2 has natively added scene component(s), but none of them were set as the actor's RootComponent - picking one arbitrarily
[2016.05.02-12.14.44:270][691]LogWorld: Bringing up level for play took: 0.092623
[2016.05.02-12.14.44:302][691]PIE: 정보 /Game/StarterContent/Maps/UEDPIE_0_Minimal_Default 에 대한 에디터에서 플레이 시작 시간: 1.166
[2016.05.02-12.14.44:302][691]LogBlueprintUserMessages: Late PlayInEditor Detection: Level '/Game/StarterContent/Maps/Minimal_Default.Minimal_Default:PersistentLevel' has LevelScriptBlueprint '/Game/StarterContent/Maps/Minimal_Default.Minimal_Default:PersistentLevel.Minimal_Default' with GeneratedClass '/Game/StarterContent/Maps/Minimal_Default.Minimal_Default_C' with ClassGeneratedBy '/Game/StarterContent/Maps/Minimal_Default.Minimal_Default:PersistentLevel.Minimal_Default'
[2016.05.02-12.14.44:386][695]LogBlueprintUserMessages: [BTS_botDetectEnemy_C_5] LargeHouse_BP
[2016.05.02-12.14.44:871][753]LogBlueprintUserMessages: [BTS_botDetectEnemy_C_5] LargeHouse_BP
[2016.05.02-12.14.45:397][816]LogBlueprintUserMessages: [BTS_botDetectEnemy_C_5] LargeHouse_BP
[2016.05.02-12.14.45:812][864]LogBlueprintUserMessages: [BTS_botDetectEnemy_C_5] LargeHouse_BP
[2016.05.02-12.14.46:317][924]LogBlueprintUserMessages: [BTS_botDetectEnemy_C_5] LargeHouse_BP
[2016.05.02-12.14.46:888][992]LogBlueprintUserMessages: [BTS_botDetectEnemy_C_5] LargeHouse_BP
[2016.05.02-12.14.47:364][ 49]LogBlueprintUserMessages: [BTS_botDetectEnemy_C_5] LargeHouse_BP
[2016.05.02-12.14.47:775][ 98]LogBlueprintUserMessages: [BTS_botDetectEnemy_C_5] LargeHouse_BP
[2016.05.02-12.14.48:268][157]LogBlueprintUserMessages: [BTS_botDetectEnemy_C_5] LargeHouse_BP
[2016.05.02-12.14.48:747][214]LogBlueprintUserMessages: [BTS_botDetectEnemy_C_5] LargeHouse_BP
[2016.05.02-12.14.49:207][269]LogBlueprintUserMessages: [BTS_botDetectEnemy_C_5] LargeHouse_BP
[2016.05.02-12.14.49:776][337]LogBlueprintUserMessages: [BTS_botDetectEnemy_C_5] LargeHouse_BP
[2016.05.02-12.14.50:243][393]LogBlueprintUserMessages: [BTS_botDetectEnemy_C_5] LargeHouse_BP
[2016.05.02-12.14.50:781][457]LogBlueprintUserMessages: [BTS_botDetectEnemy_C_5] LargeHouse_BP
[2016.05.02-12.14.51:275][516]LogBlueprintUserMessages: [BTS_botDetectEnemy_C_5] LargeHouse_BP
[2016.05.02-12.14.51:728][569]LogBlueprintUserMessages: [BTS_botDetectEnemy_C_5] LargeHouse_BP
[2016.05.02-12.14.52:239][630]LogBlueprintUserMessages: [BTS_botDetectEnemy_C_5] LargeHouse_BP
[2016.05.02-12.14.52:834][701]LogBlueprintUserMessages: [BTS_botDetectEnemy_C_5] LargeHouse_BP
[2016.05.02-12.14.53:404][769]LogBlueprintUserMessages: [BTS_botDetectEnemy_C_5] LargeHouse_BP
[2016.05.02-12.14.53:997][840]LogBlueprintUserMessages: [BTS_botDetectEnemy_C_5] LargeHouse_BP
[2016.05.02-12.14.54:448][894]LogBlueprintUserMessages: [BTS_botDetectEnemy_C_5] LargeHouse_BP
[2016.05.02-12.14.54:867][944]LogBlueprintUserMessages: [BTS_botDetectEnemy_C_5] LargeHouse_BP
[2016.05.02-12.14.55:288][994]LogBlueprintUserMessages: [BTS_botDetectEnemy_C_5] LargeHouse_BP
[2016.05.02-12.14.55:721][ 46]LogBlueprintUserMessages: [BTS_botDetectEnemy_C_5] LargeHouse_BP
[2016.05.02-12.14.56:148][ 97]LogBlueprintUserMessages: [BTS_botDetectEnemy_C_5] LargeHouse_BP
[2016.05.02-12.14.56:640][156]LogBlueprintUserMessages: [BTS_botDetectEnemy_C_5] LargeHouse_BP
[2016.05.02-12.14.57:099][211]LogBlueprintUserMessages: [BTS_botDetectEnemy_C_5] LargeHouse_BP
[2016.05.02-12.14.57:541][264]LogBlueprintUserMessages: [BTS_botDetectEnemy_C_5] LargeHouse_BP
[2016.05.02-12.14.58:101][331]LogBlueprintUserMessages: [BTS_botDetectEnemy_C_5] LargeHouse_BP
[2016.05.02-12.14.58:604][390]LogBlueprintUserMessages: [BTS_botDetectEnemy_C_5] LargeHouse_BP
[2016.05.02-12.14.59:129][453]LogBlueprintUserMessages: [BTS_botDetectEnemy_C_5] LargeHouse_BP
[2016.05.02-12.14.59:717][523]LogBlueprintUserMessages: [BTS_botDetectEnemy_C_5] LargeHouse_BP
[2016.05.02-12.15.00:248][585]LogBlueprintUserMessages: [BTS_botDetectEnemy_C_5] LargeHouse_BP
[2016.05.02-12.15.00:741][644]LogBlueprintUserMessages: [BTS_botDetectEnemy_C_5] LargeHouse_BP
[2016.05.02-12.15.01:331][714]LogBlueprintUserMessages: [BTS_botDetectEnemy_C_5] LargeHouse_BP
[2016.05.02-12.15.01:915][784]LogBlueprintUserMessages: [BTS_botDetectEnemy_C_5] LargeHouse_BP
[2016.05.02-12.15.02:348][836]LogBlueprintUserMessages: [BTS_botDetectEnemy_C_5] LargeHouse_BP
[2016.05.02-12.15.02:827][893]LogBlueprintUserMessages: [BTS_botDetectEnemy_C_5] LargeHouse_BP
[2016.05.02-12.15.03:500][895]LogBlueprintUserMessages: [BTS_botDetectEnemy_C_5] LargeHouse_BP
[2016.05.02-12.15.04:166][897]LogBlueprintUserMessages: [BTS_botDetectEnemy_C_5] LargeHouse_BP
[2016.05.02-12.15.04:832][899]LogBlueprintUserMessages: [BTS_botDetectEnemy_C_5] LargeHouse_BP
[2016.05.02-12.15.05:499][901]LogBlueprintUserMessages: [BTS_botDetectEnemy_C_5] LargeHouse_BP
[2016.05.02-12.15.06:166][903]LogBlueprintUserMessages: [BTS_botDetectEnemy_C_5] LargeHouse_BP
[2016.05.02-12.15.06:833][905]LogBlueprintUserMessages: [BTS_botDetectEnemy_C_5] LargeHouse_BP
[2016.05.02-12.15.07:499][907]LogBlueprintUserMessages: [BTS_botDetectEnemy_C_5] LargeHouse_BP
[2016.05.02-12.15.08:165][909]LogBlueprintUserMessages: [BTS_botDetectEnemy_C_5] LargeHouse_BP
[2016.05.02-12.15.08:833][911]LogBlueprintUserMessages: [BTS_botDetectEnemy_C_5] LargeHouse_BP
[2016.05.02-12.15.09:499][913]LogBlueprintUserMessages: [BTS_botDetectEnemy_C_5] LargeHouse_BP
[2016.05.02-12.15.10:166][915]LogBlueprintUserMessages: [BTS_botDetectEnemy_C_5] LargeHouse_BP
[2016.05.02-12.15.10:834][917]LogBlueprintUserMessages: [BTS_botDetectEnemy_C_5] LargeHouse_BP
[2016.05.02-12.15.11:500][919]LogBlueprintUserMessages: [BTS_botDetectEnemy_C_5] LargeHouse_BP
[2016.05.02-12.15.12:166][921]LogBlueprintUserMessages: [BTS_botDetectEnemy_C_5] LargeHouse_BP
[2016.05.02-12.15.12:833][923]LogBlueprintUserMessages: [BTS_botDetectEnemy_C_5] LargeHouse_BP
[2016.05.02-12.15.13:499][925]LogBlueprintUserMessages: [BTS_botDetectEnemy_C_5] LargeHouse_BP
[2016.05.02-12.15.14:165][927]LogBlueprintUserMessages: [BTS_botDetectEnemy_C_5] LargeHouse_BP
[2016.05.02-12.15.14:832][929]LogBlueprintUserMessages: [BTS_botDetectEnemy_C_5] LargeHouse_BP
[2016.05.02-12.15.15:500][931]LogBlueprintUserMessages: [BTS_botDetectEnemy_C_5] LargeHouse_BP
[2016.05.02-12.15.16:165][933]LogBlueprintUserMessages: [BTS_botDetectEnemy_C_5] LargeHouse_BP
[2016.05.02-12.15.16:832][935]LogBlueprintUserMessages: [BTS_botDetectEnemy_C_5] LargeHouse_BP
[2016.05.02-12.15.17:499][937]LogBlueprintUserMessages: [BTS_botDetectEnemy_C_5] LargeHouse_BP
[2016.05.02-12.15.18:166][939]LogBlueprintUserMessages: [BTS_botDetectEnemy_C_5] LargeHouse_BP
[2016.05.02-12.15.18:832][941]LogBlueprintUserMessages: [BTS_botDetectEnemy_C_5] LargeHouse_BP
[2016.05.02-12.15.19:499][943]LogBlueprintUserMessages: [BTS_botDetectEnemy_C_5] LargeHouse_BP
[2016.05.02-12.15.20:166][945]LogBlueprintUserMessages: [BTS_botDetectEnemy_C_5] LargeHouse_BP
[2016.05.02-12.15.20:833][947]LogBlueprintUserMessages: [BTS_botDetectEnemy_C_5] LargeHouse_BP
[2016.05.02-12.15.21:499][949]LogBlueprintUserMessages: [BTS_botDetectEnemy_C_5] LargeHouse_BP
[2016.05.02-12.15.22:167][951]LogBlueprintUserMessages: [BTS_botDetectEnemy_C_5] LargeHouse_BP
[2016.05.02-12.15.22:833][953]LogBlueprintUserMessages: [BTS_botDetectEnemy_C_5] LargeHouse_BP
[2016.05.02-12.15.23:499][955]LogBlueprintUserMessages: [BTS_botDetectEnemy_C_5] LargeHouse_BP
[2016.05.02-12.15.24:166][957]LogBlueprintUserMessages: [BTS_botDetectEnemy_C_5] LargeHouse_BP
[2016.05.02-12.15.24:833][959]LogBlueprintUserMessages: [BTS_botDetectEnemy_C_5] LargeHouse_BP
[2016.05.02-12.15.25:499][961]LogBlueprintUserMessages: [BTS_botDetectEnemy_C_5] LargeHouse_BP
[2016.05.02-12.15.26:166][963]LogBlueprintUserMessages: [BTS_botDetectEnemy_C_5] LargeHouse_BP
[2016.05.02-12.15.26:833][965]LogBlueprintUserMessages: [BTS_botDetectEnemy_C_5] LargeHouse_BP
[2016.05.02-12.15.27:500][967]LogBlueprintUserMessages: [BTS_botDetectEnemy_C_5] LargeHouse_BP
[2016.05.02-12.15.28:166][969]LogBlueprintUserMessages: [BTS_botDetectEnemy_C_5] LargeHouse_BP
[2016.05.02-12.15.28:834][971]LogBlueprintUserMessages: [BTS_botDetectEnemy_C_5] LargeHouse_BP
[2016.05.02-12.15.29:499][973]LogBlueprintUserMessages: [BTS_botDetectEnemy_C_5] LargeHouse_BP
[2016.05.02-12.15.30:166][975]LogBlueprintUserMessages: [BTS_botDetectEnemy_C_5] LargeHouse_BP
[2016.05.02-12.15.30:833][977]LogBlueprintUserMessages: [BTS_botDetectEnemy_C_5] LargeHouse_BP
[2016.05.02-12.15.31:500][979]LogBlueprintUserMessages: [BTS_botDetectEnemy_C_5] LargeHouse_BP
[2016.05.02-12.15.32:166][981]LogBlueprintUserMessages: [BTS_botDetectEnemy_C_5] LargeHouse_BP
[2016.05.02-12.15.32:835][983]LogBlueprintUserMessages: [BTS_botDetectEnemy_C_5] LargeHouse_BP
[2016.05.02-12.15.33:499][985]LogBlueprintUserMessages: [BTS_botDetectEnemy_C_5] LargeHouse_BP
[2016.05.02-12.15.34:166][987]LogBlueprintUserMessages: [BTS_botDetectEnemy_C_5] LargeHouse_BP
[2016.05.02-12.15.34:829][989]LogBlueprintUserMessages: [BTS_botDetectEnemy_C_5] LargeHouse_BP
[2016.05.02-12.15.35:947][ 53]LogBlueprintUserMessages: Early EndPlayMap Detection: Level '/Game/StarterContent/Maps/Minimal_Default.Minimal_Default:PersistentLevel' has LevelScriptBlueprint '/Game/StarterContent/Maps/Minimal_Default.Minimal_Default:PersistentLevel.Minimal_Default' with GeneratedClass '/Game/StarterContent/Maps/Minimal_Default.Minimal_Default_C' with ClassGeneratedBy '/Game/StarterContent/Maps/Minimal_Default.Minimal_Default:PersistentLevel.Minimal_Default'
[2016.05.02-12.15.35:989][ 53]LogBlueprintUserMessages: Late EndPlayMap Detection: Level '/Game/StarterContent/Maps/Minimal_Default.Minimal_Default:PersistentLevel' has LevelScriptBlueprint '/Game/StarterContent/Maps/Minimal_Default.Minimal_Default:PersistentLevel.Minimal_Default' with GeneratedClass '/Game/StarterContent/Maps/Minimal_Default.Minimal_Default_C' with ClassGeneratedBy '/Game/StarterContent/Maps/Minimal_Default.Minimal_Default:PersistentLevel.Minimal_Default'
[2016.05.02-12.15.36:022][ 53]LogParticles: Destroying 0 GPU particle simulations for FXSystem 0x000002191B5642C0
[2016.05.02-12.15.36:283][ 54]Cmd: QUIT_EDITOR
[2016.05.02-12.15.37:025][ 54]LogWindowsTextInputMethodSystem:Display: IME system now activated using TSF (Microsoft 입력기).
[2016.05.02-12.15.37:162][ 54]LogExit: Preparing to exit.
[2016.05.02-12.15.37:984][ 54]LogExit: Editor shut down
[2016.05.02-12.15.37:986][ 54]LogExit: Transaction tracking system shut down
[2016.05.02-12.15.38:042][ 54]LogParticles: Destroying 0 GPU particle simulations for FXSystem 0x000002180CA319E0
[2016.05.02-12.15.38:049][ 54]LogParticles: Destroying 0 GPU particle simulations for FXSystem 0x0000021814090B80
[2016.05.02-12.15.38:050][ 54]LogParticles: Destroying 0 GPU particle simulations for FXSystem 0x0000021813A7E7A0
[2016.05.02-12.15.38:054][ 54]LogParticles: Destroying 0 GPU particle simulations for FXSystem 0x000002187A2C45E0
[2016.05.02-12.15.38:054][ 54]LogParticles: Destroying 0 GPU particle simulations for FXSystem 0x000002187679AB60
[2016.05.02-12.15.38:054][ 54]LogParticles: Destroying 0 GPU particle simulations for FXSystem 0x000002187679A700
[2016.05.02-12.15.38:055][ 54]LogParticles: Destroying 0 GPU particle simulations for FXSystem 0x0000021876798FE0
[2016.05.02-12.15.39:853][ 54]LogExit: Object subsystem successfully closed.
[2016.05.02-12.15.40:435][ 54]LogD3D11RHI: Shutdown
[2016.05.02-12.15.40:436][ 54]LogD3D11RHI: CleanupD3DDevice
[2016.05.02-12.15.40:670][ 54]LogD3D11RHI: ~FD3D11DynamicRHI
[2016.05.02-12.15.41:412][ 54]LogModuleManager: Shutting down and abandoning module SoundCueEditor (202)
[2016.05.02-12.15.41:412][ 54]LogModuleManager: Shutting down and abandoning module BlueprintGraph (201)
[2016.05.02-12.15.41:413][ 54]LogModuleManager: Shutting down and abandoning module CookingStats (200)
[2016.05.02-12.15.41:413][ 54]LogModuleManager: Shutting down and abandoning module SynthBenchmark (199)
[2016.05.02-12.15.41:413][ 54]LogModuleManager: Shutting down and abandoning module CrashTracker (198)
[2016.05.02-12.15.41:413][ 54]LogModuleManager: Shutting down and abandoning module SceneOutliner (197)
[2016.05.02-12.15.41:413][ 54]LogModuleManager: Shutting down and abandoning module SuperSearch (196)
[2016.05.02-12.15.41:413][ 54]LogModuleManager: Shutting down and abandoning module WidgetCarousel (195)
[2016.05.02-12.15.41:422][ 54]LogModuleManager: Shutting down and abandoning module AddContentDialog (194)
[2016.05.02-12.15.41:442][ 54]LogModuleManager: Shutting down and abandoning module EditorWidgets (193)
[2016.05.02-12.15.41:442][ 54]LogModuleManager: Shutting down and abandoning module CollectionManager (192)
[2016.05.02-12.15.41:469][ 54]LogModuleManager: Shutting down and abandoning module StatsViewer (191)
[2016.05.02-12.15.41:497][ 54]LogModuleManager: Shutting down and abandoning module FoliageEdit (190)
[2016.05.02-12.15.41:519][ 54]LogModuleManager: Shutting down and abandoning module LandscapeEditor (189)
[2016.05.02-12.15.41:543][ 54]LogModuleManager: Shutting down and abandoning module ActorPickerMode (188)
[2016.05.02-12.15.41:543][ 54]LogModuleManager: Shutting down and abandoning module GeometryMode (187)
[2016.05.02-12.15.41:543][ 54]LogModuleManager: Shutting down and abandoning module TextureAlignMode (186)
[2016.05.02-12.15.41:543][ 54]LogModuleManager: Shutting down and abandoning module BspMode (185)
[2016.05.02-12.15.41:543][ 54]LogModuleManager: Shutting down and abandoning module PlacementMode (184)
[2016.05.02-12.15.41:543][ 54]LogModuleManager: Shutting down and abandoning module AutomationWorker (183)
[2016.05.02-12.15.41:543][ 54]LogModuleManager: Shutting down and abandoning module CharacterAI (182)
[2016.05.02-12.15.41:543][ 54]LogModuleManager: Shutting down and abandoning module SmartSnapping (181)
[2016.05.02-12.15.41:543][ 54]LogModuleManager: Shutting down and abandoning module ViewportSnapping (180)
[2016.05.02-12.15.41:544][ 54]LogModuleManager: Shutting down and abandoning module LogVisualizer (179)
[2016.05.02-12.15.41:575][ 54]LogModuleManager: Shutting down and abandoning module GameProjectGeneration (178)
[2016.05.02-12.15.41:597][ 54]LogModuleManager: Shutting down and abandoning module IntroTutorials (177)
[2016.05.02-12.15.41:623][ 54]LogModuleManager: Shutting down and abandoning module EditorLiveStreaming (176)
[2016.05.02-12.15.41:623][ 54]LogModuleManager: Shutting down and abandoning module IOSPlatformEditor (175)
[2016.05.02-12.15.41:640][ 54]LogModuleManager: Shutting down and abandoning module HTML5PlatformEditor (174)
[2016.05.02-12.15.41:640][ 54]LogModuleManager: Shutting down and abandoning module AndroidDeviceDetection (173)
[2016.05.02-12.15.41:989][ 54]LogModuleManager: Shutting down and abandoning module AndroidPlatformEditor (172)
[2016.05.02-12.15.41:990][ 54]LogModuleManager: Shutting down and abandoning module IOSRuntimeSettings (171)
[2016.05.02-12.15.41:990][ 54]LogModuleManager: Shutting down and abandoning module AndroidRuntimeSettings (170)
[2016.05.02-12.15.41:990][ 54]LogModuleManager: Shutting down and abandoning module MergeActors (169)
[2016.05.02-12.15.41:995][ 54]LogModuleManager: Shutting down and abandoning module SizeMap (168)
[2016.05.02-12.15.41:996][ 54]LogModuleManager: Shutting down and abandoning module TreeMap (167)
[2016.05.02-12.15.42:008][ 54]LogModuleManager: Shutting down and abandoning module ReferenceViewer (166)
[2016.05.02-12.15.42:050][ 54]LogModuleManager: Shutting down and abandoning module LocalizationService (165)
[2016.05.02-12.15.42:059][ 54]LogModuleManager: Shutting down and abandoning module LocalizationDashboard (164)
[2016.05.02-12.15.42:068][ 54]LogModuleManager: Shutting down and abandoning module HardwareTargeting (163)
[2016.05.02-12.15.42:137][ 54]LogModuleManager: Shutting down and abandoning module DeviceProfileEditor (162)
[2016.05.02-12.15.42:155][ 54]LogModuleManager: Shutting down and abandoning module UndoHistory (161)
[2016.05.02-12.15.42:160][ 54]LogModuleManager: Shutting down and abandoning module GameplayTagsEditor (160)
[2016.05.02-12.15.42:167][ 54]LogModuleManager: Shutting down and abandoning module UserFeedback (159)
[2016.05.02-12.15.42:167][ 54]LogModuleManager: Shutting down and abandoning module XmlParser (158)
[2016.05.02-12.15.42:172][ 54]LogModuleManager: Shutting down and abandoning module Blutility (157)
[2016.05.02-12.15.42:172][ 54]LogModuleManager: Shutting down and abandoning module ProjectTargetPlatformEditor (156)
[2016.05.02-12.15.42:179][ 54]LogModuleManager: Shutting down and abandoning module ProjectSettingsViewer (155)
[2016.05.02-12.15.42:179][ 54]LogModuleManager: Shutting down and abandoning module InputBindingEditor (154)
[2016.05.02-12.15.42:230][ 54]LogModuleManager: Shutting down and abandoning module EditorSettingsViewer (153)
[2016.05.02-12.15.42:230][ 54]LogModuleManager: Shutting down and abandoning module SettingsEditor (152)
[2016.05.02-12.15.42:246][ 54]LogModuleManager: Shutting down and abandoning module ProjectLauncher (151)
[2016.05.02-12.15.42:290][ 54]LogModuleManager: Shutting down and abandoning module SessionFrontend (150)
[2016.05.02-12.15.42:330][ 54]LogModuleManager: Shutting down and abandoning module ProfilerClient (149)
[2016.05.02-12.15.42:369][ 54]LogModuleManager: Shutting down and abandoning module TargetDeviceServices (148)
[2016.05.02-12.15.42:369][ 54]LogModuleManager: Shutting down and abandoning module DeviceManager (147)
[2016.05.02-12.15.42:401][ 54]LogModuleManager: Shutting down and abandoning module AutomationController (146)
[2016.05.02-12.15.42:427][ 54]LogModuleManager: Shutting down and abandoning module AutomationWindow (145)
[2016.05.02-12.15.42:471][ 54]LogModuleManager: Shutting down and abandoning module Layers (144)
[2016.05.02-12.15.42:562][ 54]LogModuleManager: Shutting down and abandoning module ComponentVisualizers (143)
[2016.05.02-12.15.42:562][ 54]LogModuleManager: Shutting down and abandoning module DetailCustomizations (142)
[2016.05.02-12.15.42:562][ 54]LogModuleManager: Shutting down and abandoning module PackagesDialog (141)
[2016.05.02-12.15.42:562][ 54]LogModuleManager: Shutting down and abandoning module Persona (140)
[2016.05.02-12.15.42:593][ 54]LogModuleManager: Shutting down and abandoning module Kismet (139)
[2016.05.02-12.15.42:593][ 54]LogModuleManager: Shutting down and abandoning module GraphEditor (138)
[2016.05.02-12.15.42:593][ 54]LogModuleManager: Shutting down and abandoning module ClassViewer (137)
[2016.05.02-12.15.42:619][ 54]LogModuleManager: Shutting down and abandoning module Toolbox (136)
[2016.05.02-12.15.42:619][ 54]LogModuleManager: Shutting down and abandoning module ModuleUI (135)
[2016.05.02-12.15.42:625][ 54]LogModuleManager: Shutting down and abandoning module MovieSceneTools (134)
[2016.05.02-12.15.42:670][ 54]LogModuleManager: Shutting down and abandoning module OutputLog (133)
[2016.05.02-12.15.42:670][ 54]LogModuleManager: Shutting down and abandoning module GammaUI (132)
[2016.05.02-12.15.42:674][ 54]LogModuleManager: Shutting down and abandoning module Documentation (131)
[2016.05.02-12.15.42:674][ 54]LogModuleManager: Shutting down and abandoning module GameLiveStreaming (130)
[2016.05.02-12.15.42:712][ 54]LogModuleManager: Shutting down and abandoning module StreamingPauseRendering (129)
[2016.05.02-12.15.42:712][ 54]LogModuleManager: Shutting down and abandoning module AnalyticsET (128)
[2016.05.02-12.15.42:712][ 54]LogModuleManager: Shutting down and abandoning module Analytics (127)
[2016.05.02-12.15.42:712][ 54]LogModuleManager: Shutting down and abandoning module AITestSuite (126)
[2016.05.02-12.15.42:754][ 54]LogModuleManager: Shutting down and abandoning module GameplayDebugger (125)
[2016.05.02-12.15.42:765][ 54]LogModuleManager: Shutting down and abandoning module AIModule (124)
[2016.05.02-12.15.42:765][ 54]LogModuleManager: Shutting down and abandoning module ProfilerService (123)
[2016.05.02-12.15.43:068][ 54]LogModuleManager: Shutting down and abandoning module TaskGraph (122)
[2016.05.02-12.15.43:082][ 54]LogModuleManager: Shutting down and abandoning module SlateRemote (121)
[2016.05.02-12.15.43:082][ 54]LogModuleManager: Shutting down and abandoning module SteamVRController (120)
[2016.05.02-12.15.43:082][ 54]LogModuleManager: Shutting down and abandoning module SteamVR (119)
[2016.05.02-12.15.43:082][ 54]LogModuleManager: Shutting down and abandoning module ProceduralMeshComponent (118)
[2016.05.02-12.15.43:082][ 54]LogModuleManager: Shutting down and abandoning module OculusLibrary (117)
[2016.05.02-12.15.43:082][ 54]LogModuleManager: Shutting down and abandoning module OculusInput (116)
[2016.05.02-12.15.43:082][ 54]LogModuleManager: Shutting down and abandoning module LeapMotionController (115)
[2016.05.02-12.15.43:157][ 54]LogModuleManager: Shutting down and abandoning module CustomMeshComponent (114)
[2016.05.02-12.15.43:157][ 54]LogModuleManager: Shutting down and abandoning module CableComponent (113)
[2016.05.02-12.15.43:160][ 54]LogModuleManager: Shutting down and abandoning module ArchVisCharacter (112)
[2016.05.02-12.15.43:160][ 54]LogModuleManager: Shutting down and abandoning module MessagingDebugger (111)
[2016.05.02-12.15.43:348][ 54]LogModuleManager: Shutting down and abandoning module MediaPlayerEditor (110)
[2016.05.02-12.15.43:409][ 54]LogModuleManager: Shutting down and abandoning module HTML5Networking (109)
[2016.05.02-12.15.43:409][ 54]LogModuleManager: Shutting down and abandoning module SpeedTreeImporter (108)
[2016.05.02-12.15.43:409][ 54]LogModuleManager: Shutting down and abandoning module PluginBrowser (107)
[2016.05.02-12.15.43:467][ 54]LogModuleManager: Shutting down and abandoning module EpicSurvey (106)
[2016.05.02-12.15.43:487][ 54]LogModuleManager: Shutting down and abandoning module DesktopPlatform (105)
[2016.05.02-12.15.43:584][ 54]LogModuleManager: Shutting down and abandoning module VisualStudioSourceCodeAccess (104)
[2016.05.02-12.15.43:605][ 54]LogModuleManager: Shutting down and abandoning module UObjectPlugin (103)
[2016.05.02-12.15.43:605][ 54]LogModuleManager: Shutting down and abandoning module SubversionSourceControl (102)
[2016.05.02-12.15.43:711][ 54]LogModuleManager: Shutting down and abandoning module PerforceSourceControl (101)
[2016.05.02-12.15.43:890][ 54]LogModuleManager: Shutting down and abandoning module SourceControl (100)
[2016.05.02-12.15.43:929][ 54]LogModuleManager: Shutting down and abandoning module GitSourceControl (99)
[2016.05.02-12.15.43:980][ 54]LogModuleManager: Shutting down and abandoning module LightPropagationVolumeEditor (98)
[2016.05.02-12.15.43:980][ 54]LogModuleManager: Shutting down and abandoning module PaperTiledImporter (97)
[2016.05.02-12.15.44:005][ 54]LogModuleManager: Shutting down and abandoning module PaperSpriteSheetImporter (96)
[2016.05.02-12.15.44:005][ 54]LogModuleManager: Shutting down and abandoning module MeshPaint (95)
[2016.05.02-12.15.44:005][ 54]LogModuleManager: Shutting down and abandoning module SlateReflector (94)
[2016.05.02-12.15.44:050][ 54]LogModuleManager: Shutting down and abandoning module HotReload (93)
[2016.05.02-12.15.44:095][ 54]LogModuleManager: Shutting down and abandoning module MainFrame (92)
[2016.05.02-12.15.44:095][ 54]LogModuleManager: Shutting down and abandoning module LevelEditor (91)
[2016.05.02-12.15.44:143][ 54]LogModuleManager: Shutting down and abandoning module DirectoryWatcher (90)
[2016.05.02-12.15.44:145][ 54]LogModuleManager: Shutting down and abandoning module AssetRegistry (89)
[2016.05.02-12.15.45:031][ 54]LogModuleManager: Shutting down and abandoning module ContentBrowser (88)
[2016.05.02-12.15.45:033][ 54]LogModuleManager: Shutting down and abandoning module Paper2DEditor (87)
[2016.05.02-12.15.45:074][ 54]LogModuleManager: Shutting down and abandoning module UdpMessaging (86)
[2016.05.02-12.15.45:175][ 54]LogModuleManager: Shutting down and abandoning module LightPropagationVolumeRuntime (85)
[2016.05.02-12.15.45:175][ 54]LogModuleManager: Shutting down and abandoning module Paper2D (84)
[2016.05.02-12.15.45:239][ 54]LogModuleManager: Shutting down and abandoning module WindowsMoviePlayer (83)
[2016.05.02-12.15.45:253][ 54]LogModuleManager: Shutting down and abandoning module Media (82)
[2016.05.02-12.15.45:253][ 54]LogModuleManager: Shutting down and abandoning module WmfMedia (81)
[2016.05.02-12.15.45:355][ 54]LogModuleManager: Shutting down and abandoning module OnlineBlueprintSupport (80)
[2016.05.02-12.15.45:355][ 54]LogModuleManager: Shutting down and abandoning module GameplayTasksEditor (79)
[2016.05.02-12.15.45:355][ 54]LogModuleManager: Shutting down and abandoning module PropertyEditor (78)
[2016.05.02-12.15.45:355][ 54]LogModuleManager: Shutting down and abandoning module BehaviorTreeEditor (77)
[2016.05.02-12.15.45:532][ 54]LogModuleManager: Shutting down and abandoning module FunctionalTesting (76)
[2016.05.02-12.15.45:532][ 54]LogModuleManager: Shutting down and abandoning module CollisionAnalyzer (75)
[2016.05.02-12.15.45:566][ 54]LogModuleManager: Shutting down and abandoning module WorkspaceMenuStructure (74)
[2016.05.02-12.15.45:566][ 54]LogModuleManager: Shutting down and abandoning module MessageLog (73)
[2016.05.02-12.15.45:566][ 54]LogModuleManager: Shutting down and abandoning module Sequencer (72)
[2016.05.02-12.15.45:622][ 54]LogModuleManager: Shutting down and abandoning module AssetTools (71)
[2016.05.02-12.15.45:641][ 54]LogModuleManager: Shutting down and abandoning module UMGEditor (70)
[2016.05.02-12.15.45:719][ 54]LogModuleManager: Shutting down and abandoning module UMG (69)
[2016.05.02-12.15.45:719][ 54]LogModuleManager: Shutting down and abandoning module Slate (68)
[2016.05.02-12.15.45:719][ 54]LogModuleManager: Shutting down and abandoning module EditorStyle (67)
[2016.05.02-12.15.45:721][ 54]LogModuleManager: Shutting down and abandoning module SessionServices (66)
[2016.05.02-12.15.45:721][ 54]LogModuleManager: Shutting down and abandoning module SourceCodeAccess (65)
[2016.05.02-12.15.45:721][ 54]LogModuleManager: Shutting down and abandoning module HeadMountedDisplay (64)
[2016.05.02-12.15.45:721][ 54]LogModuleManager: Shutting down and abandoning module XAudio2 (63)
[2016.05.02-12.15.45:721][ 54]LogModuleManager: Shutting down and abandoning module Networking (61)
[2016.05.02-12.15.45:721][ 54]LogModuleManager: Shutting down and abandoning module Core (60)
[2016.05.02-12.15.45:721][ 54]LogModuleManager: Shutting down and abandoning module KismetCompiler (59)
[2016.05.02-12.15.45:721][ 54]LogModuleManager: Shutting down and abandoning module PhysXFormats (58)
[2016.05.02-12.15.45:770][ 54]LogModuleManager: Shutting down and abandoning module MeshUtilities (57)
[2016.05.02-12.15.45:790][ 54]LogModuleManager: Shutting down and abandoning module DerivedDataCache (56)
[2016.05.02-12.15.45:863][ 54]LogDerivedDataCache: Shutdown
[2016.05.02-12.15.45:863][ 54]LogModuleManager: Shutting down and abandoning module ShaderFormatOpenGL (55)
[2016.05.02-12.15.45:903][ 54]LogModuleManager: Shutting down and abandoning module ShaderFormatD3D (54)
[2016.05.02-12.15.45:970][ 54]LogModuleManager: Shutting down and abandoning module MetalShaderFormat (53)
[2016.05.02-12.15.45:984][ 54]LogModuleManager: Shutting down and abandoning module TextureFormatUncompressed (52)
[2016.05.02-12.15.45:984][ 54]LogModuleManager: Shutting down and abandoning module TextureFormatPVR (51)
[2016.05.02-12.15.46:040][ 54]LogModuleManager: Shutting down and abandoning module TextureFormatIntelISPCTexComp (50)
[2016.05.02-12.15.46:049][ 54]LogModuleManager: Shutting down and abandoning module TextureFormatDXT (49)
[2016.05.02-12.15.46:058][ 54]LogModuleManager: Shutting down and abandoning module ImageWrapper (48)
[2016.05.02-12.15.46:058][ 54]LogModuleManager: Shutting down and abandoning module TextureFormatASTC (47)
[2016.05.02-12.15.46:058][ 54]LogModuleManager: Shutting down and abandoning module TextureFormatAndroid (46)
[2016.05.02-12.15.46:058][ 54]LogModuleManager: Shutting down and abandoning module AudioFormatOpus (45)
[2016.05.02-12.15.46:073][ 54]LogModuleManager: Shutting down and abandoning module AudioFormatOgg (44)
[2016.05.02-12.15.46:073][ 54]LogModuleManager: Shutting down and abandoning module AudioFormatADPCM (43)
[2016.05.02-12.15.46:102][ 54]LogModuleManager: Shutting down and abandoning module LinuxTargetPlatform (42)
[2016.05.02-12.15.46:102][ 54]LogModuleManager: Shutting down and abandoning module LinuxServerTargetPlatform (41)
[2016.05.02-12.15.46:114][ 54]LogModuleManager: Shutting down and abandoning module LinuxNoEditorTargetPlatform (40)
[2016.05.02-12.15.46:129][ 54]LogModuleManager: Shutting down and abandoning module Messaging (39)
[2016.05.02-12.15.46:129][ 54]LogModuleManager: Shutting down and abandoning module IOSTargetPlatform (38)
[2016.05.02-12.15.46:129][ 54]LogModuleManager: Shutting down and abandoning module HTML5TargetPlatform (37)
[2016.05.02-12.15.46:129][ 54]LogModuleManager: Shutting down and abandoning module Android_PVRTCTargetPlatform (36)
[2016.05.02-12.15.46:129][ 54]LogModuleManager: Shutting down and abandoning module Android_MultiTargetPlatform (35)
[2016.05.02-12.15.46:129][ 54]LogModuleManager: Shutting down and abandoning module Android_ETC2TargetPlatform (34)
[2016.05.02-12.15.46:129][ 54]LogModuleManager: Shutting down and abandoning module Android_ETC1TargetPlatform (33)
[2016.05.02-12.15.46:129][ 54]LogModuleManager: Shutting down and abandoning module Android_DXTTargetPlatform (32)
[2016.05.02-12.15.46:129][ 54]LogModuleManager: Shutting down and abandoning module Android_ATCTargetPlatform (31)
[2016.05.02-12.15.46:129][ 54]LogModuleManager: Shutting down and abandoning module Android_ASTCTargetPlatform (30)
[2016.05.02-12.15.46:129][ 54]LogModuleManager: Shutting down and abandoning module AndroidTargetPlatform (29)
[2016.05.02-12.15.46:129][ 54]LogModuleManager: Shutting down and abandoning module WindowsTargetPlatform (28)
[2016.05.02-12.15.46:129][ 54]LogModuleManager: Shutting down and abandoning module WindowsServerTargetPlatform (27)
[2016.05.02-12.15.46:142][ 54]LogModuleManager: Shutting down and abandoning module WindowsNoEditorTargetPlatform (26)
[2016.05.02-12.15.46:145][ 54]LogModuleManager: Shutting down and abandoning module WindowsClientTargetPlatform (25)
[2016.05.02-12.15.46:150][ 54]LogModuleManager: Shutting down and abandoning module AllDesktopTargetPlatform (24)
[2016.05.02-12.15.46:150][ 54]LogModuleManager: Shutting down and abandoning module TargetPlatform (23)
[2016.05.02-12.15.46:150][ 54]LogModuleManager: Shutting down and abandoning module InputCore (22)
[2016.05.02-12.15.46:150][ 54]LogModuleManager: Shutting down and abandoning module Settings (21)
[2016.05.02-12.15.46:151][ 54]LogModuleManager: Shutting down and abandoning module OnlineSubsystem (19)
[2016.05.02-12.15.46:151][ 54]LogModuleManager: Shutting down and abandoning module HTTP (18)
[2016.05.02-12.15.48:153][ 54]LogModuleManager: Shutting down and abandoning module XMPP (17)
[2016.05.02-12.15.48:184][ 54]LogModuleManager: Shutting down and abandoning module OculusRift (16)
[2016.05.02-12.15.48:199][ 54]LogModuleManager: Shutting down and abandoning module ExampleDeviceProfileSelector (15)
[2016.05.02-12.15.48:199][ 54]LogModuleManager: Shutting down and abandoning module TextureCompressor (14)
[2016.05.02-12.15.48:211][ 54]LogModuleManager: Shutting down and abandoning module ShaderCore (13)
[2016.05.02-12.15.48:211][ 54]LogModuleManager: Shutting down and abandoning module Landscape (12)
[2016.05.02-12.15.48:211][ 54]LogModuleManager: Shutting down and abandoning module SlateRHIRenderer (11)
[2016.05.02-12.15.48:230][ 54]LogModuleManager: Shutting down and abandoning module OpenGLDrv (10)
[2016.05.02-12.15.48:245][ 54]LogModuleManager: Shutting down and abandoning module D3D11RHI (9)
[2016.05.02-12.15.48:245][ 54]LogModuleManager: Shutting down and abandoning module AnimGraphRuntime (8)
[2016.05.02-12.15.48:251][ 54]LogModuleManager: Shutting down and abandoning module Renderer (7)
[2016.05.02-12.15.48:251][ 54]LogModuleManager: Shutting down and abandoning module Engine (6)
[2016.05.02-12.15.48:251][ 54]LogModuleManager: Shutting down and abandoning module CoreUObject (5)
[2016.05.02-12.15.48:251][ 54]LogModuleManager: Shutting down and abandoning module NetworkFile (4)
[2016.05.02-12.15.48:267][ 54]LogModuleManager: Shutting down and abandoning module StreamingFile (3)
[2016.05.02-12.15.48:306][ 54]LogModuleManager: Shutting down and abandoning module SandboxFile (2)
[2016.05.02-12.15.48:355][ 54]LogModuleManager: Shutting down and abandoning module PakFile (1)
[2016.05.02-12.15.48:392][ 54]LogExit: Exiting.
[2016.05.02-12.15.48:428][ 54]Log file closed, 05/02/16 21:15:48
