[2016.05.02-02.54.00:757][  0]Log file open, 05/02/16 11:54:00
[2016.05.02-02.54.00:757][  0]LogInit:Display: Running engine for game: Hero
[2016.05.02-02.54.00:757][  0]LogPlatformFile: Not using cached read wrapper
[2016.05.02-02.54.00:757][  0]LogInit:Display: RandInit(1514075278) SRandInit(1514075279).
[2016.05.02-02.54.00:757][  0]LogTaskGraph: Started task graph with 4 named threads and 7 total threads.
[2016.05.02-02.54.00:757][  0]LogStats: Stats thread started at 0.069740
[2016.05.02-02.54.00:757][  0]LogInit: Version: 4.10.4-2872498+++depot+UE4-Releases+4.10
[2016.05.02-02.54.00:757][  0]LogInit: API Version: 2758231
[2016.05.02-02.54.00:757][  0]LogInit: Compiled (64-bit): Feb 18 2016 15:47:04
[2016.05.02-02.54.00:757][  0]LogInit: Compiled with Visual C++: 19.00.23026.00
[2016.05.02-02.54.00:757][  0]LogInit: Build Configuration: Development
[2016.05.02-02.54.00:757][  0]LogInit: Branch Name: ++depot+UE4-Releases+4.10
[2016.05.02-02.54.00:757][  0]LogInit: Command line:  
[2016.05.02-02.54.00:757][  0]LogInit: Base directory: C:/Program Files (x86)/Epic Games/4.10/Engine/Binaries/Win64/
[2016.05.02-02.54.00:757][  0]LogInit: Rocket: 1
[2016.05.02-02.54.00:794][  0]LogInit: Using libcurl 7.41.0
[2016.05.02-02.54.00:794][  0]LogInit:  - built for x86_64-pc-win32
[2016.05.02-02.54.00:794][  0]LogInit:  - supports SSL with WinSSL
[2016.05.02-02.54.00:794][  0]LogInit:  - other features:
[2016.05.02-02.54.00:794][  0]LogInit:      CURL_VERSION_SSL
[2016.05.02-02.54.00:794][  0]LogInit:      CURL_VERSION_IPV6
[2016.05.02-02.54.00:794][  0]LogInit:      CURL_VERSION_ASYNCHDNS
[2016.05.02-02.54.00:794][  0]LogInit:      CURL_VERSION_LARGEFILE
[2016.05.02-02.54.00:794][  0]LogInit:      CURL_VERSION_IDN
[2016.05.02-02.54.00:794][  0]LogInit:  CurlRequestOptions (configurable via config and command line):
[2016.05.02-02.54.00:794][  0]LogInit:  - bVerifyPeer = true  - Libcurl will verify peer certificate
[2016.05.02-02.54.00:794][  0]LogInit:  - bUseHttpProxy = false  - Libcurl will NOT use HTTP proxy
[2016.05.02-02.54.00:794][  0]LogInit:  - bDontReuseConnections = false  - Libcurl will reuse connections
[2016.05.02-02.54.00:794][  0]LogInit:  - CertBundlePath = nullptr  - Libcurl will use whatever was configured at build time.
[2016.05.02-02.54.00:802][  0]LogInit: Presizing for 0 objects not considered by GC, pre-allocating 0 bytes.
[2016.05.02-02.54.00:807][  0]LogInit: Object subsystem initialized
[2016.05.02-02.54.00:807][  0]LogInit: Selected Device Profile: [Windows]
[2016.05.02-02.54.00:807][  0]LogInit: Applying CVar settings loaded from the selected device profile: [Windows]
[2016.05.02-02.54.01:017][  0]LogInit: Computer: MUHONI_ECL-PC
[2016.05.02-02.54.01:017][  0]LogInit: User: MUHONIecl
[2016.05.02-02.54.01:017][  0]LogInit: CPU Page size=4096, Cores=4
[2016.05.02-02.54.01:017][  0]LogInit: High frequency timer resolution =3.328261 MHz
[2016.05.02-02.54.01:017][  0]LogMemory: Memory total: Physical=15.9GB (16GB approx)
[2016.05.02-02.54.01:017][  0]LogMemory: Platform Memory Stats for Windows
[2016.05.02-02.54.01:017][  0]LogMemory: Process Physical Memory: 57.89 MB used, 57.89 MB peak
[2016.05.02-02.54.01:017][  0]LogMemory: Process Virtual Memory: 57.55 MB used, 57.55 MB peak
[2016.05.02-02.54.01:017][  0]LogMemory: Physical Memory: 5676.79 MB used, 16320.46 MB total
[2016.05.02-02.54.01:017][  0]LogMemory: Virtual Memory: 351.21 MB used, 8388608.00 MB total
[2016.05.02-02.54.01:067][  0]LogTextLocalizationManager: No specific translations for ('ko-KR') exist, so ('ko') translations will be used.
[2016.05.02-02.54.01:098][  0]LogTextLocalizationManager:Warning: Loaded localization resources contain conflicting entries for (Namespace:UObjectToolTips, Key:AnimNode_AssetPlayerBase:InternalTimeAccumulator):
Localization Resource: (C:/Program Files (x86)/Epic Games/4.10/Engine/Content/Localization/EditorTutorials/ko/EditorTutorials.locres) Source String Hash: (502993589) Localized String: (이 노드에서 애셋을 레퍼런싱하는 데 사용되는 누적 시간입니다.)
Localization Resource: (C:/Program Files (x86)/Epic Games/4.10/Engine/Content/Localization/Engine/ko/Engine.locres) Source String Hash: (502993589) Localized String: (이 노드에서 애셋을 레퍼런싱하는 데 사용된 누적 시간입니다.)
[2016.05.02-02.54.01:098][  0]LogTextLocalizationManager:Warning: Loaded localization resources contain conflicting entries for (Namespace:UObjectToolTips, Key:AnimNode_AssetPlayerBase:bIgnoreForRelevancyTest):
Localization Resource: (C:/Program Files (x86)/Epic Games/4.10/Engine/Content/Localization/EditorTutorials/ko/EditorTutorials.locres) Source String Hash: (319969718) Localized String: (True 면, 스테이트에서 최고 가중치 애니메이션을 찾는 "Relevant anim" 노드는 이 노드를 무시합니다.
 )
Localization Resource: (C:/Program Files (x86)/Epic Games/4.10/Engine/Content/Localization/Engine/ko/Engine.locres) Source String Hash: (319969718) Localized String: (True 면 스테이트 내 최고 웨이팅된 애니메이션을 찾는 "Relevant anim" 노드가 무시됩니다.
 )
[2016.05.02-02.54.01:098][  0]LogTextLocalizationManager:Warning: Loaded localization resources contain conflicting entries for (Namespace:UObjectToolTips, Key:AnimNode_AssetPlayerBase:BlendWeight):
Localization Resource: (C:/Program Files (x86)/Epic Games/4.10/Engine/Content/Localization/EditorTutorials/ko/EditorTutorials.locres) Source String Hash: (-1232800293) Localized String: (이 노드에 마지막 걸린 블렌드웨이트 입니다.)
Localization Resource: (C:/Program Files (x86)/Epic Games/4.10/Engine/Content/Localization/Engine/ko/Engine.locres) Source String Hash: (-1232800293) Localized String: (이 노드에 대해 마지막 접한 블렌드 웨이트)
[2016.05.02-02.54.01:340][  0]LogD3D11RHI: Found D3D11 adapter 0: NVIDIA GeForce GTX 970 (Feature Level 11_0)
[2016.05.02-02.54.01:340][  0]LogD3D11RHI: Adapter has 4007MB of dedicated video memory, 0MB of dedicated system memory, and 7904MB of shared system memory, 2 output[s]
[2016.05.02-02.54.01:340][  0]LogD3D11RHI: Chosen D3D11 Adapter Id = 0
[2016.05.02-02.54.01:346][  0]LogD3D11RHI: !Direct3DDevice
[2016.05.02-02.54.01:346][  0]LogRHI: Texture pool is 1361 MB (70% of 1945 MB)
[2016.05.02-02.54.01:357][  0]LogD3D11RHI: Async texture creation enabled
[2016.05.02-02.54.01:370][  0]LogShaderCompilers: Guid format shader working directory is 4 characters bigger than the processId version (I:/Projects/Unreal Projects/Project/Hero 4.10/Intermediate/Shaders/WorkingDirectory/8812/).
[2016.05.02-02.54.01:370][  0]LogShaderCompilers: Cleaned the shader compiler working directory 'C:/Users/MUHONI~1/AppData/Local/Temp/UnrealShaderWorkingDir/5830BBDA430F9D2D335328A11035354D/'.
[2016.05.02-02.54.01:370][  0]LogShaderCompilers:Display: Using Local Shader Compiler.
[2016.05.02-02.54.02:082][  0]LogTemp:Display: Loaded TP AllDesktopTargetPlatform
[2016.05.02-02.54.02:087][  0]LogTemp:Display: Loaded TP WindowsClientTargetPlatform
[2016.05.02-02.54.02:091][  0]LogTemp:Display: Loaded TP WindowsNoEditorTargetPlatform
[2016.05.02-02.54.02:096][  0]LogTemp:Display: Loaded TP WindowsServerTargetPlatform
[2016.05.02-02.54.02:100][  0]LogTemp:Display: Loaded TP WindowsTargetPlatform
[2016.05.02-02.54.02:104][  0]LogTemp:Display: Loaded TP AndroidTargetPlatform
[2016.05.02-02.54.02:107][  0]LogTemp:Display: Loaded TP Android_ASTCTargetPlatform
[2016.05.02-02.54.02:110][  0]LogTemp:Display: Loaded TP Android_ATCTargetPlatform
[2016.05.02-02.54.02:113][  0]LogTemp:Display: Loaded TP Android_DXTTargetPlatform
[2016.05.02-02.54.02:115][  0]LogTemp:Display: Loaded TP Android_ETC1TargetPlatform
[2016.05.02-02.54.02:118][  0]LogTemp:Display: Loaded TP Android_ETC2TargetPlatform
[2016.05.02-02.54.02:124][  0]LogTemp:Display: Loaded TP Android_MultiTargetPlatform
[2016.05.02-02.54.02:124][  0]LogTemp:Display: Loaded TP Android_PVRTCTargetPlatform
[2016.05.02-02.54.02:125][  0]LogTemp:Display: Loaded TP HTML5TargetPlatform
[2016.05.02-02.54.02:140][  0]LogTemp:Display: Loaded TP IOSTargetPlatform
[2016.05.02-02.54.02:142][  0]LogTemp:Display: Loaded TP LinuxNoEditorTargetPlatform
[2016.05.02-02.54.02:145][  0]LogTemp:Display: Loaded TP LinuxServerTargetPlatform
[2016.05.02-02.54.02:148][  0]LogTemp:Display: Loaded TP LinuxTargetPlatform
[2016.05.02-02.54.02:148][  0]LogTargetPlatformManager:Display: Building Assets For Windows
[2016.05.02-02.54.02:235][  0]LogDerivedDataCache:Display: Max Cache Size: 512 MB
[2016.05.02-02.54.02:269][  0]LogDerivedDataCache: Loaded boot cache 0.03s 41MB C:/Users/MUHONI_ecl/AppData/Local/UnrealEngine/4.10/DerivedDataCache/Boot.ddc.
[2016.05.02-02.54.02:270][  0]LogDerivedDataCache:Display: Loaded Boot cache: C:/Users/MUHONI_ecl/AppData/Local/UnrealEngine/4.10/DerivedDataCache/Boot.ddc
[2016.05.02-02.54.02:270][  0]LogDerivedDataCache: FDerivedDataBackendGraph:  Pak pak cache file I:/Projects/Unreal Projects/Project/Hero 4.10/DerivedDataCache/DDC.ddp not found, will not use a pak cache.
[2016.05.02-02.54.02:270][  0]LogDerivedDataCache: Unable to find inner node Pak for hierarchical cache Hierarchy.
[2016.05.02-02.54.02:270][  0]LogDerivedDataCache: FDerivedDataBackendGraph:  CompressedPak pak cache file I:/Projects/Unreal Projects/Project/Hero 4.10/DerivedDataCache/Compressed.ddp not found, will not use a pak cache.
[2016.05.02-02.54.02:270][  0]LogDerivedDataCache: Unable to find inner node CompressedPak for hierarchical cache Hierarchy.
[2016.05.02-02.54.02:315][  0]LogDerivedDataCache:Display: Pak cache opened for reading ../../../Engine/DerivedDataCache/Compressed.ddp.
[2016.05.02-02.54.02:326][  0]LogDerivedDataCache: Using Local data cache path C:/Users/MUHONI_ecl/AppData/Local/UnrealEngine/Common/DerivedDataCache: Writable
[2016.05.02-02.54.02:478][  0]LogInit: Selected Device Profile: [Windows]
[2016.05.02-02.54.02:478][  0]LogContentStreaming: Texture pool size is 0.000000MB
[2016.05.02-02.54.02:516][  0]LogMeshUtilities: No automatic mesh reduction module available
[2016.05.02-02.54.02:516][  0]LogMeshUtilities: No automatic mesh merging module available
[2016.05.02-02.54.02:793][  0]LogInit: WinSock: version 1.1 (2.2), MaxSocks=32767, MaxUdp=65467
[2016.05.02-02.54.03:568][  0]UdpMessaging: Initializing bridge on interface 0.0.0.0:0 to multicast group 230.0.0.1:6666.
[2016.05.02-02.54.03:671][  0]LogAssetRegistry: FAssetRegistry took 0.0097 seconds to start up
[2016.05.02-02.54.03:835][  0]SourceControl: 정보 소스 콘트롤이 꺼졌습니다.
[2016.05.02-02.54.03:836][  0]SourceControl: 정보 소스 콘트롤이 꺼졌습니다.
[2016.05.02-02.54.03:847][  0]SourceControl: 정보 소스 콘트롤이 꺼졌습니다.
[2016.05.02-02.54.03:859][  0]SourceControl: 정보 소스 콘트롤이 꺼졌습니다.
[2016.05.02-02.54.04:134][  0]LogObj: 28633 objects as part of root set at end of initial load.
[2016.05.02-02.54.04:134][  0]LogUObjectAllocator: 6099744 out of 0 bytes used by permanent object pool.
[2016.05.02-02.54.04:183][  0]LogEngine: Initializing Engine...
[2016.05.02-02.54.04:186][  0]LogHMD: Can't find Oculus library dev build: is proper Runtime installed? Version: 0.8.0.0
[2016.05.02-02.54.04:187][  0]LogHMD: SteamVR failed to initialize.  Err: 110
[2016.05.02-02.54.04:298][  0]LogAIModule: Creating AISystem for world NewWorld
[2016.05.02-02.54.04:313][  0]LogInit: XAudio2 using 'Realtek HD Audio 2nd output(Realtek High Definition Audio)' : 2 channels at 48 kHz using 32 bits per sample (channel mask 0x3)
[2016.05.02-02.54.04:327][  0]LogInit: FAudioDevice initialized.
[2016.05.02-02.54.04:344][  0]LogDerivedDataCache: Saved boot cache 0.02s 41MB C:/Users/MUHONI_ecl/AppData/Local/UnrealEngine/4.10/DerivedDataCache/Boot.ddc.
[2016.05.02-02.54.04:346][  0]LogInit: Texture streaming: Enabled
[2016.05.02-02.54.04:351][  0]LogAnalytics: Creating configured Analytics provider AnalyticsET
[2016.05.02-02.54.04:351][  0]LogAnalytics: [UEEditor.Rocket.Release] APIServer = http://et2.epicgames.com/ET2/. AppVersion = 4.10.4-2872498+++depot+UE4-Releases+4.10
[2016.05.02-02.54.04:352][  0]LogAnalytics: [UEEditor.Rocket.Release] SetUserId 8bc9eabf4fd918bb65b531bbfe5eee47|1ee373e9bedc4d7e9c76f780c6814fe5|2baa7e2a-217c-4725-bcca-eb1feecff6c2
[2016.05.02-02.54.04:352][  0]LogAnalytics: [UEEditor.Rocket.Release] AnalyticsET::StartSession
[2016.05.02-02.54.04:359][  0]LogInit: Transaction tracking system initialized
[2016.05.02-02.54.04:386][  0]BlueprintLog: New page: 에디터 로드
[2016.05.02-02.54.04:630][  0]LocalizationService: 정보 현지화 서비스가 비활성화되었습니다.
[2016.05.02-02.54.04:702][  0]LogConsoleResponse:Display: 
[2016.05.02-02.54.04:804][  0]LogCook:Display: Done creating registry. It took  0.00s.
[2016.05.02-02.54.04:860][  0]LogFileCache: Scanning file cache for directory 'I:/Projects/Unreal Projects/Project/Hero 4.10/Content/' took 0.03s
[2016.05.02-02.54.04:860][  0]SourceControl: 정보 소스 콘트롤이 꺼졌습니다.
[2016.05.02-02.54.04:860][  0]Cmd: MAP LOAD FILE="I:/Projects/Unreal Projects/Project/Hero 4.10/Content/StarterContent/Maps/Minimal_Default.umap" TEMPLATE=0 SHOWPROGRESS=1 FEATURELEVEL=3
[2016.05.02-02.54.04:861][  0]LightingResults: New page: 라이팅 빌드
[2016.05.02-02.54.04:864][  0]MapCheck: New page: 맵 체크
[2016.05.02-02.54.04:864][  0]LightingResults: New page: 라이팅 빌드
[2016.05.02-02.54.04:873][  0]LogParticles: Destroying 0 GPU particle simulations for FXSystem 0x0000000023317B00
[2016.05.02-02.54.06:435][  0]LogAIModule: Creating AISystem for world Minimal_Default
[2016.05.02-02.54.06:498][  0]LogEditorServer: Finished looking for orphan Actors (0.000 secs)
[2016.05.02-02.54.06:514][  0]Cmd: MAP CHECKDEP NOCLEARLOG
[2016.05.02-02.54.06:625][  0]MapCheck: 정보 맵 체크 완료: 오류 0 회, 경고 0 회, 소요 시간 110.843ms.
[2016.05.02-02.54.06:625][  0]LogFileHelpers: Loading map 'Minimal_Default' took 1.765
[2016.05.02-02.54.06:732][  0]LogCollectionManager: Loaded 0 collections in 0.002384 seconds
[2016.05.02-02.54.06:774][  0]LogFileCache: Scanning file cache for directory 'I:/Projects/Unreal Projects/Project/Hero 4.10/Saved/Collections/' took 0.01s
[2016.05.02-02.54.06:774][  0]LogFileCache: Scanning file cache for directory 'I:/Projects/Unreal Projects/Project/Hero 4.10/Content/Developers/MUHONIecl/Collections/' took 0.01s
[2016.05.02-02.54.06:774][  0]LogFileCache: Scanning file cache for directory 'I:/Projects/Unreal Projects/Project/Hero 4.10/Content/Collections/' took 0.01s
[2016.05.02-02.54.06:774][  0]LogCollectionManager: Rebuilt the GUID cache for 0 collections in 0.000002 seconds
[2016.05.02-02.54.06:780][  0]LogContentBrowser: Native class hierarchy populated in 0.0056 seconds. Added 1893 classes and 338 folders.
[2016.05.02-02.54.06:786][  0]LogContentBrowser: Native class hierarchy updated for 'WidgetCarousel' in 0.0003 seconds. Added 0 classes and 0 folders.
[2016.05.02-02.54.06:838][  0]LogContentBrowser: Native class hierarchy updated for 'AddContentDialog' in 0.0005 seconds. Added 0 classes and 0 folders.
[2016.05.02-02.54.06:842][  0]LogContentBrowser: Native class hierarchy updated for 'SceneOutliner' in 0.0003 seconds. Added 1 classes and 2 folders.
[2016.05.02-02.54.06:857][  0]LogCrashTracker: Crashtracker disabled due to settings.
[2016.05.02-02.54.06:861][  0]LogUObjectGlobals:Warning: 'Class 없음.' 오브젝트를 찾는 데 실패했습니다.
[2016.05.02-02.54.06:882][  0]LogLoad: Full Startup: 6.59 seconds (BP compile: 0.19 seconds)
[2016.05.02-02.54.06:898][  0]LogOcInput: Can't find Oculus library dev build: is proper Runtime installed? Version: 0.8.0.0
[2016.05.02-02.54.07:150][  0]LogContentStreaming: Texture pool size now 1000 MB
[2016.05.02-02.54.07:256][  1]Cmd: UpdateLandscapeEditorData -warnings
[2016.05.02-02.54.07:411][  1]LogRenderer: Reallocating scene render targets to support 1048x576 (Frame:2).
[2016.05.02-02.54.07:676][  8]LogAssetRegistry: Asset discovery search completed in 4.0148 seconds
[2016.05.02-02.54.07:676][  8]LogCollectionManager: Rebuilt the object cache for 0 collections in 0.000001 seconds (found 0 objects)
[2016.05.02-02.54.07:676][  8]LogCollectionManager: Fixed up redirectors for 0 collections in 0.000019 seconds (updated 0 objects)
[2016.05.02-02.54.19:977][466]LogRenderer: Reallocating scene render targets to support 1616x836 (Frame:1469).
[2016.05.02-02.54.20:876][569]LogBlueprintUserMessages: Early PlayInEditor Detection: Level '/Game/StarterContent/Maps/Minimal_Default.Minimal_Default:PersistentLevel' has LevelScriptBlueprint '/Game/StarterContent/Maps/Minimal_Default.Minimal_Default:PersistentLevel.Minimal_Default' with GeneratedClass '/Game/StarterContent/Maps/Minimal_Default.Minimal_Default_C' with ClassGeneratedBy '/Game/StarterContent/Maps/Minimal_Default.Minimal_Default:PersistentLevel.Minimal_Default'
[2016.05.02-02.54.20:876][569]LogPlayLevel: PlayLevel: No blueprints needed recompiling
[2016.05.02-02.54.20:876][569]PIE: New page: PIE 세션: Minimal_Default (2016. 5. 2. 오후 8:54:20)
[2016.05.02-02.54.20:876][569]LogPlayLevel: Creating play world package: /Game/StarterContent/Maps/UEDPIE_0_Minimal_Default
[2016.05.02-02.54.20:944][569]LogPlayLevel: PIE: StaticDuplicateObject took: (0.068107s)
[2016.05.02-02.54.20:945][569]LogAIModule: Creating AISystem for world Minimal_Default
[2016.05.02-02.54.20:945][569]LogPlayLevel: PIE: World Init took: (0.000600s)
[2016.05.02-02.54.20:945][569]LogPlayLevel: PIE: Created PIE world by copying editor world from /Game/StarterContent/Maps/Minimal_Default.Minimal_Default to /Game/StarterContent/Maps/UEDPIE_0_Minimal_Default.Minimal_Default (0.069068s)
[2016.05.02-02.54.20:983][569]LogInit: XAudio2 using 'Realtek HD Audio 2nd output(Realtek High Definition Audio)' : 2 channels at 48 kHz using 32 bits per sample (channel mask 0x3)
[2016.05.02-02.54.20:995][569]LogInit: FAudioDevice initialized.
[2016.05.02-02.54.23:091][569]LogProperty:Error: UStructProperty::Serialize Loading: Property 'StructProperty /Game/SGH/Projectile/Beam_BP.Beam_BP_C:스킬 기본값 설정.SkillStruct'. Unknown structure.
[2016.05.02-02.54.24:299][569]LogAudioDerivedData:Display: OGG 압축 오디오 포맷 step6 웨이브 빌드중...
[2016.05.02-02.54.24:305][569]LogAudioDerivedData:Display: OGG 압축 오디오 포맷 step3 웨이브 빌드중...
[2016.05.02-02.54.24:312][569]LogAudioDerivedData:Display: OGG 압축 오디오 포맷 step4 웨이브 빌드중...
[2016.05.02-02.54.24:350][569]LogAudioDerivedData:Display: OGG 압축 오디오 포맷 sword0 웨이브 빌드중...
[2016.05.02-02.54.24:368][569]LogAudioDerivedData:Display: OGG 압축 오디오 포맷 sword1 웨이브 빌드중...
[2016.05.02-02.54.24:412][569]LogAudioDerivedData:Display: OGG 압축 오디오 포맷 step1 웨이브 빌드중...
[2016.05.02-02.54.24:419][569]LogAudioDerivedData:Display: OGG 압축 오디오 포맷 step5 웨이브 빌드중...
[2016.05.02-02.54.24:515][569]LogAudioDerivedData:Display: OGG 압축 오디오 포맷 setTower 웨이브 빌드중...
[2016.05.02-02.54.24:534][569]LogAudioDerivedData:Display: OGG 압축 오디오 포맷 step0 웨이브 빌드중...
[2016.05.02-02.54.24:602][569]LogAudioDerivedData:Display: OGG 압축 오디오 포맷 step2 웨이브 빌드중...
[2016.05.02-02.54.25:805][569]LogMaterial: Missing cached shader map for material M_Rock_Basalt, compiling. 
[2016.05.02-02.54.25:878][569]LogWorld: Game class is 'CustomMode_BP_C'
[2016.05.02-02.54.25:941][569]LogWorld: Bringing World /Game/StarterContent/Maps/UEDPIE_0_Minimal_Default.Minimal_Default up for play (max tick rate 0) at 2016.05.02-11.54.25
[2016.05.02-02.54.25:941][569]LogActor:Warning: GameSession /Game/StarterContent/Maps/UEDPIE_0_Minimal_Default.Minimal_Default:PersistentLevel.GameSession_0 has natively added scene component(s), but none of them were set as the actor's RootComponent - picking one arbitrarily
[2016.05.02-02.54.25:941][569]LogActor:Warning: GameNetworkManager /Game/StarterContent/Maps/UEDPIE_0_Minimal_Default.Minimal_Default:PersistentLevel.GameNetworkManager_0 has natively added scene component(s), but none of them were set as the actor's RootComponent - picking one arbitrarily
[2016.05.02-02.54.25:946][569]LogWorld: Bringing up level for play took: 0.065803
[2016.05.02-02.54.25:953][569]PIE: 정보 /Game/StarterContent/Maps/UEDPIE_0_Minimal_Default 에 대한 에디터에서 플레이 시작 시간: 5.662
[2016.05.02-02.54.25:953][569]LogBlueprintUserMessages: Late PlayInEditor Detection: Level '/Game/StarterContent/Maps/Minimal_Default.Minimal_Default:PersistentLevel' has LevelScriptBlueprint '/Game/StarterContent/Maps/Minimal_Default.Minimal_Default:PersistentLevel.Minimal_Default' with GeneratedClass '/Game/StarterContent/Maps/Minimal_Default.Minimal_Default_C' with ClassGeneratedBy '/Game/StarterContent/Maps/Minimal_Default.Minimal_Default:PersistentLevel.Minimal_Default'
[2016.05.02-02.54.26:124][585]LogBlueprintUserMessages: [BTS_botDetectEnemy_C_1] LargeHouse_BP
[2016.05.02-02.54.26:711][652]LogBlueprintUserMessages: [BTS_botDetectEnemy_C_1] LargeHouse_BP
[2016.05.02-02.54.27:296][708]LogBlueprintUserMessages: [BTS_botDetectEnemy_C_1] LargeHouse_BP
[2016.05.02-02.54.27:834][721]LogBlueprintUserMessages: [BTS_botDetectEnemy_C_1] LargeHouse_BP
[2016.05.02-02.54.28:501][723]LogBlueprintUserMessages: [BTS_botDetectEnemy_C_1] LargeHouse_BP
[2016.05.02-02.54.29:167][725]LogBlueprintUserMessages: [BTS_botDetectEnemy_C_1] LargeHouse_BP
[2016.05.02-02.54.29:834][727]LogBlueprintUserMessages: [BTS_botDetectEnemy_C_1] LargeHouse_BP
[2016.05.02-02.54.30:501][729]LogBlueprintUserMessages: [BTS_botDetectEnemy_C_1] LargeHouse_BP
[2016.05.02-02.54.31:097][786]LogBlueprintUserMessages: [BTS_botDetectEnemy_C_1] LargeHouse_BP
[2016.05.02-02.54.31:647][852]LogBlueprintUserMessages: [BTS_botDetectEnemy_C_1] LargeHouse_BP
[2016.05.02-02.54.32:097][906]LogBlueprintUserMessages: [BTS_botDetectEnemy_C_1] LargeHouse_BP
[2016.05.02-02.54.32:589][965]LogBlueprintUserMessages: [BTS_botDetectEnemy_C_1] LargeHouse_BP
[2016.05.02-02.54.33:122][ 29]LogBlueprintUserMessages: [BTS_botDetectEnemy_C_1] LargeHouse_BP
[2016.05.02-02.54.33:630][ 90]LogBlueprintUserMessages: [BTS_botDetectEnemy_C_1] LargeHouse_BP
[2016.05.02-02.54.34:097][146]LogBlueprintUserMessages: [BTS_botDetectEnemy_C_1] LargeHouse_BP
[2016.05.02-02.54.34:565][202]LogBlueprintUserMessages: [BTS_botDetectEnemy_C_1] LargeHouse_BP
[2016.05.02-02.54.35:131][270]LogBlueprintUserMessages: [BTS_botDetectEnemy_C_1] LargeHouse_BP
[2016.05.02-02.54.35:548][320]LogBlueprintUserMessages: [BTS_botDetectEnemy_C_1] LargeHouse_BP
[2016.05.02-02.54.36:023][377]LogBlueprintUserMessages: [BTS_botDetectEnemy_C_1] LargeHouse_BP
[2016.05.02-02.54.36:565][442]LogBlueprintUserMessages: [BTS_botDetectEnemy_C_1] LargeHouse_BP
[2016.05.02-02.54.37:065][502]LogBlueprintUserMessages: [BTS_botDetectEnemy_C_1] LargeHouse_BP
[2016.05.02-02.54.37:581][564]LogBlueprintUserMessages: [BTS_botDetectEnemy_C_1] LargeHouse_BP
[2016.05.02-02.54.37:990][613]LogBlueprintUserMessages: [BTS_botDetectEnemy_C_1] LargeHouse_BP
[2016.05.02-02.54.38:582][684]LogBlueprintUserMessages: [BTS_botDetectEnemy_C_1] LargeHouse_BP
[2016.05.02-02.54.39:073][743]LogBlueprintUserMessages: [BTS_botDetectEnemy_C_1] LargeHouse_BP
[2016.05.02-02.54.39:499][794]LogBlueprintUserMessages: [BTS_botDetectEnemy_C_1] LargeHouse_BP
[2016.05.02-02.54.40:015][856]LogBlueprintUserMessages: [BTS_botDetectEnemy_C_1] LargeHouse_BP
[2016.05.02-02.54.40:557][921]LogBlueprintUserMessages: [BTS_botDetectEnemy_C_1] LargeHouse_BP
[2016.05.02-02.54.41:065][982]LogBlueprintUserMessages: [BTS_botDetectEnemy_C_1] LargeHouse_BP
[2016.05.02-02.54.41:573][ 43]LogBlueprintUserMessages: [BTS_botDetectEnemy_C_1] LargeHouse_BP
[2016.05.02-02.54.42:083][104]LogBlueprintUserMessages: [BTS_botDetectEnemy_C_1] LargeHouse_BP
[2016.05.02-02.54.42:574][163]LogBlueprintUserMessages: [BTS_botDetectEnemy_C_1] LargeHouse_BP
[2016.05.02-02.54.43:024][217]LogBlueprintUserMessages: [BTS_botDetectEnemy_C_1] LargeHouse_BP
[2016.05.02-02.54.43:466][270]LogBlueprintUserMessages: [BTS_botDetectEnemy_C_1] LargeHouse_BP
[2016.05.02-02.54.43:933][326]LogBlueprintUserMessages: [BTS_botDetectEnemy_C_1] LargeHouse_BP
[2016.05.02-02.54.44:366][378]LogBlueprintUserMessages: [BTS_botDetectEnemy_C_1] LargeHouse_BP
[2016.05.02-02.54.44:950][448]LogBlueprintUserMessages: [BTS_botDetectEnemy_C_1] LargeHouse_BP
[2016.05.02-02.54.45:517][516]LogBlueprintUserMessages: [BTS_botDetectEnemy_C_1] LargeHouse_BP
[2016.05.02-02.54.45:966][570]LogBlueprintUserMessages: [BTS_botDetectEnemy_C_1] LargeHouse_BP
[2016.05.02-02.54.46:400][622]LogBlueprintUserMessages: [BTS_botDetectEnemy_C_1] LargeHouse_BP
[2016.05.02-02.54.46:825][673]LogBlueprintUserMessages: [BTS_botDetectEnemy_C_1] LargeHouse_BP
[2016.05.02-02.54.47:408][743]LogBlueprintUserMessages: [BTS_botDetectEnemy_C_1] LargeHouse_BP
[2016.05.02-02.54.47:850][796]LogBlueprintUserMessages: [BTS_botDetectEnemy_C_1] LargeHouse_BP
[2016.05.02-02.54.48:283][848]LogBlueprintUserMessages: [BTS_botDetectEnemy_C_1] LargeHouse_BP
[2016.05.02-02.54.48:833][914]LogBlueprintUserMessages: [BTS_botDetectEnemy_C_1] LargeHouse_BP
[2016.05.02-02.54.49:342][975]LogBlueprintUserMessages: [BTS_botDetectEnemy_C_1] LargeHouse_BP
[2016.05.02-02.54.49:909][ 43]LogBlueprintUserMessages: [BTS_botDetectEnemy_C_1] LargeHouse_BP
[2016.05.02-02.54.50:359][ 97]LogBlueprintUserMessages: [BTS_botDetectEnemy_C_1] LargeHouse_BP
[2016.05.02-02.54.50:867][158]LogBlueprintUserMessages: [BTS_botDetectEnemy_C_1] LargeHouse_BP
[2016.05.02-02.54.51:401][222]LogBlueprintUserMessages: [BTS_botDetectEnemy_C_1] LargeHouse_BP
[2016.05.02-02.54.51:859][277]LogBlueprintUserMessages: [BTS_botDetectEnemy_C_1] LargeHouse_BP
[2016.05.02-02.54.52:460][349]LogBlueprintUserMessages: [BTS_botDetectEnemy_C_1] LargeHouse_BP
[2016.05.02-02.54.52:902][402]LogBlueprintUserMessages: [BTS_botDetectEnemy_C_1] LargeHouse_BP
[2016.05.02-02.54.53:394][461]LogBlueprintUserMessages: [BTS_botDetectEnemy_C_1] LargeHouse_BP
[2016.05.02-02.54.53:952][528]LogBlueprintUserMessages: [BTS_botDetectEnemy_C_1] LargeHouse_BP
[2016.05.02-02.54.54:435][586]LogBlueprintUserMessages: [BTS_botDetectEnemy_C_1] LargeHouse_BP
[2016.05.02-02.54.54:894][641]LogBlueprintUserMessages: [BTS_botDetectEnemy_C_1] LargeHouse_BP
[2016.05.02-02.54.55:402][702]LogBlueprintUserMessages: [BTS_botDetectEnemy_C_1] LargeHouse_BP
[2016.05.02-02.54.55:902][762]LogBlueprintUserMessages: [BTS_botDetectEnemy_C_1] LargeHouse_BP
[2016.05.02-02.54.56:494][833]LogBlueprintUserMessages: [BTS_botDetectEnemy_C_1] LargeHouse_BP
[2016.05.02-02.54.57:069][902]LogBlueprintUserMessages: [BTS_botDetectEnemy_C_1] LargeHouse_BP
[2016.05.02-02.54.57:644][971]LogBlueprintUserMessages: [BTS_botDetectEnemy_C_1] LargeHouse_BP
[2016.05.02-02.54.58:203][ 38]LogBlueprintUserMessages: [BTS_botDetectEnemy_C_1] LargeHouse_BP
[2016.05.02-02.54.58:703][ 98]LogBlueprintUserMessages: [BTS_botDetectEnemy_C_1] LargeHouse_BP
[2016.05.02-02.54.59:169][154]LogBlueprintUserMessages: [BTS_botDetectEnemy_C_1] LargeHouse_BP
[2016.05.02-02.54.59:761][225]LogBlueprintUserMessages: [BTS_botDetectEnemy_C_1] LargeHouse_BP
[2016.05.02-02.55.00:278][287]LogBlueprintUserMessages: [BTS_botDetectEnemy_C_1] LargeHouse_BP
[2016.05.02-02.55.00:861][357]LogBlueprintUserMessages: [BTS_botDetectEnemy_C_1] LargeHouse_BP
[2016.05.02-02.55.01:328][413]LogBlueprintUserMessages: [BTS_botDetectEnemy_C_1] LargeHouse_BP
[2016.05.02-02.55.01:928][485]LogBlueprintUserMessages: [BTS_botDetectEnemy_C_1] LargeHouse_BP
[2016.05.02-02.55.02:361][537]LogBlueprintUserMessages: [BTS_botDetectEnemy_C_1] LargeHouse_BP
[2016.05.02-02.55.02:878][599]LogBlueprintUserMessages: [BTS_botDetectEnemy_C_1] LargeHouse_BP
[2016.05.02-02.55.03:303][650]LogBlueprintUserMessages: [BTS_botDetectEnemy_C_1] LargeHouse_BP
[2016.05.02-02.55.03:845][715]LogBlueprintUserMessages: [BTS_botDetectEnemy_C_1] LargeHouse_BP
[2016.05.02-02.55.04:354][776]LogBlueprintUserMessages: [BTS_botDetectEnemy_C_1] LargeHouse_BP
[2016.05.02-02.55.04:804][830]LogBlueprintUserMessages: [BTS_botDetectEnemy_C_1] LargeHouse_BP
[2016.05.02-02.55.05:346][895]LogBlueprintUserMessages: [BTS_botDetectEnemy_C_1] LargeHouse_BP
[2016.05.02-02.55.05:888][960]LogBlueprintUserMessages: [BTS_botDetectEnemy_C_1] LargeHouse_BP
[2016.05.02-02.55.06:488][ 32]LogBlueprintUserMessages: [BTS_botDetectEnemy_C_1] LargeHouse_BP
[2016.05.02-02.55.07:038][ 98]LogBlueprintUserMessages: [BTS_botDetectEnemy_C_1] LargeHouse_BP
[2016.05.02-02.55.07:596][165]LogBlueprintUserMessages: [BTS_botDetectEnemy_C_1] LargeHouse_BP
[2016.05.02-02.55.08:030][217]LogBlueprintUserMessages: [BTS_botDetectEnemy_C_1] LargeHouse_BP
[2016.05.02-02.55.08:604][286]LogBlueprintUserMessages: [BTS_botDetectEnemy_C_1] LargeHouse_BP
[2016.05.02-02.55.09:021][336]LogBlueprintUserMessages: [BTS_botDetectEnemy_C_1] LargeHouse_BP
[2016.05.02-02.55.09:463][389]LogBlueprintUserMessages: [BTS_botDetectEnemy_C_1] LargeHouse_BP
[2016.05.02-02.55.09:921][444]LogBlueprintUserMessages: [BTS_botDetectEnemy_C_1] LargeHouse_BP
[2016.05.02-02.55.10:330][493]LogBlueprintUserMessages: [BTS_botDetectEnemy_C_1] LargeHouse_BP
[2016.05.02-02.55.10:788][548]LogBlueprintUserMessages: [BTS_botDetectEnemy_C_1] LargeHouse_BP
[2016.05.02-02.55.11:296][609]LogBlueprintUserMessages: [BTS_botDetectEnemy_C_1] LargeHouse_BP
[2016.05.02-02.55.11:705][658]LogBlueprintUserMessages: [BTS_botDetectEnemy_C_1] LargeHouse_BP
[2016.05.02-02.55.12:171][714]LogBlueprintUserMessages: [BTS_botDetectEnemy_C_1] LargeHouse_BP
[2016.05.02-02.55.12:655][772]LogBlueprintUserMessages: [BTS_botDetectEnemy_C_1] LargeHouse_BP
[2016.05.02-02.55.13:080][823]LogBlueprintUserMessages: [BTS_botDetectEnemy_C_1] LargeHouse_BP
[2016.05.02-02.55.13:638][890]LogBlueprintUserMessages: [BTS_botDetectEnemy_C_1] LargeHouse_BP
[2016.05.02-02.55.14:205][958]LogBlueprintUserMessages: [BTS_botDetectEnemy_C_1] LargeHouse_BP
[2016.05.02-02.55.14:630][  9]LogBlueprintUserMessages: [BTS_botDetectEnemy_C_1] LargeHouse_BP
[2016.05.02-02.55.15:063][ 61]LogBlueprintUserMessages: [BTS_botDetectEnemy_C_1] LargeHouse_BP
[2016.05.02-02.55.15:096][ 65]LogBlueprintUserMessages: Early EndPlayMap Detection: Level '/Game/StarterContent/Maps/Minimal_Default.Minimal_Default:PersistentLevel' has LevelScriptBlueprint '/Game/StarterContent/Maps/Minimal_Default.Minimal_Default:PersistentLevel.Minimal_Default' with GeneratedClass '/Game/StarterContent/Maps/Minimal_Default.Minimal_Default_C' with ClassGeneratedBy '/Game/StarterContent/Maps/Minimal_Default.Minimal_Default:PersistentLevel.Minimal_Default'
[2016.05.02-02.55.15:134][ 65]LogBlueprintUserMessages: Late EndPlayMap Detection: Level '/Game/StarterContent/Maps/Minimal_Default.Minimal_Default:PersistentLevel' has LevelScriptBlueprint '/Game/StarterContent/Maps/Minimal_Default.Minimal_Default:PersistentLevel.Minimal_Default' with GeneratedClass '/Game/StarterContent/Maps/Minimal_Default.Minimal_Default_C' with ClassGeneratedBy '/Game/StarterContent/Maps/Minimal_Default.Minimal_Default:PersistentLevel.Minimal_Default'
[2016.05.02-02.55.15:165][ 65]LogParticles: Destroying 0 GPU particle simulations for FXSystem 0x0000000030F79A80
[2016.05.02-02.55.23:818][ 39]LogLinker:Warning: Asset '../../../Engine/Content/ArtTools/RenderToTexture/Macros/RenderToTextureMacros.uasset' has been saved with empty engine version. The asset will be loaded but may be incompatible.
[2016.05.02-02.55.24:183][ 39]LogContentBrowser: Native class hierarchy updated for 'BlueprintGraph' in 0.0005 seconds. Added 107 classes and 0 folders.
[2016.05.02-02.55.51:911][995]BlueprintLog: New page: BP_FHero_Warrior 컴파일
[2016.05.02-02.55.52:469][995]LogActorComponent: UnregisterComponent: (/Engine/Transient.CharMoveComp) Not registered. Aborting.
[2016.05.02-02.55.52:508][995]BlueprintEditorCompileResults: 정보 [0112.21] BP_FHero_Warrior 컴파일에 성공했습니다! [소요시간 596 ms]
[2016.05.02-02.55.54:888][243]LogBlueprintUserMessages: Early PlayInEditor Detection: Level '/Game/StarterContent/Maps/Minimal_Default.Minimal_Default:PersistentLevel' has LevelScriptBlueprint '/Game/StarterContent/Maps/Minimal_Default.Minimal_Default:PersistentLevel.Minimal_Default' with GeneratedClass '/Game/StarterContent/Maps/Minimal_Default.Minimal_Default_C' with ClassGeneratedBy '/Game/StarterContent/Maps/Minimal_Default.Minimal_Default:PersistentLevel.Minimal_Default'
[2016.05.02-02.55.54:888][243]LogPlayLevel: PlayLevel: No blueprints needed recompiling
[2016.05.02-02.55.54:888][243]PIE: New page: PIE 세션: Minimal_Default (2016. 5. 2. 오후 8:55:54)
[2016.05.02-02.55.54:888][243]LogPlayLevel: Creating play world package: /Game/StarterContent/Maps/UEDPIE_0_Minimal_Default
[2016.05.02-02.55.54:944][243]LogPlayLevel: PIE: StaticDuplicateObject took: (0.055797s)
[2016.05.02-02.55.54:945][243]LogAIModule: Creating AISystem for world Minimal_Default
[2016.05.02-02.55.54:945][243]LogPlayLevel: PIE: World Init took: (0.000527s)
[2016.05.02-02.55.54:945][243]LogPlayLevel: PIE: Created PIE world by copying editor world from /Game/StarterContent/Maps/Minimal_Default.Minimal_Default to /Game/StarterContent/Maps/UEDPIE_0_Minimal_Default.Minimal_Default (0.056612s)
[2016.05.02-02.55.54:945][243]LogActorComponent: UnregisterComponent: (/Engine/Transient.CharMoveComp) Not registered. Aborting.
[2016.05.02-02.55.54:965][243]LogParticles: Destroying 0 GPU particle simulations for FXSystem 0x000000001605D3A0
[2016.05.02-02.55.54:979][243]LogInit: XAudio2 using 'Realtek HD Audio 2nd output(Realtek High Definition Audio)' : 2 channels at 48 kHz using 32 bits per sample (channel mask 0x3)
[2016.05.02-02.55.54:990][243]LogInit: FAudioDevice initialized.
[2016.05.02-02.55.55:022][243]LogWorld: Game class is 'CustomMode_BP_C'
[2016.05.02-02.55.55:084][243]LogWorld: Bringing World /Game/StarterContent/Maps/UEDPIE_0_Minimal_Default.Minimal_Default up for play (max tick rate 0) at 2016.05.02-11.55.55
[2016.05.02-02.55.55:084][243]LogActor:Warning: GameSession /Game/StarterContent/Maps/UEDPIE_0_Minimal_Default.Minimal_Default:PersistentLevel.GameSession_1 has natively added scene component(s), but none of them were set as the actor's RootComponent - picking one arbitrarily
[2016.05.02-02.55.55:084][243]LogActor:Warning: GameNetworkManager /Game/StarterContent/Maps/UEDPIE_0_Minimal_Default.Minimal_Default:PersistentLevel.GameNetworkManager_1 has natively added scene component(s), but none of them were set as the actor's RootComponent - picking one arbitrarily
[2016.05.02-02.55.55:088][243]LogWorld: Bringing up level for play took: 0.064657
[2016.05.02-02.55.55:094][243]PIE: 정보 /Game/StarterContent/Maps/UEDPIE_0_Minimal_Default 에 대한 에디터에서 플레이 시작 시간: 0.799
[2016.05.02-02.55.55:094][243]LogBlueprintUserMessages: Late PlayInEditor Detection: Level '/Game/StarterContent/Maps/Minimal_Default.Minimal_Default:PersistentLevel' has LevelScriptBlueprint '/Game/StarterContent/Maps/Minimal_Default.Minimal_Default:PersistentLevel.Minimal_Default' with GeneratedClass '/Game/StarterContent/Maps/Minimal_Default.Minimal_Default_C' with ClassGeneratedBy '/Game/StarterContent/Maps/Minimal_Default.Minimal_Default:PersistentLevel.Minimal_Default'
[2016.05.02-02.55.55:447][281]LogBlueprintUserMessages: [BTS_botDetectEnemy_C_3] LargeHouse_BP
[2016.05.02-02.55.55:946][341]LogBlueprintUserMessages: [BTS_botDetectEnemy_C_3] LargeHouse_BP
[2016.05.02-02.55.56:488][406]LogBlueprintUserMessages: [BTS_botDetectEnemy_C_3] LargeHouse_BP
[2016.05.02-02.55.57:046][473]LogBlueprintUserMessages: [BTS_botDetectEnemy_C_3] LargeHouse_BP
[2016.05.02-02.55.57:571][536]LogBlueprintUserMessages: [BTS_botDetectEnemy_C_3] LargeHouse_BP
[2016.05.02-02.55.58:130][603]LogBlueprintUserMessages: [BTS_botDetectEnemy_C_3] LargeHouse_BP
[2016.05.02-02.55.58:663][667]LogBlueprintUserMessages: [BTS_botDetectEnemy_C_3] LargeHouse_BP
[2016.05.02-02.55.59:147][725]LogBlueprintUserMessages: [BTS_botDetectEnemy_C_3] LargeHouse_BP
[2016.05.02-02.55.59:672][788]LogBlueprintUserMessages: [BTS_botDetectEnemy_C_3] LargeHouse_BP
[2016.05.02-02.56.00:113][841]LogBlueprintUserMessages: [BTS_botDetectEnemy_C_3] LargeHouse_BP
[2016.05.02-02.56.00:540][892]LogBlueprintUserMessages: [BTS_botDetectEnemy_C_3] LargeHouse_BP
[2016.05.02-02.56.01:007][948]LogBlueprintUserMessages: [BTS_botDetectEnemy_C_3] LargeHouse_BP
[2016.05.02-02.56.01:457][  2]LogBlueprintUserMessages: [BTS_botDetectEnemy_C_3] LargeHouse_BP
[2016.05.02-02.56.02:056][ 74]LogBlueprintUserMessages: [BTS_botDetectEnemy_C_3] LargeHouse_BP
[2016.05.02-02.56.02:573][136]LogBlueprintUserMessages: [BTS_botDetectEnemy_C_3] LargeHouse_BP
[2016.05.02-02.56.03:065][195]LogBlueprintUserMessages: [BTS_botDetectEnemy_C_3] LargeHouse_BP
[2016.05.02-02.56.03:507][248]LogBlueprintUserMessages: [BTS_botDetectEnemy_C_3] LargeHouse_BP
[2016.05.02-02.56.04:040][312]LogBlueprintUserMessages: [BTS_botDetectEnemy_C_3] LargeHouse_BP
[2016.05.02-02.56.04:624][382]LogBlueprintUserMessages: [BTS_botDetectEnemy_C_3] LargeHouse_BP
[2016.05.02-02.56.05:132][443]LogBlueprintUserMessages: [BTS_botDetectEnemy_C_3] LargeHouse_BP
[2016.05.02-02.56.05:557][494]LogBlueprintUserMessages: [BTS_botDetectEnemy_C_3] LargeHouse_BP
[2016.05.02-02.56.06:115][561]LogBlueprintUserMessages: [BTS_botDetectEnemy_C_3] LargeHouse_BP
[2016.05.02-02.56.06:557][614]LogBlueprintUserMessages: [BTS_botDetectEnemy_C_3] LargeHouse_BP
[2016.05.02-02.56.06:990][666]LogBlueprintUserMessages: [BTS_botDetectEnemy_C_3] LargeHouse_BP
[2016.05.02-02.56.07:424][718]LogBlueprintUserMessages: [BTS_botDetectEnemy_C_3] LargeHouse_BP
[2016.05.02-02.56.07:949][781]LogBlueprintUserMessages: [BTS_botDetectEnemy_C_3] LargeHouse_BP
[2016.05.02-02.56.08:432][839]LogBlueprintUserMessages: [BTS_botDetectEnemy_C_3] LargeHouse_BP
[2016.05.02-02.56.09:024][910]LogBlueprintUserMessages: [BTS_botDetectEnemy_C_3] LargeHouse_BP
[2016.05.02-02.56.09:516][969]LogBlueprintUserMessages: [BTS_botDetectEnemy_C_3] LargeHouse_BP
[2016.05.02-02.56.09:974][ 24]LogBlueprintUserMessages: [BTS_botDetectEnemy_C_3] LargeHouse_BP
[2016.05.02-02.56.10:399][ 75]LogBlueprintUserMessages: [BTS_botDetectEnemy_C_3] LargeHouse_BP
[2016.05.02-02.56.10:932][139]LogBlueprintUserMessages: [BTS_botDetectEnemy_C_3] LargeHouse_BP
[2016.05.02-02.56.11:424][198]LogBlueprintUserMessages: [BTS_botDetectEnemy_C_3] LargeHouse_BP
[2016.05.02-02.56.11:982][265]LogBlueprintUserMessages: [BTS_botDetectEnemy_C_3] LargeHouse_BP
[2016.05.02-02.56.12:433][319]LogBlueprintUserMessages: [BTS_botDetectEnemy_C_3] LargeHouse_BP
[2016.05.02-02.56.12:966][383]LogBlueprintUserMessages: [BTS_botDetectEnemy_C_3] LargeHouse_BP
[2016.05.02-02.56.13:399][435]LogBlueprintUserMessages: [BTS_botDetectEnemy_C_3] LargeHouse_BP
[2016.05.02-02.56.13:816][485]LogBlueprintUserMessages: [BTS_botDetectEnemy_C_3] LargeHouse_BP
[2016.05.02-02.56.14:107][520]LogBlueprintUserMessages: Early EndPlayMap Detection: Level '/Game/StarterContent/Maps/Minimal_Default.Minimal_Default:PersistentLevel' has LevelScriptBlueprint '/Game/StarterContent/Maps/Minimal_Default.Minimal_Default:PersistentLevel.Minimal_Default' with GeneratedClass '/Game/StarterContent/Maps/Minimal_Default.Minimal_Default_C' with ClassGeneratedBy '/Game/StarterContent/Maps/Minimal_Default.Minimal_Default:PersistentLevel.Minimal_Default'
[2016.05.02-02.56.14:145][520]LogBlueprintUserMessages: Late EndPlayMap Detection: Level '/Game/StarterContent/Maps/Minimal_Default.Minimal_Default:PersistentLevel' has LevelScriptBlueprint '/Game/StarterContent/Maps/Minimal_Default.Minimal_Default:PersistentLevel.Minimal_Default' with GeneratedClass '/Game/StarterContent/Maps/Minimal_Default.Minimal_Default_C' with ClassGeneratedBy '/Game/StarterContent/Maps/Minimal_Default.Minimal_Default:PersistentLevel.Minimal_Default'
[2016.05.02-02.56.14:171][520]LogParticles: Destroying 0 GPU particle simulations for FXSystem 0x000000005AB17420
[2016.05.02-02.58.02:774][767]LogEditorViewport: Clicking on Actor (LMB): Landscape (Landscape)
[2016.05.02-02.58.06:042][151]LogBlueprintUserMessages: Early PlayInEditor Detection: Level '/Game/StarterContent/Maps/Minimal_Default.Minimal_Default:PersistentLevel' has LevelScriptBlueprint '/Game/StarterContent/Maps/Minimal_Default.Minimal_Default:PersistentLevel.Minimal_Default' with GeneratedClass '/Game/StarterContent/Maps/Minimal_Default.Minimal_Default_C' with ClassGeneratedBy '/Game/StarterContent/Maps/Minimal_Default.Minimal_Default:PersistentLevel.Minimal_Default'
[2016.05.02-02.58.06:042][151]LogPlayLevel: PlayLevel: No blueprints needed recompiling
[2016.05.02-02.58.06:042][151]PIE: New page: PIE 세션: Minimal_Default (2016. 5. 2. 오후 8:58:06)
[2016.05.02-02.58.06:042][151]LogPlayLevel: Creating play world package: /Game/StarterContent/Maps/UEDPIE_0_Minimal_Default
[2016.05.02-02.58.06:095][151]LogPlayLevel: PIE: StaticDuplicateObject took: (0.052787s)
[2016.05.02-02.58.06:096][151]LogAIModule: Creating AISystem for world Minimal_Default
[2016.05.02-02.58.06:096][151]LogPlayLevel: PIE: World Init took: (0.000608s)
[2016.05.02-02.58.06:096][151]LogPlayLevel: PIE: Created PIE world by copying editor world from /Game/StarterContent/Maps/Minimal_Default.Minimal_Default to /Game/StarterContent/Maps/UEDPIE_0_Minimal_Default.Minimal_Default (0.053718s)
[2016.05.02-02.58.06:096][151]LogActorComponent: UnregisterComponent: (/Engine/Transient.CharMoveComp) Not registered. Aborting.
[2016.05.02-02.58.06:096][151]LogActorComponent: UnregisterComponent: (/Engine/Transient.ProjectileMovement_GEN_VARIABLE) Not registered. Aborting.
[2016.05.02-02.58.06:096][151]LogActorComponent: UnregisterComponent: (/Engine/Transient.ProjectileMovementComponent_0) Not registered. Aborting.
[2016.05.02-02.58.06:116][151]LogParticles: Destroying 0 GPU particle simulations for FXSystem 0x000000001F50CCC0
[2016.05.02-02.58.06:117][151]LogParticles: Destroying 0 GPU particle simulations for FXSystem 0x000000004A897100
[2016.05.02-02.58.06:130][151]LogInit: XAudio2 using 'Realtek HD Audio 2nd output(Realtek High Definition Audio)' : 2 channels at 48 kHz using 32 bits per sample (channel mask 0x3)
[2016.05.02-02.58.06:140][151]LogInit: FAudioDevice initialized.
[2016.05.02-02.58.06:169][151]LogWorld: Game class is 'CustomMode_BP_C'
[2016.05.02-02.58.06:231][151]LogWorld: Bringing World /Game/StarterContent/Maps/UEDPIE_0_Minimal_Default.Minimal_Default up for play (max tick rate 0) at 2016.05.02-11.58.06
[2016.05.02-02.58.06:231][151]LogActor:Warning: GameSession /Game/StarterContent/Maps/UEDPIE_0_Minimal_Default.Minimal_Default:PersistentLevel.GameSession_2 has natively added scene component(s), but none of them were set as the actor's RootComponent - picking one arbitrarily
[2016.05.02-02.58.06:231][151]LogActor:Warning: GameNetworkManager /Game/StarterContent/Maps/UEDPIE_0_Minimal_Default.Minimal_Default:PersistentLevel.GameNetworkManager_2 has natively added scene component(s), but none of them were set as the actor's RootComponent - picking one arbitrarily
[2016.05.02-02.58.06:236][151]LogWorld: Bringing up level for play took: 0.065299
[2016.05.02-02.58.06:241][151]PIE: 정보 /Game/StarterContent/Maps/UEDPIE_0_Minimal_Default 에 대한 에디터에서 플레이 시작 시간: -0.059
[2016.05.02-02.58.06:241][151]LogBlueprintUserMessages: Late PlayInEditor Detection: Level '/Game/StarterContent/Maps/Minimal_Default.Minimal_Default:PersistentLevel' has LevelScriptBlueprint '/Game/StarterContent/Maps/Minimal_Default.Minimal_Default:PersistentLevel.Minimal_Default' with GeneratedClass '/Game/StarterContent/Maps/Minimal_Default.Minimal_Default_C' with ClassGeneratedBy '/Game/StarterContent/Maps/Minimal_Default.Minimal_Default:PersistentLevel.Minimal_Default'
[2016.05.02-02.58.06:472][174]LogBlueprintUserMessages: [BTS_botDetectEnemy_C_5] LargeHouse_BP
[2016.05.02-02.58.07:025][240]LogBlueprintUserMessages: [BTS_botDetectEnemy_C_5] LargeHouse_BP
[2016.05.02-02.58.07:491][296]LogBlueprintUserMessages: [BTS_botDetectEnemy_C_5] LargeHouse_BP
[2016.05.02-02.58.07:950][351]LogBlueprintUserMessages: [BTS_botDetectEnemy_C_5] LargeHouse_BP
[2016.05.02-02.58.08:400][405]LogBlueprintUserMessages: [BTS_botDetectEnemy_C_5] LargeHouse_BP
[2016.05.02-02.58.08:959][472]LogBlueprintUserMessages: [BTS_botDetectEnemy_C_5] LargeHouse_BP
[2016.05.02-02.58.09:400][525]LogBlueprintUserMessages: [BTS_botDetectEnemy_C_5] LargeHouse_BP
[2016.05.02-02.58.09:817][575]LogBlueprintUserMessages: [BTS_botDetectEnemy_C_5] LargeHouse_BP
[2016.05.02-02.58.10:367][641]LogBlueprintUserMessages: [BTS_botDetectEnemy_C_5] LargeHouse_BP
[2016.05.02-02.58.10:809][694]LogBlueprintUserMessages: [BTS_botDetectEnemy_C_5] LargeHouse_BP
[2016.05.02-02.58.11:409][766]LogBlueprintUserMessages: [BTS_botDetectEnemy_C_5] LargeHouse_BP
[2016.05.02-02.58.11:851][819]LogBlueprintUserMessages: [BTS_botDetectEnemy_C_5] LargeHouse_BP
[2016.05.02-02.58.12:310][874]LogBlueprintUserMessages: [BTS_botDetectEnemy_C_5] LargeHouse_BP
[2016.05.02-02.58.12:876][942]LogBlueprintUserMessages: [BTS_botDetectEnemy_C_5] LargeHouse_BP
[2016.05.02-02.58.13:343][998]LogBlueprintUserMessages: [BTS_botDetectEnemy_C_5] LargeHouse_BP
[2016.05.02-02.58.13:893][ 64]LogBlueprintUserMessages: [BTS_botDetectEnemy_C_5] LargeHouse_BP
[2016.05.02-02.58.14:493][136]LogBlueprintUserMessages: [BTS_botDetectEnemy_C_5] LargeHouse_BP
[2016.05.02-02.58.15:052][203]LogBlueprintUserMessages: [BTS_botDetectEnemy_C_5] LargeHouse_BP
[2016.05.02-02.58.15:652][275]LogBlueprintUserMessages: [BTS_botDetectEnemy_C_5] LargeHouse_BP
[2016.05.02-02.58.16:252][347]LogBlueprintUserMessages: [BTS_botDetectEnemy_C_5] LargeHouse_BP
[2016.05.02-02.58.16:802][413]LogBlueprintUserMessages: [BTS_botDetectEnemy_C_5] LargeHouse_BP
[2016.05.02-02.58.17:361][480]LogBlueprintUserMessages: [BTS_botDetectEnemy_C_5] LargeHouse_BP
[2016.05.02-02.58.17:936][549]LogBlueprintUserMessages: [BTS_botDetectEnemy_C_5] LargeHouse_BP
[2016.05.02-02.58.18:402][605]LogBlueprintUserMessages: [BTS_botDetectEnemy_C_5] LargeHouse_BP
[2016.05.02-02.58.19:002][677]LogBlueprintUserMessages: [BTS_botDetectEnemy_C_5] LargeHouse_BP
[2016.05.02-02.58.19:486][735]LogBlueprintUserMessages: [BTS_botDetectEnemy_C_5] LargeHouse_BP
[2016.05.02-02.58.19:986][795]LogBlueprintUserMessages: [BTS_botDetectEnemy_C_5] LargeHouse_BP
[2016.05.02-02.58.20:562][864]LogBlueprintUserMessages: [BTS_botDetectEnemy_C_5] LargeHouse_BP
[2016.05.02-02.58.21:012][918]LogBlueprintUserMessages: [BTS_botDetectEnemy_C_5] LargeHouse_BP
[2016.05.02-02.58.21:420][967]LogBlueprintUserMessages: [BTS_botDetectEnemy_C_5] LargeHouse_BP
[2016.05.02-02.58.21:962][ 32]LogBlueprintUserMessages: [BTS_botDetectEnemy_C_5] LargeHouse_BP
[2016.05.02-02.58.22:545][102]LogBlueprintUserMessages: [BTS_botDetectEnemy_C_5] LargeHouse_BP
[2016.05.02-02.58.23:020][159]LogBlueprintUserMessages: [BTS_botDetectEnemy_C_5] LargeHouse_BP
[2016.05.02-02.58.23:596][228]LogBlueprintUserMessages: [BTS_botDetectEnemy_C_5] LargeHouse_BP
[2016.05.02-02.58.24:179][298]LogBlueprintUserMessages: [BTS_botDetectEnemy_C_5] LargeHouse_BP
[2016.05.02-02.58.24:696][360]LogBlueprintUserMessages: [BTS_botDetectEnemy_C_5] LargeHouse_BP
[2016.05.02-02.58.25:237][425]LogBlueprintUserMessages: [BTS_botDetectEnemy_C_5] LargeHouse_BP
[2016.05.02-02.58.25:646][474]LogBlueprintUserMessages: [BTS_botDetectEnemy_C_5] LargeHouse_BP
[2016.05.02-02.58.26:162][536]LogBlueprintUserMessages: [BTS_botDetectEnemy_C_5] LargeHouse_BP
[2016.05.02-02.58.26:604][589]LogBlueprintUserMessages: [BTS_botDetectEnemy_C_5] LargeHouse_BP
[2016.05.02-02.58.27:163][656]LogBlueprintUserMessages: [BTS_botDetectEnemy_C_5] LargeHouse_BP
[2016.05.02-02.58.27:704][721]LogBlueprintUserMessages: [BTS_botDetectEnemy_C_5] LargeHouse_BP
[2016.05.02-02.58.28:263][788]LogBlueprintUserMessages: [BTS_botDetectEnemy_C_5] LargeHouse_BP
[2016.05.02-02.58.28:771][849]LogBlueprintUserMessages: [BTS_botDetectEnemy_C_5] LargeHouse_BP
[2016.05.02-02.58.29:246][906]LogBlueprintUserMessages: [BTS_botDetectEnemy_C_5] LargeHouse_BP
[2016.05.02-02.58.29:679][958]LogBlueprintUserMessages: [BTS_botDetectEnemy_C_5] LargeHouse_BP
[2016.05.02-02.58.30:238][ 25]LogBlueprintUserMessages: [BTS_botDetectEnemy_C_5] LargeHouse_BP
[2016.05.02-02.58.30:813][ 94]LogBlueprintUserMessages: [BTS_botDetectEnemy_C_5] LargeHouse_BP
[2016.05.02-02.58.31:371][161]LogBlueprintUserMessages: [BTS_botDetectEnemy_C_5] LargeHouse_BP
[2016.05.02-02.58.31:938][229]LogBlueprintUserMessages: [BTS_botDetectEnemy_C_5] LargeHouse_BP
[2016.05.02-02.58.32:479][294]LogBlueprintUserMessages: [BTS_botDetectEnemy_C_5] LargeHouse_BP
[2016.05.02-02.58.32:946][350]LogBlueprintUserMessages: [BTS_botDetectEnemy_C_5] LargeHouse_BP
[2016.05.02-02.58.33:396][404]LogBlueprintUserMessages: [BTS_botDetectEnemy_C_5] LargeHouse_BP
[2016.05.02-02.58.33:946][470]LogBlueprintUserMessages: [BTS_botDetectEnemy_C_5] LargeHouse_BP
[2016.05.02-02.58.34:488][535]LogBlueprintUserMessages: [BTS_botDetectEnemy_C_5] LargeHouse_BP
[2016.05.02-02.58.34:905][585]LogBlueprintUserMessages: [BTS_botDetectEnemy_C_5] LargeHouse_BP
[2016.05.02-02.58.35:463][652]LogBlueprintUserMessages: [BTS_botDetectEnemy_C_5] BP_FHero_Warrior37
[2016.05.02-02.58.36:030][720]LogBlueprintUserMessages: [BTS_botDetectEnemy_C_5] LargeHouse_BP
[2016.05.02-02.58.36:622][791]LogBlueprintUserMessages: [BTS_botDetectEnemy_C_5] LargeHouse_BP
[2016.05.02-02.58.37:030][840]LogBlueprintUserMessages: [BTS_botDetectEnemy_C_5] LargeHouse_BP
[2016.05.02-02.58.37:564][904]LogBlueprintUserMessages: [BTS_botDetectEnemy_C_5] LargeHouse_BP
[2016.05.02-02.58.38:139][973]LogBlueprintUserMessages: [BTS_botDetectEnemy_C_5] LargeHouse_BP
[2016.05.02-02.58.38:730][ 44]LogBlueprintUserMessages: [BTS_botDetectEnemy_C_5] LargeHouse_BP
[2016.05.02-02.58.39:255][107]LogBlueprintUserMessages: [BTS_botDetectEnemy_C_5] BP_FHero_Warrior37
[2016.05.02-02.58.39:722][163]LogBlueprintUserMessages: [BTS_botDetectEnemy_C_5] LargeHouse_BP
[2016.05.02-02.58.40:206][221]LogBlueprintUserMessages: [BTS_botDetectEnemy_C_5] LargeHouse_BP
[2016.05.02-02.58.40:747][286]LogBlueprintUserMessages: [BTS_botDetectEnemy_C_5] LargeHouse_BP
[2016.05.02-02.58.41:197][340]LogBlueprintUserMessages: [BTS_botDetectEnemy_C_5] LargeHouse_BP
[2016.05.02-02.58.41:747][406]LogBlueprintUserMessages: [BTS_botDetectEnemy_C_5] LargeHouse_BP
[2016.05.02-02.58.42:272][469]LogBlueprintUserMessages: [BTS_botDetectEnemy_C_5] LargeHouse_BP
[2016.05.02-02.58.42:856][539]LogBlueprintUserMessages: [BTS_botDetectEnemy_C_5] LargeHouse_BP
[2016.05.02-02.58.43:281][590]LogBlueprintUserMessages: [BTS_botDetectEnemy_C_5] LargeHouse_BP
[2016.05.02-02.58.43:714][642]LogBlueprintUserMessages: [BTS_botDetectEnemy_C_5] LargeHouse_BP
[2016.05.02-02.58.44:122][691]LogBlueprintUserMessages: [BTS_botDetectEnemy_C_5] LargeHouse_BP
[2016.05.02-02.58.44:664][756]LogBlueprintUserMessages: [BTS_botDetectEnemy_C_5] LargeHouse_BP
[2016.05.02-02.58.45:239][825]LogBlueprintUserMessages: [BTS_botDetectEnemy_C_5] LargeHouse_BP
[2016.05.02-02.58.45:264][828]LogBlueprintUserMessages: Early EndPlayMap Detection: Level '/Game/StarterContent/Maps/Minimal_Default.Minimal_Default:PersistentLevel' has LevelScriptBlueprint '/Game/StarterContent/Maps/Minimal_Default.Minimal_Default:PersistentLevel.Minimal_Default' with GeneratedClass '/Game/StarterContent/Maps/Minimal_Default.Minimal_Default_C' with ClassGeneratedBy '/Game/StarterContent/Maps/Minimal_Default.Minimal_Default:PersistentLevel.Minimal_Default'
[2016.05.02-02.58.45:308][828]LogBlueprintUserMessages: Late EndPlayMap Detection: Level '/Game/StarterContent/Maps/Minimal_Default.Minimal_Default:PersistentLevel' has LevelScriptBlueprint '/Game/StarterContent/Maps/Minimal_Default.Minimal_Default:PersistentLevel.Minimal_Default' with GeneratedClass '/Game/StarterContent/Maps/Minimal_Default.Minimal_Default_C' with ClassGeneratedBy '/Game/StarterContent/Maps/Minimal_Default.Minimal_Default:PersistentLevel.Minimal_Default'
[2016.05.02-02.58.45:334][828]LogParticles: Destroying 0 GPU particle simulations for FXSystem 0x0000000024CD37E0
[2016.05.02-03.00.05:500][366]LogEditorViewport: Clicking on Actor (context menu): Landscape (Landscape)
[2016.05.02-03.00.36:964][433]LogActorComponent: UnregisterComponent: (/Engine/Transient.ProjectileMovement_GEN_VARIABLE) Not registered. Aborting.
[2016.05.02-03.00.36:964][433]LogActorComponent: UnregisterComponent: (/Engine/Transient.ProjectileMovementComponent_1) Not registered. Aborting.
[2016.05.02-03.00.36:983][433]LogParticles: Destroying 0 GPU particle simulations for FXSystem 0x000000004AD61080
[2016.05.02-03.00.40:412][433]Cmd: OBJ SAVEPACKAGE PACKAGE="/Game/SGH/Building/Tower1_BP" FILE="I:/Projects/Unreal Projects/Project/Hero 4.10/Content/SGH/Building/Tower1_BP.uasset" SILENT=true
[2016.05.02-03.00.41:019][433]LogSavePackage: Save=485.004028ms
[2016.05.02-03.00.41:019][433]LogSavePackage: Moving 'I:/Projects/Unreal Projects/Project/Hero 4.10/Saved/Tower1_BP4CB943EC4D3F7E940E64BB8FC343C57A.tmp' to 'I:/Projects/Unreal Projects/Project/Hero 4.10/Content/SGH/Building/Tower1_BP.uasset'
[2016.05.02-03.00.41:027][433]LogSavePackage: Total save time: 612.050857ms
[2016.05.02-03.00.41:027][433]LogSavePackage:Display: Finished SavePackage I:/Projects/Unreal Projects/Project/Hero 4.10/Content/SGH/Building/Tower1_BP.uasset
[2016.05.02-03.00.43:437][433]LogSavePackage: Save=2220.197754ms
[2016.05.02-03.00.43:437][433]LogSavePackage: Moving 'I:/Projects/Unreal Projects/Project/Hero 4.10/Saved/BP_FHero_Warrior557ED80B488DD3E3C31CF9A7B1DCEF86.tmp' to 'I:/Projects/Unreal Projects/Project/Hero 4.10/Content/SGH/Character/PlayerCharacter/BP_FHero_Warrior.uasset'
[2016.05.02-03.00.43:442][433]LogSavePackage: Total save time: 2373.602312ms
[2016.05.02-03.00.43:442][433]LogSavePackage:Display: Finished SavePackage I:/Projects/Unreal Projects/Project/Hero 4.10/Content/SGH/Character/PlayerCharacter/BP_FHero_Warrior.uasset
[2016.05.02-03.00.43:450][433]Cmd: OBJ SAVEPACKAGE PACKAGE="/Game/SGH/Projectile/Beam_BP" FILE="I:/Projects/Unreal Projects/Project/Hero 4.10/Content/SGH/Projectile/Beam_BP.uasset" SILENT=true
[2016.05.02-03.00.43:644][433]LogSavePackage: Save=155.369720ms
[2016.05.02-03.00.43:644][433]LogSavePackage: Moving 'I:/Projects/Unreal Projects/Project/Hero 4.10/Saved/Beam_BPAF21135F4C3980012F8DF99151A18F71.tmp' to 'I:/Projects/Unreal Projects/Project/Hero 4.10/Content/SGH/Projectile/Beam_BP.uasset'
[2016.05.02-03.00.43:652][433]LogSavePackage: Total save time: 198.601309ms
[2016.05.02-03.00.43:652][433]LogSavePackage:Display: Finished SavePackage I:/Projects/Unreal Projects/Project/Hero 4.10/Content/SGH/Projectile/Beam_BP.uasset
[2016.05.02-03.00.43:900][434]Cmd: QUIT_EDITOR
[2016.05.02-03.00.43:994][434]LogExit: Preparing to exit.
[2016.05.02-03.00.44:698][434]LogExit: Editor shut down
[2016.05.02-03.00.44:699][434]LogExit: Transaction tracking system shut down
[2016.05.02-03.00.44:703][434]LogParticles: Destroying 0 GPU particle simulations for FXSystem 0x000000002C6DA8E0
[2016.05.02-03.00.44:705][434]LogParticles: Destroying 0 GPU particle simulations for FXSystem 0x00000000323F3880
[2016.05.02-03.00.44:708][434]LogParticles: Destroying 0 GPU particle simulations for FXSystem 0x000000005AB163E0
[2016.05.02-03.00.44:708][434]LogParticles: Destroying 0 GPU particle simulations for FXSystem 0x0000000038423EC0
[2016.05.02-03.00.44:708][434]LogParticles: Destroying 0 GPU particle simulations for FXSystem 0x0000000038423240
[2016.05.02-03.00.44:708][434]LogParticles: Destroying 0 GPU particle simulations for FXSystem 0x000000005AB17880
[2016.05.02-03.00.44:709][434]LogParticles: Destroying 0 GPU particle simulations for FXSystem 0x0000000038422660
[2016.05.02-03.00.44:840][434]LogExit: Object subsystem successfully closed.
[2016.05.02-03.00.44:852][434]LogD3D11RHI: Shutdown
[2016.05.02-03.00.44:852][434]LogD3D11RHI: CleanupD3DDevice
[2016.05.02-03.00.44:923][434]LogD3D11RHI: ~FD3D11DynamicRHI
[2016.05.02-03.00.44:940][434]LogModuleManager: Shutting down and abandoning module CookingStats (200)
[2016.05.02-03.00.44:940][434]LogModuleManager: Shutting down and abandoning module BlueprintGraph (199)
[2016.05.02-03.00.44:940][434]LogModuleManager: Shutting down and abandoning module CrashTracker (198)
[2016.05.02-03.00.44:940][434]LogModuleManager: Shutting down and abandoning module SceneOutliner (197)
[2016.05.02-03.00.44:940][434]LogModuleManager: Shutting down and abandoning module SuperSearch (196)
[2016.05.02-03.00.44:940][434]LogModuleManager: Shutting down and abandoning module WidgetCarousel (195)
[2016.05.02-03.00.44:940][434]LogModuleManager: Shutting down and abandoning module AddContentDialog (194)
[2016.05.02-03.00.44:940][434]LogModuleManager: Shutting down and abandoning module EditorWidgets (193)
[2016.05.02-03.00.44:940][434]LogModuleManager: Shutting down and abandoning module CollectionManager (192)
[2016.05.02-03.00.44:940][434]LogModuleManager: Shutting down and abandoning module StatsViewer (191)
[2016.05.02-03.00.44:940][434]LogModuleManager: Shutting down and abandoning module FoliageEdit (190)
[2016.05.02-03.00.44:940][434]LogModuleManager: Shutting down and abandoning module LandscapeEditor (189)
[2016.05.02-03.00.44:941][434]LogModuleManager: Shutting down and abandoning module ActorPickerMode (188)
[2016.05.02-03.00.44:941][434]LogModuleManager: Shutting down and abandoning module GeometryMode (187)
[2016.05.02-03.00.44:941][434]LogModuleManager: Shutting down and abandoning module TextureAlignMode (186)
[2016.05.02-03.00.44:941][434]LogModuleManager: Shutting down and abandoning module BspMode (185)
[2016.05.02-03.00.44:941][434]LogModuleManager: Shutting down and abandoning module PlacementMode (184)
[2016.05.02-03.00.44:941][434]LogModuleManager: Shutting down and abandoning module AutomationWorker (183)
[2016.05.02-03.00.44:941][434]LogModuleManager: Shutting down and abandoning module CharacterAI (182)
[2016.05.02-03.00.44:941][434]LogModuleManager: Shutting down and abandoning module SmartSnapping (181)
[2016.05.02-03.00.44:941][434]LogModuleManager: Shutting down and abandoning module ViewportSnapping (180)
[2016.05.02-03.00.44:941][434]LogModuleManager: Shutting down and abandoning module LogVisualizer (179)
[2016.05.02-03.00.44:941][434]LogModuleManager: Shutting down and abandoning module GameProjectGeneration (178)
[2016.05.02-03.00.44:941][434]LogModuleManager: Shutting down and abandoning module IntroTutorials (177)
[2016.05.02-03.00.44:941][434]LogModuleManager: Shutting down and abandoning module EditorLiveStreaming (176)
[2016.05.02-03.00.44:941][434]LogModuleManager: Shutting down and abandoning module IOSPlatformEditor (175)
[2016.05.02-03.00.44:941][434]LogModuleManager: Shutting down and abandoning module HTML5PlatformEditor (174)
[2016.05.02-03.00.44:941][434]LogModuleManager: Shutting down and abandoning module AndroidDeviceDetection (173)
[2016.05.02-03.00.45:690][434]LogModuleManager: Shutting down and abandoning module AndroidPlatformEditor (172)
[2016.05.02-03.00.45:690][434]LogModuleManager: Shutting down and abandoning module IOSRuntimeSettings (171)
[2016.05.02-03.00.45:690][434]LogModuleManager: Shutting down and abandoning module AndroidRuntimeSettings (170)
[2016.05.02-03.00.45:690][434]LogModuleManager: Shutting down and abandoning module MergeActors (169)
[2016.05.02-03.00.45:690][434]LogModuleManager: Shutting down and abandoning module SizeMap (168)
[2016.05.02-03.00.45:690][434]LogModuleManager: Shutting down and abandoning module TreeMap (167)
[2016.05.02-03.00.45:690][434]LogModuleManager: Shutting down and abandoning module ReferenceViewer (166)
[2016.05.02-03.00.45:690][434]LogModuleManager: Shutting down and abandoning module LocalizationService (165)
[2016.05.02-03.00.45:690][434]LogModuleManager: Shutting down and abandoning module LocalizationDashboard (164)
[2016.05.02-03.00.45:690][434]LogModuleManager: Shutting down and abandoning module HardwareTargeting (163)
[2016.05.02-03.00.45:690][434]LogModuleManager: Shutting down and abandoning module DeviceProfileEditor (162)
[2016.05.02-03.00.45:690][434]LogModuleManager: Shutting down and abandoning module UndoHistory (161)
[2016.05.02-03.00.45:690][434]LogModuleManager: Shutting down and abandoning module GameplayTagsEditor (160)
[2016.05.02-03.00.45:690][434]LogModuleManager: Shutting down and abandoning module UserFeedback (159)
[2016.05.02-03.00.45:690][434]LogModuleManager: Shutting down and abandoning module XmlParser (158)
[2016.05.02-03.00.45:690][434]LogModuleManager: Shutting down and abandoning module Blutility (157)
[2016.05.02-03.00.45:690][434]LogModuleManager: Shutting down and abandoning module ProjectTargetPlatformEditor (156)
[2016.05.02-03.00.45:690][434]LogModuleManager: Shutting down and abandoning module ProjectSettingsViewer (155)
[2016.05.02-03.00.45:690][434]LogModuleManager: Shutting down and abandoning module InputBindingEditor (154)
[2016.05.02-03.00.45:690][434]LogModuleManager: Shutting down and abandoning module EditorSettingsViewer (153)
[2016.05.02-03.00.45:691][434]LogModuleManager: Shutting down and abandoning module SettingsEditor (152)
[2016.05.02-03.00.45:691][434]LogModuleManager: Shutting down and abandoning module ProjectLauncher (151)
[2016.05.02-03.00.45:691][434]LogModuleManager: Shutting down and abandoning module SessionFrontend (150)
[2016.05.02-03.00.45:691][434]LogModuleManager: Shutting down and abandoning module ProfilerClient (149)
[2016.05.02-03.00.45:691][434]LogModuleManager: Shutting down and abandoning module TargetDeviceServices (148)
[2016.05.02-03.00.45:691][434]LogModuleManager: Shutting down and abandoning module DeviceManager (147)
[2016.05.02-03.00.45:691][434]LogModuleManager: Shutting down and abandoning module AutomationController (146)
[2016.05.02-03.00.45:691][434]LogModuleManager: Shutting down and abandoning module AutomationWindow (145)
[2016.05.02-03.00.45:691][434]LogModuleManager: Shutting down and abandoning module Layers (144)
[2016.05.02-03.00.45:691][434]LogModuleManager: Shutting down and abandoning module ComponentVisualizers (143)
[2016.05.02-03.00.45:691][434]LogModuleManager: Shutting down and abandoning module DetailCustomizations (142)
[2016.05.02-03.00.45:691][434]LogModuleManager: Shutting down and abandoning module PackagesDialog (141)
[2016.05.02-03.00.45:691][434]LogModuleManager: Shutting down and abandoning module Persona (140)
[2016.05.02-03.00.45:691][434]LogModuleManager: Shutting down and abandoning module Kismet (139)
[2016.05.02-03.00.45:691][434]LogModuleManager: Shutting down and abandoning module GraphEditor (138)
[2016.05.02-03.00.45:691][434]LogModuleManager: Shutting down and abandoning module ClassViewer (137)
[2016.05.02-03.00.45:691][434]LogModuleManager: Shutting down and abandoning module Toolbox (136)
[2016.05.02-03.00.45:691][434]LogModuleManager: Shutting down and abandoning module ModuleUI (135)
[2016.05.02-03.00.45:691][434]LogModuleManager: Shutting down and abandoning module MovieSceneTools (134)
[2016.05.02-03.00.45:691][434]LogModuleManager: Shutting down and abandoning module OutputLog (133)
[2016.05.02-03.00.45:691][434]LogModuleManager: Shutting down and abandoning module GammaUI (132)
[2016.05.02-03.00.45:691][434]LogModuleManager: Shutting down and abandoning module Documentation (131)
[2016.05.02-03.00.45:691][434]LogModuleManager: Shutting down and abandoning module GameLiveStreaming (130)
[2016.05.02-03.00.45:691][434]LogModuleManager: Shutting down and abandoning module StreamingPauseRendering (129)
[2016.05.02-03.00.45:691][434]LogModuleManager: Shutting down and abandoning module AnalyticsET (128)
[2016.05.02-03.00.45:691][434]LogModuleManager: Shutting down and abandoning module Analytics (127)
[2016.05.02-03.00.45:691][434]LogModuleManager: Shutting down and abandoning module AITestSuite (126)
[2016.05.02-03.00.45:691][434]LogModuleManager: Shutting down and abandoning module GameplayDebugger (125)
[2016.05.02-03.00.45:691][434]LogModuleManager: Shutting down and abandoning module AIModule (124)
[2016.05.02-03.00.45:691][434]LogModuleManager: Shutting down and abandoning module ProfilerService (123)
[2016.05.02-03.00.45:710][434]LogModuleManager: Shutting down and abandoning module TaskGraph (122)
[2016.05.02-03.00.45:710][434]LogModuleManager: Shutting down and abandoning module SlateRemote (121)
[2016.05.02-03.00.45:710][434]LogModuleManager: Shutting down and abandoning module SteamVRController (120)
[2016.05.02-03.00.45:710][434]LogModuleManager: Shutting down and abandoning module SteamVR (119)
[2016.05.02-03.00.45:710][434]LogModuleManager: Shutting down and abandoning module ProceduralMeshComponent (118)
[2016.05.02-03.00.45:711][434]LogModuleManager: Shutting down and abandoning module OculusLibrary (117)
[2016.05.02-03.00.45:711][434]LogModuleManager: Shutting down and abandoning module OculusInput (116)
[2016.05.02-03.00.45:711][434]LogModuleManager: Shutting down and abandoning module LeapMotionController (115)
[2016.05.02-03.00.45:719][434]LogModuleManager: Shutting down and abandoning module CustomMeshComponent (114)
[2016.05.02-03.00.45:719][434]LogModuleManager: Shutting down and abandoning module CableComponent (113)
[2016.05.02-03.00.45:719][434]LogModuleManager: Shutting down and abandoning module ArchVisCharacter (112)
[2016.05.02-03.00.45:719][434]LogModuleManager: Shutting down and abandoning module MessagingDebugger (111)
[2016.05.02-03.00.45:719][434]LogModuleManager: Shutting down and abandoning module MediaPlayerEditor (110)
[2016.05.02-03.00.45:719][434]LogModuleManager: Shutting down and abandoning module HTML5Networking (109)
[2016.05.02-03.00.45:719][434]LogModuleManager: Shutting down and abandoning module SpeedTreeImporter (108)
[2016.05.02-03.00.45:719][434]LogModuleManager: Shutting down and abandoning module PluginBrowser (107)
[2016.05.02-03.00.45:719][434]LogModuleManager: Shutting down and abandoning module EpicSurvey (106)
[2016.05.02-03.00.45:719][434]LogModuleManager: Shutting down and abandoning module DesktopPlatform (105)
[2016.05.02-03.00.45:719][434]LogModuleManager: Shutting down and abandoning module VisualStudioSourceCodeAccess (104)
[2016.05.02-03.00.45:719][434]LogModuleManager: Shutting down and abandoning module UObjectPlugin (103)
[2016.05.02-03.00.45:719][434]LogModuleManager: Shutting down and abandoning module SubversionSourceControl (102)
[2016.05.02-03.00.45:719][434]LogModuleManager: Shutting down and abandoning module PerforceSourceControl (101)
[2016.05.02-03.00.45:719][434]LogModuleManager: Shutting down and abandoning module SourceControl (100)
[2016.05.02-03.00.45:719][434]LogModuleManager: Shutting down and abandoning module GitSourceControl (99)
[2016.05.02-03.00.45:719][434]LogModuleManager: Shutting down and abandoning module LightPropagationVolumeEditor (98)
[2016.05.02-03.00.45:719][434]LogModuleManager: Shutting down and abandoning module PaperTiledImporter (97)
[2016.05.02-03.00.45:719][434]LogModuleManager: Shutting down and abandoning module PaperSpriteSheetImporter (96)
[2016.05.02-03.00.45:719][434]LogModuleManager: Shutting down and abandoning module MeshPaint (95)
[2016.05.02-03.00.45:719][434]LogModuleManager: Shutting down and abandoning module SlateReflector (94)
[2016.05.02-03.00.45:719][434]LogModuleManager: Shutting down and abandoning module HotReload (93)
[2016.05.02-03.00.45:719][434]LogModuleManager: Shutting down and abandoning module MainFrame (92)
[2016.05.02-03.00.45:719][434]LogModuleManager: Shutting down and abandoning module LevelEditor (91)
[2016.05.02-03.00.45:720][434]LogModuleManager: Shutting down and abandoning module DirectoryWatcher (90)
[2016.05.02-03.00.45:720][434]LogModuleManager: Shutting down and abandoning module AssetRegistry (89)
[2016.05.02-03.00.46:438][434]LogModuleManager: Shutting down and abandoning module ContentBrowser (88)
[2016.05.02-03.00.46:439][434]LogModuleManager: Shutting down and abandoning module Paper2DEditor (87)
[2016.05.02-03.00.46:439][434]LogModuleManager: Shutting down and abandoning module UdpMessaging (86)
[2016.05.02-03.00.46:539][434]LogModuleManager: Shutting down and abandoning module LightPropagationVolumeRuntime (85)
[2016.05.02-03.00.46:539][434]LogModuleManager: Shutting down and abandoning module Paper2D (84)
[2016.05.02-03.00.46:539][434]LogModuleManager: Shutting down and abandoning module WindowsMoviePlayer (83)
[2016.05.02-03.00.46:542][434]LogModuleManager: Shutting down and abandoning module Media (82)
[2016.05.02-03.00.46:542][434]LogModuleManager: Shutting down and abandoning module WmfMedia (81)
[2016.05.02-03.00.46:543][434]LogModuleManager: Shutting down and abandoning module OnlineBlueprintSupport (80)
[2016.05.02-03.00.46:543][434]LogModuleManager: Shutting down and abandoning module GameplayTasksEditor (79)
[2016.05.02-03.00.46:543][434]LogModuleManager: Shutting down and abandoning module PropertyEditor (78)
[2016.05.02-03.00.46:543][434]LogModuleManager: Shutting down and abandoning module BehaviorTreeEditor (77)
[2016.05.02-03.00.46:543][434]LogModuleManager: Shutting down and abandoning module FunctionalTesting (76)
[2016.05.02-03.00.46:543][434]LogModuleManager: Shutting down and abandoning module CollisionAnalyzer (75)
[2016.05.02-03.00.46:543][434]LogModuleManager: Shutting down and abandoning module WorkspaceMenuStructure (74)
[2016.05.02-03.00.46:543][434]LogModuleManager: Shutting down and abandoning module MessageLog (73)
[2016.05.02-03.00.46:543][434]LogModuleManager: Shutting down and abandoning module Sequencer (72)
[2016.05.02-03.00.46:543][434]LogModuleManager: Shutting down and abandoning module AssetTools (71)
[2016.05.02-03.00.46:543][434]LogModuleManager: Shutting down and abandoning module UMGEditor (70)
[2016.05.02-03.00.46:543][434]LogModuleManager: Shutting down and abandoning module UMG (69)
[2016.05.02-03.00.46:543][434]LogModuleManager: Shutting down and abandoning module Slate (68)
[2016.05.02-03.00.46:543][434]LogModuleManager: Shutting down and abandoning module EditorStyle (67)
[2016.05.02-03.00.46:545][434]LogModuleManager: Shutting down and abandoning module SessionServices (66)
[2016.05.02-03.00.46:545][434]LogModuleManager: Shutting down and abandoning module SourceCodeAccess (65)
[2016.05.02-03.00.46:545][434]LogModuleManager: Shutting down and abandoning module HeadMountedDisplay (64)
[2016.05.02-03.00.46:545][434]LogModuleManager: Shutting down and abandoning module XAudio2 (63)
[2016.05.02-03.00.46:545][434]LogModuleManager: Shutting down and abandoning module Networking (61)
[2016.05.02-03.00.46:545][434]LogModuleManager: Shutting down and abandoning module Core (60)
[2016.05.02-03.00.46:545][434]LogModuleManager: Shutting down and abandoning module KismetCompiler (59)
[2016.05.02-03.00.46:545][434]LogModuleManager: Shutting down and abandoning module PhysXFormats (58)
[2016.05.02-03.00.46:545][434]LogModuleManager: Shutting down and abandoning module MeshUtilities (57)
[2016.05.02-03.00.46:545][434]LogModuleManager: Shutting down and abandoning module DerivedDataCache (56)
[2016.05.02-03.00.46:644][434]LogDerivedDataCache: Shutdown
[2016.05.02-03.00.46:644][434]LogModuleManager: Shutting down and abandoning module ShaderFormatOpenGL (55)
[2016.05.02-03.00.46:644][434]LogModuleManager: Shutting down and abandoning module ShaderFormatD3D (54)
[2016.05.02-03.00.46:644][434]LogModuleManager: Shutting down and abandoning module MetalShaderFormat (53)
[2016.05.02-03.00.46:644][434]LogModuleManager: Shutting down and abandoning module TextureFormatUncompressed (52)
[2016.05.02-03.00.46:644][434]LogModuleManager: Shutting down and abandoning module TextureFormatPVR (51)
[2016.05.02-03.00.46:644][434]LogModuleManager: Shutting down and abandoning module TextureFormatIntelISPCTexComp (50)
[2016.05.02-03.00.46:644][434]LogModuleManager: Shutting down and abandoning module TextureFormatDXT (49)
[2016.05.02-03.00.46:644][434]LogModuleManager: Shutting down and abandoning module ImageWrapper (48)
[2016.05.02-03.00.46:644][434]LogModuleManager: Shutting down and abandoning module TextureFormatASTC (47)
[2016.05.02-03.00.46:644][434]LogModuleManager: Shutting down and abandoning module TextureFormatAndroid (46)
[2016.05.02-03.00.46:644][434]LogModuleManager: Shutting down and abandoning module AudioFormatOpus (45)
[2016.05.02-03.00.46:644][434]LogModuleManager: Shutting down and abandoning module AudioFormatOgg (44)
[2016.05.02-03.00.46:644][434]LogModuleManager: Shutting down and abandoning module AudioFormatADPCM (43)
[2016.05.02-03.00.46:644][434]LogModuleManager: Shutting down and abandoning module LinuxTargetPlatform (42)
[2016.05.02-03.00.46:644][434]LogModuleManager: Shutting down and abandoning module LinuxServerTargetPlatform (41)
[2016.05.02-03.00.46:644][434]LogModuleManager: Shutting down and abandoning module LinuxNoEditorTargetPlatform (40)
[2016.05.02-03.00.46:644][434]LogModuleManager: Shutting down and abandoning module Messaging (39)
[2016.05.02-03.00.46:644][434]LogModuleManager: Shutting down and abandoning module IOSTargetPlatform (38)
[2016.05.02-03.00.46:644][434]LogModuleManager: Shutting down and abandoning module HTML5TargetPlatform (37)
[2016.05.02-03.00.46:644][434]LogModuleManager: Shutting down and abandoning module Android_PVRTCTargetPlatform (36)
[2016.05.02-03.00.46:644][434]LogModuleManager: Shutting down and abandoning module Android_MultiTargetPlatform (35)
[2016.05.02-03.00.46:644][434]LogModuleManager: Shutting down and abandoning module Android_ETC2TargetPlatform (34)
[2016.05.02-03.00.46:644][434]LogModuleManager: Shutting down and abandoning module Android_ETC1TargetPlatform (33)
[2016.05.02-03.00.46:644][434]LogModuleManager: Shutting down and abandoning module Android_DXTTargetPlatform (32)
[2016.05.02-03.00.46:644][434]LogModuleManager: Shutting down and abandoning module Android_ATCTargetPlatform (31)
[2016.05.02-03.00.46:644][434]LogModuleManager: Shutting down and abandoning module Android_ASTCTargetPlatform (30)
[2016.05.02-03.00.46:644][434]LogModuleManager: Shutting down and abandoning module AndroidTargetPlatform (29)
[2016.05.02-03.00.46:644][434]LogModuleManager: Shutting down and abandoning module WindowsTargetPlatform (28)
[2016.05.02-03.00.46:644][434]LogModuleManager: Shutting down and abandoning module WindowsServerTargetPlatform (27)
[2016.05.02-03.00.46:644][434]LogModuleManager: Shutting down and abandoning module WindowsNoEditorTargetPlatform (26)
[2016.05.02-03.00.46:644][434]LogModuleManager: Shutting down and abandoning module WindowsClientTargetPlatform (25)
[2016.05.02-03.00.46:644][434]LogModuleManager: Shutting down and abandoning module AllDesktopTargetPlatform (24)
[2016.05.02-03.00.46:644][434]LogModuleManager: Shutting down and abandoning module TargetPlatform (23)
[2016.05.02-03.00.46:644][434]LogModuleManager: Shutting down and abandoning module InputCore (22)
[2016.05.02-03.00.46:644][434]LogModuleManager: Shutting down and abandoning module Settings (21)
[2016.05.02-03.00.46:645][434]LogModuleManager: Shutting down and abandoning module OnlineSubsystem (19)
[2016.05.02-03.00.46:645][434]LogModuleManager: Shutting down and abandoning module HTTP (18)
[2016.05.02-03.00.47:645][434]LogModuleManager: Shutting down and abandoning module XMPP (17)
[2016.05.02-03.00.47:645][434]LogModuleManager: Shutting down and abandoning module OculusRift (16)
[2016.05.02-03.00.47:645][434]LogModuleManager: Shutting down and abandoning module ExampleDeviceProfileSelector (15)
[2016.05.02-03.00.47:645][434]LogModuleManager: Shutting down and abandoning module TextureCompressor (14)
[2016.05.02-03.00.47:645][434]LogModuleManager: Shutting down and abandoning module ShaderCore (13)
[2016.05.02-03.00.47:645][434]LogModuleManager: Shutting down and abandoning module Landscape (12)
[2016.05.02-03.00.47:645][434]LogModuleManager: Shutting down and abandoning module SlateRHIRenderer (11)
[2016.05.02-03.00.47:646][434]LogModuleManager: Shutting down and abandoning module OpenGLDrv (10)
[2016.05.02-03.00.47:646][434]LogModuleManager: Shutting down and abandoning module D3D11RHI (9)
[2016.05.02-03.00.47:646][434]LogModuleManager: Shutting down and abandoning module AnimGraphRuntime (8)
[2016.05.02-03.00.47:646][434]LogModuleManager: Shutting down and abandoning module Renderer (7)
[2016.05.02-03.00.47:646][434]LogModuleManager: Shutting down and abandoning module Engine (6)
[2016.05.02-03.00.47:646][434]LogModuleManager: Shutting down and abandoning module CoreUObject (5)
[2016.05.02-03.00.47:646][434]LogModuleManager: Shutting down and abandoning module NetworkFile (4)
[2016.05.02-03.00.47:646][434]LogModuleManager: Shutting down and abandoning module StreamingFile (3)
[2016.05.02-03.00.47:646][434]LogModuleManager: Shutting down and abandoning module SandboxFile (2)
[2016.05.02-03.00.47:646][434]LogModuleManager: Shutting down and abandoning module PakFile (1)
[2016.05.02-03.00.47:648][434]LogExit: Exiting.
[2016.05.02-03.00.47:649][434]Log file closed, 05/02/16 12:00:47
