[2016.04.05-13.36.32:729][  0]Log file open, 04/05/16 22:36:32
[2016.04.05-13.36.32:729][  0]LogInit:Display: Running engine for game: Hero
[2016.04.05-13.36.32:729][  0]LogPlatformFile: Not using cached read wrapper
[2016.04.05-13.36.32:729][  0]LogInit:Display: RandInit(1672777757) SRandInit(1672777758).
[2016.04.05-13.36.32:729][  0]LogTaskGraph: Started task graph with 4 named threads and 7 total threads.
[2016.04.05-13.36.32:729][  0]LogStats: Stats thread started at 0.073936
[2016.04.05-13.36.32:729][  0]LogInit: Version: 4.10.4-2872498+++depot+UE4-Releases+4.10
[2016.04.05-13.36.32:730][  0]LogInit: API Version: 2758231
[2016.04.05-13.36.32:730][  0]LogInit: Compiled (64-bit): Feb 18 2016 15:47:04
[2016.04.05-13.36.32:730][  0]LogInit: Compiled with Visual C++: 19.00.23026.00
[2016.04.05-13.36.32:730][  0]LogInit: Build Configuration: Development
[2016.04.05-13.36.32:730][  0]LogInit: Branch Name: ++depot+UE4-Releases+4.10
[2016.04.05-13.36.32:730][  0]LogInit: Command line:  
[2016.04.05-13.36.32:730][  0]LogInit: Base directory: C:/Program Files (x86)/Epic Games/4.10/Engine/Binaries/Win64/
[2016.04.05-13.36.32:730][  0]LogInit: Rocket: 1
[2016.04.05-13.36.32:736][  0]LogInit: Using libcurl 7.41.0
[2016.04.05-13.36.32:736][  0]LogInit:  - built for x86_64-pc-win32
[2016.04.05-13.36.32:736][  0]LogInit:  - supports SSL with WinSSL
[2016.04.05-13.36.32:736][  0]LogInit:  - other features:
[2016.04.05-13.36.32:736][  0]LogInit:      CURL_VERSION_SSL
[2016.04.05-13.36.32:736][  0]LogInit:      CURL_VERSION_IPV6
[2016.04.05-13.36.32:736][  0]LogInit:      CURL_VERSION_ASYNCHDNS
[2016.04.05-13.36.32:736][  0]LogInit:      CURL_VERSION_LARGEFILE
[2016.04.05-13.36.32:736][  0]LogInit:      CURL_VERSION_IDN
[2016.04.05-13.36.32:736][  0]LogInit:  CurlRequestOptions (configurable via config and command line):
[2016.04.05-13.36.32:736][  0]LogInit:  - bVerifyPeer = true  - Libcurl will verify peer certificate
[2016.04.05-13.36.32:736][  0]LogInit:  - bUseHttpProxy = false  - Libcurl will NOT use HTTP proxy
[2016.04.05-13.36.32:736][  0]LogInit:  - bDontReuseConnections = false  - Libcurl will reuse connections
[2016.04.05-13.36.32:736][  0]LogInit:  - CertBundlePath = nullptr  - Libcurl will use whatever was configured at build time.
[2016.04.05-13.36.32:743][  0]LogInit: Presizing for 0 objects not considered by GC, pre-allocating 0 bytes.
[2016.04.05-13.36.32:747][  0]LogInit: Object subsystem initialized
[2016.04.05-13.36.32:750][  0]LogInit: Selected Device Profile: [Windows]
[2016.04.05-13.36.32:750][  0]LogInit: Applying CVar settings loaded from the selected device profile: [Windows]
[2016.04.05-13.36.32:754][  0]LogInit: Computer: SGH-PC
[2016.04.05-13.36.32:754][  0]LogInit: User: SGH
[2016.04.05-13.36.32:754][  0]LogInit: CPU Page size=4096, Cores=4
[2016.04.05-13.36.32:754][  0]LogInit: High frequency timer resolution =3.328128 MHz
[2016.04.05-13.36.32:754][  0]LogMemory: Memory total: Physical=15.9GB (16GB approx)
[2016.04.05-13.36.32:754][  0]LogMemory: Platform Memory Stats for Windows
[2016.04.05-13.36.32:754][  0]LogMemory: Process Physical Memory: 56.36 MB used, 56.36 MB peak
[2016.04.05-13.36.32:754][  0]LogMemory: Process Virtual Memory: 56.79 MB used, 56.79 MB peak
[2016.04.05-13.36.32:754][  0]LogMemory: Physical Memory: 4505.21 MB used, 16320.45 MB total
[2016.04.05-13.36.32:754][  0]LogMemory: Virtual Memory: 384.75 MB used, 134217728.00 MB total
[2016.04.05-13.36.32:791][  0]LogTextLocalizationManager: No specific translations for ('ko-KR') exist, so ('ko') translations will be used.
[2016.04.05-13.36.32:817][  0]LogTextLocalizationManager:Warning: Loaded localization resources contain conflicting entries for (Namespace:UObjectToolTips, Key:AnimNode_AssetPlayerBase:InternalTimeAccumulator):
Localization Resource: (C:/Program Files (x86)/Epic Games/4.10/Engine/Content/Localization/EditorTutorials/ko/EditorTutorials.locres) Source String Hash: (502993589) Localized String: (이 노드에서 애셋을 레퍼런싱하는 데 사용되는 누적 시간입니다.)
Localization Resource: (C:/Program Files (x86)/Epic Games/4.10/Engine/Content/Localization/Engine/ko/Engine.locres) Source String Hash: (502993589) Localized String: (이 노드에서 애셋을 레퍼런싱하는 데 사용된 누적 시간입니다.)
[2016.04.05-13.36.32:817][  0]LogTextLocalizationManager:Warning: Loaded localization resources contain conflicting entries for (Namespace:UObjectToolTips, Key:AnimNode_AssetPlayerBase:bIgnoreForRelevancyTest):
Localization Resource: (C:/Program Files (x86)/Epic Games/4.10/Engine/Content/Localization/EditorTutorials/ko/EditorTutorials.locres) Source String Hash: (319969718) Localized String: (True 면, 스테이트에서 최고 가중치 애니메이션을 찾는 "Relevant anim" 노드는 이 노드를 무시합니다.
 )
Localization Resource: (C:/Program Files (x86)/Epic Games/4.10/Engine/Content/Localization/Engine/ko/Engine.locres) Source String Hash: (319969718) Localized String: (True 면 스테이트 내 최고 웨이팅된 애니메이션을 찾는 "Relevant anim" 노드가 무시됩니다.
 )
[2016.04.05-13.36.32:817][  0]LogTextLocalizationManager:Warning: Loaded localization resources contain conflicting entries for (Namespace:UObjectToolTips, Key:AnimNode_AssetPlayerBase:BlendWeight):
Localization Resource: (C:/Program Files (x86)/Epic Games/4.10/Engine/Content/Localization/EditorTutorials/ko/EditorTutorials.locres) Source String Hash: (-1232800293) Localized String: (이 노드에 마지막 걸린 블렌드웨이트 입니다.)
Localization Resource: (C:/Program Files (x86)/Epic Games/4.10/Engine/Content/Localization/Engine/ko/Engine.locres) Source String Hash: (-1232800293) Localized String: (이 노드에 대해 마지막 접한 블렌드 웨이트)
[2016.04.05-13.36.32:941][  0]LogD3D11RHI: Found D3D11 adapter 0: NVIDIA GeForce GTX 970 (Feature Level 11_0)
[2016.04.05-13.36.32:941][  0]LogD3D11RHI: Adapter has 4007MB of dedicated video memory, 0MB of dedicated system memory, and 8160MB of shared system memory, 1 output[s]
[2016.04.05-13.36.32:943][  0]LogD3D11RHI: Found D3D11 adapter 1: Microsoft Basic Render Driver (Feature Level 11_0)
[2016.04.05-13.36.32:943][  0]LogD3D11RHI: Adapter has 0MB of dedicated video memory, 0MB of dedicated system memory, and 8160MB of shared system memory, 0 output[s]
[2016.04.05-13.36.32:943][  0]LogD3D11RHI: Chosen D3D11 Adapter Id = 0
[2016.04.05-13.36.32:946][  0]LogD3D11RHI: !Direct3DDevice
[2016.04.05-13.36.32:946][  0]LogRHI: Texture pool is 1361 MB (70% of 1945 MB)
[2016.04.05-13.36.32:959][  0]LogD3D11RHI: Async texture creation enabled
[2016.04.05-13.36.32:973][  0]LogShaderCompilers: Guid format shader working directory is 23 characters bigger than the processId version (E:/Project/Hero 4.10/Intermediate/Shaders/WorkingDirectory/15356/).
[2016.04.05-13.36.32:973][  0]LogShaderCompilers: Cleaned the shader compiler working directory 'C:/Users/SGH/AppData/Local/Temp/UnrealShaderWorkingDir/D153B26E49B357AF040F3E9035298C90/'.
[2016.04.05-13.36.32:973][  0]LogShaderCompilers:Display: Using Local Shader Compiler.
[2016.04.05-13.36.33:643][  0]LogTemp:Display: Loaded TP AllDesktopTargetPlatform
[2016.04.05-13.36.33:648][  0]LogTemp:Display: Loaded TP WindowsClientTargetPlatform
[2016.04.05-13.36.33:653][  0]LogTemp:Display: Loaded TP WindowsNoEditorTargetPlatform
[2016.04.05-13.36.33:658][  0]LogTemp:Display: Loaded TP WindowsServerTargetPlatform
[2016.04.05-13.36.33:662][  0]LogTemp:Display: Loaded TP WindowsTargetPlatform
[2016.04.05-13.36.33:665][  0]LogTemp:Display: Loaded TP AndroidTargetPlatform
[2016.04.05-13.36.33:668][  0]LogTemp:Display: Loaded TP Android_ASTCTargetPlatform
[2016.04.05-13.36.33:670][  0]LogTemp:Display: Loaded TP Android_ATCTargetPlatform
[2016.04.05-13.36.33:673][  0]LogTemp:Display: Loaded TP Android_DXTTargetPlatform
[2016.04.05-13.36.33:676][  0]LogTemp:Display: Loaded TP Android_ETC1TargetPlatform
[2016.04.05-13.36.33:678][  0]LogTemp:Display: Loaded TP Android_ETC2TargetPlatform
[2016.04.05-13.36.33:684][  0]LogTemp:Display: Loaded TP Android_MultiTargetPlatform
[2016.04.05-13.36.33:684][  0]LogTemp:Display: Loaded TP Android_PVRTCTargetPlatform
[2016.04.05-13.36.33:685][  0]LogTemp:Display: Loaded TP HTML5TargetPlatform
[2016.04.05-13.36.33:701][  0]LogTemp:Display: Loaded TP IOSTargetPlatform
[2016.04.05-13.36.33:703][  0]LogTemp:Display: Loaded TP LinuxNoEditorTargetPlatform
[2016.04.05-13.36.33:706][  0]LogTemp:Display: Loaded TP LinuxServerTargetPlatform
[2016.04.05-13.36.33:708][  0]LogTemp:Display: Loaded TP LinuxTargetPlatform
[2016.04.05-13.36.33:708][  0]LogTargetPlatformManager:Display: Building Assets For Windows
[2016.04.05-13.36.33:791][  0]LogDerivedDataCache:Display: Max Cache Size: 512 MB
[2016.04.05-13.36.33:824][  0]LogDerivedDataCache: Loaded boot cache 0.03s 41MB C:/Users/SGH/AppData/Local/UnrealEngine/4.10/DerivedDataCache/Boot.ddc.
[2016.04.05-13.36.33:824][  0]LogDerivedDataCache:Display: Loaded Boot cache: C:/Users/SGH/AppData/Local/UnrealEngine/4.10/DerivedDataCache/Boot.ddc
[2016.04.05-13.36.33:824][  0]LogDerivedDataCache: FDerivedDataBackendGraph:  Pak pak cache file E:/Project/Hero 4.10/DerivedDataCache/DDC.ddp not found, will not use a pak cache.
[2016.04.05-13.36.33:824][  0]LogDerivedDataCache: Unable to find inner node Pak for hierarchical cache Hierarchy.
[2016.04.05-13.36.33:824][  0]LogDerivedDataCache: FDerivedDataBackendGraph:  CompressedPak pak cache file E:/Project/Hero 4.10/DerivedDataCache/Compressed.ddp not found, will not use a pak cache.
[2016.04.05-13.36.33:824][  0]LogDerivedDataCache: Unable to find inner node CompressedPak for hierarchical cache Hierarchy.
[2016.04.05-13.36.33:869][  0]LogDerivedDataCache:Display: Pak cache opened for reading ../../../Engine/DerivedDataCache/Compressed.ddp.
[2016.04.05-13.36.33:881][  0]LogDerivedDataCache: Using Local data cache path C:/Users/SGH/AppData/Local/UnrealEngine/Common/DerivedDataCache: Writable
[2016.04.05-13.36.34:032][  0]LogInit: Selected Device Profile: [Windows]
[2016.04.05-13.36.34:033][  0]LogContentStreaming: Texture pool size is 0.000000MB
[2016.04.05-13.36.34:117][  0]LogMeshUtilities: No automatic mesh reduction module available
[2016.04.05-13.36.34:117][  0]LogMeshUtilities: No automatic mesh merging module available
[2016.04.05-13.36.34:285][  0]LogInit: WinSock: version 1.1 (2.2), MaxSocks=32767, MaxUdp=65467
[2016.04.05-13.36.35:075][  0]UdpMessaging: Initializing bridge on interface 0.0.0.0:0 to multicast group 230.0.0.1:6666.
[2016.04.05-13.36.35:172][  0]LogAssetRegistry: FAssetRegistry took 0.0110 seconds to start up
[2016.04.05-13.36.35:317][  0]SourceControl: 정보 소스 콘트롤이 꺼졌습니다.
[2016.04.05-13.36.35:318][  0]SourceControl: 정보 소스 콘트롤이 꺼졌습니다.
[2016.04.05-13.36.35:330][  0]SourceControl: 정보 소스 콘트롤이 꺼졌습니다.
[2016.04.05-13.36.35:341][  0]SourceControl: 정보 소스 콘트롤이 꺼졌습니다.
[2016.04.05-13.36.35:587][  0]LogObj: 28633 objects as part of root set at end of initial load.
[2016.04.05-13.36.35:587][  0]LogUObjectAllocator: 6099752 out of 0 bytes used by permanent object pool.
[2016.04.05-13.36.35:636][  0]LogEngine: Initializing Engine...
[2016.04.05-13.36.35:639][  0]LogHMD: Can't find Oculus library dev build: is proper Runtime installed? Version: 0.8.0.0
[2016.04.05-13.36.35:640][  0]LogHMD: SteamVR failed to initialize.  Err: 110
[2016.04.05-13.36.35:736][  0]LogAIModule: Creating AISystem for world NewWorld
[2016.04.05-13.36.35:743][  0]LogInit: XAudio2 using '스피커(Realtek High Definition Audio)' : 2 channels at 48 kHz using 32 bits per sample (channel mask 0x3)
[2016.04.05-13.36.35:756][  0]LogInit: FAudioDevice initialized.
[2016.04.05-13.36.35:774][  0]LogDerivedDataCache: Saved boot cache 0.02s 41MB C:/Users/SGH/AppData/Local/UnrealEngine/4.10/DerivedDataCache/Boot.ddc.
[2016.04.05-13.36.35:775][  0]LogInit: Texture streaming: Enabled
[2016.04.05-13.36.35:782][  0]LogAnalytics: Creating configured Analytics provider AnalyticsET
[2016.04.05-13.36.35:782][  0]LogAnalytics: [UEEditor.Rocket.Release] APIServer = http://et2.epicgames.com/ET2/. AppVersion = 4.10.4-2872498+++depot+UE4-Releases+4.10
[2016.04.05-13.36.35:782][  0]LogAnalytics: [UEEditor.Rocket.Release] SetUserId 0903840144b90fe2b87f86a203edd1e2|1ee373e9bedc4d7e9c76f780c6814fe5|f685066a-2d26-4e68-842f-7d457b0e4ce3
[2016.04.05-13.36.35:782][  0]LogAnalytics: [UEEditor.Rocket.Release] AnalyticsET::StartSession
[2016.04.05-13.36.35:791][  0]LogInit: Transaction tracking system initialized
[2016.04.05-13.36.35:822][  0]BlueprintLog: New page: 에디터 로드
[2016.04.05-13.36.35:909][  0]LocalizationService: 정보 현지화 서비스가 비활성화되었습니다.
[2016.04.05-13.36.36:077][  0]LogConsoleResponse:Display: 
[2016.04.05-13.36.36:175][  0]LogCook:Display: Done creating registry. It took  0.00s.
[2016.04.05-13.36.36:239][  0]LogFileCache: Scanning file cache for directory 'E:/Project/Hero 4.10/Content/' took 0.03s
[2016.04.05-13.36.36:239][  0]SourceControl: 정보 소스 콘트롤이 꺼졌습니다.
[2016.04.05-13.36.36:240][  0]LogFactory: FactoryCreateBinary: PackFactory with PackFactory (0 0 C:/Program Files (x86)/Epic Games/4.10/FeaturePacks/StarterContent.upack)
[2016.04.05-13.36.36:253][  0]LogPackFactory: Finished extracting 8 files (including 0 errors).
[2016.04.05-13.36.36:254][  0]LogPackFactory: Copied "../../../Samples/StarterContent/Content/StarterContent/Architecture/Floor_400x400.uasset" to "E:/Project/Hero 4.10/Content/StarterContent/Architecture/Floor_400x400.uasset"
[2016.04.05-13.36.36:255][  0]LogPackFactory: Copied "../../../Samples/StarterContent/Content/StarterContent/Architecture/Pillar_50x500.uasset" to "E:/Project/Hero 4.10/Content/StarterContent/Architecture/Pillar_50x500.uasset"
[2016.04.05-13.36.36:257][  0]LogPackFactory: Copied "../../../Samples/StarterContent/Content/StarterContent/Architecture/SM_AssetPlatform.uasset" to "E:/Project/Hero 4.10/Content/StarterContent/Architecture/SM_AssetPlatform.uasset"
[2016.04.05-13.36.36:258][  0]LogPackFactory: Copied "../../../Samples/StarterContent/Content/StarterContent/Architecture/Wall_400x200.uasset" to "E:/Project/Hero 4.10/Content/StarterContent/Architecture/Wall_400x200.uasset"
[2016.04.05-13.36.36:259][  0]LogPackFactory: Copied "../../../Samples/StarterContent/Content/StarterContent/Architecture/Wall_400x300.uasset" to "E:/Project/Hero 4.10/Content/StarterContent/Architecture/Wall_400x300.uasset"
[2016.04.05-13.36.36:260][  0]LogPackFactory: Copied "../../../Samples/StarterContent/Content/StarterContent/Architecture/Wall_400x400.uasset" to "E:/Project/Hero 4.10/Content/StarterContent/Architecture/Wall_400x400.uasset"
[2016.04.05-13.36.36:261][  0]LogPackFactory: Copied "../../../Samples/StarterContent/Content/StarterContent/Architecture/Wall_500x500.uasset" to "E:/Project/Hero 4.10/Content/StarterContent/Architecture/Wall_500x500.uasset"
[2016.04.05-13.36.36:262][  0]LogPackFactory: Copied "../../../Samples/StarterContent/Content/StarterContent/Architecture/Wall_Door_400x300.uasset" to "E:/Project/Hero 4.10/Content/StarterContent/Architecture/Wall_Door_400x300.uasset"
[2016.04.05-13.36.36:262][  0]LogPackFactory: Copied "../../../Samples/StarterContent/Content/StarterContent/Architecture/Wall_Door_400x400.uasset" to "E:/Project/Hero 4.10/Content/StarterContent/Architecture/Wall_Door_400x400.uasset"
[2016.04.05-13.36.36:263][  0]LogPackFactory: Copied "../../../Samples/StarterContent/Content/StarterContent/Architecture/Wall_Window_400x300.uasset" to "E:/Project/Hero 4.10/Content/StarterContent/Architecture/Wall_Window_400x300.uasset"
[2016.04.05-13.36.36:264][  0]LogPackFactory: Copied "../../../Samples/StarterContent/Content/StarterContent/Architecture/Wall_Window_400x400.uasset" to "E:/Project/Hero 4.10/Content/StarterContent/Architecture/Wall_Window_400x400.uasset"
[2016.04.05-13.36.36:266][  0]LogPackFactory: Copied "../../../Samples/StarterContent/Content/StarterContent/Audio/Collapse01.uasset" to "E:/Project/Hero 4.10/Content/StarterContent/Audio/Collapse01.uasset"
[2016.04.05-13.36.36:268][  0]LogPackFactory: Copied "../../../Samples/StarterContent/Content/StarterContent/Audio/Collapse02.uasset" to "E:/Project/Hero 4.10/Content/StarterContent/Audio/Collapse02.uasset"
[2016.04.05-13.36.36:269][  0]LogPackFactory: Copied "../../../Samples/StarterContent/Content/StarterContent/Audio/Collapse_Cue.uasset" to "E:/Project/Hero 4.10/Content/StarterContent/Audio/Collapse_Cue.uasset"
[2016.04.05-13.36.36:271][  0]LogPackFactory: Copied "../../../Samples/StarterContent/Content/StarterContent/Audio/Explosion01.uasset" to "E:/Project/Hero 4.10/Content/StarterContent/Audio/Explosion01.uasset"
[2016.04.05-13.36.36:273][  0]LogPackFactory: Copied "../../../Samples/StarterContent/Content/StarterContent/Audio/Explosion02.uasset" to "E:/Project/Hero 4.10/Content/StarterContent/Audio/Explosion02.uasset"
[2016.04.05-13.36.36:273][  0]LogPackFactory: Copied "../../../Samples/StarterContent/Content/StarterContent/Audio/Explosion_Cue.uasset" to "E:/Project/Hero 4.10/Content/StarterContent/Audio/Explosion_Cue.uasset"
[2016.04.05-13.36.36:276][  0]LogPackFactory: Copied "../../../Samples/StarterContent/Content/StarterContent/Audio/Fire01.uasset" to "E:/Project/Hero 4.10/Content/StarterContent/Audio/Fire01.uasset"
[2016.04.05-13.36.36:276][  0]LogPackFactory: Copied "../../../Samples/StarterContent/Content/StarterContent/Audio/Fire01_Cue.uasset" to "E:/Project/Hero 4.10/Content/StarterContent/Audio/Fire01_Cue.uasset"
[2016.04.05-13.36.36:279][  0]LogPackFactory: Copied "../../../Samples/StarterContent/Content/StarterContent/Audio/Fire_Sparks01.uasset" to "E:/Project/Hero 4.10/Content/StarterContent/Audio/Fire_Sparks01.uasset"
[2016.04.05-13.36.36:281][  0]LogPackFactory: Copied "../../../Samples/StarterContent/Content/StarterContent/Audio/Fire_Sparks01_Cue.uasset" to "E:/Project/Hero 4.10/Content/StarterContent/Audio/Fire_Sparks01_Cue.uasset"
[2016.04.05-13.36.36:283][  0]LogPackFactory: Copied "../../../Samples/StarterContent/Content/StarterContent/Audio/Light01.uasset" to "E:/Project/Hero 4.10/Content/StarterContent/Audio/Light01.uasset"
[2016.04.05-13.36.36:284][  0]LogPackFactory: Copied "../../../Samples/StarterContent/Content/StarterContent/Audio/Light01_Cue.uasset" to "E:/Project/Hero 4.10/Content/StarterContent/Audio/Light01_Cue.uasset"
[2016.04.05-13.36.36:286][  0]LogPackFactory: Copied "../../../Samples/StarterContent/Content/StarterContent/Audio/Light02.uasset" to "E:/Project/Hero 4.10/Content/StarterContent/Audio/Light02.uasset"
[2016.04.05-13.36.36:286][  0]LogPackFactory: Copied "../../../Samples/StarterContent/Content/StarterContent/Audio/Light02_Cue.uasset" to "E:/Project/Hero 4.10/Content/StarterContent/Audio/Light02_Cue.uasset"
[2016.04.05-13.36.36:288][  0]LogPackFactory: Copied "../../../Samples/StarterContent/Content/StarterContent/Audio/Smoke01.uasset" to "E:/Project/Hero 4.10/Content/StarterContent/Audio/Smoke01.uasset"
[2016.04.05-13.36.36:289][  0]LogPackFactory: Copied "../../../Samples/StarterContent/Content/StarterContent/Audio/Smoke01_Cue.uasset" to "E:/Project/Hero 4.10/Content/StarterContent/Audio/Smoke01_Cue.uasset"
[2016.04.05-13.36.36:289][  0]LogPackFactory: Copied "../../../Samples/StarterContent/Content/StarterContent/Audio/Starter_Background_Cue.uasset" to "E:/Project/Hero 4.10/Content/StarterContent/Audio/Starter_Background_Cue.uasset"
[2016.04.05-13.36.36:315][  0]LogPackFactory: Copied "../../../Samples/StarterContent/Content/StarterContent/Audio/Starter_Birds01.uasset" to "E:/Project/Hero 4.10/Content/StarterContent/Audio/Starter_Birds01.uasset"
[2016.04.05-13.36.36:347][  0]LogPackFactory: Copied "../../../Samples/StarterContent/Content/StarterContent/Audio/Starter_Music01.uasset" to "E:/Project/Hero 4.10/Content/StarterContent/Audio/Starter_Music01.uasset"
[2016.04.05-13.36.36:348][  0]LogPackFactory: Copied "../../../Samples/StarterContent/Content/StarterContent/Audio/Starter_Music_Cue.uasset" to "E:/Project/Hero 4.10/Content/StarterContent/Audio/Starter_Music_Cue.uasset"
[2016.04.05-13.36.36:357][  0]LogPackFactory: Copied "../../../Samples/StarterContent/Content/StarterContent/Audio/Starter_Wind05.uasset" to "E:/Project/Hero 4.10/Content/StarterContent/Audio/Starter_Wind05.uasset"
[2016.04.05-13.36.36:366][  0]LogPackFactory: Copied "../../../Samples/StarterContent/Content/StarterContent/Audio/Starter_Wind06.uasset" to "E:/Project/Hero 4.10/Content/StarterContent/Audio/Starter_Wind06.uasset"
[2016.04.05-13.36.36:370][  0]LogPackFactory: Copied "../../../Samples/StarterContent/Content/StarterContent/Audio/Steam01.uasset" to "E:/Project/Hero 4.10/Content/StarterContent/Audio/Steam01.uasset"
[2016.04.05-13.36.36:370][  0]LogPackFactory: Copied "../../../Samples/StarterContent/Content/StarterContent/Audio/Steam01_Cue.uasset" to "E:/Project/Hero 4.10/Content/StarterContent/Audio/Steam01_Cue.uasset"
[2016.04.05-13.36.36:372][  0]LogPackFactory: Copied "../../../Samples/StarterContent/Content/StarterContent/Blueprints/Blueprint_CeilingLight.uasset" to "E:/Project/Hero 4.10/Content/StarterContent/Blueprints/Blueprint_CeilingLight.uasset"
[2016.04.05-13.36.36:372][  0]LogPackFactory: Copied "../../../Samples/StarterContent/Content/StarterContent/Blueprints/Blueprint_Effect_Explosion.uasset" to "E:/Project/Hero 4.10/Content/StarterContent/Blueprints/Blueprint_Effect_Explosion.uasset"
[2016.04.05-13.36.36:373][  0]LogPackFactory: Copied "../../../Samples/StarterContent/Content/StarterContent/Blueprints/Blueprint_Effect_Fire.uasset" to "E:/Project/Hero 4.10/Content/StarterContent/Blueprints/Blueprint_Effect_Fire.uasset"
[2016.04.05-13.36.36:374][  0]LogPackFactory: Copied "../../../Samples/StarterContent/Content/StarterContent/Blueprints/Blueprint_Effect_Smoke.uasset" to "E:/Project/Hero 4.10/Content/StarterContent/Blueprints/Blueprint_Effect_Smoke.uasset"
[2016.04.05-13.36.36:374][  0]LogPackFactory: Copied "../../../Samples/StarterContent/Content/StarterContent/Blueprints/Blueprint_Effect_Sparks.uasset" to "E:/Project/Hero 4.10/Content/StarterContent/Blueprints/Blueprint_Effect_Sparks.uasset"
[2016.04.05-13.36.36:375][  0]LogPackFactory: Copied "../../../Samples/StarterContent/Content/StarterContent/Blueprints/Blueprint_Effect_Steam.uasset" to "E:/Project/Hero 4.10/Content/StarterContent/Blueprints/Blueprint_Effect_Steam.uasset"
[2016.04.05-13.36.36:376][  0]LogPackFactory: Copied "../../../Samples/StarterContent/Content/StarterContent/Blueprints/Blueprint_WallSconce.uasset" to "E:/Project/Hero 4.10/Content/StarterContent/Blueprints/Blueprint_WallSconce.uasset"
[2016.04.05-13.36.36:378][  0]LogPackFactory: Copied "../../../Samples/StarterContent/Content/StarterContent/Blueprints/BP_LightStudio.uasset" to "E:/Project/Hero 4.10/Content/StarterContent/Blueprints/BP_LightStudio.uasset"
[2016.04.05-13.36.36:379][  0]LogPackFactory: Copied "../../../Samples/StarterContent/Content/StarterContent/Blueprints/Assets/FogBrightnessLUT.uasset" to "E:/Project/Hero 4.10/Content/StarterContent/Blueprints/Assets/FogBrightnessLUT.uasset"
[2016.04.05-13.36.36:379][  0]LogPackFactory: Copied "../../../Samples/StarterContent/Content/StarterContent/Blueprints/Assets/M_LightStage_Arrows.uasset" to "E:/Project/Hero 4.10/Content/StarterContent/Blueprints/Assets/M_LightStage_Arrows.uasset"
[2016.04.05-13.36.36:381][  0]LogPackFactory: Copied "../../../Samples/StarterContent/Content/StarterContent/Blueprints/Assets/M_LightStage_Skybox_Black.uasset" to "E:/Project/Hero 4.10/Content/StarterContent/Blueprints/Assets/M_LightStage_Skybox_Black.uasset"
[2016.04.05-13.36.36:381][  0]LogPackFactory: Copied "../../../Samples/StarterContent/Content/StarterContent/Blueprints/Assets/M_LightStage_Skybox_HDRI.uasset" to "E:/Project/Hero 4.10/Content/StarterContent/Blueprints/Assets/M_LightStage_Skybox_HDRI.uasset"
[2016.04.05-13.36.36:382][  0]LogPackFactory: Copied "../../../Samples/StarterContent/Content/StarterContent/Blueprints/Assets/M_LightStage_Skybox_Master.uasset" to "E:/Project/Hero 4.10/Content/StarterContent/Blueprints/Assets/M_LightStage_Skybox_Master.uasset"
[2016.04.05-13.36.36:386][  0]LogPackFactory: Copied "../../../Samples/StarterContent/Content/StarterContent/Blueprints/Assets/Skybox.uasset" to "E:/Project/Hero 4.10/Content/StarterContent/Blueprints/Assets/Skybox.uasset"
[2016.04.05-13.36.36:388][  0]LogPackFactory: Copied "../../../Samples/StarterContent/Content/StarterContent/Blueprints/Assets/SM_Arrows.uasset" to "E:/Project/Hero 4.10/Content/StarterContent/Blueprints/Assets/SM_Arrows.uasset"
[2016.04.05-13.36.36:389][  0]LogPackFactory: Copied "../../../Samples/StarterContent/Content/StarterContent/Blueprints/Assets/SunlightColorLUT.uasset" to "E:/Project/Hero 4.10/Content/StarterContent/Blueprints/Assets/SunlightColorLUT.uasset"
[2016.04.05-13.36.36:632][  0]LogPackFactory: Copied "../../../Samples/StarterContent/Content/StarterContent/HDRI/HDRI_Epic_Courtyard_Daylight.uasset" to "E:/Project/Hero 4.10/Content/StarterContent/HDRI/HDRI_Epic_Courtyard_Daylight.uasset"
[2016.04.05-13.36.36:634][  0]LogPackFactory: Copied "../../../Samples/StarterContent/Content/StarterContent/Maps/Advanced_Lighting.umap" to "E:/Project/Hero 4.10/Content/StarterContent/Maps/Advanced_Lighting.umap"
[2016.04.05-13.36.36:640][  0]LogPackFactory: Copied "../../../Samples/StarterContent/Content/StarterContent/Maps/Minimal_Default.umap" to "E:/Project/Hero 4.10/Content/StarterContent/Maps/Minimal_Default.umap"
[2016.04.05-13.36.36:684][  0]LogPackFactory: Copied "../../../Samples/StarterContent/Content/StarterContent/Maps/StarterMap.umap" to "E:/Project/Hero 4.10/Content/StarterContent/Maps/StarterMap.umap"
[2016.04.05-13.36.36:685][  0]LogPackFactory: Copied "../../../Samples/StarterContent/Content/StarterContent/Materials/M_AssetPlatform.uasset" to "E:/Project/Hero 4.10/Content/StarterContent/Materials/M_AssetPlatform.uasset"
[2016.04.05-13.36.36:697][  0]LogPackFactory: Copied "../../../Samples/StarterContent/Content/StarterContent/Materials/M_Basic_Floor.uasset" to "E:/Project/Hero 4.10/Content/StarterContent/Materials/M_Basic_Floor.uasset"
[2016.04.05-13.36.36:699][  0]LogPackFactory: Copied "../../../Samples/StarterContent/Content/StarterContent/Materials/M_Basic_Wall.uasset" to "E:/Project/Hero 4.10/Content/StarterContent/Materials/M_Basic_Wall.uasset"
[2016.04.05-13.36.36:700][  0]LogPackFactory: Copied "../../../Samples/StarterContent/Content/StarterContent/Materials/M_Brick_Clay_Beveled.uasset" to "E:/Project/Hero 4.10/Content/StarterContent/Materials/M_Brick_Clay_Beveled.uasset"
[2016.04.05-13.36.36:702][  0]LogPackFactory: Copied "../../../Samples/StarterContent/Content/StarterContent/Materials/M_Brick_Clay_New.uasset" to "E:/Project/Hero 4.10/Content/StarterContent/Materials/M_Brick_Clay_New.uasset"
[2016.04.05-13.36.36:706][  0]LogPackFactory: Copied "../../../Samples/StarterContent/Content/StarterContent/Materials/M_Brick_Clay_Old.uasset" to "E:/Project/Hero 4.10/Content/StarterContent/Materials/M_Brick_Clay_Old.uasset"
[2016.04.05-13.36.36:708][  0]LogPackFactory: Copied "../../../Samples/StarterContent/Content/StarterContent/Materials/M_Brick_Cut_Stone.uasset" to "E:/Project/Hero 4.10/Content/StarterContent/Materials/M_Brick_Cut_Stone.uasset"
[2016.04.05-13.36.36:710][  0]LogPackFactory: Copied "../../../Samples/StarterContent/Content/StarterContent/Materials/M_Brick_Hewn_Stone.uasset" to "E:/Project/Hero 4.10/Content/StarterContent/Materials/M_Brick_Hewn_Stone.uasset"
[2016.04.05-13.36.36:711][  0]LogPackFactory: Copied "../../../Samples/StarterContent/Content/StarterContent/Materials/M_Ceramic_Tile_Checker.uasset" to "E:/Project/Hero 4.10/Content/StarterContent/Materials/M_Ceramic_Tile_Checker.uasset"
[2016.04.05-13.36.36:713][  0]LogPackFactory: Copied "../../../Samples/StarterContent/Content/StarterContent/Materials/M_CobbleStone_Pebble.uasset" to "E:/Project/Hero 4.10/Content/StarterContent/Materials/M_CobbleStone_Pebble.uasset"
[2016.04.05-13.36.36:715][  0]LogPackFactory: Copied "../../../Samples/StarterContent/Content/StarterContent/Materials/M_CobbleStone_Rough.uasset" to "E:/Project/Hero 4.10/Content/StarterContent/Materials/M_CobbleStone_Rough.uasset"
[2016.04.05-13.36.36:718][  0]LogPackFactory: Copied "../../../Samples/StarterContent/Content/StarterContent/Materials/M_CobbleStone_Smooth.uasset" to "E:/Project/Hero 4.10/Content/StarterContent/Materials/M_CobbleStone_Smooth.uasset"
[2016.04.05-13.36.36:719][  0]LogPackFactory: Copied "../../../Samples/StarterContent/Content/StarterContent/Materials/M_ColorGrid_LowSpec.uasset" to "E:/Project/Hero 4.10/Content/StarterContent/Materials/M_ColorGrid_LowSpec.uasset"
[2016.04.05-13.36.36:724][  0]LogPackFactory: Copied "../../../Samples/StarterContent/Content/StarterContent/Materials/M_Concrete_Grime.uasset" to "E:/Project/Hero 4.10/Content/StarterContent/Materials/M_Concrete_Grime.uasset"
[2016.04.05-13.36.36:726][  0]LogPackFactory: Copied "../../../Samples/StarterContent/Content/StarterContent/Materials/M_Concrete_Panels.uasset" to "E:/Project/Hero 4.10/Content/StarterContent/Materials/M_Concrete_Panels.uasset"
[2016.04.05-13.36.36:728][  0]LogPackFactory: Copied "../../../Samples/StarterContent/Content/StarterContent/Materials/M_Concrete_Poured.uasset" to "E:/Project/Hero 4.10/Content/StarterContent/Materials/M_Concrete_Poured.uasset"
[2016.04.05-13.36.36:729][  0]LogPackFactory: Copied "../../../Samples/StarterContent/Content/StarterContent/Materials/M_Concrete_Tiles.uasset" to "E:/Project/Hero 4.10/Content/StarterContent/Materials/M_Concrete_Tiles.uasset"
[2016.04.05-13.36.36:735][  0]LogPackFactory: Copied "../../../Samples/StarterContent/Content/StarterContent/Materials/M_Glass.uasset" to "E:/Project/Hero 4.10/Content/StarterContent/Materials/M_Glass.uasset"
[2016.04.05-13.36.36:736][  0]LogPackFactory: Copied "../../../Samples/StarterContent/Content/StarterContent/Materials/M_Ground_Grass.uasset" to "E:/Project/Hero 4.10/Content/StarterContent/Materials/M_Ground_Grass.uasset"
[2016.04.05-13.36.36:738][  0]LogPackFactory: Copied "../../../Samples/StarterContent/Content/StarterContent/Materials/M_Ground_Gravel.uasset" to "E:/Project/Hero 4.10/Content/StarterContent/Materials/M_Ground_Gravel.uasset"
[2016.04.05-13.36.36:739][  0]LogPackFactory: Copied "../../../Samples/StarterContent/Content/StarterContent/Materials/M_Ground_Moss.uasset" to "E:/Project/Hero 4.10/Content/StarterContent/Materials/M_Ground_Moss.uasset"
[2016.04.05-13.36.36:740][  0]LogPackFactory: Copied "../../../Samples/StarterContent/Content/StarterContent/Materials/M_Metal_Brushed_Nickel.uasset" to "E:/Project/Hero 4.10/Content/StarterContent/Materials/M_Metal_Brushed_Nickel.uasset"
[2016.04.05-13.36.36:741][  0]LogPackFactory: Copied "../../../Samples/StarterContent/Content/StarterContent/Materials/M_Metal_Burnished_Steel.uasset" to "E:/Project/Hero 4.10/Content/StarterContent/Materials/M_Metal_Burnished_Steel.uasset"
[2016.04.05-13.36.36:742][  0]LogPackFactory: Copied "../../../Samples/StarterContent/Content/StarterContent/Materials/M_Metal_Chrome.uasset" to "E:/Project/Hero 4.10/Content/StarterContent/Materials/M_Metal_Chrome.uasset"
[2016.04.05-13.36.36:743][  0]LogPackFactory: Copied "../../../Samples/StarterContent/Content/StarterContent/Materials/M_Metal_Copper.uasset" to "E:/Project/Hero 4.10/Content/StarterContent/Materials/M_Metal_Copper.uasset"
[2016.04.05-13.36.36:744][  0]LogPackFactory: Copied "../../../Samples/StarterContent/Content/StarterContent/Materials/M_Metal_Gold.uasset" to "E:/Project/Hero 4.10/Content/StarterContent/Materials/M_Metal_Gold.uasset"
[2016.04.05-13.36.36:745][  0]LogPackFactory: Copied "../../../Samples/StarterContent/Content/StarterContent/Materials/M_Metal_Rust.uasset" to "E:/Project/Hero 4.10/Content/StarterContent/Materials/M_Metal_Rust.uasset"
[2016.04.05-13.36.36:746][  0]LogPackFactory: Copied "../../../Samples/StarterContent/Content/StarterContent/Materials/M_Metal_Steel.uasset" to "E:/Project/Hero 4.10/Content/StarterContent/Materials/M_Metal_Steel.uasset"
[2016.04.05-13.36.36:747][  0]LogPackFactory: Copied "../../../Samples/StarterContent/Content/StarterContent/Materials/M_Rock_Basalt.uasset" to "E:/Project/Hero 4.10/Content/StarterContent/Materials/M_Rock_Basalt.uasset"
[2016.04.05-13.36.36:748][  0]LogPackFactory: Copied "../../../Samples/StarterContent/Content/StarterContent/Materials/M_Rock_Marble_Polished.uasset" to "E:/Project/Hero 4.10/Content/StarterContent/Materials/M_Rock_Marble_Polished.uasset"
[2016.04.05-13.36.36:749][  0]LogPackFactory: Copied "../../../Samples/StarterContent/Content/StarterContent/Materials/M_Rock_Sandstone.uasset" to "E:/Project/Hero 4.10/Content/StarterContent/Materials/M_Rock_Sandstone.uasset"
[2016.04.05-13.36.36:749][  0]LogPackFactory: Copied "../../../Samples/StarterContent/Content/StarterContent/Materials/M_Rock_Slate.uasset" to "E:/Project/Hero 4.10/Content/StarterContent/Materials/M_Rock_Slate.uasset"
[2016.04.05-13.36.36:751][  0]LogPackFactory: Copied "../../../Samples/StarterContent/Content/StarterContent/Materials/M_Tech_Checker_Dot.uasset" to "E:/Project/Hero 4.10/Content/StarterContent/Materials/M_Tech_Checker_Dot.uasset"
[2016.04.05-13.36.36:752][  0]LogPackFactory: Copied "../../../Samples/StarterContent/Content/StarterContent/Materials/M_Tech_Hex_Tile.uasset" to "E:/Project/Hero 4.10/Content/StarterContent/Materials/M_Tech_Hex_Tile.uasset"
[2016.04.05-13.36.36:753][  0]LogPackFactory: Copied "../../../Samples/StarterContent/Content/StarterContent/Materials/M_Tech_Hex_Tile_Pulse.uasset" to "E:/Project/Hero 4.10/Content/StarterContent/Materials/M_Tech_Hex_Tile_Pulse.uasset"
[2016.04.05-13.36.36:754][  0]LogPackFactory: Copied "../../../Samples/StarterContent/Content/StarterContent/Materials/M_Tech_Panel.uasset" to "E:/Project/Hero 4.10/Content/StarterContent/Materials/M_Tech_Panel.uasset"
[2016.04.05-13.36.36:755][  0]LogPackFactory: Copied "../../../Samples/StarterContent/Content/StarterContent/Materials/M_Water_Lake.uasset" to "E:/Project/Hero 4.10/Content/StarterContent/Materials/M_Water_Lake.uasset"
[2016.04.05-13.36.36:756][  0]LogPackFactory: Copied "../../../Samples/StarterContent/Content/StarterContent/Materials/M_Water_Ocean.uasset" to "E:/Project/Hero 4.10/Content/StarterContent/Materials/M_Water_Ocean.uasset"
[2016.04.05-13.36.36:757][  0]LogPackFactory: Copied "../../../Samples/StarterContent/Content/StarterContent/Materials/M_Wood_Floor_Walnut_Polished.uasset" to "E:/Project/Hero 4.10/Content/StarterContent/Materials/M_Wood_Floor_Walnut_Polished.uasset"
[2016.04.05-13.36.36:758][  0]LogPackFactory: Copied "../../../Samples/StarterContent/Content/StarterContent/Materials/M_Wood_Floor_Walnut_Worn.uasset" to "E:/Project/Hero 4.10/Content/StarterContent/Materials/M_Wood_Floor_Walnut_Worn.uasset"
[2016.04.05-13.36.36:759][  0]LogPackFactory: Copied "../../../Samples/StarterContent/Content/StarterContent/Materials/M_Wood_Oak.uasset" to "E:/Project/Hero 4.10/Content/StarterContent/Materials/M_Wood_Oak.uasset"
[2016.04.05-13.36.36:760][  0]LogPackFactory: Copied "../../../Samples/StarterContent/Content/StarterContent/Materials/M_Wood_Pine.uasset" to "E:/Project/Hero 4.10/Content/StarterContent/Materials/M_Wood_Pine.uasset"
[2016.04.05-13.36.36:760][  0]LogPackFactory: Copied "../../../Samples/StarterContent/Content/StarterContent/Materials/M_Wood_Walnut.uasset" to "E:/Project/Hero 4.10/Content/StarterContent/Materials/M_Wood_Walnut.uasset"
[2016.04.05-13.36.36:761][  0]LogPackFactory: Copied "../../../Samples/StarterContent/Content/StarterContent/Particles/P_Ambient_Dust.uasset" to "E:/Project/Hero 4.10/Content/StarterContent/Particles/P_Ambient_Dust.uasset"
[2016.04.05-13.36.36:763][  0]LogPackFactory: Copied "../../../Samples/StarterContent/Content/StarterContent/Particles/P_Explosion.uasset" to "E:/Project/Hero 4.10/Content/StarterContent/Particles/P_Explosion.uasset"
[2016.04.05-13.36.36:765][  0]LogPackFactory: Copied "../../../Samples/StarterContent/Content/StarterContent/Particles/P_Fire.uasset" to "E:/Project/Hero 4.10/Content/StarterContent/Particles/P_Fire.uasset"
[2016.04.05-13.36.36:765][  0]LogPackFactory: Copied "../../../Samples/StarterContent/Content/StarterContent/Particles/P_Smoke.uasset" to "E:/Project/Hero 4.10/Content/StarterContent/Particles/P_Smoke.uasset"
[2016.04.05-13.36.36:767][  0]LogPackFactory: Copied "../../../Samples/StarterContent/Content/StarterContent/Particles/P_Sparks.uasset" to "E:/Project/Hero 4.10/Content/StarterContent/Particles/P_Sparks.uasset"
[2016.04.05-13.36.36:768][  0]LogPackFactory: Copied "../../../Samples/StarterContent/Content/StarterContent/Particles/P_Steam_Lit.uasset" to "E:/Project/Hero 4.10/Content/StarterContent/Particles/P_Steam_Lit.uasset"
[2016.04.05-13.36.36:768][  0]LogPackFactory: Copied "../../../Samples/StarterContent/Content/StarterContent/Particles/Materials/M_Burst.uasset" to "E:/Project/Hero 4.10/Content/StarterContent/Particles/Materials/M_Burst.uasset"
[2016.04.05-13.36.36:769][  0]LogPackFactory: Copied "../../../Samples/StarterContent/Content/StarterContent/Particles/Materials/M_Dust_Particle.uasset" to "E:/Project/Hero 4.10/Content/StarterContent/Particles/Materials/M_Dust_Particle.uasset"
[2016.04.05-13.36.36:774][  0]LogPackFactory: Copied "../../../Samples/StarterContent/Content/StarterContent/Particles/Materials/M_explosion_subUV.uasset" to "E:/Project/Hero 4.10/Content/StarterContent/Particles/Materials/M_explosion_subUV.uasset"
[2016.04.05-13.36.36:775][  0]LogPackFactory: Copied "../../../Samples/StarterContent/Content/StarterContent/Particles/Materials/M_Fire_SubUV.uasset" to "E:/Project/Hero 4.10/Content/StarterContent/Particles/Materials/M_Fire_SubUV.uasset"
[2016.04.05-13.36.36:776][  0]LogPackFactory: Copied "../../../Samples/StarterContent/Content/StarterContent/Particles/Materials/m_flare_01.uasset" to "E:/Project/Hero 4.10/Content/StarterContent/Particles/Materials/m_flare_01.uasset"
[2016.04.05-13.36.36:778][  0]LogPackFactory: Copied "../../../Samples/StarterContent/Content/StarterContent/Particles/Materials/M_Heat_Distortion.uasset" to "E:/Project/Hero 4.10/Content/StarterContent/Particles/Materials/M_Heat_Distortion.uasset"
[2016.04.05-13.36.36:779][  0]LogPackFactory: Copied "../../../Samples/StarterContent/Content/StarterContent/Particles/Materials/M_Radial_Gradient.uasset" to "E:/Project/Hero 4.10/Content/StarterContent/Particles/Materials/M_Radial_Gradient.uasset"
[2016.04.05-13.36.36:779][  0]LogPackFactory: Copied "../../../Samples/StarterContent/Content/StarterContent/Particles/Materials/M_radial_ramp.uasset" to "E:/Project/Hero 4.10/Content/StarterContent/Particles/Materials/M_radial_ramp.uasset"
[2016.04.05-13.36.36:780][  0]LogPackFactory: Copied "../../../Samples/StarterContent/Content/StarterContent/Particles/Materials/M_smoke_subUV.uasset" to "E:/Project/Hero 4.10/Content/StarterContent/Particles/Materials/M_smoke_subUV.uasset"
[2016.04.05-13.36.36:781][  0]LogPackFactory: Copied "../../../Samples/StarterContent/Content/StarterContent/Particles/Materials/M_Spark.uasset" to "E:/Project/Hero 4.10/Content/StarterContent/Particles/Materials/M_Spark.uasset"
[2016.04.05-13.36.36:783][  0]LogPackFactory: Copied "../../../Samples/StarterContent/Content/StarterContent/Props/MaterialSphere.uasset" to "E:/Project/Hero 4.10/Content/StarterContent/Props/MaterialSphere.uasset"
[2016.04.05-13.36.36:784][  0]LogPackFactory: Copied "../../../Samples/StarterContent/Content/StarterContent/Props/SM_Bush.uasset" to "E:/Project/Hero 4.10/Content/StarterContent/Props/SM_Bush.uasset"
[2016.04.05-13.36.36:785][  0]LogPackFactory: Copied "../../../Samples/StarterContent/Content/StarterContent/Props/SM_Chair.uasset" to "E:/Project/Hero 4.10/Content/StarterContent/Props/SM_Chair.uasset"
[2016.04.05-13.36.36:788][  0]LogPackFactory: Copied "../../../Samples/StarterContent/Content/StarterContent/Props/SM_CornerFrame.uasset" to "E:/Project/Hero 4.10/Content/StarterContent/Props/SM_CornerFrame.uasset"
[2016.04.05-13.36.36:790][  0]LogPackFactory: Copied "../../../Samples/StarterContent/Content/StarterContent/Props/SM_Couch.uasset" to "E:/Project/Hero 4.10/Content/StarterContent/Props/SM_Couch.uasset"
[2016.04.05-13.36.36:791][  0]LogPackFactory: Copied "../../../Samples/StarterContent/Content/StarterContent/Props/SM_Door.uasset" to "E:/Project/Hero 4.10/Content/StarterContent/Props/SM_Door.uasset"
[2016.04.05-13.36.36:792][  0]LogPackFactory: Copied "../../../Samples/StarterContent/Content/StarterContent/Props/SM_DoorFrame.uasset" to "E:/Project/Hero 4.10/Content/StarterContent/Props/SM_DoorFrame.uasset"
[2016.04.05-13.36.36:793][  0]LogPackFactory: Copied "../../../Samples/StarterContent/Content/StarterContent/Props/SM_GlassWindow.uasset" to "E:/Project/Hero 4.10/Content/StarterContent/Props/SM_GlassWindow.uasset"
[2016.04.05-13.36.36:795][  0]LogPackFactory: Copied "../../../Samples/StarterContent/Content/StarterContent/Props/SM_Lamp_Ceiling.uasset" to "E:/Project/Hero 4.10/Content/StarterContent/Props/SM_Lamp_Ceiling.uasset"
[2016.04.05-13.36.36:796][  0]LogPackFactory: Copied "../../../Samples/StarterContent/Content/StarterContent/Props/SM_Lamp_Wall.uasset" to "E:/Project/Hero 4.10/Content/StarterContent/Props/SM_Lamp_Wall.uasset"
[2016.04.05-13.36.36:803][  0]LogPackFactory: Copied "../../../Samples/StarterContent/Content/StarterContent/Props/SM_MatPreviewMesh_02.uasset" to "E:/Project/Hero 4.10/Content/StarterContent/Props/SM_MatPreviewMesh_02.uasset"
[2016.04.05-13.36.36:805][  0]LogPackFactory: Copied "../../../Samples/StarterContent/Content/StarterContent/Props/SM_PillarFrame.uasset" to "E:/Project/Hero 4.10/Content/StarterContent/Props/SM_PillarFrame.uasset"
[2016.04.05-13.36.36:806][  0]LogPackFactory: Copied "../../../Samples/StarterContent/Content/StarterContent/Props/SM_PillarFrame300.uasset" to "E:/Project/Hero 4.10/Content/StarterContent/Props/SM_PillarFrame300.uasset"
[2016.04.05-13.36.36:807][  0]LogPackFactory: Copied "../../../Samples/StarterContent/Content/StarterContent/Props/SM_Rock.uasset" to "E:/Project/Hero 4.10/Content/StarterContent/Props/SM_Rock.uasset"
[2016.04.05-13.36.36:808][  0]LogPackFactory: Copied "../../../Samples/StarterContent/Content/StarterContent/Props/SM_Shelf.uasset" to "E:/Project/Hero 4.10/Content/StarterContent/Props/SM_Shelf.uasset"
[2016.04.05-13.36.36:812][  0]LogPackFactory: Copied "../../../Samples/StarterContent/Content/StarterContent/Props/SM_Stairs.uasset" to "E:/Project/Hero 4.10/Content/StarterContent/Props/SM_Stairs.uasset"
[2016.04.05-13.36.36:814][  0]LogPackFactory: Copied "../../../Samples/StarterContent/Content/StarterContent/Props/SM_Statue.uasset" to "E:/Project/Hero 4.10/Content/StarterContent/Props/SM_Statue.uasset"
[2016.04.05-13.36.36:817][  0]LogPackFactory: Copied "../../../Samples/StarterContent/Content/StarterContent/Props/SM_TableRound.uasset" to "E:/Project/Hero 4.10/Content/StarterContent/Props/SM_TableRound.uasset"
[2016.04.05-13.36.36:818][  0]LogPackFactory: Copied "../../../Samples/StarterContent/Content/StarterContent/Props/SM_WindowFrame.uasset" to "E:/Project/Hero 4.10/Content/StarterContent/Props/SM_WindowFrame.uasset"
[2016.04.05-13.36.36:819][  0]LogPackFactory: Copied "../../../Samples/StarterContent/Content/StarterContent/Props/Materials/M_Bush.uasset" to "E:/Project/Hero 4.10/Content/StarterContent/Props/Materials/M_Bush.uasset"
[2016.04.05-13.36.36:819][  0]LogPackFactory: Copied "../../../Samples/StarterContent/Content/StarterContent/Props/Materials/M_Chair.uasset" to "E:/Project/Hero 4.10/Content/StarterContent/Props/Materials/M_Chair.uasset"
[2016.04.05-13.36.36:821][  0]LogPackFactory: Copied "../../../Samples/StarterContent/Content/StarterContent/Props/Materials/M_Door.uasset" to "E:/Project/Hero 4.10/Content/StarterContent/Props/Materials/M_Door.uasset"
[2016.04.05-13.36.36:822][  0]LogPackFactory: Copied "../../../Samples/StarterContent/Content/StarterContent/Props/Materials/M_Frame.uasset" to "E:/Project/Hero 4.10/Content/StarterContent/Props/Materials/M_Frame.uasset"
[2016.04.05-13.36.36:822][  0]LogPackFactory: Copied "../../../Samples/StarterContent/Content/StarterContent/Props/Materials/M_Lamp.uasset" to "E:/Project/Hero 4.10/Content/StarterContent/Props/Materials/M_Lamp.uasset"
[2016.04.05-13.36.36:823][  0]LogPackFactory: Copied "../../../Samples/StarterContent/Content/StarterContent/Props/Materials/M_MaterialSphere.uasset" to "E:/Project/Hero 4.10/Content/StarterContent/Props/Materials/M_MaterialSphere.uasset"
[2016.04.05-13.36.36:824][  0]LogPackFactory: Copied "../../../Samples/StarterContent/Content/StarterContent/Props/Materials/M_MaterialSphere_Plain.uasset" to "E:/Project/Hero 4.10/Content/StarterContent/Props/Materials/M_MaterialSphere_Plain.uasset"
[2016.04.05-13.36.36:836][  0]LogPackFactory: Copied "../../../Samples/StarterContent/Content/StarterContent/Props/Materials/M_Rock.uasset" to "E:/Project/Hero 4.10/Content/StarterContent/Props/Materials/M_Rock.uasset"
[2016.04.05-13.36.36:838][  0]LogPackFactory: Copied "../../../Samples/StarterContent/Content/StarterContent/Props/Materials/M_Shelf.uasset" to "E:/Project/Hero 4.10/Content/StarterContent/Props/Materials/M_Shelf.uasset"
[2016.04.05-13.36.36:839][  0]LogPackFactory: Copied "../../../Samples/StarterContent/Content/StarterContent/Props/Materials/M_Statue.uasset" to "E:/Project/Hero 4.10/Content/StarterContent/Props/Materials/M_Statue.uasset"
[2016.04.05-13.36.36:841][  0]LogPackFactory: Copied "../../../Samples/StarterContent/Content/StarterContent/Props/Materials/M_StatueGlass.uasset" to "E:/Project/Hero 4.10/Content/StarterContent/Props/Materials/M_StatueGlass.uasset"
[2016.04.05-13.36.36:842][  0]LogPackFactory: Copied "../../../Samples/StarterContent/Content/StarterContent/Props/Materials/M_TableRound.uasset" to "E:/Project/Hero 4.10/Content/StarterContent/Props/Materials/M_TableRound.uasset"
[2016.04.05-13.36.36:843][  0]LogPackFactory: Copied "../../../Samples/StarterContent/Content/StarterContent/Shapes/Shape_Cone.uasset" to "E:/Project/Hero 4.10/Content/StarterContent/Shapes/Shape_Cone.uasset"
[2016.04.05-13.36.36:844][  0]LogPackFactory: Copied "../../../Samples/StarterContent/Content/StarterContent/Shapes/Shape_Cube.uasset" to "E:/Project/Hero 4.10/Content/StarterContent/Shapes/Shape_Cube.uasset"
[2016.04.05-13.36.36:847][  0]LogPackFactory: Copied "../../../Samples/StarterContent/Content/StarterContent/Shapes/Shape_Cylinder.uasset" to "E:/Project/Hero 4.10/Content/StarterContent/Shapes/Shape_Cylinder.uasset"
[2016.04.05-13.36.36:849][  0]LogPackFactory: Copied "../../../Samples/StarterContent/Content/StarterContent/Shapes/Shape_NarrowCapsule.uasset" to "E:/Project/Hero 4.10/Content/StarterContent/Shapes/Shape_NarrowCapsule.uasset"
[2016.04.05-13.36.36:850][  0]LogPackFactory: Copied "../../../Samples/StarterContent/Content/StarterContent/Shapes/Shape_Pipe.uasset" to "E:/Project/Hero 4.10/Content/StarterContent/Shapes/Shape_Pipe.uasset"
[2016.04.05-13.36.36:851][  0]LogPackFactory: Copied "../../../Samples/StarterContent/Content/StarterContent/Shapes/Shape_Pipe_180.uasset" to "E:/Project/Hero 4.10/Content/StarterContent/Shapes/Shape_Pipe_180.uasset"
[2016.04.05-13.36.36:855][  0]LogPackFactory: Copied "../../../Samples/StarterContent/Content/StarterContent/Shapes/Shape_Pipe_90.uasset" to "E:/Project/Hero 4.10/Content/StarterContent/Shapes/Shape_Pipe_90.uasset"
[2016.04.05-13.36.36:856][  0]LogPackFactory: Copied "../../../Samples/StarterContent/Content/StarterContent/Shapes/Shape_Plane.uasset" to "E:/Project/Hero 4.10/Content/StarterContent/Shapes/Shape_Plane.uasset"
[2016.04.05-13.36.36:857][  0]LogPackFactory: Copied "../../../Samples/StarterContent/Content/StarterContent/Shapes/Shape_QuadPyramid.uasset" to "E:/Project/Hero 4.10/Content/StarterContent/Shapes/Shape_QuadPyramid.uasset"
[2016.04.05-13.36.36:859][  0]LogPackFactory: Copied "../../../Samples/StarterContent/Content/StarterContent/Shapes/Shape_Sphere.uasset" to "E:/Project/Hero 4.10/Content/StarterContent/Shapes/Shape_Sphere.uasset"
[2016.04.05-13.36.36:870][  0]LogPackFactory: Copied "../../../Samples/StarterContent/Content/StarterContent/Shapes/Shape_Torus.uasset" to "E:/Project/Hero 4.10/Content/StarterContent/Shapes/Shape_Torus.uasset"
[2016.04.05-13.36.36:871][  0]LogPackFactory: Copied "../../../Samples/StarterContent/Content/StarterContent/Shapes/Shape_Trim.uasset" to "E:/Project/Hero 4.10/Content/StarterContent/Shapes/Shape_Trim.uasset"
[2016.04.05-13.36.36:872][  0]LogPackFactory: Copied "../../../Samples/StarterContent/Content/StarterContent/Shapes/Shape_Trim_90_In.uasset" to "E:/Project/Hero 4.10/Content/StarterContent/Shapes/Shape_Trim_90_In.uasset"
[2016.04.05-13.36.36:873][  0]LogPackFactory: Copied "../../../Samples/StarterContent/Content/StarterContent/Shapes/Shape_Trim_90_Out.uasset" to "E:/Project/Hero 4.10/Content/StarterContent/Shapes/Shape_Trim_90_Out.uasset"
[2016.04.05-13.36.36:875][  0]LogPackFactory: Copied "../../../Samples/StarterContent/Content/StarterContent/Shapes/Shape_TriPyramid.uasset" to "E:/Project/Hero 4.10/Content/StarterContent/Shapes/Shape_TriPyramid.uasset"
[2016.04.05-13.36.36:877][  0]LogPackFactory: Copied "../../../Samples/StarterContent/Content/StarterContent/Shapes/Shape_Tube.uasset" to "E:/Project/Hero 4.10/Content/StarterContent/Shapes/Shape_Tube.uasset"
[2016.04.05-13.36.36:877][  0]LogPackFactory: Copied "../../../Samples/StarterContent/Content/StarterContent/Shapes/Shape_Wedge_A.uasset" to "E:/Project/Hero 4.10/Content/StarterContent/Shapes/Shape_Wedge_A.uasset"
[2016.04.05-13.36.36:878][  0]LogPackFactory: Copied "../../../Samples/StarterContent/Content/StarterContent/Shapes/Shape_Wedge_B.uasset" to "E:/Project/Hero 4.10/Content/StarterContent/Shapes/Shape_Wedge_B.uasset"
[2016.04.05-13.36.36:879][  0]LogPackFactory: Copied "../../../Samples/StarterContent/Content/StarterContent/Shapes/Shape_WideCapsule.uasset" to "E:/Project/Hero 4.10/Content/StarterContent/Shapes/Shape_WideCapsule.uasset"
[2016.04.05-13.36.36:901][  0]LogPackFactory: Copied "../../../Samples/StarterContent/Content/StarterContent/Textures/T_Brick_Clay_Beveled_D.uasset" to "E:/Project/Hero 4.10/Content/StarterContent/Textures/T_Brick_Clay_Beveled_D.uasset"
[2016.04.05-13.36.36:925][  0]LogPackFactory: Copied "../../../Samples/StarterContent/Content/StarterContent/Textures/T_Brick_Clay_Beveled_M.uasset" to "E:/Project/Hero 4.10/Content/StarterContent/Textures/T_Brick_Clay_Beveled_M.uasset"
[2016.04.05-13.36.36:946][  0]LogPackFactory: Copied "../../../Samples/StarterContent/Content/StarterContent/Textures/T_Brick_Clay_Beveled_N.uasset" to "E:/Project/Hero 4.10/Content/StarterContent/Textures/T_Brick_Clay_Beveled_N.uasset"
[2016.04.05-13.36.36:964][  0]LogPackFactory: Copied "../../../Samples/StarterContent/Content/StarterContent/Textures/T_Brick_Clay_New_D.uasset" to "E:/Project/Hero 4.10/Content/StarterContent/Textures/T_Brick_Clay_New_D.uasset"
[2016.04.05-13.36.36:989][  0]LogPackFactory: Copied "../../../Samples/StarterContent/Content/StarterContent/Textures/T_Brick_Clay_New_M.uasset" to "E:/Project/Hero 4.10/Content/StarterContent/Textures/T_Brick_Clay_New_M.uasset"
[2016.04.05-13.36.37:012][  0]LogPackFactory: Copied "../../../Samples/StarterContent/Content/StarterContent/Textures/T_Brick_Clay_New_N.uasset" to "E:/Project/Hero 4.10/Content/StarterContent/Textures/T_Brick_Clay_New_N.uasset"
[2016.04.05-13.36.37:044][  0]LogPackFactory: Copied "../../../Samples/StarterContent/Content/StarterContent/Textures/T_Brick_Clay_Old_D.uasset" to "E:/Project/Hero 4.10/Content/StarterContent/Textures/T_Brick_Clay_Old_D.uasset"
[2016.04.05-13.36.37:066][  0]LogPackFactory: Copied "../../../Samples/StarterContent/Content/StarterContent/Textures/T_Brick_Clay_Old_N.uasset" to "E:/Project/Hero 4.10/Content/StarterContent/Textures/T_Brick_Clay_Old_N.uasset"
[2016.04.05-13.36.37:103][  0]LogPackFactory: Copied "../../../Samples/StarterContent/Content/StarterContent/Textures/T_Brick_Cut_Stone_D.uasset" to "E:/Project/Hero 4.10/Content/StarterContent/Textures/T_Brick_Cut_Stone_D.uasset"
[2016.04.05-13.36.37:123][  0]LogPackFactory: Copied "../../../Samples/StarterContent/Content/StarterContent/Textures/T_Brick_Cut_Stone_N.uasset" to "E:/Project/Hero 4.10/Content/StarterContent/Textures/T_Brick_Cut_Stone_N.uasset"
[2016.04.05-13.36.37:144][  0]LogPackFactory: Copied "../../../Samples/StarterContent/Content/StarterContent/Textures/T_Brick_Hewn_Stone_D.uasset" to "E:/Project/Hero 4.10/Content/StarterContent/Textures/T_Brick_Hewn_Stone_D.uasset"
[2016.04.05-13.36.37:163][  0]LogPackFactory: Copied "../../../Samples/StarterContent/Content/StarterContent/Textures/T_Brick_Hewn_Stone_M.uasset" to "E:/Project/Hero 4.10/Content/StarterContent/Textures/T_Brick_Hewn_Stone_M.uasset"
[2016.04.05-13.36.37:210][  0]LogPackFactory: Copied "../../../Samples/StarterContent/Content/StarterContent/Textures/T_Brick_Hewn_Stone_N.uasset" to "E:/Project/Hero 4.10/Content/StarterContent/Textures/T_Brick_Hewn_Stone_N.uasset"
[2016.04.05-13.36.37:211][  0]LogPackFactory: Copied "../../../Samples/StarterContent/Content/StarterContent/Textures/T_Burst_M.uasset" to "E:/Project/Hero 4.10/Content/StarterContent/Textures/T_Burst_M.uasset"
[2016.04.05-13.36.37:214][  0]LogPackFactory: Copied "../../../Samples/StarterContent/Content/StarterContent/Textures/T_Bush_D.uasset" to "E:/Project/Hero 4.10/Content/StarterContent/Textures/T_Bush_D.uasset"
[2016.04.05-13.36.37:216][  0]LogPackFactory: Copied "../../../Samples/StarterContent/Content/StarterContent/Textures/T_Bush_N.uasset" to "E:/Project/Hero 4.10/Content/StarterContent/Textures/T_Bush_N.uasset"
[2016.04.05-13.36.37:218][  0]LogPackFactory: Copied "../../../Samples/StarterContent/Content/StarterContent/Textures/T_Ceramic_Tile_M.uasset" to "E:/Project/Hero 4.10/Content/StarterContent/Textures/T_Ceramic_Tile_M.uasset"
[2016.04.05-13.36.37:219][  0]LogPackFactory: Copied "../../../Samples/StarterContent/Content/StarterContent/Textures/T_Ceramic_Tile_N.uasset" to "E:/Project/Hero 4.10/Content/StarterContent/Textures/T_Ceramic_Tile_N.uasset"
[2016.04.05-13.36.37:221][  0]LogPackFactory: Copied "../../../Samples/StarterContent/Content/StarterContent/Textures/T_Chair_M.uasset" to "E:/Project/Hero 4.10/Content/StarterContent/Textures/T_Chair_M.uasset"
[2016.04.05-13.36.37:227][  0]LogPackFactory: Copied "../../../Samples/StarterContent/Content/StarterContent/Textures/T_Chair_N.uasset" to "E:/Project/Hero 4.10/Content/StarterContent/Textures/T_Chair_N.uasset"
[2016.04.05-13.36.37:229][  0]LogPackFactory: Copied "../../../Samples/StarterContent/Content/StarterContent/Textures/T_Checker_Noise_M.uasset" to "E:/Project/Hero 4.10/Content/StarterContent/Textures/T_Checker_Noise_M.uasset"
[2016.04.05-13.36.37:367][  0]LogPackFactory: Copied "../../../Samples/StarterContent/Content/StarterContent/Textures/T_CobbleStone_Pebble_D.uasset" to "E:/Project/Hero 4.10/Content/StarterContent/Textures/T_CobbleStone_Pebble_D.uasset"
[2016.04.05-13.36.37:372][  0]LogPackFactory: Copied "../../../Samples/StarterContent/Content/StarterContent/Textures/T_CobbleStone_Pebble_M.uasset" to "E:/Project/Hero 4.10/Content/StarterContent/Textures/T_CobbleStone_Pebble_M.uasset"
[2016.04.05-13.36.37:405][  0]LogPackFactory: Copied "../../../Samples/StarterContent/Content/StarterContent/Textures/T_CobbleStone_Pebble_N.uasset" to "E:/Project/Hero 4.10/Content/StarterContent/Textures/T_CobbleStone_Pebble_N.uasset"
[2016.04.05-13.36.37:414][  0]LogPackFactory: Copied "../../../Samples/StarterContent/Content/StarterContent/Textures/T_CobbleStone_Rough_D.uasset" to "E:/Project/Hero 4.10/Content/StarterContent/Textures/T_CobbleStone_Rough_D.uasset"
[2016.04.05-13.36.37:423][  0]LogPackFactory: Copied "../../../Samples/StarterContent/Content/StarterContent/Textures/T_CobbleStone_Rough_N.uasset" to "E:/Project/Hero 4.10/Content/StarterContent/Textures/T_CobbleStone_Rough_N.uasset"
[2016.04.05-13.36.37:442][  0]LogPackFactory: Copied "../../../Samples/StarterContent/Content/StarterContent/Textures/T_CobbleStone_Smooth_D.uasset" to "E:/Project/Hero 4.10/Content/StarterContent/Textures/T_CobbleStone_Smooth_D.uasset"
[2016.04.05-13.36.37:459][  0]LogPackFactory: Copied "../../../Samples/StarterContent/Content/StarterContent/Textures/T_CobbleStone_Smooth_M.uasset" to "E:/Project/Hero 4.10/Content/StarterContent/Textures/T_CobbleStone_Smooth_M.uasset"
[2016.04.05-13.36.37:484][  0]LogPackFactory: Copied "../../../Samples/StarterContent/Content/StarterContent/Textures/T_CobbleStone_Smooth_N.uasset" to "E:/Project/Hero 4.10/Content/StarterContent/Textures/T_CobbleStone_Smooth_N.uasset"
[2016.04.05-13.36.37:514][  0]LogPackFactory: Copied "../../../Samples/StarterContent/Content/StarterContent/Textures/T_Concrete_Grime_D.uasset" to "E:/Project/Hero 4.10/Content/StarterContent/Textures/T_Concrete_Grime_D.uasset"
[2016.04.05-13.36.37:538][  0]LogPackFactory: Copied "../../../Samples/StarterContent/Content/StarterContent/Textures/T_Concrete_Panels_D.uasset" to "E:/Project/Hero 4.10/Content/StarterContent/Textures/T_Concrete_Panels_D.uasset"
[2016.04.05-13.36.37:558][  0]LogPackFactory: Copied "../../../Samples/StarterContent/Content/StarterContent/Textures/T_Concrete_Panels_N.uasset" to "E:/Project/Hero 4.10/Content/StarterContent/Textures/T_Concrete_Panels_N.uasset"
[2016.04.05-13.36.37:589][  0]LogPackFactory: Copied "../../../Samples/StarterContent/Content/StarterContent/Textures/T_Concrete_Poured_D.uasset" to "E:/Project/Hero 4.10/Content/StarterContent/Textures/T_Concrete_Poured_D.uasset"
[2016.04.05-13.36.37:610][  0]LogPackFactory: Copied "../../../Samples/StarterContent/Content/StarterContent/Textures/T_Concrete_Poured_N.uasset" to "E:/Project/Hero 4.10/Content/StarterContent/Textures/T_Concrete_Poured_N.uasset"
[2016.04.05-13.36.37:624][  0]LogPackFactory: Copied "../../../Samples/StarterContent/Content/StarterContent/Textures/T_Concrete_Tiles_D.uasset" to "E:/Project/Hero 4.10/Content/StarterContent/Textures/T_Concrete_Tiles_D.uasset"
[2016.04.05-13.36.37:642][  0]LogPackFactory: Copied "../../../Samples/StarterContent/Content/StarterContent/Textures/T_Concrete_Tiles_M.uasset" to "E:/Project/Hero 4.10/Content/StarterContent/Textures/T_Concrete_Tiles_M.uasset"
[2016.04.05-13.36.37:660][  0]LogPackFactory: Copied "../../../Samples/StarterContent/Content/StarterContent/Textures/T_Concrete_Tiles_N.uasset" to "E:/Project/Hero 4.10/Content/StarterContent/Textures/T_Concrete_Tiles_N.uasset"
[2016.04.05-13.36.37:661][  0]LogPackFactory: Copied "../../../Samples/StarterContent/Content/StarterContent/Textures/T_Concrete_Tiles_Variation_M.uasset" to "E:/Project/Hero 4.10/Content/StarterContent/Textures/T_Concrete_Tiles_Variation_M.uasset"
[2016.04.05-13.36.37:670][  0]LogPackFactory: Copied "../../../Samples/StarterContent/Content/StarterContent/Textures/T_Detail_Rocky_N.uasset" to "E:/Project/Hero 4.10/Content/StarterContent/Textures/T_Detail_Rocky_N.uasset"
[2016.04.05-13.36.37:672][  0]LogPackFactory: Copied "../../../Samples/StarterContent/Content/StarterContent/Textures/T_Door_M.uasset" to "E:/Project/Hero 4.10/Content/StarterContent/Textures/T_Door_M.uasset"
[2016.04.05-13.36.37:676][  0]LogPackFactory: Copied "../../../Samples/StarterContent/Content/StarterContent/Textures/T_Door_N.uasset" to "E:/Project/Hero 4.10/Content/StarterContent/Textures/T_Door_N.uasset"
[2016.04.05-13.36.37:694][  0]LogPackFactory: Copied "../../../Samples/StarterContent/Content/StarterContent/Textures/T_Dust_Particle_D.uasset" to "E:/Project/Hero 4.10/Content/StarterContent/Textures/T_Dust_Particle_D.uasset"
[2016.04.05-13.36.37:706][  0]LogPackFactory: Copied "../../../Samples/StarterContent/Content/StarterContent/Textures/T_Explosion_SubUV.uasset" to "E:/Project/Hero 4.10/Content/StarterContent/Textures/T_Explosion_SubUV.uasset"
[2016.04.05-13.36.37:709][  0]LogPackFactory: Copied "../../../Samples/StarterContent/Content/StarterContent/Textures/T_Fire_SubUV.uasset" to "E:/Project/Hero 4.10/Content/StarterContent/Textures/T_Fire_SubUV.uasset"
[2016.04.05-13.36.37:711][  0]LogPackFactory: Copied "../../../Samples/StarterContent/Content/StarterContent/Textures/T_Fire_Tiled_D.uasset" to "E:/Project/Hero 4.10/Content/StarterContent/Textures/T_Fire_Tiled_D.uasset"
[2016.04.05-13.36.37:714][  0]LogPackFactory: Copied "../../../Samples/StarterContent/Content/StarterContent/Textures/T_Frame_M.uasset" to "E:/Project/Hero 4.10/Content/StarterContent/Textures/T_Frame_M.uasset"
[2016.04.05-13.36.37:718][  0]LogPackFactory: Copied "../../../Samples/StarterContent/Content/StarterContent/Textures/T_Frame_N.uasset" to "E:/Project/Hero 4.10/Content/StarterContent/Textures/T_Frame_N.uasset"
[2016.04.05-13.36.37:719][  0]LogPackFactory: Copied "../../../Samples/StarterContent/Content/StarterContent/Textures/T_Gradinet_01.uasset" to "E:/Project/Hero 4.10/Content/StarterContent/Textures/T_Gradinet_01.uasset"
[2016.04.05-13.36.37:752][  0]LogPackFactory: Copied "../../../Samples/StarterContent/Content/StarterContent/Textures/T_Ground_Grass_D.uasset" to "E:/Project/Hero 4.10/Content/StarterContent/Textures/T_Ground_Grass_D.uasset"
[2016.04.05-13.36.37:785][  0]LogPackFactory: Copied "../../../Samples/StarterContent/Content/StarterContent/Textures/T_Ground_Grass_N.uasset" to "E:/Project/Hero 4.10/Content/StarterContent/Textures/T_Ground_Grass_N.uasset"
[2016.04.05-13.36.37:814][  0]LogPackFactory: Copied "../../../Samples/StarterContent/Content/StarterContent/Textures/T_Ground_Gravel_D.uasset" to "E:/Project/Hero 4.10/Content/StarterContent/Textures/T_Ground_Gravel_D.uasset"
[2016.04.05-13.36.37:836][  0]LogPackFactory: Copied "../../../Samples/StarterContent/Content/StarterContent/Textures/T_Ground_Gravel_N.uasset" to "E:/Project/Hero 4.10/Content/StarterContent/Textures/T_Ground_Gravel_N.uasset"
[2016.04.05-13.36.37:872][  0]LogPackFactory: Copied "../../../Samples/StarterContent/Content/StarterContent/Textures/T_ground_Moss_D.uasset" to "E:/Project/Hero 4.10/Content/StarterContent/Textures/T_ground_Moss_D.uasset"
[2016.04.05-13.36.37:896][  0]LogPackFactory: Copied "../../../Samples/StarterContent/Content/StarterContent/Textures/T_Ground_Moss_N.uasset" to "E:/Project/Hero 4.10/Content/StarterContent/Textures/T_Ground_Moss_N.uasset"
[2016.04.05-13.36.37:899][  0]LogPackFactory: Copied "../../../Samples/StarterContent/Content/StarterContent/Textures/T_Lamp_M.uasset" to "E:/Project/Hero 4.10/Content/StarterContent/Textures/T_Lamp_M.uasset"
[2016.04.05-13.36.37:918][  0]LogPackFactory: Copied "../../../Samples/StarterContent/Content/StarterContent/Textures/T_Lamp_N.uasset" to "E:/Project/Hero 4.10/Content/StarterContent/Textures/T_Lamp_N.uasset"
[2016.04.05-13.36.37:950][  0]LogPackFactory: Copied "../../../Samples/StarterContent/Content/StarterContent/Textures/T_MacroVariation.uasset" to "E:/Project/Hero 4.10/Content/StarterContent/Textures/T_MacroVariation.uasset"
[2016.04.05-13.36.37:977][  0]LogPackFactory: Copied "../../../Samples/StarterContent/Content/StarterContent/Textures/T_Metal_Aluminum_D.uasset" to "E:/Project/Hero 4.10/Content/StarterContent/Textures/T_Metal_Aluminum_D.uasset"
[2016.04.05-13.36.38:008][  0]LogPackFactory: Copied "../../../Samples/StarterContent/Content/StarterContent/Textures/T_Metal_Copper_D.uasset" to "E:/Project/Hero 4.10/Content/StarterContent/Textures/T_Metal_Copper_D.uasset"
[2016.04.05-13.36.38:032][  0]LogPackFactory: Copied "../../../Samples/StarterContent/Content/StarterContent/Textures/T_Metal_Gold_D.uasset" to "E:/Project/Hero 4.10/Content/StarterContent/Textures/T_Metal_Gold_D.uasset"
[2016.04.05-13.36.38:042][  0]LogPackFactory: Copied "../../../Samples/StarterContent/Content/StarterContent/Textures/T_Metal_Gold_N.uasset" to "E:/Project/Hero 4.10/Content/StarterContent/Textures/T_Metal_Gold_N.uasset"
[2016.04.05-13.36.38:068][  0]LogPackFactory: Copied "../../../Samples/StarterContent/Content/StarterContent/Textures/T_Metal_Rust_D.uasset" to "E:/Project/Hero 4.10/Content/StarterContent/Textures/T_Metal_Rust_D.uasset"
[2016.04.05-13.36.38:089][  0]LogPackFactory: Copied "../../../Samples/StarterContent/Content/StarterContent/Textures/T_Metal_Rust_N.uasset" to "E:/Project/Hero 4.10/Content/StarterContent/Textures/T_Metal_Rust_N.uasset"
[2016.04.05-13.36.38:100][  0]LogPackFactory: Copied "../../../Samples/StarterContent/Content/StarterContent/Textures/T_Metal_Steel_D.uasset" to "E:/Project/Hero 4.10/Content/StarterContent/Textures/T_Metal_Steel_D.uasset"
[2016.04.05-13.36.38:114][  0]LogPackFactory: Copied "../../../Samples/StarterContent/Content/StarterContent/Textures/T_Metal_Steel_N.uasset" to "E:/Project/Hero 4.10/Content/StarterContent/Textures/T_Metal_Steel_N.uasset"
[2016.04.05-13.36.38:137][  0]LogPackFactory: Copied "../../../Samples/StarterContent/Content/StarterContent/Textures/T_Perlin_Noise_M.uasset" to "E:/Project/Hero 4.10/Content/StarterContent/Textures/T_Perlin_Noise_M.uasset"
[2016.04.05-13.36.38:145][  0]LogPackFactory: Copied "../../../Samples/StarterContent/Content/StarterContent/Textures/T_RockMesh_M.uasset" to "E:/Project/Hero 4.10/Content/StarterContent/Textures/T_RockMesh_M.uasset"
[2016.04.05-13.36.38:161][  0]LogPackFactory: Copied "../../../Samples/StarterContent/Content/StarterContent/Textures/T_RockMesh_N.uasset" to "E:/Project/Hero 4.10/Content/StarterContent/Textures/T_RockMesh_N.uasset"
[2016.04.05-13.36.38:187][  0]LogPackFactory: Copied "../../../Samples/StarterContent/Content/StarterContent/Textures/T_Rock_Basalt_D.uasset" to "E:/Project/Hero 4.10/Content/StarterContent/Textures/T_Rock_Basalt_D.uasset"
[2016.04.05-13.36.38:209][  0]LogPackFactory: Copied "../../../Samples/StarterContent/Content/StarterContent/Textures/T_Rock_Basalt_N.uasset" to "E:/Project/Hero 4.10/Content/StarterContent/Textures/T_Rock_Basalt_N.uasset"
[2016.04.05-13.36.38:225][  0]LogPackFactory: Copied "../../../Samples/StarterContent/Content/StarterContent/Textures/T_Rock_Marble_Polished_D.uasset" to "E:/Project/Hero 4.10/Content/StarterContent/Textures/T_Rock_Marble_Polished_D.uasset"
[2016.04.05-13.36.38:251][  0]LogPackFactory: Copied "../../../Samples/StarterContent/Content/StarterContent/Textures/T_Rock_Sandstone_D.uasset" to "E:/Project/Hero 4.10/Content/StarterContent/Textures/T_Rock_Sandstone_D.uasset"
[2016.04.05-13.36.38:275][  0]LogPackFactory: Copied "../../../Samples/StarterContent/Content/StarterContent/Textures/T_Rock_Sandstone_N.uasset" to "E:/Project/Hero 4.10/Content/StarterContent/Textures/T_Rock_Sandstone_N.uasset"
[2016.04.05-13.36.38:310][  0]LogPackFactory: Copied "../../../Samples/StarterContent/Content/StarterContent/Textures/T_Rock_Slate_D.uasset" to "E:/Project/Hero 4.10/Content/StarterContent/Textures/T_Rock_Slate_D.uasset"
[2016.04.05-13.36.38:337][  0]LogPackFactory: Copied "../../../Samples/StarterContent/Content/StarterContent/Textures/T_Rock_Slate_N.uasset" to "E:/Project/Hero 4.10/Content/StarterContent/Textures/T_Rock_Slate_N.uasset"
[2016.04.05-13.36.38:363][  0]LogPackFactory: Copied "../../../Samples/StarterContent/Content/StarterContent/Textures/T_Rock_Smooth_Granite_D.uasset" to "E:/Project/Hero 4.10/Content/StarterContent/Textures/T_Rock_Smooth_Granite_D.uasset"
[2016.04.05-13.36.38:366][  0]LogPackFactory: Copied "../../../Samples/StarterContent/Content/StarterContent/Textures/T_Shelf_M.uasset" to "E:/Project/Hero 4.10/Content/StarterContent/Textures/T_Shelf_M.uasset"
[2016.04.05-13.36.38:371][  0]LogPackFactory: Copied "../../../Samples/StarterContent/Content/StarterContent/Textures/T_Shelf_N.uasset" to "E:/Project/Hero 4.10/Content/StarterContent/Textures/T_Shelf_N.uasset"
[2016.04.05-13.36.38:372][  0]LogPackFactory: Copied "../../../Samples/StarterContent/Content/StarterContent/Textures/T_Single_Tile_N.uasset" to "E:/Project/Hero 4.10/Content/StarterContent/Textures/T_Single_Tile_N.uasset"
[2016.04.05-13.36.38:406][  0]LogPackFactory: Copied "../../../Samples/StarterContent/Content/StarterContent/Textures/T_Smoke_SubUV.uasset" to "E:/Project/Hero 4.10/Content/StarterContent/Textures/T_Smoke_SubUV.uasset"
[2016.04.05-13.36.38:407][  0]LogPackFactory: Copied "../../../Samples/StarterContent/Content/StarterContent/Textures/T_Smoke_Tiled_D.uasset" to "E:/Project/Hero 4.10/Content/StarterContent/Textures/T_Smoke_Tiled_D.uasset"
[2016.04.05-13.36.38:408][  0]LogPackFactory: Copied "../../../Samples/StarterContent/Content/StarterContent/Textures/T_Spark_Core.uasset" to "E:/Project/Hero 4.10/Content/StarterContent/Textures/T_Spark_Core.uasset"
[2016.04.05-13.36.38:411][  0]LogPackFactory: Copied "../../../Samples/StarterContent/Content/StarterContent/Textures/T_Statue_M.uasset" to "E:/Project/Hero 4.10/Content/StarterContent/Textures/T_Statue_M.uasset"
[2016.04.05-13.36.38:413][  0]LogPackFactory: Copied "../../../Samples/StarterContent/Content/StarterContent/Textures/T_Statue_N.uasset" to "E:/Project/Hero 4.10/Content/StarterContent/Textures/T_Statue_N.uasset"
[2016.04.05-13.36.38:416][  0]LogPackFactory: Copied "../../../Samples/StarterContent/Content/StarterContent/Textures/T_TableRound_M.uasset" to "E:/Project/Hero 4.10/Content/StarterContent/Textures/T_TableRound_M.uasset"
[2016.04.05-13.36.38:421][  0]LogPackFactory: Copied "../../../Samples/StarterContent/Content/StarterContent/Textures/T_TableRound_N.uasset" to "E:/Project/Hero 4.10/Content/StarterContent/Textures/T_TableRound_N.uasset"
[2016.04.05-13.36.38:423][  0]LogPackFactory: Copied "../../../Samples/StarterContent/Content/StarterContent/Textures/T_Tech_Dot_M.uasset" to "E:/Project/Hero 4.10/Content/StarterContent/Textures/T_Tech_Dot_M.uasset"
[2016.04.05-13.36.38:424][  0]LogPackFactory: Copied "../../../Samples/StarterContent/Content/StarterContent/Textures/T_Tech_Dot_N.uasset" to "E:/Project/Hero 4.10/Content/StarterContent/Textures/T_Tech_Dot_N.uasset"
[2016.04.05-13.36.38:427][  0]LogPackFactory: Copied "../../../Samples/StarterContent/Content/StarterContent/Textures/T_Tech_Hex_Tile_M.uasset" to "E:/Project/Hero 4.10/Content/StarterContent/Textures/T_Tech_Hex_Tile_M.uasset"
[2016.04.05-13.36.38:429][  0]LogPackFactory: Copied "../../../Samples/StarterContent/Content/StarterContent/Textures/T_Tech_Hex_Tile_N.uasset" to "E:/Project/Hero 4.10/Content/StarterContent/Textures/T_Tech_Hex_Tile_N.uasset"
[2016.04.05-13.36.38:432][  0]LogPackFactory: Copied "../../../Samples/StarterContent/Content/StarterContent/Textures/T_Tech_Panel_M.uasset" to "E:/Project/Hero 4.10/Content/StarterContent/Textures/T_Tech_Panel_M.uasset"
[2016.04.05-13.36.38:441][  0]LogPackFactory: Copied "../../../Samples/StarterContent/Content/StarterContent/Textures/T_Tech_Panel_N.uasset" to "E:/Project/Hero 4.10/Content/StarterContent/Textures/T_Tech_Panel_N.uasset"
[2016.04.05-13.36.38:446][  0]LogPackFactory: Copied "../../../Samples/StarterContent/Content/StarterContent/Textures/T_Water_M.uasset" to "E:/Project/Hero 4.10/Content/StarterContent/Textures/T_Water_M.uasset"
[2016.04.05-13.36.38:453][  0]LogPackFactory: Copied "../../../Samples/StarterContent/Content/StarterContent/Textures/T_Water_N.uasset" to "E:/Project/Hero 4.10/Content/StarterContent/Textures/T_Water_N.uasset"
[2016.04.05-13.36.38:485][  0]LogPackFactory: Copied "../../../Samples/StarterContent/Content/StarterContent/Textures/T_Wood_Floor_Walnut_D.uasset" to "E:/Project/Hero 4.10/Content/StarterContent/Textures/T_Wood_Floor_Walnut_D.uasset"
[2016.04.05-13.36.38:515][  0]LogPackFactory: Copied "../../../Samples/StarterContent/Content/StarterContent/Textures/T_Wood_Floor_Walnut_M.uasset" to "E:/Project/Hero 4.10/Content/StarterContent/Textures/T_Wood_Floor_Walnut_M.uasset"
[2016.04.05-13.36.38:523][  0]LogPackFactory: Copied "../../../Samples/StarterContent/Content/StarterContent/Textures/T_Wood_Floor_Walnut_N.uasset" to "E:/Project/Hero 4.10/Content/StarterContent/Textures/T_Wood_Floor_Walnut_N.uasset"
[2016.04.05-13.36.38:542][  0]LogPackFactory: Copied "../../../Samples/StarterContent/Content/StarterContent/Textures/T_Wood_Oak_D.uasset" to "E:/Project/Hero 4.10/Content/StarterContent/Textures/T_Wood_Oak_D.uasset"
[2016.04.05-13.36.38:560][  0]LogPackFactory: Copied "../../../Samples/StarterContent/Content/StarterContent/Textures/T_Wood_Oak_N.uasset" to "E:/Project/Hero 4.10/Content/StarterContent/Textures/T_Wood_Oak_N.uasset"
[2016.04.05-13.36.38:588][  0]LogPackFactory: Copied "../../../Samples/StarterContent/Content/StarterContent/Textures/T_Wood_Pine_D.uasset" to "E:/Project/Hero 4.10/Content/StarterContent/Textures/T_Wood_Pine_D.uasset"
[2016.04.05-13.36.38:599][  0]LogPackFactory: Copied "../../../Samples/StarterContent/Content/StarterContent/Textures/T_Wood_Pine_N.uasset" to "E:/Project/Hero 4.10/Content/StarterContent/Textures/T_Wood_Pine_N.uasset"
[2016.04.05-13.36.38:632][  0]LogPackFactory: Copied "../../../Samples/StarterContent/Content/StarterContent/Textures/T_Wood_Walnut_D.uasset" to "E:/Project/Hero 4.10/Content/StarterContent/Textures/T_Wood_Walnut_D.uasset"
[2016.04.05-13.36.38:643][  0]LogPackFactory: Copied "../../../Samples/StarterContent/Content/StarterContent/Textures/T_Wood_Walnut_N.uasset" to "E:/Project/Hero 4.10/Content/StarterContent/Textures/T_Wood_Walnut_N.uasset"
[2016.04.05-13.36.38:707][  0]LogRenderer: Reallocating scene render targets to support 256x256 (Frame:2).
[2016.04.05-13.36.38:742][  0]Cmd: OBJ SAVEPACKAGE PACKAGE="/Game/StarterContent/Architecture/Floor_400x400" FILE="E:/Project/Hero 4.10/Content/StarterContent/Architecture/Floor_400x400.uasset" SILENT=true
[2016.04.05-13.36.38:759][  0]LogSavePackage: Save=7.308914ms
[2016.04.05-13.36.38:759][  0]LogSavePackage: Moving 'E:/Project/Hero 4.10/Saved/Floor_400x4002EDCB45441AB89736E34BAB9C8BF6DFB.tmp' to 'E:/Project/Hero 4.10/Content/StarterContent/Architecture/Floor_400x400.uasset'
[2016.04.05-13.36.38:760][  0]LogSavePackage: Total save time: 17.293807ms
[2016.04.05-13.36.38:760][  0]LogSavePackage:Display: Finished SavePackage E:/Project/Hero 4.10/Content/StarterContent/Architecture/Floor_400x400.uasset
[2016.04.05-13.36.38:760][  0]LogFeaturePack:Warning: Inserted 1 feature packs
[2016.04.05-13.36.38:760][  0]Cmd: MAP LOAD FILE="E:/Project/Hero 4.10/Content/StarterContent/Maps/Minimal_Default.umap" TEMPLATE=0 SHOWPROGRESS=1 FEATURELEVEL=3
[2016.04.05-13.36.38:761][  0]LightingResults: New page: 라이팅 빌드
[2016.04.05-13.36.38:764][  0]MapCheck: New page: 맵 체크
[2016.04.05-13.36.38:764][  0]LightingResults: New page: 라이팅 빌드
[2016.04.05-13.36.38:772][  0]LogParticles: Destroying 0 GPU particle simulations for FXSystem 0x0000027E7CEEAAC0
[2016.04.05-13.36.39:333][  0]LogAIModule: Creating AISystem for world Minimal_Default
[2016.04.05-13.36.39:338][  0]LogEditorServer: Finished looking for orphan Actors (0.000 secs)
[2016.04.05-13.36.39:339][  0]Cmd: MAP CHECKDEP NOCLEARLOG
[2016.04.05-13.36.39:400][  0]MapCheck: 정보 맵 체크 완료: 오류 0 회, 경고 0 회, 소요 시간 61.009ms.
[2016.04.05-13.36.39:400][  0]LogFileHelpers: Loading map 'Minimal_Default' took 0.640
[2016.04.05-13.36.39:496][  0]LogCollectionManager: Loaded 0 collections in 0.002414 seconds
[2016.04.05-13.36.39:535][  0]LogFileCache: Scanning file cache for directory 'E:/Project/Hero 4.10/Saved/Collections/' took 0.01s
[2016.04.05-13.36.39:535][  0]LogFileCache: Scanning file cache for directory 'E:/Project/Hero 4.10/Content/Developers/SGH/Collections/' took 0.01s
[2016.04.05-13.36.39:535][  0]LogFileCache: Scanning file cache for directory 'E:/Project/Hero 4.10/Content/Collections/' took 0.01s
[2016.04.05-13.36.39:535][  0]LogCollectionManager: Rebuilt the GUID cache for 0 collections in 0.000001 seconds
[2016.04.05-13.36.39:541][  0]LogContentBrowser: Native class hierarchy populated in 0.0055 seconds. Added 1893 classes and 338 folders.
[2016.04.05-13.36.39:547][  0]LogContentBrowser: Native class hierarchy updated for 'WidgetCarousel' in 0.0002 seconds. Added 0 classes and 0 folders.
[2016.04.05-13.36.39:595][  0]LogContentBrowser: Native class hierarchy updated for 'AddContentDialog' in 0.0003 seconds. Added 0 classes and 0 folders.
[2016.04.05-13.36.39:599][  0]LogContentBrowser: Native class hierarchy updated for 'SceneOutliner' in 0.0002 seconds. Added 1 classes and 2 folders.
[2016.04.05-13.36.39:615][  0]LogCrashTracker: Crashtracker disabled due to settings.
[2016.04.05-13.36.39:628][  0]LogWindowsTextInputMethodSystem:Display: IME system now activated using TSF (Microsoft 입력기).
[2016.04.05-13.36.39:667][  0]LogLoad: Full Startup: 7.29 seconds (BP compile: 0.03 seconds)
[2016.04.05-13.36.39:680][  0]LogOcInput: Can't find Oculus library dev build: is proper Runtime installed? Version: 0.8.0.0
[2016.04.05-13.36.39:727][  0]LogContentStreaming: Texture pool size now 1000 MB
[2016.04.05-13.36.39:816][  0]LogRenderer: Reallocating scene render targets to support 1208x600 (Frame:3).
[2016.04.05-13.36.39:887][  1]LogFileCache: Retrieving MD5 hashes for directory 'E:/Project/Hero 4.10/Content/' took 0.21s
[2016.04.05-13.36.53:397][570]LogCollectionManager: Rebuilt the object cache for 0 collections in 0.000000 seconds (found 0 objects)
[2016.04.05-13.36.55:333][797]LogAssetRegistry: Asset discovery search completed in 20.1719 seconds
[2016.04.05-13.36.55:333][797]LogCollectionManager: Fixed up redirectors for 0 collections in 0.000003 seconds (updated 0 objects)
[2016.04.05-13.37.05:865][ 97]LogLinker:Warning: Asset '../../../Engine/Content/ArtTools/RenderToTexture/Macros/RenderToTextureMacros.uasset' has been saved with empty engine version. The asset will be loaded but may be incompatible.
[2016.04.05-13.37.06:247][ 97]LogContentBrowser: Native class hierarchy updated for 'BlueprintGraph' in 0.0005 seconds. Added 107 classes and 0 folders.
[2016.04.05-13.37.09:393][401]LogParticles: Destroying 0 GPU particle simulations for FXSystem 0x0000027E343C2020
[2016.04.05-13.37.09:393][401]LogParticles: Destroying 0 GPU particle simulations for FXSystem 0x0000027E343C11C0
[2016.04.05-13.37.09:428][401]LogWindowsTextInputMethodSystem:Display: IME system now activated using TSF (Microsoft 입력기).
[2016.04.05-13.37.09:600][402]Cmd: QUIT_EDITOR
[2016.04.05-13.37.09:709][402]LogExit: Preparing to exit.
[2016.04.05-13.37.10:202][402]LogExit: Editor shut down
[2016.04.05-13.37.10:202][402]LogExit: Transaction tracking system shut down
[2016.04.05-13.37.10:202][402]LogParticles: Destroying 0 GPU particle simulations for FXSystem 0x0000027E723C9EE0
[2016.04.05-13.37.10:203][402]LogParticles: Destroying 0 GPU particle simulations for FXSystem 0x0000027E0DE17060
[2016.04.05-13.37.10:204][402]LogParticles: Destroying 0 GPU particle simulations for FXSystem 0x0000027E141598A0
[2016.04.05-13.37.10:204][402]LogParticles: Destroying 0 GPU particle simulations for FXSystem 0x0000027E719F99E0
[2016.04.05-13.37.10:325][402]LogExit: Object subsystem successfully closed.
[2016.04.05-13.37.10:340][402]LogD3D11RHI: Shutdown
[2016.04.05-13.37.10:340][402]LogD3D11RHI: CleanupD3DDevice
[2016.04.05-13.37.10:378][402]LogD3D11RHI: ~FD3D11DynamicRHI
[2016.04.05-13.37.10:397][402]LogModuleManager: Shutting down and abandoning module SequencerWidgets (201)
[2016.04.05-13.37.10:397][402]LogModuleManager: Shutting down and abandoning module BlueprintGraph (200)
[2016.04.05-13.37.10:397][402]LogModuleManager: Shutting down and abandoning module CrashTracker (199)
[2016.04.05-13.37.10:397][402]LogModuleManager: Shutting down and abandoning module SceneOutliner (198)
[2016.04.05-13.37.10:397][402]LogModuleManager: Shutting down and abandoning module SuperSearch (197)
[2016.04.05-13.37.10:397][402]LogModuleManager: Shutting down and abandoning module WidgetCarousel (196)
[2016.04.05-13.37.10:397][402]LogModuleManager: Shutting down and abandoning module AddContentDialog (195)
[2016.04.05-13.37.10:398][402]LogModuleManager: Shutting down and abandoning module EditorWidgets (194)
[2016.04.05-13.37.10:398][402]LogModuleManager: Shutting down and abandoning module CollectionManager (193)
[2016.04.05-13.37.10:398][402]LogModuleManager: Shutting down and abandoning module StatsViewer (192)
[2016.04.05-13.37.10:398][402]LogModuleManager: Shutting down and abandoning module CookingStats (191)
[2016.04.05-13.37.10:398][402]LogModuleManager: Shutting down and abandoning module FoliageEdit (190)
[2016.04.05-13.37.10:398][402]LogModuleManager: Shutting down and abandoning module LandscapeEditor (189)
[2016.04.05-13.37.10:398][402]LogModuleManager: Shutting down and abandoning module ActorPickerMode (188)
[2016.04.05-13.37.10:398][402]LogModuleManager: Shutting down and abandoning module GeometryMode (187)
[2016.04.05-13.37.10:398][402]LogModuleManager: Shutting down and abandoning module TextureAlignMode (186)
[2016.04.05-13.37.10:398][402]LogModuleManager: Shutting down and abandoning module BspMode (185)
[2016.04.05-13.37.10:398][402]LogModuleManager: Shutting down and abandoning module PlacementMode (184)
[2016.04.05-13.37.10:398][402]LogModuleManager: Shutting down and abandoning module AutomationWorker (183)
[2016.04.05-13.37.10:398][402]LogModuleManager: Shutting down and abandoning module CharacterAI (182)
[2016.04.05-13.37.10:398][402]LogModuleManager: Shutting down and abandoning module SmartSnapping (181)
[2016.04.05-13.37.10:398][402]LogModuleManager: Shutting down and abandoning module ViewportSnapping (180)
[2016.04.05-13.37.10:398][402]LogModuleManager: Shutting down and abandoning module LogVisualizer (179)
[2016.04.05-13.37.10:398][402]LogModuleManager: Shutting down and abandoning module GameProjectGeneration (178)
[2016.04.05-13.37.10:398][402]LogModuleManager: Shutting down and abandoning module IntroTutorials (177)
[2016.04.05-13.37.10:398][402]LogModuleManager: Shutting down and abandoning module EditorLiveStreaming (176)
[2016.04.05-13.37.10:398][402]LogModuleManager: Shutting down and abandoning module IOSPlatformEditor (175)
[2016.04.05-13.37.10:398][402]LogModuleManager: Shutting down and abandoning module HTML5PlatformEditor (174)
[2016.04.05-13.37.10:398][402]LogModuleManager: Shutting down and abandoning module AndroidDeviceDetection (173)
[2016.04.05-13.37.10:961][402]LogModuleManager: Shutting down and abandoning module AndroidPlatformEditor (172)
[2016.04.05-13.37.10:961][402]LogModuleManager: Shutting down and abandoning module IOSRuntimeSettings (171)
[2016.04.05-13.37.10:961][402]LogModuleManager: Shutting down and abandoning module AndroidRuntimeSettings (170)
[2016.04.05-13.37.10:961][402]LogModuleManager: Shutting down and abandoning module MergeActors (169)
[2016.04.05-13.37.10:961][402]LogModuleManager: Shutting down and abandoning module SizeMap (168)
[2016.04.05-13.37.10:961][402]LogModuleManager: Shutting down and abandoning module TreeMap (167)
[2016.04.05-13.37.10:961][402]LogModuleManager: Shutting down and abandoning module ReferenceViewer (166)
[2016.04.05-13.37.10:961][402]LogModuleManager: Shutting down and abandoning module LocalizationService (165)
[2016.04.05-13.37.10:961][402]LogModuleManager: Shutting down and abandoning module LocalizationDashboard (164)
[2016.04.05-13.37.10:961][402]LogModuleManager: Shutting down and abandoning module HardwareTargeting (163)
[2016.04.05-13.37.10:961][402]LogModuleManager: Shutting down and abandoning module DeviceProfileEditor (162)
[2016.04.05-13.37.10:961][402]LogModuleManager: Shutting down and abandoning module UndoHistory (161)
[2016.04.05-13.37.10:961][402]LogModuleManager: Shutting down and abandoning module GameplayTagsEditor (160)
[2016.04.05-13.37.10:961][402]LogModuleManager: Shutting down and abandoning module UserFeedback (159)
[2016.04.05-13.37.10:961][402]LogModuleManager: Shutting down and abandoning module XmlParser (158)
[2016.04.05-13.37.10:961][402]LogModuleManager: Shutting down and abandoning module Blutility (157)
[2016.04.05-13.37.10:961][402]LogModuleManager: Shutting down and abandoning module ProjectTargetPlatformEditor (156)
[2016.04.05-13.37.10:961][402]LogModuleManager: Shutting down and abandoning module ProjectSettingsViewer (155)
[2016.04.05-13.37.10:961][402]LogModuleManager: Shutting down and abandoning module InputBindingEditor (154)
[2016.04.05-13.37.10:961][402]LogModuleManager: Shutting down and abandoning module EditorSettingsViewer (153)
[2016.04.05-13.37.10:961][402]LogModuleManager: Shutting down and abandoning module SettingsEditor (152)
[2016.04.05-13.37.10:961][402]LogModuleManager: Shutting down and abandoning module ProjectLauncher (151)
[2016.04.05-13.37.10:961][402]LogModuleManager: Shutting down and abandoning module SessionFrontend (150)
[2016.04.05-13.37.10:961][402]LogModuleManager: Shutting down and abandoning module ProfilerClient (149)
[2016.04.05-13.37.10:961][402]LogModuleManager: Shutting down and abandoning module TargetDeviceServices (148)
[2016.04.05-13.37.10:961][402]LogModuleManager: Shutting down and abandoning module DeviceManager (147)
[2016.04.05-13.37.10:961][402]LogModuleManager: Shutting down and abandoning module AutomationController (146)
[2016.04.05-13.37.10:961][402]LogModuleManager: Shutting down and abandoning module AutomationWindow (145)
[2016.04.05-13.37.10:961][402]LogModuleManager: Shutting down and abandoning module Layers (144)
[2016.04.05-13.37.10:961][402]LogModuleManager: Shutting down and abandoning module ComponentVisualizers (143)
[2016.04.05-13.37.10:961][402]LogModuleManager: Shutting down and abandoning module DetailCustomizations (142)
[2016.04.05-13.37.10:961][402]LogModuleManager: Shutting down and abandoning module PackagesDialog (141)
[2016.04.05-13.37.10:962][402]LogModuleManager: Shutting down and abandoning module Persona (140)
[2016.04.05-13.37.10:962][402]LogModuleManager: Shutting down and abandoning module Kismet (139)
[2016.04.05-13.37.10:962][402]LogModuleManager: Shutting down and abandoning module GraphEditor (138)
[2016.04.05-13.37.10:962][402]LogModuleManager: Shutting down and abandoning module ClassViewer (137)
[2016.04.05-13.37.10:962][402]LogModuleManager: Shutting down and abandoning module Toolbox (136)
[2016.04.05-13.37.10:962][402]LogModuleManager: Shutting down and abandoning module ModuleUI (135)
[2016.04.05-13.37.10:962][402]LogModuleManager: Shutting down and abandoning module MovieSceneTools (134)
[2016.04.05-13.37.10:962][402]LogModuleManager: Shutting down and abandoning module OutputLog (133)
[2016.04.05-13.37.10:962][402]LogModuleManager: Shutting down and abandoning module GammaUI (132)
[2016.04.05-13.37.10:962][402]LogModuleManager: Shutting down and abandoning module Documentation (131)
[2016.04.05-13.37.10:962][402]LogModuleManager: Shutting down and abandoning module GameLiveStreaming (130)
[2016.04.05-13.37.10:962][402]LogModuleManager: Shutting down and abandoning module StreamingPauseRendering (129)
[2016.04.05-13.37.10:962][402]LogModuleManager: Shutting down and abandoning module AnalyticsET (128)
[2016.04.05-13.37.10:962][402]LogModuleManager: Shutting down and abandoning module Analytics (127)
[2016.04.05-13.37.10:962][402]LogModuleManager: Shutting down and abandoning module AITestSuite (126)
[2016.04.05-13.37.10:962][402]LogModuleManager: Shutting down and abandoning module GameplayDebugger (125)
[2016.04.05-13.37.10:962][402]LogModuleManager: Shutting down and abandoning module AIModule (124)
[2016.04.05-13.37.10:962][402]LogModuleManager: Shutting down and abandoning module ProfilerService (123)
[2016.04.05-13.37.11:132][402]LogModuleManager: Shutting down and abandoning module TaskGraph (122)
[2016.04.05-13.37.11:132][402]LogModuleManager: Shutting down and abandoning module SlateRemote (121)
[2016.04.05-13.37.11:132][402]LogModuleManager: Shutting down and abandoning module SteamVRController (120)
[2016.04.05-13.37.11:132][402]LogModuleManager: Shutting down and abandoning module SteamVR (119)
[2016.04.05-13.37.11:132][402]LogModuleManager: Shutting down and abandoning module ProceduralMeshComponent (118)
[2016.04.05-13.37.11:132][402]LogModuleManager: Shutting down and abandoning module OculusLibrary (117)
[2016.04.05-13.37.11:132][402]LogModuleManager: Shutting down and abandoning module OculusInput (116)
[2016.04.05-13.37.11:132][402]LogModuleManager: Shutting down and abandoning module LeapMotionController (115)
[2016.04.05-13.37.11:144][402]LogModuleManager: Shutting down and abandoning module CustomMeshComponent (114)
[2016.04.05-13.37.11:144][402]LogModuleManager: Shutting down and abandoning module CableComponent (113)
[2016.04.05-13.37.11:144][402]LogModuleManager: Shutting down and abandoning module ArchVisCharacter (112)
[2016.04.05-13.37.11:144][402]LogModuleManager: Shutting down and abandoning module MessagingDebugger (111)
[2016.04.05-13.37.11:144][402]LogModuleManager: Shutting down and abandoning module MediaPlayerEditor (110)
[2016.04.05-13.37.11:144][402]LogModuleManager: Shutting down and abandoning module HTML5Networking (109)
[2016.04.05-13.37.11:144][402]LogModuleManager: Shutting down and abandoning module SpeedTreeImporter (108)
[2016.04.05-13.37.11:144][402]LogModuleManager: Shutting down and abandoning module PluginBrowser (107)
[2016.04.05-13.37.11:144][402]LogModuleManager: Shutting down and abandoning module EpicSurvey (106)
[2016.04.05-13.37.11:144][402]LogModuleManager: Shutting down and abandoning module DesktopPlatform (105)
[2016.04.05-13.37.11:144][402]LogModuleManager: Shutting down and abandoning module VisualStudioSourceCodeAccess (104)
[2016.04.05-13.37.11:144][402]LogModuleManager: Shutting down and abandoning module UObjectPlugin (103)
[2016.04.05-13.37.11:144][402]LogModuleManager: Shutting down and abandoning module SubversionSourceControl (102)
[2016.04.05-13.37.11:144][402]LogModuleManager: Shutting down and abandoning module PerforceSourceControl (101)
[2016.04.05-13.37.11:144][402]LogModuleManager: Shutting down and abandoning module SourceControl (100)
[2016.04.05-13.37.11:144][402]LogModuleManager: Shutting down and abandoning module GitSourceControl (99)
[2016.04.05-13.37.11:144][402]LogModuleManager: Shutting down and abandoning module LightPropagationVolumeEditor (98)
[2016.04.05-13.37.11:144][402]LogModuleManager: Shutting down and abandoning module PaperTiledImporter (97)
[2016.04.05-13.37.11:144][402]LogModuleManager: Shutting down and abandoning module PaperSpriteSheetImporter (96)
[2016.04.05-13.37.11:144][402]LogModuleManager: Shutting down and abandoning module MeshPaint (95)
[2016.04.05-13.37.11:144][402]LogModuleManager: Shutting down and abandoning module SlateReflector (94)
[2016.04.05-13.37.11:144][402]LogModuleManager: Shutting down and abandoning module HotReload (93)
[2016.04.05-13.37.11:144][402]LogModuleManager: Shutting down and abandoning module MainFrame (92)
[2016.04.05-13.37.11:145][402]LogModuleManager: Shutting down and abandoning module LevelEditor (91)
[2016.04.05-13.37.11:145][402]LogModuleManager: Shutting down and abandoning module DirectoryWatcher (90)
[2016.04.05-13.37.11:145][402]LogModuleManager: Shutting down and abandoning module AssetRegistry (89)
[2016.04.05-13.37.11:260][402]LogModuleManager: Shutting down and abandoning module ContentBrowser (88)
[2016.04.05-13.37.11:260][402]LogModuleManager: Shutting down and abandoning module Paper2DEditor (87)
[2016.04.05-13.37.11:260][402]LogModuleManager: Shutting down and abandoning module UdpMessaging (86)
[2016.04.05-13.37.11:361][402]LogModuleManager: Shutting down and abandoning module LightPropagationVolumeRuntime (85)
[2016.04.05-13.37.11:361][402]LogModuleManager: Shutting down and abandoning module Paper2D (84)
[2016.04.05-13.37.11:361][402]LogModuleManager: Shutting down and abandoning module WindowsMoviePlayer (83)
[2016.04.05-13.37.11:363][402]LogModuleManager: Shutting down and abandoning module Media (82)
[2016.04.05-13.37.11:363][402]LogModuleManager: Shutting down and abandoning module WmfMedia (81)
[2016.04.05-13.37.11:363][402]LogModuleManager: Shutting down and abandoning module OnlineBlueprintSupport (80)
[2016.04.05-13.37.11:363][402]LogModuleManager: Shutting down and abandoning module GameplayTasksEditor (79)
[2016.04.05-13.37.11:363][402]LogModuleManager: Shutting down and abandoning module PropertyEditor (78)
[2016.04.05-13.37.11:363][402]LogModuleManager: Shutting down and abandoning module BehaviorTreeEditor (77)
[2016.04.05-13.37.11:364][402]LogModuleManager: Shutting down and abandoning module FunctionalTesting (76)
[2016.04.05-13.37.11:364][402]LogModuleManager: Shutting down and abandoning module CollisionAnalyzer (75)
[2016.04.05-13.37.11:364][402]LogModuleManager: Shutting down and abandoning module WorkspaceMenuStructure (74)
[2016.04.05-13.37.11:364][402]LogModuleManager: Shutting down and abandoning module MessageLog (73)
[2016.04.05-13.37.11:364][402]LogModuleManager: Shutting down and abandoning module Sequencer (72)
[2016.04.05-13.37.11:364][402]LogModuleManager: Shutting down and abandoning module AssetTools (71)
[2016.04.05-13.37.11:364][402]LogModuleManager: Shutting down and abandoning module UMGEditor (70)
[2016.04.05-13.37.11:364][402]LogModuleManager: Shutting down and abandoning module UMG (69)
[2016.04.05-13.37.11:364][402]LogModuleManager: Shutting down and abandoning module Slate (68)
[2016.04.05-13.37.11:364][402]LogModuleManager: Shutting down and abandoning module EditorStyle (67)
[2016.04.05-13.37.11:366][402]LogModuleManager: Shutting down and abandoning module SessionServices (66)
[2016.04.05-13.37.11:366][402]LogModuleManager: Shutting down and abandoning module SourceCodeAccess (65)
[2016.04.05-13.37.11:366][402]LogModuleManager: Shutting down and abandoning module HeadMountedDisplay (64)
[2016.04.05-13.37.11:366][402]LogModuleManager: Shutting down and abandoning module XAudio2 (63)
[2016.04.05-13.37.11:366][402]LogModuleManager: Shutting down and abandoning module Networking (61)
[2016.04.05-13.37.11:366][402]LogModuleManager: Shutting down and abandoning module Core (60)
[2016.04.05-13.37.11:366][402]LogModuleManager: Shutting down and abandoning module KismetCompiler (59)
[2016.04.05-13.37.11:366][402]LogModuleManager: Shutting down and abandoning module PhysXFormats (58)
[2016.04.05-13.37.11:366][402]LogModuleManager: Shutting down and abandoning module MeshUtilities (57)
[2016.04.05-13.37.11:366][402]LogModuleManager: Shutting down and abandoning module DerivedDataCache (56)
[2016.04.05-13.37.11:394][402]LogDerivedDataCache: Shutdown
[2016.04.05-13.37.11:394][402]LogModuleManager: Shutting down and abandoning module ShaderFormatOpenGL (55)
[2016.04.05-13.37.11:394][402]LogModuleManager: Shutting down and abandoning module ShaderFormatD3D (54)
[2016.04.05-13.37.11:394][402]LogModuleManager: Shutting down and abandoning module MetalShaderFormat (53)
[2016.04.05-13.37.11:394][402]LogModuleManager: Shutting down and abandoning module TextureFormatUncompressed (52)
[2016.04.05-13.37.11:395][402]LogModuleManager: Shutting down and abandoning module TextureFormatPVR (51)
[2016.04.05-13.37.11:395][402]LogModuleManager: Shutting down and abandoning module TextureFormatIntelISPCTexComp (50)
[2016.04.05-13.37.11:395][402]LogModuleManager: Shutting down and abandoning module TextureFormatDXT (49)
[2016.04.05-13.37.11:395][402]LogModuleManager: Shutting down and abandoning module ImageWrapper (48)
[2016.04.05-13.37.11:395][402]LogModuleManager: Shutting down and abandoning module TextureFormatASTC (47)
[2016.04.05-13.37.11:395][402]LogModuleManager: Shutting down and abandoning module TextureFormatAndroid (46)
[2016.04.05-13.37.11:395][402]LogModuleManager: Shutting down and abandoning module AudioFormatOpus (45)
[2016.04.05-13.37.11:395][402]LogModuleManager: Shutting down and abandoning module AudioFormatOgg (44)
[2016.04.05-13.37.11:395][402]LogModuleManager: Shutting down and abandoning module AudioFormatADPCM (43)
[2016.04.05-13.37.11:395][402]LogModuleManager: Shutting down and abandoning module LinuxTargetPlatform (42)
[2016.04.05-13.37.11:395][402]LogModuleManager: Shutting down and abandoning module LinuxServerTargetPlatform (41)
[2016.04.05-13.37.11:395][402]LogModuleManager: Shutting down and abandoning module LinuxNoEditorTargetPlatform (40)
[2016.04.05-13.37.11:395][402]LogModuleManager: Shutting down and abandoning module Messaging (39)
[2016.04.05-13.37.11:395][402]LogModuleManager: Shutting down and abandoning module IOSTargetPlatform (38)
[2016.04.05-13.37.11:395][402]LogModuleManager: Shutting down and abandoning module HTML5TargetPlatform (37)
[2016.04.05-13.37.11:395][402]LogModuleManager: Shutting down and abandoning module Android_PVRTCTargetPlatform (36)
[2016.04.05-13.37.11:395][402]LogModuleManager: Shutting down and abandoning module Android_MultiTargetPlatform (35)
[2016.04.05-13.37.11:395][402]LogModuleManager: Shutting down and abandoning module Android_ETC2TargetPlatform (34)
[2016.04.05-13.37.11:395][402]LogModuleManager: Shutting down and abandoning module Android_ETC1TargetPlatform (33)
[2016.04.05-13.37.11:395][402]LogModuleManager: Shutting down and abandoning module Android_DXTTargetPlatform (32)
[2016.04.05-13.37.11:395][402]LogModuleManager: Shutting down and abandoning module Android_ATCTargetPlatform (31)
[2016.04.05-13.37.11:395][402]LogModuleManager: Shutting down and abandoning module Android_ASTCTargetPlatform (30)
[2016.04.05-13.37.11:395][402]LogModuleManager: Shutting down and abandoning module AndroidTargetPlatform (29)
[2016.04.05-13.37.11:395][402]LogModuleManager: Shutting down and abandoning module WindowsTargetPlatform (28)
[2016.04.05-13.37.11:395][402]LogModuleManager: Shutting down and abandoning module WindowsServerTargetPlatform (27)
[2016.04.05-13.37.11:395][402]LogModuleManager: Shutting down and abandoning module WindowsNoEditorTargetPlatform (26)
[2016.04.05-13.37.11:395][402]LogModuleManager: Shutting down and abandoning module WindowsClientTargetPlatform (25)
[2016.04.05-13.37.11:395][402]LogModuleManager: Shutting down and abandoning module AllDesktopTargetPlatform (24)
[2016.04.05-13.37.11:395][402]LogModuleManager: Shutting down and abandoning module TargetPlatform (23)
[2016.04.05-13.37.11:395][402]LogModuleManager: Shutting down and abandoning module InputCore (22)
[2016.04.05-13.37.11:395][402]LogModuleManager: Shutting down and abandoning module Settings (21)
[2016.04.05-13.37.11:395][402]LogModuleManager: Shutting down and abandoning module OnlineSubsystem (19)
[2016.04.05-13.37.11:395][402]LogModuleManager: Shutting down and abandoning module HTTP (18)
[2016.04.05-13.37.13:397][402]LogModuleManager: Shutting down and abandoning module XMPP (17)
[2016.04.05-13.37.13:397][402]LogModuleManager: Shutting down and abandoning module OculusRift (16)
[2016.04.05-13.37.13:397][402]LogModuleManager: Shutting down and abandoning module ExampleDeviceProfileSelector (15)
[2016.04.05-13.37.13:397][402]LogModuleManager: Shutting down and abandoning module TextureCompressor (14)
[2016.04.05-13.37.13:397][402]LogModuleManager: Shutting down and abandoning module ShaderCore (13)
[2016.04.05-13.37.13:397][402]LogModuleManager: Shutting down and abandoning module Landscape (12)
[2016.04.05-13.37.13:397][402]LogModuleManager: Shutting down and abandoning module SlateRHIRenderer (11)
[2016.04.05-13.37.13:398][402]LogModuleManager: Shutting down and abandoning module OpenGLDrv (10)
[2016.04.05-13.37.13:398][402]LogModuleManager: Shutting down and abandoning module D3D11RHI (9)
[2016.04.05-13.37.13:398][402]LogModuleManager: Shutting down and abandoning module AnimGraphRuntime (8)
[2016.04.05-13.37.13:398][402]LogModuleManager: Shutting down and abandoning module Renderer (7)
[2016.04.05-13.37.13:398][402]LogModuleManager: Shutting down and abandoning module Engine (6)
[2016.04.05-13.37.13:398][402]LogModuleManager: Shutting down and abandoning module CoreUObject (5)
[2016.04.05-13.37.13:398][402]LogModuleManager: Shutting down and abandoning module NetworkFile (4)
[2016.04.05-13.37.13:398][402]LogModuleManager: Shutting down and abandoning module StreamingFile (3)
[2016.04.05-13.37.13:398][402]LogModuleManager: Shutting down and abandoning module SandboxFile (2)
[2016.04.05-13.37.13:398][402]LogModuleManager: Shutting down and abandoning module PakFile (1)
[2016.04.05-13.37.13:399][402]LogExit: Exiting.
[2016.04.05-13.37.13:405][402]Log file closed, 04/05/16 22:37:13
