[2016.05.02-13.19.35:128][  0]Log file open, 05/02/16 22:19:35
[2016.05.02-13.19.35:128][  0]LogInit:Display: Running engine for game: Hero
[2016.05.02-13.19.35:128][  0]LogPlatformFile: Not using cached read wrapper
[2016.05.02-13.19.35:128][  0]LogInit:Display: RandInit(1290036298) SRandInit(1290036299).
[2016.05.02-13.19.35:128][  0]LogTaskGraph: Started task graph with 4 named threads and 7 total threads.
[2016.05.02-13.19.35:128][  0]LogStats: Stats thread started at 0.074028
[2016.05.02-13.19.35:128][  0]LogInit: Version: 4.10.4-2872498+++depot+UE4-Releases+4.10
[2016.05.02-13.19.35:128][  0]LogInit: API Version: 2758231
[2016.05.02-13.19.35:128][  0]LogInit: Compiled (64-bit): Feb 18 2016 15:47:04
[2016.05.02-13.19.35:128][  0]LogInit: Compiled with Visual C++: 19.00.23026.00
[2016.05.02-13.19.35:128][  0]LogInit: Build Configuration: Development
[2016.05.02-13.19.35:128][  0]LogInit: Branch Name: ++depot+UE4-Releases+4.10
[2016.05.02-13.19.35:128][  0]LogInit: Command line:  
[2016.05.02-13.19.35:128][  0]LogInit: Base directory: D:/Development Kit/Epic Games/4.10/Engine/Binaries/Win64/
[2016.05.02-13.19.35:128][  0]LogInit: Rocket: 1
[2016.05.02-13.19.35:134][  0]LogInit: Using libcurl 7.41.0
[2016.05.02-13.19.35:134][  0]LogInit:  - built for x86_64-pc-win32
[2016.05.02-13.19.35:134][  0]LogInit:  - supports SSL with WinSSL
[2016.05.02-13.19.35:134][  0]LogInit:  - other features:
[2016.05.02-13.19.35:134][  0]LogInit:      CURL_VERSION_SSL
[2016.05.02-13.19.35:134][  0]LogInit:      CURL_VERSION_IPV6
[2016.05.02-13.19.35:134][  0]LogInit:      CURL_VERSION_ASYNCHDNS
[2016.05.02-13.19.35:134][  0]LogInit:      CURL_VERSION_LARGEFILE
[2016.05.02-13.19.35:134][  0]LogInit:      CURL_VERSION_IDN
[2016.05.02-13.19.35:134][  0]LogInit:  CurlRequestOptions (configurable via config and command line):
[2016.05.02-13.19.35:134][  0]LogInit:  - bVerifyPeer = true  - Libcurl will verify peer certificate
[2016.05.02-13.19.35:134][  0]LogInit:  - bUseHttpProxy = false  - Libcurl will NOT use HTTP proxy
[2016.05.02-13.19.35:134][  0]LogInit:  - bDontReuseConnections = false  - Libcurl will reuse connections
[2016.05.02-13.19.35:134][  0]LogInit:  - CertBundlePath = nullptr  - Libcurl will use whatever was configured at build time.
[2016.05.02-13.19.35:140][  0]LogInit: Presizing for 0 objects not considered by GC, pre-allocating 0 bytes.
[2016.05.02-13.19.35:145][  0]LogInit: Object subsystem initialized
[2016.05.02-13.19.35:146][  0]LogInit: Selected Device Profile: [Windows]
[2016.05.02-13.19.35:146][  0]LogInit: Applying CVar settings loaded from the selected device profile: [Windows]
[2016.05.02-13.19.35:153][  0]LogInit: Computer: NARAMPC
[2016.05.02-13.19.35:153][  0]LogInit: User: Naram
[2016.05.02-13.19.35:153][  0]LogInit: CPU Page size=4096, Cores=4
[2016.05.02-13.19.35:153][  0]LogInit: High frequency timer resolution =3.312645 MHz
[2016.05.02-13.19.35:153][  0]LogMemory: Memory total: Physical=7.5GB (8GB approx)
[2016.05.02-13.19.35:153][  0]LogMemory: Platform Memory Stats for Windows
[2016.05.02-13.19.35:153][  0]LogMemory: Process Physical Memory: 57.12 MB used, 57.12 MB peak
[2016.05.02-13.19.35:153][  0]LogMemory: Process Virtual Memory: 56.81 MB used, 56.81 MB peak
[2016.05.02-13.19.35:153][  0]LogMemory: Physical Memory: 3834.77 MB used, 7634.24 MB total
[2016.05.02-13.19.35:153][  0]LogMemory: Virtual Memory: 382.15 MB used, 134217728.00 MB total
[2016.05.02-13.19.35:188][  0]LogTextLocalizationManager: No specific translations for ('ko-KR') exist, so ('ko') translations will be used.
[2016.05.02-13.19.35:217][  0]LogTextLocalizationManager:Warning: Loaded localization resources contain conflicting entries for (Namespace:UObjectToolTips, Key:AnimNode_AssetPlayerBase:InternalTimeAccumulator):
Localization Resource: (D:/Development Kit/Epic Games/4.10/Engine/Content/Localization/EditorTutorials/ko/EditorTutorials.locres) Source String Hash: (502993589) Localized String: (이 노드에서 애셋을 레퍼런싱하는 데 사용되는 누적 시간입니다.)
Localization Resource: (D:/Development Kit/Epic Games/4.10/Engine/Content/Localization/Engine/ko/Engine.locres) Source String Hash: (502993589) Localized String: (이 노드에서 애셋을 레퍼런싱하는 데 사용된 누적 시간입니다.)
[2016.05.02-13.19.35:217][  0]LogTextLocalizationManager:Warning: Loaded localization resources contain conflicting entries for (Namespace:UObjectToolTips, Key:AnimNode_AssetPlayerBase:bIgnoreForRelevancyTest):
Localization Resource: (D:/Development Kit/Epic Games/4.10/Engine/Content/Localization/EditorTutorials/ko/EditorTutorials.locres) Source String Hash: (319969718) Localized String: (True 면, 스테이트에서 최고 가중치 애니메이션을 찾는 "Relevant anim" 노드는 이 노드를 무시합니다.
 )
Localization Resource: (D:/Development Kit/Epic Games/4.10/Engine/Content/Localization/Engine/ko/Engine.locres) Source String Hash: (319969718) Localized String: (True 면 스테이트 내 최고 웨이팅된 애니메이션을 찾는 "Relevant anim" 노드가 무시됩니다.
 )
[2016.05.02-13.19.35:217][  0]LogTextLocalizationManager:Warning: Loaded localization resources contain conflicting entries for (Namespace:UObjectToolTips, Key:AnimNode_AssetPlayerBase:BlendWeight):
Localization Resource: (D:/Development Kit/Epic Games/4.10/Engine/Content/Localization/EditorTutorials/ko/EditorTutorials.locres) Source String Hash: (-1232800293) Localized String: (이 노드에 마지막 걸린 블렌드웨이트 입니다.)
Localization Resource: (D:/Development Kit/Epic Games/4.10/Engine/Content/Localization/Engine/ko/Engine.locres) Source String Hash: (-1232800293) Localized String: (이 노드에 대해 마지막 접한 블렌드 웨이트)
[2016.05.02-13.19.35:354][  0]LogD3D11RHI: Found D3D11 adapter 0: NVIDIA GeForce GTX 660   (Feature Level 11_0)
[2016.05.02-13.19.35:354][  0]LogD3D11RHI: Adapter has 1988MB of dedicated video memory, 0MB of dedicated system memory, and 3817MB of shared system memory, 1 output[s]
[2016.05.02-13.19.35:356][  0]LogD3D11RHI: Found D3D11 adapter 1: Microsoft Basic Render Driver (Feature Level 11_0)
[2016.05.02-13.19.35:356][  0]LogD3D11RHI: Adapter has 0MB of dedicated video memory, 0MB of dedicated system memory, and 3817MB of shared system memory, 0 output[s]
[2016.05.02-13.19.35:356][  0]LogD3D11RHI: Chosen D3D11 Adapter Id = 0
[2016.05.02-13.19.35:360][  0]LogD3D11RHI: !Direct3DDevice
[2016.05.02-13.19.35:360][  0]LogRHI: Texture pool is 1361 MB (70% of 1945 MB)
[2016.05.02-13.19.35:373][  0]LogD3D11RHI: Async texture creation enabled
[2016.05.02-13.19.35:387][  0]LogShaderCompilers: Guid format shader working directory is -12 characters bigger than the processId version (../../../../../WorkSpace/Unreal Projects/Project/Hero 4.10/Intermediate/Shaders/WorkingDirectory/1252/).
[2016.05.02-13.19.35:388][  0]LogShaderCompilers: Cleaned the shader compiler working directory 'C:/Users/Naram/AppData/Local/Temp/UnrealShaderWorkingDir/7A962B5E4CA319ADB7F632BFAA4F9BDE/'.
[2016.05.02-13.19.35:388][  0]LogShaderCompilers:Display: Using Local Shader Compiler.
[2016.05.02-13.19.36:059][  0]LogTemp:Display: Loaded TP AllDesktopTargetPlatform
[2016.05.02-13.19.36:063][  0]LogTemp:Display: Loaded TP WindowsClientTargetPlatform
[2016.05.02-13.19.36:068][  0]LogTemp:Display: Loaded TP WindowsNoEditorTargetPlatform
[2016.05.02-13.19.36:072][  0]LogTemp:Display: Loaded TP WindowsServerTargetPlatform
[2016.05.02-13.19.36:077][  0]LogTemp:Display: Loaded TP WindowsTargetPlatform
[2016.05.02-13.19.36:080][  0]LogTemp:Display: Loaded TP AndroidTargetPlatform
[2016.05.02-13.19.36:083][  0]LogTemp:Display: Loaded TP Android_ASTCTargetPlatform
[2016.05.02-13.19.36:086][  0]LogTemp:Display: Loaded TP Android_ATCTargetPlatform
[2016.05.02-13.19.36:089][  0]LogTemp:Display: Loaded TP Android_DXTTargetPlatform
[2016.05.02-13.19.36:091][  0]LogTemp:Display: Loaded TP Android_ETC1TargetPlatform
[2016.05.02-13.19.36:095][  0]LogTemp:Display: Loaded TP Android_ETC2TargetPlatform
[2016.05.02-13.19.36:101][  0]LogTemp:Display: Loaded TP Android_MultiTargetPlatform
[2016.05.02-13.19.36:101][  0]LogTemp:Display: Loaded TP Android_PVRTCTargetPlatform
[2016.05.02-13.19.36:102][  0]LogTemp:Display: Loaded TP HTML5TargetPlatform
[2016.05.02-13.19.36:118][  0]LogTemp:Display: Loaded TP IOSTargetPlatform
[2016.05.02-13.19.36:120][  0]LogTemp:Display: Loaded TP LinuxNoEditorTargetPlatform
[2016.05.02-13.19.36:123][  0]LogTemp:Display: Loaded TP LinuxServerTargetPlatform
[2016.05.02-13.19.36:126][  0]LogTemp:Display: Loaded TP LinuxTargetPlatform
[2016.05.02-13.19.36:126][  0]LogTargetPlatformManager:Display: Building Assets For Windows
[2016.05.02-13.19.36:214][  0]LogDerivedDataCache:Display: Max Cache Size: 512 MB
[2016.05.02-13.19.36:252][  0]LogDerivedDataCache: Loaded boot cache 0.04s 41MB C:/Users/Naram/AppData/Local/UnrealEngine/4.10/DerivedDataCache/Boot.ddc.
[2016.05.02-13.19.36:252][  0]LogDerivedDataCache:Display: Loaded Boot cache: C:/Users/Naram/AppData/Local/UnrealEngine/4.10/DerivedDataCache/Boot.ddc
[2016.05.02-13.19.36:252][  0]LogDerivedDataCache: FDerivedDataBackendGraph:  Pak pak cache file ../../../../../WorkSpace/Unreal Projects/Project/Hero 4.10/DerivedDataCache/DDC.ddp not found, will not use a pak cache.
[2016.05.02-13.19.36:252][  0]LogDerivedDataCache: Unable to find inner node Pak for hierarchical cache Hierarchy.
[2016.05.02-13.19.36:252][  0]LogDerivedDataCache: FDerivedDataBackendGraph:  CompressedPak pak cache file ../../../../../WorkSpace/Unreal Projects/Project/Hero 4.10/DerivedDataCache/Compressed.ddp not found, will not use a pak cache.
[2016.05.02-13.19.36:252][  0]LogDerivedDataCache: Unable to find inner node CompressedPak for hierarchical cache Hierarchy.
[2016.05.02-13.19.36:300][  0]LogDerivedDataCache:Display: Pak cache opened for reading ../../../Engine/DerivedDataCache/Compressed.ddp.
[2016.05.02-13.19.36:313][  0]LogDerivedDataCache: Using Local data cache path C:/Users/Naram/AppData/Local/UnrealEngine/Common/DerivedDataCache: Writable
[2016.05.02-13.19.36:474][  0]LogInit: Selected Device Profile: [Windows]
[2016.05.02-13.19.36:476][  0]LogContentStreaming: Texture pool size is 0.000000MB
[2016.05.02-13.19.36:573][  0]LogMeshUtilities: No automatic mesh reduction module available
[2016.05.02-13.19.36:573][  0]LogMeshUtilities: No automatic mesh merging module available
[2016.05.02-13.19.36:763][  0]LogInit: WinSock: version 1.1 (2.2), MaxSocks=32767, MaxUdp=65467
[2016.05.02-13.19.37:602][  0]UdpMessaging: Initializing bridge on interface 0.0.0.0:0 to multicast group 230.0.0.1:6666.
[2016.05.02-13.19.37:743][  0]LogAssetRegistry: FAssetRegistry took 0.0111 seconds to start up
[2016.05.02-13.19.37:911][  0]SourceControl: 정보 소스 콘트롤이 꺼졌습니다.
[2016.05.02-13.19.37:949][  0]SourceControl: 정보 소스 콘트롤이 꺼졌습니다.
[2016.05.02-13.19.37:964][  0]SourceControl: 정보 소스 콘트롤이 꺼졌습니다.
[2016.05.02-13.19.37:979][  0]SourceControl: 정보 소스 콘트롤이 꺼졌습니다.
[2016.05.02-13.19.38:294][  0]LogObj: 28633 objects as part of root set at end of initial load.
[2016.05.02-13.19.38:294][  0]LogUObjectAllocator: 6099744 out of 0 bytes used by permanent object pool.
[2016.05.02-13.19.38:344][  0]LogEngine: Initializing Engine...
[2016.05.02-13.19.38:347][  0]LogHMD: Can't find Oculus library dev build: is proper Runtime installed? Version: 0.8.0.0
[2016.05.02-13.19.38:348][  0]LogHMD: SteamVR failed to initialize.  Err: 100
[2016.05.02-13.19.38:439][  0]LogAIModule: Creating AISystem for world NewWorld
[2016.05.02-13.19.38:447][  0]LogInit: XAudio2 using '스피커(Realtek High Definition Audio)' : 2 channels at 48 kHz using 32 bits per sample (channel mask 0x3)
[2016.05.02-13.19.38:470][  0]LogInit: FAudioDevice initialized.
[2016.05.02-13.19.38:489][  0]LogDerivedDataCache: Saved boot cache 0.02s 41MB C:/Users/Naram/AppData/Local/UnrealEngine/4.10/DerivedDataCache/Boot.ddc.
[2016.05.02-13.19.38:492][  0]LogInit: Texture streaming: Enabled
[2016.05.02-13.19.38:497][  0]LogAnalytics: Creating configured Analytics provider AnalyticsET
[2016.05.02-13.19.38:497][  0]LogAnalytics: [UEEditor.Rocket.Release] APIServer = http://et2.epicgames.com/ET2/. AppVersion = 4.10.4-2872498+++depot+UE4-Releases+4.10
[2016.05.02-13.19.38:497][  0]LogAnalytics: [UEEditor.Rocket.Release] SetUserId 325538314b44384481730f8403d05ed6|5757bc0e79d542efb21b5d5f30a43a1b|7f17f01b-53ac-4a4b-834a-c233f59ae9e6
[2016.05.02-13.19.38:497][  0]LogAnalytics: [UEEditor.Rocket.Release] AnalyticsET::StartSession
[2016.05.02-13.19.38:505][  0]LogInit: Transaction tracking system initialized
[2016.05.02-13.19.38:529][  0]BlueprintLog: New page: 에디터 로드
[2016.05.02-13.19.38:603][  0]LocalizationService: 정보 현지화 서비스가 비활성화되었습니다.
[2016.05.02-13.19.38:684][  0]LogConsoleResponse:Display: 
[2016.05.02-13.19.38:783][  0]LogCook:Display: Done creating registry. It took  0.00s.
[2016.05.02-13.19.38:845][  0]LogFileCache: Scanning file cache for directory 'D:/Development Kit/WorkSpace/Unreal Projects/Project/Hero 4.10/Content/' took 0.04s
[2016.05.02-13.19.38:845][  0]SourceControl: 정보 소스 콘트롤이 꺼졌습니다.
[2016.05.02-13.19.38:845][  0]Cmd: MAP LOAD FILE="../../../../../WorkSpace/Unreal Projects/Project/Hero 4.10/Content/StarterContent/Maps/Minimal_Default.umap" TEMPLATE=0 SHOWPROGRESS=1 FEATURELEVEL=3
[2016.05.02-13.19.38:846][  0]LightingResults: New page: 라이팅 빌드
[2016.05.02-13.19.38:849][  0]MapCheck: New page: 맵 체크
[2016.05.02-13.19.38:849][  0]LightingResults: New page: 라이팅 빌드
[2016.05.02-13.19.38:857][  0]LogParticles: Destroying 0 GPU particle simulations for FXSystem 0x000001C497175260
[2016.05.02-13.19.40:482][  0]LogAIModule: Creating AISystem for world Minimal_Default
[2016.05.02-13.19.40:540][  0]LogEditorServer: Finished looking for orphan Actors (0.000 secs)
[2016.05.02-13.19.40:556][  0]Cmd: MAP CHECKDEP NOCLEARLOG
[2016.05.02-13.19.40:696][  0]MapCheck: 정보 맵 체크 완료: 오류 0 회, 경고 0 회, 소요 시간 139.639ms.
[2016.05.02-13.19.40:696][  0]LogFileHelpers: Loading map 'Minimal_Default' took 1.851
[2016.05.02-13.19.40:800][  0]LogCollectionManager: Loaded 0 collections in 0.001961 seconds
[2016.05.02-13.19.40:840][  0]LogFileCache: Scanning file cache for directory 'D:/Development Kit/WorkSpace/Unreal Projects/Project/Hero 4.10/Saved/Collections/' took 0.01s
[2016.05.02-13.19.40:840][  0]LogFileCache: Scanning file cache for directory 'D:/Development Kit/WorkSpace/Unreal Projects/Project/Hero 4.10/Content/Developers/Naram/Collections/' took 0.01s
[2016.05.02-13.19.40:840][  0]LogFileCache: Scanning file cache for directory 'D:/Development Kit/WorkSpace/Unreal Projects/Project/Hero 4.10/Content/Collections/' took 0.01s
[2016.05.02-13.19.40:840][  0]LogCollectionManager: Rebuilt the GUID cache for 0 collections in 0.000002 seconds
[2016.05.02-13.19.40:847][  0]LogContentBrowser: Native class hierarchy populated in 0.0065 seconds. Added 1893 classes and 338 folders.
[2016.05.02-13.19.40:852][  0]LogContentBrowser: Native class hierarchy updated for 'WidgetCarousel' in 0.0004 seconds. Added 0 classes and 0 folders.
[2016.05.02-13.19.40:917][  0]LogContentBrowser: Native class hierarchy updated for 'AddContentDialog' in 0.0005 seconds. Added 0 classes and 0 folders.
[2016.05.02-13.19.40:921][  0]LogContentBrowser: Native class hierarchy updated for 'SceneOutliner' in 0.0005 seconds. Added 1 classes and 2 folders.
[2016.05.02-13.19.40:968][  0]LogCrashTracker: Crashtracker disabled due to settings.
[2016.05.02-13.19.40:973][  0]LogUObjectGlobals:Warning: 'Class 없음.' 오브젝트를 찾는 데 실패했습니다.
[2016.05.02-13.19.40:994][  0]LogLoad: Full Startup: 6.31 seconds (BP compile: 0.27 seconds)
[2016.05.02-13.19.41:009][  0]LogWindowsTextInputMethodSystem:Display: IME system now activated using TSF (Microsoft 입력기).
[2016.05.02-13.19.41:015][  0]LogOcInput: Can't find Oculus library dev build: is proper Runtime installed? Version: 0.8.0.0
[2016.05.02-13.19.41:276][  0]LogContentStreaming: Texture pool size now 1000 MB
[2016.05.02-13.19.41:388][  0]LogRenderer: Reallocating scene render targets to support 1208x572 (Frame:2).
[2016.05.02-13.19.41:502][  1]Cmd: UpdateLandscapeEditorData -warnings
[2016.05.02-13.19.42:049][  9]LogAssetRegistry: Asset discovery search completed in 4.3171 seconds
[2016.05.02-13.19.42:049][  9]LogCollectionManager: Rebuilt the object cache for 0 collections in 0.000001 seconds (found 0 objects)
[2016.05.02-13.19.42:049][  9]LogCollectionManager: Fixed up redirectors for 0 collections in 0.000018 seconds (updated 0 objects)
[2016.05.02-13.21.42:256][681]LogLinker:Warning: Asset '../../../Engine/Content/ArtTools/RenderToTexture/Macros/RenderToTextureMacros.uasset' has been saved with empty engine version. The asset will be loaded but may be incompatible.
[2016.05.02-13.21.42:673][681]LogContentBrowser: Native class hierarchy updated for 'BlueprintGraph' in 0.0008 seconds. Added 107 classes and 0 folders.
[2016.05.02-13.42.16:633][960]LogEditorViewport: Clicking on Actor (LMB): StaticMeshActor (Tree_8)
[2016.05.02-13.51.06:997][765]LogActorComponent: UnregisterComponent: (/Engine/Transient.CharMoveComp) Not registered. Aborting.
[2016.05.02-13.51.07:123][765]LogFileHelpers: Editor autosave (incl. sublevels) for '/Game/StarterContent/Maps/Minimal_Default' took 0.126
[2016.05.02-13.51.07:130][765]OBJ SavePackage: Generating thumbnails for [1] asset(s) in package [/Game/SGH/Character/PlayerCharacter/BP_FHero_Warrior] ([1] browsable assets)...
[2016.05.02-13.51.07:160][765]OBJ SavePackage:     Rendered thumbnail for [Blueprint /Game/SGH/Character/PlayerCharacter/BP_FHero_Warrior.BP_FHero_Warrior]
[2016.05.02-13.51.07:161][765]OBJ SavePackage: Finished generating thumbnails for package [/Game/SGH/Character/PlayerCharacter/BP_FHero_Warrior]
[2016.05.02-13.51.08:833][765]LogSavePackage: Save=1662.441650ms
[2016.05.02-13.51.08:833][765]LogSavePackage: Moving '../../../../../WorkSpace/Unreal Projects/Project/Hero 4.10/Saved/BP_FHero_Warrior_Auto1E25D7D004A34633AB29952ADCBBAE74A.tmp' to '../../../../../WorkSpace/Unreal Projects/Project/Hero 4.10/Saved/Autosaves/Game/SGH/Character/PlayerCharacter/BP_FHero_Warrior_Auto1.uasset'
[2016.05.02-13.51.08:836][765]LogSavePackage: Total save time: 1673.163891ms
[2016.05.02-13.51.08:836][765]LogSavePackage:Display: Finished SavePackage ../../../../../WorkSpace/Unreal Projects/Project/Hero 4.10/Saved/Autosaves/Game/SGH/Character/PlayerCharacter/BP_FHero_Warrior_Auto1.uasset
[2016.05.02-13.51.08:836][765]LogFileHelpers: Auto-saving content packages took 1.712
[2016.05.02-14.01.28:618][715]LogActorComponent: UnregisterComponent: (/Engine/Transient.CharMoveComp) Not registered. Aborting.
[2016.05.02-14.01.28:646][715]LogFileHelpers: Editor autosave (incl. sublevels) for '/Game/StarterContent/Maps/Minimal_Default' took 0.028
[2016.05.02-14.01.28:652][715]OBJ SavePackage: Generating thumbnails for [1] asset(s) in package [/Game/SGH/Character/PlayerCharacter/BP_FHero_Warrior] ([1] browsable assets)...
[2016.05.02-14.01.28:684][715]OBJ SavePackage:     Rendered thumbnail for [Blueprint /Game/SGH/Character/PlayerCharacter/BP_FHero_Warrior.BP_FHero_Warrior]
[2016.05.02-14.01.28:684][715]OBJ SavePackage: Finished generating thumbnails for package [/Game/SGH/Character/PlayerCharacter/BP_FHero_Warrior]
[2016.05.02-14.01.30:312][715]LogSavePackage: Save=1620.966309ms
[2016.05.02-14.01.30:312][715]LogSavePackage: Moving '../../../../../WorkSpace/Unreal Projects/Project/Hero 4.10/Saved/BP_FHero_Warrior_Auto2B0CF5D234597CD8EBCAD358629CAA453.tmp' to '../../../../../WorkSpace/Unreal Projects/Project/Hero 4.10/Saved/Autosaves/Game/SGH/Character/PlayerCharacter/BP_FHero_Warrior_Auto2.uasset'
[2016.05.02-14.01.30:314][715]LogSavePackage: Total save time: 1629.032690ms
[2016.05.02-14.01.30:314][715]LogSavePackage:Display: Finished SavePackage ../../../../../WorkSpace/Unreal Projects/Project/Hero 4.10/Saved/Autosaves/Game/SGH/Character/PlayerCharacter/BP_FHero_Warrior_Auto2.uasset
[2016.05.02-14.01.30:314][715]LogFileHelpers: Auto-saving content packages took 1.668
[2016.05.02-14.08.17:455][931]BlueprintLog: New page: BP_FHero_Warrior 컴파일
[2016.05.02-14.08.17:944][931]LogActorComponent: UnregisterComponent: (/Engine/Transient.CharMoveComp) Not registered. Aborting.
[2016.05.02-14.08.17:987][931]BlueprintEditorCompileResults: 정보 [2923.30] BP_FHero_Warrior 컴파일에 성공했습니다! [소요시간 531 ms]
[2016.05.02-14.08.21:113][ 62]LogSavePackage: Save=1595.655762ms
[2016.05.02-14.08.21:113][ 62]LogSavePackage: Moving '../../../../../WorkSpace/Unreal Projects/Project/Hero 4.10/Saved/BP_FHero_Warrior3A03A2C7492C3D0FE31813A6AAE6222F.tmp' to '../../../../../WorkSpace/Unreal Projects/Project/Hero 4.10/Content/SGH/Character/PlayerCharacter/BP_FHero_Warrior.uasset'
[2016.05.02-14.08.21:346][ 62]LogSavePackage: Total save time: 1833.383594ms
[2016.05.02-14.08.21:346][ 62]LogSavePackage:Display: Finished SavePackage ../../../../../WorkSpace/Unreal Projects/Project/Hero 4.10/Content/SGH/Character/PlayerCharacter/BP_FHero_Warrior.uasset
[2016.05.02-14.47.17:816][  9]LogRenderer: Reallocating scene render targets to support 1208x712 (Frame:7433).
[2016.05.02-15.11.53:811][770]LogActorComponent: UnregisterComponent: (/Engine/Transient.CharMoveComp) Not registered. Aborting.
[2016.05.02-15.11.53:891][770]LogFileHelpers: Editor autosave (incl. sublevels) for '/Game/StarterContent/Maps/Minimal_Default' took 0.080
[2016.05.02-15.11.53:897][770]OBJ SavePackage: Generating thumbnails for [0] asset(s) in package [/Game/KNR/sound/character/footStep/stepSound] ([1] browsable assets)...
[2016.05.02-15.11.53:898][770]OBJ SavePackage: Finished generating thumbnails for package [/Game/KNR/sound/character/footStep/stepSound]
[2016.05.02-15.11.53:910][770]LogSavePackage: Save=5.489873ms
[2016.05.02-15.11.53:910][770]LogSavePackage: Moving '../../../../../WorkSpace/Unreal Projects/Project/Hero 4.10/Saved/stepSound_Auto346DDF91147B62B33900D29B76CEFEAD2.tmp' to '../../../../../WorkSpace/Unreal Projects/Project/Hero 4.10/Saved/Autosaves/Game/KNR/sound/character/footStep/stepSound_Auto3.uasset'
[2016.05.02-15.11.53:913][770]LogSavePackage: Total save time: 12.611371ms
[2016.05.02-15.11.53:913][770]LogSavePackage:Display: Finished SavePackage ../../../../../WorkSpace/Unreal Projects/Project/Hero 4.10/Saved/Autosaves/Game/KNR/sound/character/footStep/stepSound_Auto3.uasset
[2016.05.02-15.11.53:913][770]LogFileHelpers: Auto-saving content packages took 0.021
[2016.05.02-15.16.06:360][179]LogSkeletalMesh: InitArticulated: Bodies already created (/Engine/Transient.DebugSkelMeshComponent_0) - call TermArticulated first.
[2016.05.02-15.16.06:562][179]LogContentBrowser:Verbose: The majority of assets in the view are of type: AnimSequence
[2016.05.02-15.22.42:509][712]LogSkeletalMesh: InitArticulated: Bodies already created (/Engine/Transient.DebugSkelMeshComponent_2) - call TermArticulated first.
[2016.05.02-15.22.42:679][712]LogContentBrowser:Verbose: The majority of assets in the view are of type: AnimSequence
[2016.05.02-15.27.11:440][ 93]LogActorComponent: UnregisterComponent: (/Engine/Transient.CharMoveComp) Not registered. Aborting.
[2016.05.02-15.27.11:475][ 93]LogParticles: Destroying 0 GPU particle simulations for FXSystem 0x000001C4C309E2A0
[2016.05.02-15.27.11:477][ 93]LogParticles: Destroying 0 GPU particle simulations for FXSystem 0x000001C4DA1DEB60
[2016.05.02-15.27.11:478][ 93]LogParticles: Destroying 0 GPU particle simulations for FXSystem 0x000001C4ED84CFE0
[2016.05.02-15.27.11:479][ 93]LogParticles: Destroying 0 GPU particle simulations for FXSystem 0x000001C4ED84F380
[2016.05.02-15.27.11:505][ 93]LogFileHelpers: Editor autosave (incl. sublevels) for '/Game/StarterContent/Maps/Minimal_Default' took 0.064
[2016.05.02-15.27.11:512][ 93]OBJ SavePackage: Generating thumbnails for [1] asset(s) in package [/Game/SGH/Character/PlayerCharacter/Retargeted_48_Mannequin] ([1] browsable assets)...
[2016.05.02-15.27.11:540][ 93]OBJ SavePackage:     Rendered thumbnail for [AnimSequence /Game/SGH/Character/PlayerCharacter/Retargeted_48_Mannequin.Retargeted_48_Mannequin]
[2016.05.02-15.27.11:540][ 93]OBJ SavePackage: Finished generating thumbnails for package [/Game/SGH/Character/PlayerCharacter/Retargeted_48_Mannequin]
[2016.05.02-15.27.11:562][ 93]LogSavePackage: Save=14.609172ms
[2016.05.02-15.27.11:562][ 93]LogSavePackage: Moving '../../../../../WorkSpace/Unreal Projects/Project/Hero 4.10/Saved/Retargeted_48_Mannequin_Auto4A785D84042BA2DA401ED9C91348CF168.tmp' to '../../../../../WorkSpace/Unreal Projects/Project/Hero 4.10/Saved/Autosaves/Game/SGH/Character/PlayerCharacter/Retargeted_48_Mannequin_Auto4.uasset'
[2016.05.02-15.27.11:564][ 93]LogSavePackage: Total save time: 21.778066ms
[2016.05.02-15.27.11:564][ 93]LogSavePackage:Display: Finished SavePackage ../../../../../WorkSpace/Unreal Projects/Project/Hero 4.10/Saved/Autosaves/Game/SGH/Character/PlayerCharacter/Retargeted_48_Mannequin_Auto4.uasset
[2016.05.02-15.27.11:564][ 93]LogFileHelpers: Auto-saving content packages took 0.058
[2016.05.02-15.30.29:014][173]LogParticles: Destroying 0 GPU particle simulations for FXSystem 0x000001C4C3A8A3E0
[2016.05.02-15.30.29:014][173]LogParticles: Destroying 0 GPU particle simulations for FXSystem 0x000001C4B6FA20C0
[2016.05.02-15.30.29:015][173]LogParticles: Destroying 0 GPU particle simulations for FXSystem 0x000001C4B73680E0
[2016.05.02-15.30.29:016][173]LogParticles: Destroying 0 GPU particle simulations for FXSystem 0x000001C4B736BCE0
[2016.05.02-15.30.30:063][173]LogWindowsTextInputMethodSystem:Display: IME system now activated using TSF (Microsoft 입력기).
[2016.05.02-15.30.30:263][174]Cmd: QUIT_EDITOR
[2016.05.02-15.30.30:382][174]LogExit: Preparing to exit.
[2016.05.02-15.30.30:975][174]LogExit: Editor shut down
[2016.05.02-15.30.30:976][174]LogExit: Transaction tracking system shut down
[2016.05.02-15.30.30:986][174]LogParticles: Destroying 0 GPU particle simulations for FXSystem 0x000001C49C512A20
[2016.05.02-15.30.30:995][174]LogParticles: Destroying 0 GPU particle simulations for FXSystem 0x000001C4A3AEF880
[2016.05.02-15.30.30:999][174]LogParticles: Destroying 0 GPU particle simulations for FXSystem 0x000001C4D5663A60
[2016.05.02-15.30.31:001][174]LogParticles: Destroying 0 GPU particle simulations for FXSystem 0x000001C4D9FF4C20
[2016.05.02-15.30.31:001][174]LogParticles: Destroying 0 GPU particle simulations for FXSystem 0x000001C4D9FF4720
[2016.05.02-15.30.31:001][174]LogParticles: Destroying 0 GPU particle simulations for FXSystem 0x000001C4D9F9F240
[2016.05.02-15.30.31:240][174]LogExit: Object subsystem successfully closed.
[2016.05.02-15.30.31:269][174]LogD3D11RHI: Shutdown
[2016.05.02-15.30.31:269][174]LogD3D11RHI: CleanupD3DDevice
[2016.05.02-15.30.31:383][174]LogD3D11RHI: ~FD3D11DynamicRHI
[2016.05.02-15.30.31:415][174]LogModuleManager: Shutting down and abandoning module SoundCueEditor (201)
[2016.05.02-15.30.31:415][174]LogModuleManager: Shutting down and abandoning module CookingStats (200)
[2016.05.02-15.30.31:416][174]LogModuleManager: Shutting down and abandoning module BlueprintGraph (199)
[2016.05.02-15.30.31:416][174]LogModuleManager: Shutting down and abandoning module CrashTracker (198)
[2016.05.02-15.30.31:416][174]LogModuleManager: Shutting down and abandoning module SceneOutliner (197)
[2016.05.02-15.30.31:416][174]LogModuleManager: Shutting down and abandoning module SuperSearch (196)
[2016.05.02-15.30.31:416][174]LogModuleManager: Shutting down and abandoning module WidgetCarousel (195)
[2016.05.02-15.30.31:416][174]LogModuleManager: Shutting down and abandoning module AddContentDialog (194)
[2016.05.02-15.30.31:419][174]LogModuleManager: Shutting down and abandoning module EditorWidgets (193)
[2016.05.02-15.30.31:419][174]LogModuleManager: Shutting down and abandoning module CollectionManager (192)
[2016.05.02-15.30.31:420][174]LogModuleManager: Shutting down and abandoning module StatsViewer (191)
[2016.05.02-15.30.31:420][174]LogModuleManager: Shutting down and abandoning module FoliageEdit (190)
[2016.05.02-15.30.31:420][174]LogModuleManager: Shutting down and abandoning module LandscapeEditor (189)
[2016.05.02-15.30.31:420][174]LogModuleManager: Shutting down and abandoning module ActorPickerMode (188)
[2016.05.02-15.30.31:420][174]LogModuleManager: Shutting down and abandoning module GeometryMode (187)
[2016.05.02-15.30.31:420][174]LogModuleManager: Shutting down and abandoning module TextureAlignMode (186)
[2016.05.02-15.30.31:420][174]LogModuleManager: Shutting down and abandoning module BspMode (185)
[2016.05.02-15.30.31:420][174]LogModuleManager: Shutting down and abandoning module PlacementMode (184)
[2016.05.02-15.30.31:420][174]LogModuleManager: Shutting down and abandoning module AutomationWorker (183)
[2016.05.02-15.30.31:420][174]LogModuleManager: Shutting down and abandoning module CharacterAI (182)
[2016.05.02-15.30.31:420][174]LogModuleManager: Shutting down and abandoning module SmartSnapping (181)
[2016.05.02-15.30.31:420][174]LogModuleManager: Shutting down and abandoning module ViewportSnapping (180)
[2016.05.02-15.30.31:420][174]LogModuleManager: Shutting down and abandoning module LogVisualizer (179)
[2016.05.02-15.30.31:420][174]LogModuleManager: Shutting down and abandoning module GameProjectGeneration (178)
[2016.05.02-15.30.31:420][174]LogModuleManager: Shutting down and abandoning module IntroTutorials (177)
[2016.05.02-15.30.31:420][174]LogModuleManager: Shutting down and abandoning module EditorLiveStreaming (176)
[2016.05.02-15.30.31:420][174]LogModuleManager: Shutting down and abandoning module IOSPlatformEditor (175)
[2016.05.02-15.30.31:420][174]LogModuleManager: Shutting down and abandoning module HTML5PlatformEditor (174)
[2016.05.02-15.30.31:420][174]LogModuleManager: Shutting down and abandoning module AndroidDeviceDetection (173)
[2016.05.02-15.30.32:073][174]LogModuleManager: Shutting down and abandoning module AndroidPlatformEditor (172)
[2016.05.02-15.30.32:073][174]LogModuleManager: Shutting down and abandoning module IOSRuntimeSettings (171)
[2016.05.02-15.30.32:073][174]LogModuleManager: Shutting down and abandoning module AndroidRuntimeSettings (170)
[2016.05.02-15.30.32:073][174]LogModuleManager: Shutting down and abandoning module MergeActors (169)
[2016.05.02-15.30.32:073][174]LogModuleManager: Shutting down and abandoning module SizeMap (168)
[2016.05.02-15.30.32:073][174]LogModuleManager: Shutting down and abandoning module TreeMap (167)
[2016.05.02-15.30.32:073][174]LogModuleManager: Shutting down and abandoning module ReferenceViewer (166)
[2016.05.02-15.30.32:073][174]LogModuleManager: Shutting down and abandoning module LocalizationService (165)
[2016.05.02-15.30.32:073][174]LogModuleManager: Shutting down and abandoning module LocalizationDashboard (164)
[2016.05.02-15.30.32:073][174]LogModuleManager: Shutting down and abandoning module HardwareTargeting (163)
[2016.05.02-15.30.32:073][174]LogModuleManager: Shutting down and abandoning module DeviceProfileEditor (162)
[2016.05.02-15.30.32:074][174]LogModuleManager: Shutting down and abandoning module UndoHistory (161)
[2016.05.02-15.30.32:074][174]LogModuleManager: Shutting down and abandoning module GameplayTagsEditor (160)
[2016.05.02-15.30.32:074][174]LogModuleManager: Shutting down and abandoning module UserFeedback (159)
[2016.05.02-15.30.32:074][174]LogModuleManager: Shutting down and abandoning module XmlParser (158)
[2016.05.02-15.30.32:074][174]LogModuleManager: Shutting down and abandoning module Blutility (157)
[2016.05.02-15.30.32:074][174]LogModuleManager: Shutting down and abandoning module ProjectTargetPlatformEditor (156)
[2016.05.02-15.30.32:074][174]LogModuleManager: Shutting down and abandoning module ProjectSettingsViewer (155)
[2016.05.02-15.30.32:074][174]LogModuleManager: Shutting down and abandoning module InputBindingEditor (154)
[2016.05.02-15.30.32:075][174]LogModuleManager: Shutting down and abandoning module EditorSettingsViewer (153)
[2016.05.02-15.30.32:075][174]LogModuleManager: Shutting down and abandoning module SettingsEditor (152)
[2016.05.02-15.30.32:075][174]LogModuleManager: Shutting down and abandoning module ProjectLauncher (151)
[2016.05.02-15.30.32:075][174]LogModuleManager: Shutting down and abandoning module SessionFrontend (150)
[2016.05.02-15.30.32:075][174]LogModuleManager: Shutting down and abandoning module ProfilerClient (149)
[2016.05.02-15.30.32:075][174]LogModuleManager: Shutting down and abandoning module TargetDeviceServices (148)
[2016.05.02-15.30.32:075][174]LogModuleManager: Shutting down and abandoning module DeviceManager (147)
[2016.05.02-15.30.32:076][174]LogModuleManager: Shutting down and abandoning module AutomationController (146)
[2016.05.02-15.30.32:076][174]LogModuleManager: Shutting down and abandoning module AutomationWindow (145)
[2016.05.02-15.30.32:076][174]LogModuleManager: Shutting down and abandoning module Layers (144)
[2016.05.02-15.30.32:076][174]LogModuleManager: Shutting down and abandoning module ComponentVisualizers (143)
[2016.05.02-15.30.32:076][174]LogModuleManager: Shutting down and abandoning module DetailCustomizations (142)
[2016.05.02-15.30.32:076][174]LogModuleManager: Shutting down and abandoning module PackagesDialog (141)
[2016.05.02-15.30.32:077][174]LogModuleManager: Shutting down and abandoning module Persona (140)
[2016.05.02-15.30.32:077][174]LogModuleManager: Shutting down and abandoning module Kismet (139)
[2016.05.02-15.30.32:077][174]LogModuleManager: Shutting down and abandoning module GraphEditor (138)
[2016.05.02-15.30.32:077][174]LogModuleManager: Shutting down and abandoning module ClassViewer (137)
[2016.05.02-15.30.32:077][174]LogModuleManager: Shutting down and abandoning module Toolbox (136)
[2016.05.02-15.30.32:077][174]LogModuleManager: Shutting down and abandoning module ModuleUI (135)
[2016.05.02-15.30.32:078][174]LogModuleManager: Shutting down and abandoning module MovieSceneTools (134)
[2016.05.02-15.30.32:078][174]LogModuleManager: Shutting down and abandoning module OutputLog (133)
[2016.05.02-15.30.32:078][174]LogModuleManager: Shutting down and abandoning module GammaUI (132)
[2016.05.02-15.30.32:078][174]LogModuleManager: Shutting down and abandoning module Documentation (131)
[2016.05.02-15.30.32:079][174]LogModuleManager: Shutting down and abandoning module GameLiveStreaming (130)
[2016.05.02-15.30.32:079][174]LogModuleManager: Shutting down and abandoning module StreamingPauseRendering (129)
[2016.05.02-15.30.32:079][174]LogModuleManager: Shutting down and abandoning module AnalyticsET (128)
[2016.05.02-15.30.32:079][174]LogModuleManager: Shutting down and abandoning module Analytics (127)
[2016.05.02-15.30.32:079][174]LogModuleManager: Shutting down and abandoning module AITestSuite (126)
[2016.05.02-15.30.32:079][174]LogModuleManager: Shutting down and abandoning module GameplayDebugger (125)
[2016.05.02-15.30.32:079][174]LogModuleManager: Shutting down and abandoning module AIModule (124)
[2016.05.02-15.30.32:079][174]LogModuleManager: Shutting down and abandoning module ProfilerService (123)
[2016.05.02-15.30.32:326][174]LogModuleManager: Shutting down and abandoning module TaskGraph (122)
[2016.05.02-15.30.32:326][174]LogModuleManager: Shutting down and abandoning module SlateRemote (121)
[2016.05.02-15.30.32:326][174]LogModuleManager: Shutting down and abandoning module SteamVRController (120)
[2016.05.02-15.30.32:326][174]LogModuleManager: Shutting down and abandoning module SteamVR (119)
[2016.05.02-15.30.32:326][174]LogModuleManager: Shutting down and abandoning module ProceduralMeshComponent (118)
[2016.05.02-15.30.32:326][174]LogModuleManager: Shutting down and abandoning module OculusLibrary (117)
[2016.05.02-15.30.32:326][174]LogModuleManager: Shutting down and abandoning module OculusInput (116)
[2016.05.02-15.30.32:326][174]LogModuleManager: Shutting down and abandoning module LeapMotionController (115)
[2016.05.02-15.30.32:372][174]LogModuleManager: Shutting down and abandoning module CustomMeshComponent (114)
[2016.05.02-15.30.32:372][174]LogModuleManager: Shutting down and abandoning module CableComponent (113)
[2016.05.02-15.30.32:372][174]LogModuleManager: Shutting down and abandoning module ArchVisCharacter (112)
[2016.05.02-15.30.32:372][174]LogModuleManager: Shutting down and abandoning module MessagingDebugger (111)
[2016.05.02-15.30.32:372][174]LogModuleManager: Shutting down and abandoning module MediaPlayerEditor (110)
[2016.05.02-15.30.32:373][174]LogModuleManager: Shutting down and abandoning module HTML5Networking (109)
[2016.05.02-15.30.32:373][174]LogModuleManager: Shutting down and abandoning module SpeedTreeImporter (108)
[2016.05.02-15.30.32:373][174]LogModuleManager: Shutting down and abandoning module PluginBrowser (107)
[2016.05.02-15.30.32:373][174]LogModuleManager: Shutting down and abandoning module EpicSurvey (106)
[2016.05.02-15.30.32:373][174]LogModuleManager: Shutting down and abandoning module DesktopPlatform (105)
[2016.05.02-15.30.32:373][174]LogModuleManager: Shutting down and abandoning module VisualStudioSourceCodeAccess (104)
[2016.05.02-15.30.32:373][174]LogModuleManager: Shutting down and abandoning module UObjectPlugin (103)
[2016.05.02-15.30.32:373][174]LogModuleManager: Shutting down and abandoning module SubversionSourceControl (102)
[2016.05.02-15.30.32:373][174]LogModuleManager: Shutting down and abandoning module PerforceSourceControl (101)
[2016.05.02-15.30.32:373][174]LogModuleManager: Shutting down and abandoning module SourceControl (100)
[2016.05.02-15.30.32:373][174]LogModuleManager: Shutting down and abandoning module GitSourceControl (99)
[2016.05.02-15.30.32:373][174]LogModuleManager: Shutting down and abandoning module LightPropagationVolumeEditor (98)
[2016.05.02-15.30.32:373][174]LogModuleManager: Shutting down and abandoning module PaperTiledImporter (97)
[2016.05.02-15.30.32:373][174]LogModuleManager: Shutting down and abandoning module PaperSpriteSheetImporter (96)
[2016.05.02-15.30.32:373][174]LogModuleManager: Shutting down and abandoning module MeshPaint (95)
[2016.05.02-15.30.32:373][174]LogModuleManager: Shutting down and abandoning module SlateReflector (94)
[2016.05.02-15.30.32:373][174]LogModuleManager: Shutting down and abandoning module HotReload (93)
[2016.05.02-15.30.32:374][174]LogModuleManager: Shutting down and abandoning module MainFrame (92)
[2016.05.02-15.30.32:374][174]LogModuleManager: Shutting down and abandoning module LevelEditor (91)
[2016.05.02-15.30.32:377][174]LogModuleManager: Shutting down and abandoning module DirectoryWatcher (90)
[2016.05.02-15.30.32:381][174]LogModuleManager: Shutting down and abandoning module AssetRegistry (89)
[2016.05.02-15.30.32:513][174]LogModuleManager: Shutting down and abandoning module ContentBrowser (88)
[2016.05.02-15.30.32:515][174]LogModuleManager: Shutting down and abandoning module Paper2DEditor (87)
[2016.05.02-15.30.32:515][174]LogModuleManager: Shutting down and abandoning module UdpMessaging (86)
[2016.05.02-15.30.32:617][174]LogModuleManager: Shutting down and abandoning module LightPropagationVolumeRuntime (85)
[2016.05.02-15.30.32:617][174]LogModuleManager: Shutting down and abandoning module Paper2D (84)
[2016.05.02-15.30.32:617][174]LogModuleManager: Shutting down and abandoning module WindowsMoviePlayer (83)
[2016.05.02-15.30.32:632][174]LogModuleManager: Shutting down and abandoning module Media (82)
[2016.05.02-15.30.32:632][174]LogModuleManager: Shutting down and abandoning module WmfMedia (81)
[2016.05.02-15.30.32:633][174]LogModuleManager: Shutting down and abandoning module OnlineBlueprintSupport (80)
[2016.05.02-15.30.32:633][174]LogModuleManager: Shutting down and abandoning module GameplayTasksEditor (79)
[2016.05.02-15.30.32:633][174]LogModuleManager: Shutting down and abandoning module PropertyEditor (78)
[2016.05.02-15.30.32:633][174]LogModuleManager: Shutting down and abandoning module BehaviorTreeEditor (77)
[2016.05.02-15.30.32:633][174]LogModuleManager: Shutting down and abandoning module FunctionalTesting (76)
[2016.05.02-15.30.32:633][174]LogModuleManager: Shutting down and abandoning module CollisionAnalyzer (75)
[2016.05.02-15.30.32:633][174]LogModuleManager: Shutting down and abandoning module WorkspaceMenuStructure (74)
[2016.05.02-15.30.32:633][174]LogModuleManager: Shutting down and abandoning module MessageLog (73)
[2016.05.02-15.30.32:633][174]LogModuleManager: Shutting down and abandoning module Sequencer (72)
[2016.05.02-15.30.32:634][174]LogModuleManager: Shutting down and abandoning module AssetTools (71)
[2016.05.02-15.30.32:634][174]LogModuleManager: Shutting down and abandoning module UMGEditor (70)
[2016.05.02-15.30.32:634][174]LogModuleManager: Shutting down and abandoning module UMG (69)
[2016.05.02-15.30.32:634][174]LogModuleManager: Shutting down and abandoning module Slate (68)
[2016.05.02-15.30.32:634][174]LogModuleManager: Shutting down and abandoning module EditorStyle (67)
[2016.05.02-15.30.32:641][174]LogModuleManager: Shutting down and abandoning module SessionServices (66)
[2016.05.02-15.30.32:641][174]LogModuleManager: Shutting down and abandoning module SourceCodeAccess (65)
[2016.05.02-15.30.32:641][174]LogModuleManager: Shutting down and abandoning module HeadMountedDisplay (64)
[2016.05.02-15.30.32:641][174]LogModuleManager: Shutting down and abandoning module XAudio2 (63)
[2016.05.02-15.30.32:641][174]LogModuleManager: Shutting down and abandoning module Networking (61)
[2016.05.02-15.30.32:641][174]LogModuleManager: Shutting down and abandoning module Core (60)
[2016.05.02-15.30.32:641][174]LogModuleManager: Shutting down and abandoning module KismetCompiler (59)
[2016.05.02-15.30.32:641][174]LogModuleManager: Shutting down and abandoning module PhysXFormats (58)
[2016.05.02-15.30.32:641][174]LogModuleManager: Shutting down and abandoning module MeshUtilities (57)
[2016.05.02-15.30.32:641][174]LogModuleManager: Shutting down and abandoning module DerivedDataCache (56)
[2016.05.02-15.30.32:684][174]LogDerivedDataCache: Shutdown
[2016.05.02-15.30.32:684][174]LogModuleManager: Shutting down and abandoning module ShaderFormatOpenGL (55)
[2016.05.02-15.30.32:684][174]LogModuleManager: Shutting down and abandoning module ShaderFormatD3D (54)
[2016.05.02-15.30.32:684][174]LogModuleManager: Shutting down and abandoning module MetalShaderFormat (53)
[2016.05.02-15.30.32:684][174]LogModuleManager: Shutting down and abandoning module TextureFormatUncompressed (52)
[2016.05.02-15.30.32:684][174]LogModuleManager: Shutting down and abandoning module TextureFormatPVR (51)
[2016.05.02-15.30.32:684][174]LogModuleManager: Shutting down and abandoning module TextureFormatIntelISPCTexComp (50)
[2016.05.02-15.30.32:684][174]LogModuleManager: Shutting down and abandoning module TextureFormatDXT (49)
[2016.05.02-15.30.32:684][174]LogModuleManager: Shutting down and abandoning module ImageWrapper (48)
[2016.05.02-15.30.32:684][174]LogModuleManager: Shutting down and abandoning module TextureFormatASTC (47)
[2016.05.02-15.30.32:684][174]LogModuleManager: Shutting down and abandoning module TextureFormatAndroid (46)
[2016.05.02-15.30.32:684][174]LogModuleManager: Shutting down and abandoning module AudioFormatOpus (45)
[2016.05.02-15.30.32:684][174]LogModuleManager: Shutting down and abandoning module AudioFormatOgg (44)
[2016.05.02-15.30.32:685][174]LogModuleManager: Shutting down and abandoning module AudioFormatADPCM (43)
[2016.05.02-15.30.32:685][174]LogModuleManager: Shutting down and abandoning module LinuxTargetPlatform (42)
[2016.05.02-15.30.32:685][174]LogModuleManager: Shutting down and abandoning module LinuxServerTargetPlatform (41)
[2016.05.02-15.30.32:685][174]LogModuleManager: Shutting down and abandoning module LinuxNoEditorTargetPlatform (40)
[2016.05.02-15.30.32:685][174]LogModuleManager: Shutting down and abandoning module Messaging (39)
[2016.05.02-15.30.32:685][174]LogModuleManager: Shutting down and abandoning module IOSTargetPlatform (38)
[2016.05.02-15.30.32:685][174]LogModuleManager: Shutting down and abandoning module HTML5TargetPlatform (37)
[2016.05.02-15.30.32:685][174]LogModuleManager: Shutting down and abandoning module Android_PVRTCTargetPlatform (36)
[2016.05.02-15.30.32:685][174]LogModuleManager: Shutting down and abandoning module Android_MultiTargetPlatform (35)
[2016.05.02-15.30.32:685][174]LogModuleManager: Shutting down and abandoning module Android_ETC2TargetPlatform (34)
[2016.05.02-15.30.32:685][174]LogModuleManager: Shutting down and abandoning module Android_ETC1TargetPlatform (33)
[2016.05.02-15.30.32:685][174]LogModuleManager: Shutting down and abandoning module Android_DXTTargetPlatform (32)
[2016.05.02-15.30.32:686][174]LogModuleManager: Shutting down and abandoning module Android_ATCTargetPlatform (31)
[2016.05.02-15.30.32:686][174]LogModuleManager: Shutting down and abandoning module Android_ASTCTargetPlatform (30)
[2016.05.02-15.30.32:686][174]LogModuleManager: Shutting down and abandoning module AndroidTargetPlatform (29)
[2016.05.02-15.30.32:686][174]LogModuleManager: Shutting down and abandoning module WindowsTargetPlatform (28)
[2016.05.02-15.30.32:686][174]LogModuleManager: Shutting down and abandoning module WindowsServerTargetPlatform (27)
[2016.05.02-15.30.32:686][174]LogModuleManager: Shutting down and abandoning module WindowsNoEditorTargetPlatform (26)
[2016.05.02-15.30.32:686][174]LogModuleManager: Shutting down and abandoning module WindowsClientTargetPlatform (25)
[2016.05.02-15.30.32:686][174]LogModuleManager: Shutting down and abandoning module AllDesktopTargetPlatform (24)
[2016.05.02-15.30.32:686][174]LogModuleManager: Shutting down and abandoning module TargetPlatform (23)
[2016.05.02-15.30.32:686][174]LogModuleManager: Shutting down and abandoning module InputCore (22)
[2016.05.02-15.30.32:686][174]LogModuleManager: Shutting down and abandoning module Settings (21)
[2016.05.02-15.30.32:687][174]LogModuleManager: Shutting down and abandoning module OnlineSubsystem (19)
[2016.05.02-15.30.32:687][174]LogModuleManager: Shutting down and abandoning module HTTP (18)
[2016.05.02-15.30.34:691][174]LogModuleManager: Shutting down and abandoning module XMPP (17)
[2016.05.02-15.30.34:691][174]LogModuleManager: Shutting down and abandoning module OculusRift (16)
[2016.05.02-15.30.34:691][174]LogModuleManager: Shutting down and abandoning module ExampleDeviceProfileSelector (15)
[2016.05.02-15.30.34:691][174]LogModuleManager: Shutting down and abandoning module TextureCompressor (14)
[2016.05.02-15.30.34:692][174]LogModuleManager: Shutting down and abandoning module ShaderCore (13)
[2016.05.02-15.30.34:692][174]LogModuleManager: Shutting down and abandoning module Landscape (12)
[2016.05.02-15.30.34:692][174]LogModuleManager: Shutting down and abandoning module SlateRHIRenderer (11)
[2016.05.02-15.30.34:728][174]LogModuleManager: Shutting down and abandoning module OpenGLDrv (10)
[2016.05.02-15.30.34:728][174]LogModuleManager: Shutting down and abandoning module D3D11RHI (9)
[2016.05.02-15.30.34:728][174]LogModuleManager: Shutting down and abandoning module AnimGraphRuntime (8)
[2016.05.02-15.30.34:728][174]LogModuleManager: Shutting down and abandoning module Renderer (7)
[2016.05.02-15.30.34:728][174]LogModuleManager: Shutting down and abandoning module Engine (6)
[2016.05.02-15.30.34:728][174]LogModuleManager: Shutting down and abandoning module CoreUObject (5)
[2016.05.02-15.30.34:728][174]LogModuleManager: Shutting down and abandoning module NetworkFile (4)
[2016.05.02-15.30.34:728][174]LogModuleManager: Shutting down and abandoning module StreamingFile (3)
[2016.05.02-15.30.34:728][174]LogModuleManager: Shutting down and abandoning module SandboxFile (2)
[2016.05.02-15.30.34:728][174]LogModuleManager: Shutting down and abandoning module PakFile (1)
[2016.05.02-15.30.34:733][174]LogExit: Exiting.
[2016.05.02-15.30.34:746][174]Log file closed, 05/03/16 00:30:34
