[2016.05.08-04.18.26:692][  0]Log file open, 05/08/16 13:18:26
[2016.05.08-04.18.26:692][  0]LogInit:Display: Running engine for game: Hero
[2016.05.08-04.18.26:692][  0]LogPlatformFile: Not using cached read wrapper
[2016.05.08-04.18.26:692][  0]LogInit:Display: RandInit(1240892638) SRandInit(1240892639).
[2016.05.08-04.18.26:692][  0]LogTaskGraph: Started task graph with 4 named threads and 7 total threads.
[2016.05.08-04.18.26:692][  0]LogStats: Stats thread started at 0.074626
[2016.05.08-04.18.26:692][  0]LogInit: Version: 4.10.4-2872498+++depot+UE4-Releases+4.10
[2016.05.08-04.18.26:692][  0]LogInit: API Version: 2758231
[2016.05.08-04.18.26:692][  0]LogInit: Compiled (64-bit): Feb 18 2016 15:47:04
[2016.05.08-04.18.26:692][  0]LogInit: Compiled with Visual C++: 19.00.23026.00
[2016.05.08-04.18.26:692][  0]LogInit: Build Configuration: Development
[2016.05.08-04.18.26:692][  0]LogInit: Branch Name: ++depot+UE4-Releases+4.10
[2016.05.08-04.18.26:692][  0]LogInit: Command line:  
[2016.05.08-04.18.26:692][  0]LogInit: Base directory: D:/Development Kit/Epic Games/4.10/Engine/Binaries/Win64/
[2016.05.08-04.18.26:692][  0]LogInit: Rocket: 1
[2016.05.08-04.18.26:699][  0]LogInit: Using libcurl 7.41.0
[2016.05.08-04.18.26:699][  0]LogInit:  - built for x86_64-pc-win32
[2016.05.08-04.18.26:699][  0]LogInit:  - supports SSL with WinSSL
[2016.05.08-04.18.26:699][  0]LogInit:  - other features:
[2016.05.08-04.18.26:699][  0]LogInit:      CURL_VERSION_SSL
[2016.05.08-04.18.26:699][  0]LogInit:      CURL_VERSION_IPV6
[2016.05.08-04.18.26:699][  0]LogInit:      CURL_VERSION_ASYNCHDNS
[2016.05.08-04.18.26:699][  0]LogInit:      CURL_VERSION_LARGEFILE
[2016.05.08-04.18.26:699][  0]LogInit:      CURL_VERSION_IDN
[2016.05.08-04.18.26:699][  0]LogInit:  CurlRequestOptions (configurable via config and command line):
[2016.05.08-04.18.26:699][  0]LogInit:  - bVerifyPeer = true  - Libcurl will verify peer certificate
[2016.05.08-04.18.26:699][  0]LogInit:  - bUseHttpProxy = false  - Libcurl will NOT use HTTP proxy
[2016.05.08-04.18.26:699][  0]LogInit:  - bDontReuseConnections = false  - Libcurl will reuse connections
[2016.05.08-04.18.26:699][  0]LogInit:  - CertBundlePath = nullptr  - Libcurl will use whatever was configured at build time.
[2016.05.08-04.18.26:706][  0]LogInit: Presizing for 0 objects not considered by GC, pre-allocating 0 bytes.
[2016.05.08-04.18.26:710][  0]LogInit: Object subsystem initialized
[2016.05.08-04.18.26:711][  0]LogInit: Selected Device Profile: [Windows]
[2016.05.08-04.18.26:711][  0]LogInit: Applying CVar settings loaded from the selected device profile: [Windows]
[2016.05.08-04.18.26:719][  0]LogInit: Computer: NARAMPC
[2016.05.08-04.18.26:719][  0]LogInit: User: Naram
[2016.05.08-04.18.26:719][  0]LogInit: CPU Page size=4096, Cores=4
[2016.05.08-04.18.26:719][  0]LogInit: High frequency timer resolution =3.312637 MHz
[2016.05.08-04.18.26:719][  0]LogMemory: Memory total: Physical=7.5GB (8GB approx)
[2016.05.08-04.18.26:719][  0]LogMemory: Platform Memory Stats for Windows
[2016.05.08-04.18.26:719][  0]LogMemory: Process Physical Memory: 57.11 MB used, 57.11 MB peak
[2016.05.08-04.18.26:719][  0]LogMemory: Process Virtual Memory: 56.77 MB used, 56.77 MB peak
[2016.05.08-04.18.26:719][  0]LogMemory: Physical Memory: 3155.48 MB used, 7634.24 MB total
[2016.05.08-04.18.26:719][  0]LogMemory: Virtual Memory: 382.15 MB used, 134217728.00 MB total
[2016.05.08-04.18.26:755][  0]LogTextLocalizationManager: No specific translations for ('ko-KR') exist, so ('ko') translations will be used.
[2016.05.08-04.18.26:787][  0]LogTextLocalizationManager:Warning: Loaded localization resources contain conflicting entries for (Namespace:UObjectToolTips, Key:AnimNode_AssetPlayerBase:InternalTimeAccumulator):
Localization Resource: (D:/Development Kit/Epic Games/4.10/Engine/Content/Localization/EditorTutorials/ko/EditorTutorials.locres) Source String Hash: (502993589) Localized String: (이 노드에서 애셋을 레퍼런싱하는 데 사용되는 누적 시간입니다.)
Localization Resource: (D:/Development Kit/Epic Games/4.10/Engine/Content/Localization/Engine/ko/Engine.locres) Source String Hash: (502993589) Localized String: (이 노드에서 애셋을 레퍼런싱하는 데 사용된 누적 시간입니다.)
[2016.05.08-04.18.26:787][  0]LogTextLocalizationManager:Warning: Loaded localization resources contain conflicting entries for (Namespace:UObjectToolTips, Key:AnimNode_AssetPlayerBase:bIgnoreForRelevancyTest):
Localization Resource: (D:/Development Kit/Epic Games/4.10/Engine/Content/Localization/EditorTutorials/ko/EditorTutorials.locres) Source String Hash: (319969718) Localized String: (True 면, 스테이트에서 최고 가중치 애니메이션을 찾는 "Relevant anim" 노드는 이 노드를 무시합니다.
 )
Localization Resource: (D:/Development Kit/Epic Games/4.10/Engine/Content/Localization/Engine/ko/Engine.locres) Source String Hash: (319969718) Localized String: (True 면 스테이트 내 최고 웨이팅된 애니메이션을 찾는 "Relevant anim" 노드가 무시됩니다.
 )
[2016.05.08-04.18.26:787][  0]LogTextLocalizationManager:Warning: Loaded localization resources contain conflicting entries for (Namespace:UObjectToolTips, Key:AnimNode_AssetPlayerBase:BlendWeight):
Localization Resource: (D:/Development Kit/Epic Games/4.10/Engine/Content/Localization/EditorTutorials/ko/EditorTutorials.locres) Source String Hash: (-1232800293) Localized String: (이 노드에 마지막 걸린 블렌드웨이트 입니다.)
Localization Resource: (D:/Development Kit/Epic Games/4.10/Engine/Content/Localization/Engine/ko/Engine.locres) Source String Hash: (-1232800293) Localized String: (이 노드에 대해 마지막 접한 블렌드 웨이트)
[2016.05.08-04.18.26:925][  0]LogD3D11RHI: Found D3D11 adapter 0: NVIDIA GeForce GTX 660   (Feature Level 11_0)
[2016.05.08-04.18.26:925][  0]LogD3D11RHI: Adapter has 1988MB of dedicated video memory, 0MB of dedicated system memory, and 3817MB of shared system memory, 1 output[s]
[2016.05.08-04.18.26:926][  0]LogD3D11RHI: Found D3D11 adapter 1: Microsoft Basic Render Driver (Feature Level 11_0)
[2016.05.08-04.18.26:926][  0]LogD3D11RHI: Adapter has 0MB of dedicated video memory, 0MB of dedicated system memory, and 3817MB of shared system memory, 0 output[s]
[2016.05.08-04.18.26:926][  0]LogD3D11RHI: Chosen D3D11 Adapter Id = 0
[2016.05.08-04.18.26:930][  0]LogD3D11RHI: !Direct3DDevice
[2016.05.08-04.18.26:930][  0]LogRHI: Texture pool is 1361 MB (70% of 1945 MB)
[2016.05.08-04.18.26:943][  0]LogD3D11RHI: Async texture creation enabled
[2016.05.08-04.18.26:959][  0]LogShaderCompilers: Guid format shader working directory is -12 characters bigger than the processId version (../../../../../WorkSpace/Unreal Projects/Project/Hero 4.10/Intermediate/Shaders/WorkingDirectory/4240/).
[2016.05.08-04.18.26:959][  0]LogShaderCompilers: Cleaned the shader compiler working directory 'C:/Users/Naram/AppData/Local/Temp/UnrealShaderWorkingDir/893267434448C3CBC5C3579AA411F7F1/'.
[2016.05.08-04.18.26:959][  0]LogShaderCompilers:Display: Using Local Shader Compiler.
[2016.05.08-04.18.27:656][  0]LogTemp:Display: Loaded TP AllDesktopTargetPlatform
[2016.05.08-04.18.27:660][  0]LogTemp:Display: Loaded TP WindowsClientTargetPlatform
[2016.05.08-04.18.27:665][  0]LogTemp:Display: Loaded TP WindowsNoEditorTargetPlatform
[2016.05.08-04.18.27:670][  0]LogTemp:Display: Loaded TP WindowsServerTargetPlatform
[2016.05.08-04.18.27:674][  0]LogTemp:Display: Loaded TP WindowsTargetPlatform
[2016.05.08-04.18.27:678][  0]LogTemp:Display: Loaded TP AndroidTargetPlatform
[2016.05.08-04.18.27:681][  0]LogTemp:Display: Loaded TP Android_ASTCTargetPlatform
[2016.05.08-04.18.27:684][  0]LogTemp:Display: Loaded TP Android_ATCTargetPlatform
[2016.05.08-04.18.27:687][  0]LogTemp:Display: Loaded TP Android_DXTTargetPlatform
[2016.05.08-04.18.27:690][  0]LogTemp:Display: Loaded TP Android_ETC1TargetPlatform
[2016.05.08-04.18.27:693][  0]LogTemp:Display: Loaded TP Android_ETC2TargetPlatform
[2016.05.08-04.18.27:699][  0]LogTemp:Display: Loaded TP Android_MultiTargetPlatform
[2016.05.08-04.18.27:699][  0]LogTemp:Display: Loaded TP Android_PVRTCTargetPlatform
[2016.05.08-04.18.27:700][  0]LogTemp:Display: Loaded TP HTML5TargetPlatform
[2016.05.08-04.18.27:717][  0]LogTemp:Display: Loaded TP IOSTargetPlatform
[2016.05.08-04.18.27:719][  0]LogTemp:Display: Loaded TP LinuxNoEditorTargetPlatform
[2016.05.08-04.18.27:722][  0]LogTemp:Display: Loaded TP LinuxServerTargetPlatform
[2016.05.08-04.18.27:724][  0]LogTemp:Display: Loaded TP LinuxTargetPlatform
[2016.05.08-04.18.27:724][  0]LogTargetPlatformManager:Display: Building Assets For Windows
[2016.05.08-04.18.27:815][  0]LogDerivedDataCache:Display: Max Cache Size: 512 MB
[2016.05.08-04.18.27:853][  0]LogDerivedDataCache: Loaded boot cache 0.04s 41MB C:/Users/Naram/AppData/Local/UnrealEngine/4.10/DerivedDataCache/Boot.ddc.
[2016.05.08-04.18.27:853][  0]LogDerivedDataCache:Display: Loaded Boot cache: C:/Users/Naram/AppData/Local/UnrealEngine/4.10/DerivedDataCache/Boot.ddc
[2016.05.08-04.18.27:854][  0]LogDerivedDataCache: FDerivedDataBackendGraph:  Pak pak cache file ../../../../../WorkSpace/Unreal Projects/Project/Hero 4.10/DerivedDataCache/DDC.ddp not found, will not use a pak cache.
[2016.05.08-04.18.27:854][  0]LogDerivedDataCache: Unable to find inner node Pak for hierarchical cache Hierarchy.
[2016.05.08-04.18.27:854][  0]LogDerivedDataCache: FDerivedDataBackendGraph:  CompressedPak pak cache file ../../../../../WorkSpace/Unreal Projects/Project/Hero 4.10/DerivedDataCache/Compressed.ddp not found, will not use a pak cache.
[2016.05.08-04.18.27:854][  0]LogDerivedDataCache: Unable to find inner node CompressedPak for hierarchical cache Hierarchy.
[2016.05.08-04.18.27:903][  0]LogDerivedDataCache:Display: Pak cache opened for reading ../../../Engine/DerivedDataCache/Compressed.ddp.
[2016.05.08-04.18.27:915][  0]LogDerivedDataCache: Using Local data cache path C:/Users/Naram/AppData/Local/UnrealEngine/Common/DerivedDataCache: Writable
[2016.05.08-04.18.28:081][  0]LogInit: Selected Device Profile: [Windows]
[2016.05.08-04.18.28:083][  0]LogContentStreaming: Texture pool size is 0.000000MB
[2016.05.08-04.18.28:185][  0]LogMeshUtilities: No automatic mesh reduction module available
[2016.05.08-04.18.28:185][  0]LogMeshUtilities: No automatic mesh merging module available
[2016.05.08-04.18.28:385][  0]LogInit: WinSock: version 1.1 (2.2), MaxSocks=32767, MaxUdp=65467
[2016.05.08-04.18.29:211][  0]UdpMessaging: Initializing bridge on interface 0.0.0.0:0 to multicast group 230.0.0.1:6666.
[2016.05.08-04.18.29:344][  0]LogAssetRegistry: FAssetRegistry took 0.0108 seconds to start up
[2016.05.08-04.18.29:514][  0]SourceControl: 정보 소스 콘트롤이 꺼졌습니다.
[2016.05.08-04.18.29:552][  0]SourceControl: 정보 소스 콘트롤이 꺼졌습니다.
[2016.05.08-04.18.29:568][  0]SourceControl: 정보 소스 콘트롤이 꺼졌습니다.
[2016.05.08-04.18.29:584][  0]SourceControl: 정보 소스 콘트롤이 꺼졌습니다.
[2016.05.08-04.18.29:913][  0]LogObj: 28633 objects as part of root set at end of initial load.
[2016.05.08-04.18.29:913][  0]LogUObjectAllocator: 6099744 out of 0 bytes used by permanent object pool.
[2016.05.08-04.18.29:964][  0]LogEngine: Initializing Engine...
[2016.05.08-04.18.29:967][  0]LogHMD: Can't find Oculus library dev build: is proper Runtime installed? Version: 0.8.0.0
[2016.05.08-04.18.29:967][  0]LogHMD: SteamVR failed to initialize.  Err: 100
[2016.05.08-04.18.30:077][  0]LogAIModule: Creating AISystem for world NewWorld
[2016.05.08-04.18.30:085][  0]LogInit: XAudio2 using '스피커(Realtek High Definition Audio)' : 2 channels at 48 kHz using 32 bits per sample (channel mask 0x3)
[2016.05.08-04.18.30:109][  0]LogInit: FAudioDevice initialized.
[2016.05.08-04.18.30:130][  0]LogDerivedDataCache: Saved boot cache 0.02s 41MB C:/Users/Naram/AppData/Local/UnrealEngine/4.10/DerivedDataCache/Boot.ddc.
[2016.05.08-04.18.30:132][  0]LogInit: Texture streaming: Enabled
[2016.05.08-04.18.30:138][  0]LogAnalytics: Creating configured Analytics provider AnalyticsET
[2016.05.08-04.18.30:138][  0]LogAnalytics: [UEEditor.Rocket.Release] APIServer = http://et2.epicgames.com/ET2/. AppVersion = 4.10.4-2872498+++depot+UE4-Releases+4.10
[2016.05.08-04.18.30:138][  0]LogAnalytics: [UEEditor.Rocket.Release] SetUserId 325538314b44384481730f8403d05ed6|5757bc0e79d542efb21b5d5f30a43a1b|7f17f01b-53ac-4a4b-834a-c233f59ae9e6
[2016.05.08-04.18.30:138][  0]LogAnalytics: [UEEditor.Rocket.Release] AnalyticsET::StartSession
[2016.05.08-04.18.30:146][  0]LogInit: Transaction tracking system initialized
[2016.05.08-04.18.30:173][  0]BlueprintLog: New page: 에디터 로드
[2016.05.08-04.18.30:252][  0]LocalizationService: 정보 현지화 서비스가 비활성화되었습니다.
[2016.05.08-04.18.30:336][  0]LogConsoleResponse:Display: 
[2016.05.08-04.18.30:440][  0]LogCook:Display: Done creating registry. It took  0.00s.
[2016.05.08-04.18.30:505][  0]LogFileCache: Scanning file cache for directory 'D:/Development Kit/WorkSpace/Unreal Projects/Project/Hero 4.10/Content/' took 0.04s
[2016.05.08-04.18.30:505][  0]SourceControl: 정보 소스 콘트롤이 꺼졌습니다.
[2016.05.08-04.18.30:505][  0]Cmd: MAP LOAD FILE="../../../../../WorkSpace/Unreal Projects/Project/Hero 4.10/Content/StarterContent/Maps/Minimal_Default.umap" TEMPLATE=0 SHOWPROGRESS=1 FEATURELEVEL=3
[2016.05.08-04.18.30:506][  0]LightingResults: New page: 라이팅 빌드
[2016.05.08-04.18.30:509][  0]MapCheck: New page: 맵 체크
[2016.05.08-04.18.30:509][  0]LightingResults: New page: 라이팅 빌드
[2016.05.08-04.18.30:517][  0]LogParticles: Destroying 0 GPU particle simulations for FXSystem 0x000001E0CAF9D260
[2016.05.08-04.18.32:155][  0]LogAIModule: Creating AISystem for world Minimal_Default
[2016.05.08-04.18.32:214][  0]LogEditorServer: Finished looking for orphan Actors (0.000 secs)
[2016.05.08-04.18.32:231][  0]Cmd: MAP CHECKDEP NOCLEARLOG
[2016.05.08-04.18.32:366][  0]MapCheck: 정보 맵 체크 완료: 오류 0 회, 경고 0 회, 소요 시간 134.951ms.
[2016.05.08-04.18.32:366][  0]LogFileHelpers: Loading map 'Minimal_Default' took 1.861
[2016.05.08-04.18.32:484][  0]LogCollectionManager: Loaded 0 collections in 0.002123 seconds
[2016.05.08-04.18.32:524][  0]LogFileCache: Scanning file cache for directory 'D:/Development Kit/WorkSpace/Unreal Projects/Project/Hero 4.10/Saved/Collections/' took 0.01s
[2016.05.08-04.18.32:524][  0]LogFileCache: Scanning file cache for directory 'D:/Development Kit/WorkSpace/Unreal Projects/Project/Hero 4.10/Content/Developers/Naram/Collections/' took 0.01s
[2016.05.08-04.18.32:524][  0]LogFileCache: Scanning file cache for directory 'D:/Development Kit/WorkSpace/Unreal Projects/Project/Hero 4.10/Content/Collections/' took 0.01s
[2016.05.08-04.18.32:524][  0]LogCollectionManager: Rebuilt the GUID cache for 0 collections in 0.000002 seconds
[2016.05.08-04.18.32:530][  0]LogContentBrowser: Native class hierarchy populated in 0.0064 seconds. Added 1893 classes and 338 folders.
[2016.05.08-04.18.32:536][  0]LogContentBrowser: Native class hierarchy updated for 'WidgetCarousel' in 0.0005 seconds. Added 0 classes and 0 folders.
[2016.05.08-04.18.32:600][  0]LogContentBrowser: Native class hierarchy updated for 'AddContentDialog' in 0.0005 seconds. Added 0 classes and 0 folders.
[2016.05.08-04.18.32:604][  0]LogContentBrowser: Native class hierarchy updated for 'SceneOutliner' in 0.0005 seconds. Added 1 classes and 2 folders.
[2016.05.08-04.18.32:655][  0]LogCrashTracker: Crashtracker disabled due to settings.
[2016.05.08-04.18.32:659][  0]LogUObjectGlobals:Warning: 'Class 없음.' 오브젝트를 찾는 데 실패했습니다.
[2016.05.08-04.18.32:681][  0]LogLoad: Full Startup: 6.43 seconds (BP compile: 0.28 seconds)
[2016.05.08-04.18.32:696][  0]LogWindowsTextInputMethodSystem:Display: IME system now activated using TSF (Microsoft 입력기).
[2016.05.08-04.18.32:701][  0]LogOcInput: Can't find Oculus library dev build: is proper Runtime installed? Version: 0.8.0.0
[2016.05.08-04.18.32:964][  0]LogContentStreaming: Texture pool size now 1000 MB
[2016.05.08-04.18.33:073][  0]LogRenderer: Reallocating scene render targets to support 1140x520 (Frame:2).
[2016.05.08-04.18.33:142][  1]Cmd: UpdateLandscapeEditorData -warnings
[2016.05.08-04.18.33:616][  9]LogAssetRegistry: Asset discovery search completed in 4.2832 seconds
[2016.05.08-04.18.33:616][  9]LogCollectionManager: Rebuilt the object cache for 0 collections in 0.000001 seconds (found 0 objects)
[2016.05.08-04.18.33:616][  9]LogCollectionManager: Fixed up redirectors for 0 collections in 0.000024 seconds (updated 0 objects)
[2016.05.08-04.18.40:598][519]LogLinker:Warning: Asset '../../../Engine/Content/ArtTools/RenderToTexture/Macros/RenderToTextureMacros.uasset' has been saved with empty engine version. The asset will be loaded but may be incompatible.
[2016.05.08-04.18.41:011][519]LogContentBrowser: Native class hierarchy updated for 'BlueprintGraph' in 0.0008 seconds. Added 107 classes and 0 folders.
[2016.05.08-04.19.20:741][673]LogFactory: FactoryCreateBinary: SoundWave with ReimportSoundFactory (0 0 H:\Projects\Unreal Projects\soundpick\sound\tower\windmil\Decapitation-SoundBible.com-800292304.wav)
[2016.05.08-04.19.20:759][673]LogAudioDerivedData:Display: OGG 압축 오디오 포맷 Decapitation-SoundBible_com-800292304 웨이브 빌드중...
[2016.05.08-04.19.20:790][673]LogAudioDerivedData:Warning: Updated SoundWave->RawPCMDataSize during cooking SoundWave /Game/KNR/sound/tower/wheelWind/Decapitation-SoundBible_com-800292304.Decapitation-SoundBible_com-800292304.
[2016.05.08-04.19.37:028][334]LogActorComponent: UnregisterComponent: (/Engine/Transient.EditorFloorComp) Not registered. Aborting.
[2016.05.08-04.19.38:955][334]LogParticles: Destroying 0 GPU particle simulations for FXSystem 0x000001E0F92DA3E0
[2016.05.08-04.19.38:956][334]LogParticles: Destroying 0 GPU particle simulations for FXSystem 0x000001E080B4DBC0
[2016.05.08-04.19.40:638][334]LogSavePackage: Save=10.513075ms
[2016.05.08-04.19.40:638][334]LogSavePackage: Moving '../../../../../WorkSpace/Unreal Projects/Project/Hero 4.10/Saved/wheelWindSound267085F0C4E9BABAC506212B26781E4D7.tmp' to '../../../../../WorkSpace/Unreal Projects/Project/Hero 4.10/Content/KNR/sound/tower/wheelWind/wheelWindSound2.uasset'
[2016.05.08-04.19.40:642][334]LogSavePackage: Total save time: 24.449706ms
[2016.05.08-04.19.40:642][334]LogSavePackage:Display: Finished SavePackage ../../../../../WorkSpace/Unreal Projects/Project/Hero 4.10/Content/KNR/sound/tower/wheelWind/wheelWindSound2.uasset
[2016.05.08-04.19.40:708][334]Cmd: OBJ SAVEPACKAGE PACKAGE="/Game/SGH/Building/Tower1_BP" FILE="../../../../../WorkSpace/Unreal Projects/Project/Hero 4.10/Content/SGH/Building/Tower1_BP.uasset" SILENT=true
[2016.05.08-04.19.41:517][334]LogSavePackage: Save=802.203796ms
[2016.05.08-04.19.41:517][334]LogSavePackage: Moving '../../../../../WorkSpace/Unreal Projects/Project/Hero 4.10/Saved/Tower1_BP8F6979EE4FDB2F73F6926AB6AB09F54F.tmp' to '../../../../../WorkSpace/Unreal Projects/Project/Hero 4.10/Content/SGH/Building/Tower1_BP.uasset'
[2016.05.08-04.19.41:521][334]LogSavePackage: Total save time: 811.036345ms
[2016.05.08-04.19.41:521][334]LogSavePackage:Display: Finished SavePackage ../../../../../WorkSpace/Unreal Projects/Project/Hero 4.10/Content/SGH/Building/Tower1_BP.uasset
[2016.05.08-04.20.06:895][221]LogSavePackage: Save=22.443449ms
[2016.05.08-04.20.06:895][221]LogSavePackage: Moving '../../../../../WorkSpace/Unreal Projects/Project/Hero 4.10/Saved/Decapitation-SoundBible_com-8002923040185CF6E440368F92205C5BD66E8E41D.tmp' to '../../../../../WorkSpace/Unreal Projects/Project/Hero 4.10/Content/KNR/sound/tower/wheelWind/Decapitation-SoundBible_com-800292304.uasset'
[2016.05.08-04.20.06:898][221]LogSavePackage: Total save time: 26.267897ms
[2016.05.08-04.20.06:898][221]LogSavePackage:Display: Finished SavePackage ../../../../../WorkSpace/Unreal Projects/Project/Hero 4.10/Content/KNR/sound/tower/wheelWind/Decapitation-SoundBible_com-800292304.uasset
[2016.05.08-04.20.09:684][221]LogSavePackage: Save=2171.945801ms
[2016.05.08-04.20.09:684][221]LogSavePackage: Moving '../../../../../WorkSpace/Unreal Projects/Project/Hero 4.10/Saved/Minimal_DefaultD551355F4F58D4ACD3B69BB1D2A51A9A.tmp' to '../../../../../WorkSpace/Unreal Projects/Project/Hero 4.10/Content/StarterContent/Maps/Minimal_Default.umap'
[2016.05.08-04.20.09:695][221]LogSavePackage: Total save time: 2563.980900ms
[2016.05.08-04.20.09:695][221]LogSavePackage:Display: Finished SavePackage ../../../../../WorkSpace/Unreal Projects/Project/Hero 4.10/Content/StarterContent/Maps/Minimal_Default.umap
[2016.05.08-04.20.09:714][221]LogFileHelpers: Saving map 'Minimal_Default' took 2.814
[2016.05.08-04.20.12:986][603]LogWindows:Error: Windows GetLastError: 작업을 완료했습니다. (0)
[2016.05.08-04.20.15:831][603]LogCrashTracker: 


[2016.05.08-04.20.16:011][603]LogCrashTracker: 


[2016.05.08-04.20.16:011][603]LogWindows:Error: === Critical error: ===
Assertion failed: TCString<TCharType>::Strlen(InName)<=NAME_SIZE [File:D:\BuildFarm\buildmachine_++depot+UE4-Releases+4.10\Engine\Source\Runtime\Core\Private\UObject\UnrealNames.cpp] [Line: 472] 





[2016.05.08-04.20.16:088][603]LogExit: Executing StaticShutdownAfterError
[2016.05.08-04.20.16:095][603]LogPhysics:Warning: PHYSX: ..\..\PhysX\src\NpScene.cpp (2946) 8 : PxScene::unlockWrite() called without matching call to PxScene::lockWrite(), behaviour will be undefined.
[2016.05.08-04.20.16:095][603]LogPhysics:Warning: PHYSX: ..\..\PhysX\src\NpScene.cpp (2946) 8 : PxScene::unlockWrite() called without matching call to PxScene::lockWrite(), behaviour will be undefined.
[2016.05.08-04.20.16:095][603]LogWindows: FPlatformMisc::RequestExit(1)
[2016.05.08-04.20.16:095][603]Log file closed, 05/08/16 13:20:16
