[2016.05.09-18.59.02:212][  0]Log file open, 05/10/16 03:59:02
[2016.05.09-18.59.02:212][  0]LogInit:Display: Running engine for game: Hero
[2016.05.09-18.59.02:212][  0]LogPlatformFile: Not using cached read wrapper
[2016.05.09-18.59.02:212][  0]LogInit:Display: RandInit(998476351) SRandInit(998476351).
[2016.05.09-18.59.02:212][  0]LogTaskGraph: Started task graph with 4 named threads and 7 total threads.
[2016.05.09-18.59.02:212][  0]LogStats: Stats thread started at 0.076901
[2016.05.09-18.59.02:212][  0]LogInit: Version: 4.10.4-2872498+++depot+UE4-Releases+4.10
[2016.05.09-18.59.02:212][  0]LogInit: API Version: 2758231
[2016.05.09-18.59.02:212][  0]LogInit: Compiled (64-bit): Feb 18 2016 15:47:04
[2016.05.09-18.59.02:212][  0]LogInit: Compiled with Visual C++: 19.00.23026.00
[2016.05.09-18.59.02:212][  0]LogInit: Build Configuration: Development
[2016.05.09-18.59.02:212][  0]LogInit: Branch Name: ++depot+UE4-Releases+4.10
[2016.05.09-18.59.02:212][  0]LogInit: Command line:  
[2016.05.09-18.59.02:212][  0]LogInit: Base directory: D:/Development Kit/Epic Games/4.10/Engine/Binaries/Win64/
[2016.05.09-18.59.02:212][  0]LogInit: Rocket: 1
[2016.05.09-18.59.02:219][  0]LogInit: Using libcurl 7.41.0
[2016.05.09-18.59.02:219][  0]LogInit:  - built for x86_64-pc-win32
[2016.05.09-18.59.02:219][  0]LogInit:  - supports SSL with WinSSL
[2016.05.09-18.59.02:219][  0]LogInit:  - other features:
[2016.05.09-18.59.02:219][  0]LogInit:      CURL_VERSION_SSL
[2016.05.09-18.59.02:219][  0]LogInit:      CURL_VERSION_IPV6
[2016.05.09-18.59.02:219][  0]LogInit:      CURL_VERSION_ASYNCHDNS
[2016.05.09-18.59.02:219][  0]LogInit:      CURL_VERSION_LARGEFILE
[2016.05.09-18.59.02:219][  0]LogInit:      CURL_VERSION_IDN
[2016.05.09-18.59.02:219][  0]LogInit:  CurlRequestOptions (configurable via config and command line):
[2016.05.09-18.59.02:219][  0]LogInit:  - bVerifyPeer = true  - Libcurl will verify peer certificate
[2016.05.09-18.59.02:219][  0]LogInit:  - bUseHttpProxy = false  - Libcurl will NOT use HTTP proxy
[2016.05.09-18.59.02:219][  0]LogInit:  - bDontReuseConnections = false  - Libcurl will reuse connections
[2016.05.09-18.59.02:219][  0]LogInit:  - CertBundlePath = nullptr  - Libcurl will use whatever was configured at build time.
[2016.05.09-18.59.02:225][  0]LogInit: Presizing for 0 objects not considered by GC, pre-allocating 0 bytes.
[2016.05.09-18.59.02:230][  0]LogInit: Object subsystem initialized
[2016.05.09-18.59.02:231][  0]LogInit: Selected Device Profile: [Windows]
[2016.05.09-18.59.02:231][  0]LogInit: Applying CVar settings loaded from the selected device profile: [Windows]
[2016.05.09-18.59.02:239][  0]LogInit: Computer: NARAMPC
[2016.05.09-18.59.02:239][  0]LogInit: User: Naram
[2016.05.09-18.59.02:239][  0]LogInit: CPU Page size=4096, Cores=4
[2016.05.09-18.59.02:239][  0]LogInit: High frequency timer resolution =3.312641 MHz
[2016.05.09-18.59.02:239][  0]LogMemory: Memory total: Physical=7.5GB (8GB approx)
[2016.05.09-18.59.02:239][  0]LogMemory: Platform Memory Stats for Windows
[2016.05.09-18.59.02:239][  0]LogMemory: Process Physical Memory: 57.08 MB used, 57.08 MB peak
[2016.05.09-18.59.02:239][  0]LogMemory: Process Virtual Memory: 56.77 MB used, 56.77 MB peak
[2016.05.09-18.59.02:239][  0]LogMemory: Physical Memory: 4085.64 MB used, 7634.24 MB total
[2016.05.09-18.59.02:239][  0]LogMemory: Virtual Memory: 382.15 MB used, 134217728.00 MB total
[2016.05.09-18.59.02:273][  0]LogTextLocalizationManager: No specific translations for ('ko-KR') exist, so ('ko') translations will be used.
[2016.05.09-18.59.02:303][  0]LogTextLocalizationManager:Warning: Loaded localization resources contain conflicting entries for (Namespace:UObjectToolTips, Key:AnimNode_AssetPlayerBase:InternalTimeAccumulator):
Localization Resource: (D:/Development Kit/Epic Games/4.10/Engine/Content/Localization/EditorTutorials/ko/EditorTutorials.locres) Source String Hash: (502993589) Localized String: (이 노드에서 애셋을 레퍼런싱하는 데 사용되는 누적 시간입니다.)
Localization Resource: (D:/Development Kit/Epic Games/4.10/Engine/Content/Localization/Engine/ko/Engine.locres) Source String Hash: (502993589) Localized String: (이 노드에서 애셋을 레퍼런싱하는 데 사용된 누적 시간입니다.)
[2016.05.09-18.59.02:303][  0]LogTextLocalizationManager:Warning: Loaded localization resources contain conflicting entries for (Namespace:UObjectToolTips, Key:AnimNode_AssetPlayerBase:bIgnoreForRelevancyTest):
Localization Resource: (D:/Development Kit/Epic Games/4.10/Engine/Content/Localization/EditorTutorials/ko/EditorTutorials.locres) Source String Hash: (319969718) Localized String: (True 면, 스테이트에서 최고 가중치 애니메이션을 찾는 "Relevant anim" 노드는 이 노드를 무시합니다.
 )
Localization Resource: (D:/Development Kit/Epic Games/4.10/Engine/Content/Localization/Engine/ko/Engine.locres) Source String Hash: (319969718) Localized String: (True 면 스테이트 내 최고 웨이팅된 애니메이션을 찾는 "Relevant anim" 노드가 무시됩니다.
 )
[2016.05.09-18.59.02:303][  0]LogTextLocalizationManager:Warning: Loaded localization resources contain conflicting entries for (Namespace:UObjectToolTips, Key:AnimNode_AssetPlayerBase:BlendWeight):
Localization Resource: (D:/Development Kit/Epic Games/4.10/Engine/Content/Localization/EditorTutorials/ko/EditorTutorials.locres) Source String Hash: (-1232800293) Localized String: (이 노드에 마지막 걸린 블렌드웨이트 입니다.)
Localization Resource: (D:/Development Kit/Epic Games/4.10/Engine/Content/Localization/Engine/ko/Engine.locres) Source String Hash: (-1232800293) Localized String: (이 노드에 대해 마지막 접한 블렌드 웨이트)
[2016.05.09-18.59.02:444][  0]LogD3D11RHI: Found D3D11 adapter 0: NVIDIA GeForce GTX 660   (Feature Level 11_0)
[2016.05.09-18.59.02:444][  0]LogD3D11RHI: Adapter has 1988MB of dedicated video memory, 0MB of dedicated system memory, and 3817MB of shared system memory, 1 output[s]
[2016.05.09-18.59.02:445][  0]LogD3D11RHI: Found D3D11 adapter 1: Microsoft Basic Render Driver (Feature Level 11_0)
[2016.05.09-18.59.02:445][  0]LogD3D11RHI: Adapter has 0MB of dedicated video memory, 0MB of dedicated system memory, and 3817MB of shared system memory, 0 output[s]
[2016.05.09-18.59.02:445][  0]LogD3D11RHI: Chosen D3D11 Adapter Id = 0
[2016.05.09-18.59.02:449][  0]LogD3D11RHI: !Direct3DDevice
[2016.05.09-18.59.02:449][  0]LogRHI: Texture pool is 1361 MB (70% of 1945 MB)
[2016.05.09-18.59.02:461][  0]LogD3D11RHI: Async texture creation enabled
[2016.05.09-18.59.02:475][  0]LogShaderCompilers: Guid format shader working directory is -13 characters bigger than the processId version (../../../../../WorkSpace/Unreal Projects/Project/Hero 4.10/Intermediate/Shaders/WorkingDirectory/10016/).
[2016.05.09-18.59.02:475][  0]LogShaderCompilers: Cleaned the shader compiler working directory 'C:/Users/Naram/AppData/Local/Temp/UnrealShaderWorkingDir/B6FEB5E747F83818A142DA8967716CD4/'.
[2016.05.09-18.59.02:475][  0]LogShaderCompilers:Display: Using Local Shader Compiler.
[2016.05.09-18.59.03:164][  0]LogTemp:Display: Loaded TP AllDesktopTargetPlatform
[2016.05.09-18.59.03:168][  0]LogTemp:Display: Loaded TP WindowsClientTargetPlatform
[2016.05.09-18.59.03:173][  0]LogTemp:Display: Loaded TP WindowsNoEditorTargetPlatform
[2016.05.09-18.59.03:177][  0]LogTemp:Display: Loaded TP WindowsServerTargetPlatform
[2016.05.09-18.59.03:182][  0]LogTemp:Display: Loaded TP WindowsTargetPlatform
[2016.05.09-18.59.03:185][  0]LogTemp:Display: Loaded TP AndroidTargetPlatform
[2016.05.09-18.59.03:188][  0]LogTemp:Display: Loaded TP Android_ASTCTargetPlatform
[2016.05.09-18.59.03:190][  0]LogTemp:Display: Loaded TP Android_ATCTargetPlatform
[2016.05.09-18.59.03:193][  0]LogTemp:Display: Loaded TP Android_DXTTargetPlatform
[2016.05.09-18.59.03:196][  0]LogTemp:Display: Loaded TP Android_ETC1TargetPlatform
[2016.05.09-18.59.03:199][  0]LogTemp:Display: Loaded TP Android_ETC2TargetPlatform
[2016.05.09-18.59.03:205][  0]LogTemp:Display: Loaded TP Android_MultiTargetPlatform
[2016.05.09-18.59.03:205][  0]LogTemp:Display: Loaded TP Android_PVRTCTargetPlatform
[2016.05.09-18.59.03:206][  0]LogTemp:Display: Loaded TP HTML5TargetPlatform
[2016.05.09-18.59.03:222][  0]LogTemp:Display: Loaded TP IOSTargetPlatform
[2016.05.09-18.59.03:224][  0]LogTemp:Display: Loaded TP LinuxNoEditorTargetPlatform
[2016.05.09-18.59.03:227][  0]LogTemp:Display: Loaded TP LinuxServerTargetPlatform
[2016.05.09-18.59.03:230][  0]LogTemp:Display: Loaded TP LinuxTargetPlatform
[2016.05.09-18.59.03:230][  0]LogTargetPlatformManager:Display: Building Assets For Windows
[2016.05.09-18.59.03:323][  0]LogDerivedDataCache:Display: Max Cache Size: 512 MB
[2016.05.09-18.59.03:363][  0]LogDerivedDataCache: Loaded boot cache 0.04s 41MB C:/Users/Naram/AppData/Local/UnrealEngine/4.10/DerivedDataCache/Boot.ddc.
[2016.05.09-18.59.03:363][  0]LogDerivedDataCache:Display: Loaded Boot cache: C:/Users/Naram/AppData/Local/UnrealEngine/4.10/DerivedDataCache/Boot.ddc
[2016.05.09-18.59.03:363][  0]LogDerivedDataCache: FDerivedDataBackendGraph:  Pak pak cache file ../../../../../WorkSpace/Unreal Projects/Project/Hero 4.10/DerivedDataCache/DDC.ddp not found, will not use a pak cache.
[2016.05.09-18.59.03:363][  0]LogDerivedDataCache: Unable to find inner node Pak for hierarchical cache Hierarchy.
[2016.05.09-18.59.03:363][  0]LogDerivedDataCache: FDerivedDataBackendGraph:  CompressedPak pak cache file ../../../../../WorkSpace/Unreal Projects/Project/Hero 4.10/DerivedDataCache/Compressed.ddp not found, will not use a pak cache.
[2016.05.09-18.59.03:363][  0]LogDerivedDataCache: Unable to find inner node CompressedPak for hierarchical cache Hierarchy.
[2016.05.09-18.59.03:412][  0]LogDerivedDataCache:Display: Pak cache opened for reading ../../../Engine/DerivedDataCache/Compressed.ddp.
[2016.05.09-18.59.03:425][  0]LogDerivedDataCache: Using Local data cache path C:/Users/Naram/AppData/Local/UnrealEngine/Common/DerivedDataCache: Writable
[2016.05.09-18.59.03:589][  0]LogInit: Selected Device Profile: [Windows]
[2016.05.09-18.59.03:590][  0]LogContentStreaming: Texture pool size is 0.000000MB
[2016.05.09-18.59.03:691][  0]LogMeshUtilities: No automatic mesh reduction module available
[2016.05.09-18.59.03:691][  0]LogMeshUtilities: No automatic mesh merging module available
[2016.05.09-18.59.03:907][  0]LogInit: WinSock: version 1.1 (2.2), MaxSocks=32767, MaxUdp=65467
[2016.05.09-18.59.04:707][  0]UdpMessaging: Initializing bridge on interface 0.0.0.0:0 to multicast group 230.0.0.1:6666.
[2016.05.09-18.59.04:846][  0]LogAssetRegistry: FAssetRegistry took 0.0108 seconds to start up
[2016.05.09-18.59.05:012][  0]SourceControl: 정보 소스 콘트롤이 꺼졌습니다.
[2016.05.09-18.59.05:048][  0]SourceControl: 정보 소스 콘트롤이 꺼졌습니다.
[2016.05.09-18.59.05:064][  0]SourceControl: 정보 소스 콘트롤이 꺼졌습니다.
[2016.05.09-18.59.05:080][  0]SourceControl: 정보 소스 콘트롤이 꺼졌습니다.
[2016.05.09-18.59.05:401][  0]LogObj: 28633 objects as part of root set at end of initial load.
[2016.05.09-18.59.05:401][  0]LogUObjectAllocator: 6099752 out of 0 bytes used by permanent object pool.
[2016.05.09-18.59.05:452][  0]LogEngine: Initializing Engine...
[2016.05.09-18.59.05:763][  0]LogHMD: Can't find Oculus library dev build: is proper Runtime installed? Version: 0.8.0.0
[2016.05.09-18.59.05:765][  0]LogHMD: SteamVR failed to initialize.  Err: 100
[2016.05.09-18.59.05:873][  0]LogAIModule: Creating AISystem for world NewWorld
[2016.05.09-18.59.05:881][  0]LogInit: XAudio2 using '스피커(Realtek High Definition Audio)' : 2 channels at 48 kHz using 32 bits per sample (channel mask 0x3)
[2016.05.09-18.59.05:895][  0]LogInit: FAudioDevice initialized.
[2016.05.09-18.59.05:915][  0]LogDerivedDataCache: Saved boot cache 0.02s 41MB C:/Users/Naram/AppData/Local/UnrealEngine/4.10/DerivedDataCache/Boot.ddc.
[2016.05.09-18.59.05:918][  0]LogInit: Texture streaming: Enabled
[2016.05.09-18.59.05:923][  0]LogAnalytics: Creating configured Analytics provider AnalyticsET
[2016.05.09-18.59.05:923][  0]LogAnalytics: [UEEditor.Rocket.Release] APIServer = http://et2.epicgames.com/ET2/. AppVersion = 4.10.4-2872498+++depot+UE4-Releases+4.10
[2016.05.09-18.59.05:923][  0]LogAnalytics: [UEEditor.Rocket.Release] SetUserId 325538314b44384481730f8403d05ed6|5757bc0e79d542efb21b5d5f30a43a1b|7f17f01b-53ac-4a4b-834a-c233f59ae9e6
[2016.05.09-18.59.05:923][  0]LogAnalytics: [UEEditor.Rocket.Release] AnalyticsET::StartSession
[2016.05.09-18.59.05:932][  0]LogInit: Transaction tracking system initialized
[2016.05.09-18.59.05:956][  0]BlueprintLog: New page: 에디터 로드
[2016.05.09-18.59.06:037][  0]LocalizationService: 정보 현지화 서비스가 비활성화되었습니다.
[2016.05.09-18.59.06:119][  0]LogConsoleResponse:Display: 
[2016.05.09-18.59.06:219][  0]LogCook:Display: Done creating registry. It took  0.00s.
[2016.05.09-18.59.06:286][  0]LogFileCache: Scanning file cache for directory 'D:/Development Kit/WorkSpace/Unreal Projects/Project/Hero 4.10/Content/' took 0.04s
[2016.05.09-18.59.06:286][  0]SourceControl: 정보 소스 콘트롤이 꺼졌습니다.
[2016.05.09-18.59.06:286][  0]Cmd: MAP LOAD FILE="../../../../../WorkSpace/Unreal Projects/Project/Hero 4.10/Content/StarterContent/Maps/Minimal_Default.umap" TEMPLATE=0 SHOWPROGRESS=1 FEATURELEVEL=3
[2016.05.09-18.59.06:287][  0]LightingResults: New page: 라이팅 빌드
[2016.05.09-18.59.06:289][  0]MapCheck: New page: 맵 체크
[2016.05.09-18.59.06:289][  0]LightingResults: New page: 라이팅 빌드
[2016.05.09-18.59.06:298][  0]LogParticles: Destroying 0 GPU particle simulations for FXSystem 0x000001CBB5E89260
[2016.05.09-18.59.07:940][  0]LogAIModule: Creating AISystem for world Minimal_Default
[2016.05.09-18.59.08:001][  0]LogEditorServer: Finished looking for orphan Actors (0.000 secs)
[2016.05.09-18.59.08:018][  0]Cmd: MAP CHECKDEP NOCLEARLOG
[2016.05.09-18.59.08:153][  0]MapCheck: 정보 맵 체크 완료: 오류 0 회, 경고 0 회, 소요 시간 134.789ms.
[2016.05.09-18.59.08:153][  0]LogFileHelpers: Loading map 'Minimal_Default' took 1.867
[2016.05.09-18.59.08:249][  0]LogCollectionManager: Loaded 0 collections in 0.002300 seconds
[2016.05.09-18.59.08:290][  0]LogFileCache: Scanning file cache for directory 'D:/Development Kit/WorkSpace/Unreal Projects/Project/Hero 4.10/Saved/Collections/' took 0.01s
[2016.05.09-18.59.08:290][  0]LogFileCache: Scanning file cache for directory 'D:/Development Kit/WorkSpace/Unreal Projects/Project/Hero 4.10/Content/Developers/Naram/Collections/' took 0.01s
[2016.05.09-18.59.08:290][  0]LogFileCache: Scanning file cache for directory 'D:/Development Kit/WorkSpace/Unreal Projects/Project/Hero 4.10/Content/Collections/' took 0.01s
[2016.05.09-18.59.08:290][  0]LogCollectionManager: Rebuilt the GUID cache for 0 collections in 0.000001 seconds
[2016.05.09-18.59.08:296][  0]LogContentBrowser: Native class hierarchy populated in 0.0065 seconds. Added 1893 classes and 338 folders.
[2016.05.09-18.59.08:302][  0]LogContentBrowser: Native class hierarchy updated for 'WidgetCarousel' in 0.0005 seconds. Added 0 classes and 0 folders.
[2016.05.09-18.59.08:365][  0]LogContentBrowser: Native class hierarchy updated for 'AddContentDialog' in 0.0006 seconds. Added 0 classes and 0 folders.
[2016.05.09-18.59.08:369][  0]LogContentBrowser: Native class hierarchy updated for 'SceneOutliner' in 0.0005 seconds. Added 1 classes and 2 folders.
[2016.05.09-18.59.08:422][  0]LogCrashTracker: Crashtracker disabled due to settings.
[2016.05.09-18.59.08:427][  0]LogUObjectGlobals:Warning: 'Class 없음.' 오브젝트를 찾는 데 실패했습니다.
[2016.05.09-18.59.08:449][  0]LogLoad: Full Startup: 6.64 seconds (BP compile: 0.28 seconds)
[2016.05.09-18.59.08:806][  0]LogOcInput: Can't find Oculus library dev build: is proper Runtime installed? Version: 0.8.0.0
[2016.05.09-18.59.08:860][  0]LogContentStreaming: Texture pool size now 1000 MB
[2016.05.09-18.59.08:977][  0]LogRenderer: Reallocating scene render targets to support 1208x572 (Frame:2).
[2016.05.09-18.59.09:067][  1]Cmd: UpdateLandscapeEditorData -warnings
[2016.05.09-18.59.11:684][ 12]LogAssetRegistry: Asset discovery search completed in 6.8492 seconds
[2016.05.09-18.59.11:684][ 12]LogCollectionManager: Rebuilt the object cache for 0 collections in 0.000001 seconds (found 0 objects)
[2016.05.09-18.59.11:684][ 12]LogCollectionManager: Fixed up redirectors for 0 collections in 0.000044 seconds (updated 0 objects)
[2016.05.09-18.59.15:706][188]LogLinker:Warning: Asset '../../../Engine/Content/ArtTools/RenderToTexture/Macros/RenderToTextureMacros.uasset' has been saved with empty engine version. The asset will be loaded but may be incompatible.
[2016.05.09-18.59.16:121][188]LogContentBrowser: Native class hierarchy updated for 'BlueprintGraph' in 0.0009 seconds. Added 107 classes and 0 folders.
[2016.05.09-18.59.51:046][236]LogActorComponent: UnregisterComponent: (/Engine/Transient.ProjectileMovement_GEN_VARIABLE) Not registered. Aborting.
[2016.05.09-18.59.51:046][236]LogActorComponent: UnregisterComponent: (/Engine/Transient.ProjectileMovementComponent_0) Not registered. Aborting.
[2016.05.09-18.59.53:219][489]BlueprintLog: New page: ArrowProjectile_BP 컴파일
[2016.05.09-18.59.53:345][489]LogActorComponent: UnregisterComponent: (/Engine/Transient.ProjectileMovementComponent_1) Not registered. Aborting.
[2016.05.09-18.59.53:437][489]BlueprintEditorCompileResults: 정보 [0051.63] ArrowProjectile_BP 컴파일에 성공했습니다! [소요시간 217 ms]
[2016.05.09-18.59.53:801][522]Cmd: OBJ SAVEPACKAGE PACKAGE="/Game/SGH/Projectile/ArrowProjectile_BP" FILE="../../../../../WorkSpace/Unreal Projects/Project/Hero 4.10/Content/SGH/Projectile/ArrowProjectile_BP.uasset" SILENT=true
[2016.05.09-18.59.53:937][522]LogSavePackage: Save=102.405907ms
[2016.05.09-18.59.53:937][522]LogSavePackage: Moving '../../../../../WorkSpace/Unreal Projects/Project/Hero 4.10/Saved/ArrowProjectile_BPBB4FB2E34A9E99C260632EB41C225170.tmp' to '../../../../../WorkSpace/Unreal Projects/Project/Hero 4.10/Content/SGH/Projectile/ArrowProjectile_BP.uasset'
[2016.05.09-18.59.53:952][522]LogSavePackage: Total save time: 149.470769ms
[2016.05.09-18.59.53:952][522]LogSavePackage:Display: Finished SavePackage ../../../../../WorkSpace/Unreal Projects/Project/Hero 4.10/Content/SGH/Projectile/ArrowProjectile_BP.uasset
[2016.05.09-19.00.02:337][482]Cmd: OBJ SAVEPACKAGE PACKAGE="/Game/SGH/Projectile/Beam_BP" FILE="../../../../../WorkSpace/Unreal Projects/Project/Hero 4.10/Content/SGH/Projectile/Beam_BP.uasset" SILENT=true
[2016.05.09-19.00.02:558][482]LogSavePackage: Save=213.510010ms
[2016.05.09-19.00.02:558][482]LogSavePackage: Moving '../../../../../WorkSpace/Unreal Projects/Project/Hero 4.10/Saved/Beam_BPDC371ADD40B64FA8309DA4B864F680A6.tmp' to '../../../../../WorkSpace/Unreal Projects/Project/Hero 4.10/Content/SGH/Projectile/Beam_BP.uasset'
[2016.05.09-19.00.02:562][482]LogSavePackage: Total save time: 223.693725ms
[2016.05.09-19.00.02:562][482]LogSavePackage:Display: Finished SavePackage ../../../../../WorkSpace/Unreal Projects/Project/Hero 4.10/Content/SGH/Projectile/Beam_BP.uasset
[2016.05.09-19.00.11:769][471]Cmd: OBJ SAVEPACKAGE PACKAGE="/Game/SGH/Projectile/SkillProjectile2_BP" FILE="../../../../../WorkSpace/Unreal Projects/Project/Hero 4.10/Content/SGH/Projectile/SkillProjectile2_BP.uasset" SILENT=true
[2016.05.09-19.00.11:853][471]LogSavePackage: Save=63.699928ms
[2016.05.09-19.00.11:853][471]LogSavePackage: Moving '../../../../../WorkSpace/Unreal Projects/Project/Hero 4.10/Saved/SkillProjectile2_BP3D155CA74F5F7CAB7C585FB5C5EDBC9C.tmp' to '../../../../../WorkSpace/Unreal Projects/Project/Hero 4.10/Content/SGH/Projectile/SkillProjectile2_BP.uasset'
[2016.05.09-19.00.11:868][471]LogSavePackage: Total save time: 96.605398ms
[2016.05.09-19.00.11:868][471]LogSavePackage:Display: Finished SavePackage ../../../../../WorkSpace/Unreal Projects/Project/Hero 4.10/Content/SGH/Projectile/SkillProjectile2_BP.uasset
[2016.05.09-19.00.12:843][588]BlueprintLog: New page: SkillProjectile2_BP 컴파일
[2016.05.09-19.00.12:940][588]LogActorComponent: UnregisterComponent: (/Engine/Transient.ProjectileMovement_GEN_VARIABLE) Not registered. Aborting.
[2016.05.09-19.00.12:940][588]LogActorComponent: UnregisterComponent: (/Engine/Transient.ProjectileMovementComponent_2) Not registered. Aborting.
[2016.05.09-19.00.12:972][588]BlueprintEditorCompileResults: 정보 [0071.16] SkillProjectile2_BP 컴파일에 성공했습니다! [소요시간 129 ms]
[2016.05.09-19.00.13:570][654]Cmd: OBJ SAVEPACKAGE PACKAGE="/Game/SGH/Projectile/SkillProjectile2_BP" FILE="../../../../../WorkSpace/Unreal Projects/Project/Hero 4.10/Content/SGH/Projectile/SkillProjectile2_BP.uasset" SILENT=true
[2016.05.09-19.00.13:648][654]LogSavePackage: Save=72.002670ms
[2016.05.09-19.00.13:648][654]LogSavePackage: Moving '../../../../../WorkSpace/Unreal Projects/Project/Hero 4.10/Saved/SkillProjectile2_BPDA40AA534EEAF7606FB03ABB2840DE73.tmp' to '../../../../../WorkSpace/Unreal Projects/Project/Hero 4.10/Content/SGH/Projectile/SkillProjectile2_BP.uasset'
[2016.05.09-19.00.13:650][654]LogSavePackage: Total save time: 78.989543ms
[2016.05.09-19.00.13:650][654]LogSavePackage:Display: Finished SavePackage ../../../../../WorkSpace/Unreal Projects/Project/Hero 4.10/Content/SGH/Projectile/SkillProjectile2_BP.uasset
[2016.05.09-19.00.22:059][509]BlueprintLog: New page: WheelWind_BP 컴파일
[2016.05.09-19.00.22:156][509]LogActorComponent: UnregisterComponent: (/Engine/Transient.ProjectileMovement_GEN_VARIABLE) Not registered. Aborting.
[2016.05.09-19.00.22:156][509]LogActorComponent: UnregisterComponent: (/Engine/Transient.ProjectileMovementComponent_3) Not registered. Aborting.
[2016.05.09-19.00.22:188][509]BlueprintEditorCompileResults: 정보 [0080.38] WheelWind_BP 컴파일에 성공했습니다! [소요시간 128 ms]
[2016.05.09-19.00.22:770][571]Cmd: OBJ SAVEPACKAGE PACKAGE="/Game/SGH/Projectile/WheelWind_BP" FILE="../../../../../WorkSpace/Unreal Projects/Project/Hero 4.10/Content/SGH/Projectile/WheelWind_BP.uasset" SILENT=true
[2016.05.09-19.00.22:840][571]LogSavePackage: Save=61.512550ms
[2016.05.09-19.00.22:840][571]LogSavePackage: Moving '../../../../../WorkSpace/Unreal Projects/Project/Hero 4.10/Saved/WheelWind_BP89DC2CC4453CE7FE07B709A697D1AD38.tmp' to '../../../../../WorkSpace/Unreal Projects/Project/Hero 4.10/Content/SGH/Projectile/WheelWind_BP.uasset'
[2016.05.09-19.00.22:853][571]LogSavePackage: Total save time: 81.096321ms
[2016.05.09-19.00.22:853][571]LogSavePackage:Display: Finished SavePackage ../../../../../WorkSpace/Unreal Projects/Project/Hero 4.10/Content/SGH/Projectile/WheelWind_BP.uasset
[2016.05.09-19.02.31:611][709]LogActorComponent: UnregisterComponent: (/Engine/Transient.EditorFloorComp) Not registered. Aborting.
[2016.05.09-19.02.31:657][709]LogWindowsTextInputMethodSystem:Display: IME system now activated using TSF (Microsoft 입력기).
[2016.05.09-19.02.31:845][710]Cmd: QUIT_EDITOR
[2016.05.09-19.02.31:956][710]LogExit: Preparing to exit.
[2016.05.09-19.02.32:889][710]LogExit: Editor shut down
[2016.05.09-19.02.32:889][710]LogExit: Transaction tracking system shut down
[2016.05.09-19.02.32:892][710]LogParticles: Destroying 0 GPU particle simulations for FXSystem 0x000001CBBDE1CA40
[2016.05.09-19.02.32:895][710]LogParticles: Destroying 0 GPU particle simulations for FXSystem 0x000001CBB522A5C0
[2016.05.09-19.02.32:895][710]LogParticles: Destroying 0 GPU particle simulations for FXSystem 0x000001CBD62714E0
[2016.05.09-19.02.32:896][710]LogParticles: Destroying 0 GPU particle simulations for FXSystem 0x000001CBE64B7880
[2016.05.09-19.02.32:900][710]LogParticles: Destroying 0 GPU particle simulations for FXSystem 0x000001CBC4BD0C20
[2016.05.09-19.02.32:900][710]LogParticles: Destroying 0 GPU particle simulations for FXSystem 0x000001CBEBFE1760
[2016.05.09-19.02.33:068][710]LogParticles: Destroying 0 GPU particle simulations for FXSystem 0x000001CB8EB951C0
[2016.05.09-19.02.33:068][710]LogExit: Object subsystem successfully closed.
[2016.05.09-19.02.33:082][710]LogD3D11RHI: Shutdown
[2016.05.09-19.02.33:082][710]LogD3D11RHI: CleanupD3DDevice
[2016.05.09-19.02.33:154][710]LogD3D11RHI: ~FD3D11DynamicRHI
[2016.05.09-19.02.33:174][710]LogModuleManager: Shutting down and abandoning module CookingStats (200)
[2016.05.09-19.02.33:174][710]LogModuleManager: Shutting down and abandoning module BlueprintGraph (199)
[2016.05.09-19.02.33:174][710]LogModuleManager: Shutting down and abandoning module CrashTracker (198)
[2016.05.09-19.02.33:174][710]LogModuleManager: Shutting down and abandoning module SceneOutliner (197)
[2016.05.09-19.02.33:174][710]LogModuleManager: Shutting down and abandoning module SuperSearch (196)
[2016.05.09-19.02.33:174][710]LogModuleManager: Shutting down and abandoning module WidgetCarousel (195)
[2016.05.09-19.02.33:174][710]LogModuleManager: Shutting down and abandoning module AddContentDialog (194)
[2016.05.09-19.02.33:175][710]LogModuleManager: Shutting down and abandoning module EditorWidgets (193)
[2016.05.09-19.02.33:175][710]LogModuleManager: Shutting down and abandoning module CollectionManager (192)
[2016.05.09-19.02.33:175][710]LogModuleManager: Shutting down and abandoning module StatsViewer (191)
[2016.05.09-19.02.33:175][710]LogModuleManager: Shutting down and abandoning module FoliageEdit (190)
[2016.05.09-19.02.33:175][710]LogModuleManager: Shutting down and abandoning module LandscapeEditor (189)
[2016.05.09-19.02.33:175][710]LogModuleManager: Shutting down and abandoning module ActorPickerMode (188)
[2016.05.09-19.02.33:175][710]LogModuleManager: Shutting down and abandoning module GeometryMode (187)
[2016.05.09-19.02.33:175][710]LogModuleManager: Shutting down and abandoning module TextureAlignMode (186)
[2016.05.09-19.02.33:175][710]LogModuleManager: Shutting down and abandoning module BspMode (185)
[2016.05.09-19.02.33:175][710]LogModuleManager: Shutting down and abandoning module PlacementMode (184)
[2016.05.09-19.02.33:175][710]LogModuleManager: Shutting down and abandoning module AutomationWorker (183)
[2016.05.09-19.02.33:175][710]LogModuleManager: Shutting down and abandoning module CharacterAI (182)
[2016.05.09-19.02.33:175][710]LogModuleManager: Shutting down and abandoning module SmartSnapping (181)
[2016.05.09-19.02.33:175][710]LogModuleManager: Shutting down and abandoning module ViewportSnapping (180)
[2016.05.09-19.02.33:175][710]LogModuleManager: Shutting down and abandoning module LogVisualizer (179)
[2016.05.09-19.02.33:176][710]LogModuleManager: Shutting down and abandoning module GameProjectGeneration (178)
[2016.05.09-19.02.33:176][710]LogModuleManager: Shutting down and abandoning module IntroTutorials (177)
[2016.05.09-19.02.33:176][710]LogModuleManager: Shutting down and abandoning module EditorLiveStreaming (176)
[2016.05.09-19.02.33:176][710]LogModuleManager: Shutting down and abandoning module IOSPlatformEditor (175)
[2016.05.09-19.02.33:176][710]LogModuleManager: Shutting down and abandoning module HTML5PlatformEditor (174)
[2016.05.09-19.02.33:176][710]LogModuleManager: Shutting down and abandoning module AndroidDeviceDetection (173)
[2016.05.09-19.02.34:151][710]LogModuleManager: Shutting down and abandoning module AndroidPlatformEditor (172)
[2016.05.09-19.02.34:151][710]LogModuleManager: Shutting down and abandoning module IOSRuntimeSettings (171)
[2016.05.09-19.02.34:151][710]LogModuleManager: Shutting down and abandoning module AndroidRuntimeSettings (170)
[2016.05.09-19.02.34:151][710]LogModuleManager: Shutting down and abandoning module MergeActors (169)
[2016.05.09-19.02.34:151][710]LogModuleManager: Shutting down and abandoning module SizeMap (168)
[2016.05.09-19.02.34:151][710]LogModuleManager: Shutting down and abandoning module TreeMap (167)
[2016.05.09-19.02.34:151][710]LogModuleManager: Shutting down and abandoning module ReferenceViewer (166)
[2016.05.09-19.02.34:151][710]LogModuleManager: Shutting down and abandoning module LocalizationService (165)
[2016.05.09-19.02.34:151][710]LogModuleManager: Shutting down and abandoning module LocalizationDashboard (164)
[2016.05.09-19.02.34:152][710]LogModuleManager: Shutting down and abandoning module HardwareTargeting (163)
[2016.05.09-19.02.34:152][710]LogModuleManager: Shutting down and abandoning module DeviceProfileEditor (162)
[2016.05.09-19.02.34:152][710]LogModuleManager: Shutting down and abandoning module UndoHistory (161)
[2016.05.09-19.02.34:152][710]LogModuleManager: Shutting down and abandoning module GameplayTagsEditor (160)
[2016.05.09-19.02.34:152][710]LogModuleManager: Shutting down and abandoning module UserFeedback (159)
[2016.05.09-19.02.34:152][710]LogModuleManager: Shutting down and abandoning module XmlParser (158)
[2016.05.09-19.02.34:152][710]LogModuleManager: Shutting down and abandoning module Blutility (157)
[2016.05.09-19.02.34:152][710]LogModuleManager: Shutting down and abandoning module ProjectTargetPlatformEditor (156)
[2016.05.09-19.02.34:152][710]LogModuleManager: Shutting down and abandoning module ProjectSettingsViewer (155)
[2016.05.09-19.02.34:152][710]LogModuleManager: Shutting down and abandoning module InputBindingEditor (154)
[2016.05.09-19.02.34:152][710]LogModuleManager: Shutting down and abandoning module EditorSettingsViewer (153)
[2016.05.09-19.02.34:153][710]LogModuleManager: Shutting down and abandoning module SettingsEditor (152)
[2016.05.09-19.02.34:153][710]LogModuleManager: Shutting down and abandoning module ProjectLauncher (151)
[2016.05.09-19.02.34:153][710]LogModuleManager: Shutting down and abandoning module SessionFrontend (150)
[2016.05.09-19.02.34:153][710]LogModuleManager: Shutting down and abandoning module ProfilerClient (149)
[2016.05.09-19.02.34:153][710]LogModuleManager: Shutting down and abandoning module TargetDeviceServices (148)
[2016.05.09-19.02.34:153][710]LogModuleManager: Shutting down and abandoning module DeviceManager (147)
[2016.05.09-19.02.34:153][710]LogModuleManager: Shutting down and abandoning module AutomationController (146)
[2016.05.09-19.02.34:153][710]LogModuleManager: Shutting down and abandoning module AutomationWindow (145)
[2016.05.09-19.02.34:153][710]LogModuleManager: Shutting down and abandoning module Layers (144)
[2016.05.09-19.02.34:153][710]LogModuleManager: Shutting down and abandoning module ComponentVisualizers (143)
[2016.05.09-19.02.34:153][710]LogModuleManager: Shutting down and abandoning module DetailCustomizations (142)
[2016.05.09-19.02.34:153][710]LogModuleManager: Shutting down and abandoning module PackagesDialog (141)
[2016.05.09-19.02.34:154][710]LogModuleManager: Shutting down and abandoning module Persona (140)
[2016.05.09-19.02.34:154][710]LogModuleManager: Shutting down and abandoning module Kismet (139)
[2016.05.09-19.02.34:154][710]LogModuleManager: Shutting down and abandoning module GraphEditor (138)
[2016.05.09-19.02.34:154][710]LogModuleManager: Shutting down and abandoning module ClassViewer (137)
[2016.05.09-19.02.34:154][710]LogModuleManager: Shutting down and abandoning module Toolbox (136)
[2016.05.09-19.02.34:154][710]LogModuleManager: Shutting down and abandoning module ModuleUI (135)
[2016.05.09-19.02.34:154][710]LogModuleManager: Shutting down and abandoning module MovieSceneTools (134)
[2016.05.09-19.02.34:154][710]LogModuleManager: Shutting down and abandoning module OutputLog (133)
[2016.05.09-19.02.34:154][710]LogModuleManager: Shutting down and abandoning module GammaUI (132)
[2016.05.09-19.02.34:154][710]LogModuleManager: Shutting down and abandoning module Documentation (131)
[2016.05.09-19.02.34:154][710]LogModuleManager: Shutting down and abandoning module GameLiveStreaming (130)
[2016.05.09-19.02.34:154][710]LogModuleManager: Shutting down and abandoning module StreamingPauseRendering (129)
[2016.05.09-19.02.34:154][710]LogModuleManager: Shutting down and abandoning module AnalyticsET (128)
[2016.05.09-19.02.34:154][710]LogModuleManager: Shutting down and abandoning module Analytics (127)
[2016.05.09-19.02.34:155][710]LogModuleManager: Shutting down and abandoning module AITestSuite (126)
[2016.05.09-19.02.34:155][710]LogModuleManager: Shutting down and abandoning module GameplayDebugger (125)
[2016.05.09-19.02.34:155][710]LogModuleManager: Shutting down and abandoning module AIModule (124)
[2016.05.09-19.02.34:155][710]LogModuleManager: Shutting down and abandoning module ProfilerService (123)
[2016.05.09-19.02.34:380][710]LogModuleManager: Shutting down and abandoning module TaskGraph (122)
[2016.05.09-19.02.34:380][710]LogModuleManager: Shutting down and abandoning module SlateRemote (121)
[2016.05.09-19.02.34:380][710]LogModuleManager: Shutting down and abandoning module SteamVRController (120)
[2016.05.09-19.02.34:380][710]LogModuleManager: Shutting down and abandoning module SteamVR (119)
[2016.05.09-19.02.34:380][710]LogModuleManager: Shutting down and abandoning module ProceduralMeshComponent (118)
[2016.05.09-19.02.34:380][710]LogModuleManager: Shutting down and abandoning module OculusLibrary (117)
[2016.05.09-19.02.34:380][710]LogModuleManager: Shutting down and abandoning module OculusInput (116)
[2016.05.09-19.02.34:381][710]LogModuleManager: Shutting down and abandoning module LeapMotionController (115)
[2016.05.09-19.02.34:437][710]LogModuleManager: Shutting down and abandoning module CustomMeshComponent (114)
[2016.05.09-19.02.34:438][710]LogModuleManager: Shutting down and abandoning module CableComponent (113)
[2016.05.09-19.02.34:438][710]LogModuleManager: Shutting down and abandoning module ArchVisCharacter (112)
[2016.05.09-19.02.34:438][710]LogModuleManager: Shutting down and abandoning module MessagingDebugger (111)
[2016.05.09-19.02.34:438][710]LogModuleManager: Shutting down and abandoning module MediaPlayerEditor (110)
[2016.05.09-19.02.34:438][710]LogModuleManager: Shutting down and abandoning module HTML5Networking (109)
[2016.05.09-19.02.34:438][710]LogModuleManager: Shutting down and abandoning module SpeedTreeImporter (108)
[2016.05.09-19.02.34:438][710]LogModuleManager: Shutting down and abandoning module PluginBrowser (107)
[2016.05.09-19.02.34:438][710]LogModuleManager: Shutting down and abandoning module EpicSurvey (106)
[2016.05.09-19.02.34:438][710]LogModuleManager: Shutting down and abandoning module DesktopPlatform (105)
[2016.05.09-19.02.34:438][710]LogModuleManager: Shutting down and abandoning module VisualStudioSourceCodeAccess (104)
[2016.05.09-19.02.34:438][710]LogModuleManager: Shutting down and abandoning module UObjectPlugin (103)
[2016.05.09-19.02.34:438][710]LogModuleManager: Shutting down and abandoning module SubversionSourceControl (102)
[2016.05.09-19.02.34:438][710]LogModuleManager: Shutting down and abandoning module PerforceSourceControl (101)
[2016.05.09-19.02.34:438][710]LogModuleManager: Shutting down and abandoning module SourceControl (100)
[2016.05.09-19.02.34:438][710]LogModuleManager: Shutting down and abandoning module GitSourceControl (99)
[2016.05.09-19.02.34:438][710]LogModuleManager: Shutting down and abandoning module LightPropagationVolumeEditor (98)
[2016.05.09-19.02.34:439][710]LogModuleManager: Shutting down and abandoning module PaperTiledImporter (97)
[2016.05.09-19.02.34:439][710]LogModuleManager: Shutting down and abandoning module PaperSpriteSheetImporter (96)
[2016.05.09-19.02.34:439][710]LogModuleManager: Shutting down and abandoning module MeshPaint (95)
[2016.05.09-19.02.34:439][710]LogModuleManager: Shutting down and abandoning module SlateReflector (94)
[2016.05.09-19.02.34:439][710]LogModuleManager: Shutting down and abandoning module HotReload (93)
[2016.05.09-19.02.34:439][710]LogModuleManager: Shutting down and abandoning module MainFrame (92)
[2016.05.09-19.02.34:439][710]LogModuleManager: Shutting down and abandoning module LevelEditor (91)
[2016.05.09-19.02.34:441][710]LogModuleManager: Shutting down and abandoning module DirectoryWatcher (90)
[2016.05.09-19.02.34:444][710]LogModuleManager: Shutting down and abandoning module AssetRegistry (89)
[2016.05.09-19.02.34:560][710]LogModuleManager: Shutting down and abandoning module ContentBrowser (88)
[2016.05.09-19.02.34:561][710]LogModuleManager: Shutting down and abandoning module Paper2DEditor (87)
[2016.05.09-19.02.34:561][710]LogModuleManager: Shutting down and abandoning module UdpMessaging (86)
[2016.05.09-19.02.34:662][710]LogModuleManager: Shutting down and abandoning module LightPropagationVolumeRuntime (85)
[2016.05.09-19.02.34:662][710]LogModuleManager: Shutting down and abandoning module Paper2D (84)
[2016.05.09-19.02.34:662][710]LogModuleManager: Shutting down and abandoning module WindowsMoviePlayer (83)
[2016.05.09-19.02.34:668][710]LogModuleManager: Shutting down and abandoning module Media (82)
[2016.05.09-19.02.34:668][710]LogModuleManager: Shutting down and abandoning module WmfMedia (81)
[2016.05.09-19.02.34:669][710]LogModuleManager: Shutting down and abandoning module OnlineBlueprintSupport (80)
[2016.05.09-19.02.34:669][710]LogModuleManager: Shutting down and abandoning module GameplayTasksEditor (79)
[2016.05.09-19.02.34:669][710]LogModuleManager: Shutting down and abandoning module PropertyEditor (78)
[2016.05.09-19.02.34:669][710]LogModuleManager: Shutting down and abandoning module BehaviorTreeEditor (77)
[2016.05.09-19.02.34:669][710]LogModuleManager: Shutting down and abandoning module FunctionalTesting (76)
[2016.05.09-19.02.34:669][710]LogModuleManager: Shutting down and abandoning module CollisionAnalyzer (75)
[2016.05.09-19.02.34:669][710]LogModuleManager: Shutting down and abandoning module WorkspaceMenuStructure (74)
[2016.05.09-19.02.34:669][710]LogModuleManager: Shutting down and abandoning module MessageLog (73)
[2016.05.09-19.02.34:669][710]LogModuleManager: Shutting down and abandoning module Sequencer (72)
[2016.05.09-19.02.34:669][710]LogModuleManager: Shutting down and abandoning module AssetTools (71)
[2016.05.09-19.02.34:669][710]LogModuleManager: Shutting down and abandoning module UMGEditor (70)
[2016.05.09-19.02.34:669][710]LogModuleManager: Shutting down and abandoning module UMG (69)
[2016.05.09-19.02.34:669][710]LogModuleManager: Shutting down and abandoning module Slate (68)
[2016.05.09-19.02.34:669][710]LogModuleManager: Shutting down and abandoning module EditorStyle (67)
[2016.05.09-19.02.34:672][710]LogModuleManager: Shutting down and abandoning module SessionServices (66)
[2016.05.09-19.02.34:672][710]LogModuleManager: Shutting down and abandoning module SourceCodeAccess (65)
[2016.05.09-19.02.34:672][710]LogModuleManager: Shutting down and abandoning module HeadMountedDisplay (64)
[2016.05.09-19.02.34:672][710]LogModuleManager: Shutting down and abandoning module XAudio2 (63)
[2016.05.09-19.02.34:672][710]LogModuleManager: Shutting down and abandoning module Networking (61)
[2016.05.09-19.02.34:672][710]LogModuleManager: Shutting down and abandoning module Core (60)
[2016.05.09-19.02.34:672][710]LogModuleManager: Shutting down and abandoning module KismetCompiler (59)
[2016.05.09-19.02.34:672][710]LogModuleManager: Shutting down and abandoning module PhysXFormats (58)
[2016.05.09-19.02.34:672][710]LogModuleManager: Shutting down and abandoning module MeshUtilities (57)
[2016.05.09-19.02.34:672][710]LogModuleManager: Shutting down and abandoning module DerivedDataCache (56)
[2016.05.09-19.02.34:709][710]LogDerivedDataCache: Shutdown
[2016.05.09-19.02.34:709][710]LogModuleManager: Shutting down and abandoning module ShaderFormatOpenGL (55)
[2016.05.09-19.02.34:709][710]LogModuleManager: Shutting down and abandoning module ShaderFormatD3D (54)
[2016.05.09-19.02.34:709][710]LogModuleManager: Shutting down and abandoning module MetalShaderFormat (53)
[2016.05.09-19.02.34:709][710]LogModuleManager: Shutting down and abandoning module TextureFormatUncompressed (52)
[2016.05.09-19.02.34:709][710]LogModuleManager: Shutting down and abandoning module TextureFormatPVR (51)
[2016.05.09-19.02.34:709][710]LogModuleManager: Shutting down and abandoning module TextureFormatIntelISPCTexComp (50)
[2016.05.09-19.02.34:709][710]LogModuleManager: Shutting down and abandoning module TextureFormatDXT (49)
[2016.05.09-19.02.34:709][710]LogModuleManager: Shutting down and abandoning module ImageWrapper (48)
[2016.05.09-19.02.34:709][710]LogModuleManager: Shutting down and abandoning module TextureFormatASTC (47)
[2016.05.09-19.02.34:709][710]LogModuleManager: Shutting down and abandoning module TextureFormatAndroid (46)
[2016.05.09-19.02.34:709][710]LogModuleManager: Shutting down and abandoning module AudioFormatOpus (45)
[2016.05.09-19.02.34:709][710]LogModuleManager: Shutting down and abandoning module AudioFormatOgg (44)
[2016.05.09-19.02.34:709][710]LogModuleManager: Shutting down and abandoning module AudioFormatADPCM (43)
[2016.05.09-19.02.34:709][710]LogModuleManager: Shutting down and abandoning module LinuxTargetPlatform (42)
[2016.05.09-19.02.34:709][710]LogModuleManager: Shutting down and abandoning module LinuxServerTargetPlatform (41)
[2016.05.09-19.02.34:709][710]LogModuleManager: Shutting down and abandoning module LinuxNoEditorTargetPlatform (40)
[2016.05.09-19.02.34:709][710]LogModuleManager: Shutting down and abandoning module Messaging (39)
[2016.05.09-19.02.34:709][710]LogModuleManager: Shutting down and abandoning module IOSTargetPlatform (38)
[2016.05.09-19.02.34:709][710]LogModuleManager: Shutting down and abandoning module HTML5TargetPlatform (37)
[2016.05.09-19.02.34:709][710]LogModuleManager: Shutting down and abandoning module Android_PVRTCTargetPlatform (36)
[2016.05.09-19.02.34:709][710]LogModuleManager: Shutting down and abandoning module Android_MultiTargetPlatform (35)
[2016.05.09-19.02.34:709][710]LogModuleManager: Shutting down and abandoning module Android_ETC2TargetPlatform (34)
[2016.05.09-19.02.34:709][710]LogModuleManager: Shutting down and abandoning module Android_ETC1TargetPlatform (33)
[2016.05.09-19.02.34:709][710]LogModuleManager: Shutting down and abandoning module Android_DXTTargetPlatform (32)
[2016.05.09-19.02.34:709][710]LogModuleManager: Shutting down and abandoning module Android_ATCTargetPlatform (31)
[2016.05.09-19.02.34:709][710]LogModuleManager: Shutting down and abandoning module Android_ASTCTargetPlatform (30)
[2016.05.09-19.02.34:709][710]LogModuleManager: Shutting down and abandoning module AndroidTargetPlatform (29)
[2016.05.09-19.02.34:709][710]LogModuleManager: Shutting down and abandoning module WindowsTargetPlatform (28)
[2016.05.09-19.02.34:709][710]LogModuleManager: Shutting down and abandoning module WindowsServerTargetPlatform (27)
[2016.05.09-19.02.34:709][710]LogModuleManager: Shutting down and abandoning module WindowsNoEditorTargetPlatform (26)
[2016.05.09-19.02.34:709][710]LogModuleManager: Shutting down and abandoning module WindowsClientTargetPlatform (25)
[2016.05.09-19.02.34:709][710]LogModuleManager: Shutting down and abandoning module AllDesktopTargetPlatform (24)
[2016.05.09-19.02.34:709][710]LogModuleManager: Shutting down and abandoning module TargetPlatform (23)
[2016.05.09-19.02.34:709][710]LogModuleManager: Shutting down and abandoning module InputCore (22)
[2016.05.09-19.02.34:709][710]LogModuleManager: Shutting down and abandoning module Settings (21)
[2016.05.09-19.02.34:709][710]LogModuleManager: Shutting down and abandoning module OnlineSubsystem (19)
[2016.05.09-19.02.34:709][710]LogModuleManager: Shutting down and abandoning module HTTP (18)
[2016.05.09-19.02.36:711][710]LogModuleManager: Shutting down and abandoning module XMPP (17)
[2016.05.09-19.02.36:711][710]LogModuleManager: Shutting down and abandoning module OculusRift (16)
[2016.05.09-19.02.36:711][710]LogModuleManager: Shutting down and abandoning module ExampleDeviceProfileSelector (15)
[2016.05.09-19.02.36:711][710]LogModuleManager: Shutting down and abandoning module TextureCompressor (14)
[2016.05.09-19.02.36:711][710]LogModuleManager: Shutting down and abandoning module ShaderCore (13)
[2016.05.09-19.02.36:711][710]LogModuleManager: Shutting down and abandoning module Landscape (12)
[2016.05.09-19.02.36:711][710]LogModuleManager: Shutting down and abandoning module SlateRHIRenderer (11)
[2016.05.09-19.02.36:712][710]LogModuleManager: Shutting down and abandoning module OpenGLDrv (10)
[2016.05.09-19.02.36:712][710]LogModuleManager: Shutting down and abandoning module D3D11RHI (9)
[2016.05.09-19.02.36:712][710]LogModuleManager: Shutting down and abandoning module AnimGraphRuntime (8)
[2016.05.09-19.02.36:712][710]LogModuleManager: Shutting down and abandoning module Renderer (7)
[2016.05.09-19.02.36:713][710]LogModuleManager: Shutting down and abandoning module Engine (6)
[2016.05.09-19.02.36:713][710]LogModuleManager: Shutting down and abandoning module CoreUObject (5)
[2016.05.09-19.02.36:713][710]LogModuleManager: Shutting down and abandoning module NetworkFile (4)
[2016.05.09-19.02.36:713][710]LogModuleManager: Shutting down and abandoning module StreamingFile (3)
[2016.05.09-19.02.36:713][710]LogModuleManager: Shutting down and abandoning module SandboxFile (2)
[2016.05.09-19.02.36:713][710]LogModuleManager: Shutting down and abandoning module PakFile (1)
[2016.05.09-19.02.36:713][710]LogExit: Exiting.
[2016.05.09-19.02.36:715][710]Log file closed, 05/10/16 04:02:36
