[2016.05.09-00.51.25:792][  0]Log file open, 05/09/16 09:51:25
[2016.05.09-00.51.25:792][  0]LogInit:Display: Running engine for game: Hero
[2016.05.09-00.51.25:792][  0]LogPlatformFile: Not using cached read wrapper
[2016.05.09-00.51.25:792][  0]LogInit:Display: RandInit(1499686495) SRandInit(1499686496).
[2016.05.09-00.51.25:792][  0]LogTaskGraph: Started task graph with 4 named threads and 7 total threads.
[2016.05.09-00.51.25:792][  0]LogStats: Stats thread started at 0.364062
[2016.05.09-00.51.25:792][  0]LogInit: Version: 4.10.4-2872498+++depot+UE4-Releases+4.10
[2016.05.09-00.51.25:792][  0]LogInit: API Version: 2758231
[2016.05.09-00.51.25:792][  0]LogInit: Compiled (64-bit): Feb 18 2016 15:47:04
[2016.05.09-00.51.25:792][  0]LogInit: Compiled with Visual C++: 19.00.23026.00
[2016.05.09-00.51.25:792][  0]LogInit: Build Configuration: Development
[2016.05.09-00.51.25:792][  0]LogInit: Branch Name: ++depot+UE4-Releases+4.10
[2016.05.09-00.51.25:792][  0]LogInit: Command line:  
[2016.05.09-00.51.25:792][  0]LogInit: Base directory: D:/Development Kit/Epic Games/4.10/Engine/Binaries/Win64/
[2016.05.09-00.51.25:792][  0]LogInit: Rocket: 1
[2016.05.09-00.51.25:876][  0]LogInit: Using libcurl 7.41.0
[2016.05.09-00.51.25:876][  0]LogInit:  - built for x86_64-pc-win32
[2016.05.09-00.51.25:876][  0]LogInit:  - supports SSL with WinSSL
[2016.05.09-00.51.25:876][  0]LogInit:  - other features:
[2016.05.09-00.51.25:876][  0]LogInit:      CURL_VERSION_SSL
[2016.05.09-00.51.25:876][  0]LogInit:      CURL_VERSION_IPV6
[2016.05.09-00.51.25:876][  0]LogInit:      CURL_VERSION_ASYNCHDNS
[2016.05.09-00.51.25:876][  0]LogInit:      CURL_VERSION_LARGEFILE
[2016.05.09-00.51.25:876][  0]LogInit:      CURL_VERSION_IDN
[2016.05.09-00.51.25:877][  0]LogInit:  CurlRequestOptions (configurable via config and command line):
[2016.05.09-00.51.25:877][  0]LogInit:  - bVerifyPeer = true  - Libcurl will verify peer certificate
[2016.05.09-00.51.25:877][  0]LogInit:  - bUseHttpProxy = false  - Libcurl will NOT use HTTP proxy
[2016.05.09-00.51.25:877][  0]LogInit:  - bDontReuseConnections = false  - Libcurl will reuse connections
[2016.05.09-00.51.25:877][  0]LogInit:  - CertBundlePath = nullptr  - Libcurl will use whatever was configured at build time.
[2016.05.09-00.51.25:968][  0]LogInit: Presizing for 0 objects not considered by GC, pre-allocating 0 bytes.
[2016.05.09-00.51.26:217][  0]LogInit: Object subsystem initialized
[2016.05.09-00.51.26:333][  0]LogInit: Selected Device Profile: [Windows]
[2016.05.09-00.51.26:342][  0]LogInit: Applying CVar settings loaded from the selected device profile: [Windows]
[2016.05.09-00.51.26:476][  0]LogInit: Computer: NARAMPC
[2016.05.09-00.51.26:476][  0]LogInit: User: Naram
[2016.05.09-00.51.26:476][  0]LogInit: CPU Page size=4096, Cores=4
[2016.05.09-00.51.26:476][  0]LogInit: High frequency timer resolution =3.312637 MHz
[2016.05.09-00.51.26:497][  0]LogMemory: Memory total: Physical=7.5GB (8GB approx)
[2016.05.09-00.51.26:497][  0]LogMemory: Platform Memory Stats for Windows
[2016.05.09-00.51.26:497][  0]LogMemory: Process Physical Memory: 57.00 MB used, 57.00 MB peak
[2016.05.09-00.51.26:497][  0]LogMemory: Process Virtual Memory: 56.77 MB used, 56.77 MB peak
[2016.05.09-00.51.26:497][  0]LogMemory: Physical Memory: 5025.30 MB used, 7634.24 MB total
[2016.05.09-00.51.26:497][  0]LogMemory: Virtual Memory: 382.15 MB used, 134217728.00 MB total
[2016.05.09-00.51.27:143][  0]LogTextLocalizationManager: No specific translations for ('ko-KR') exist, so ('ko') translations will be used.
[2016.05.09-00.51.27:304][  0]LogTextLocalizationManager:Warning: Loaded localization resources contain conflicting entries for (Namespace:UObjectToolTips, Key:AnimNode_AssetPlayerBase:InternalTimeAccumulator):
Localization Resource: (D:/Development Kit/Epic Games/4.10/Engine/Content/Localization/EditorTutorials/ko/EditorTutorials.locres) Source String Hash: (502993589) Localized String: (이 노드에서 애셋을 레퍼런싱하는 데 사용되는 누적 시간입니다.)
Localization Resource: (D:/Development Kit/Epic Games/4.10/Engine/Content/Localization/Engine/ko/Engine.locres) Source String Hash: (502993589) Localized String: (이 노드에서 애셋을 레퍼런싱하는 데 사용된 누적 시간입니다.)
[2016.05.09-00.51.27:304][  0]LogTextLocalizationManager:Warning: Loaded localization resources contain conflicting entries for (Namespace:UObjectToolTips, Key:AnimNode_AssetPlayerBase:bIgnoreForRelevancyTest):
Localization Resource: (D:/Development Kit/Epic Games/4.10/Engine/Content/Localization/EditorTutorials/ko/EditorTutorials.locres) Source String Hash: (319969718) Localized String: (True 면, 스테이트에서 최고 가중치 애니메이션을 찾는 "Relevant anim" 노드는 이 노드를 무시합니다.
 )
Localization Resource: (D:/Development Kit/Epic Games/4.10/Engine/Content/Localization/Engine/ko/Engine.locres) Source String Hash: (319969718) Localized String: (True 면 스테이트 내 최고 웨이팅된 애니메이션을 찾는 "Relevant anim" 노드가 무시됩니다.
 )
[2016.05.09-00.51.27:304][  0]LogTextLocalizationManager:Warning: Loaded localization resources contain conflicting entries for (Namespace:UObjectToolTips, Key:AnimNode_AssetPlayerBase:BlendWeight):
Localization Resource: (D:/Development Kit/Epic Games/4.10/Engine/Content/Localization/EditorTutorials/ko/EditorTutorials.locres) Source String Hash: (-1232800293) Localized String: (이 노드에 마지막 걸린 블렌드웨이트 입니다.)
Localization Resource: (D:/Development Kit/Epic Games/4.10/Engine/Content/Localization/Engine/ko/Engine.locres) Source String Hash: (-1232800293) Localized String: (이 노드에 대해 마지막 접한 블렌드 웨이트)
[2016.05.09-00.51.27:990][  0]LogD3D11RHI: Found D3D11 adapter 0: NVIDIA GeForce GTX 660   (Feature Level 11_0)
[2016.05.09-00.51.27:990][  0]LogD3D11RHI: Adapter has 1988MB of dedicated video memory, 0MB of dedicated system memory, and 3817MB of shared system memory, 1 output[s]
[2016.05.09-00.51.27:992][  0]LogD3D11RHI: Found D3D11 adapter 1: Microsoft Basic Render Driver (Feature Level 11_0)
[2016.05.09-00.51.27:992][  0]LogD3D11RHI: Adapter has 0MB of dedicated video memory, 0MB of dedicated system memory, and 3817MB of shared system memory, 0 output[s]
[2016.05.09-00.51.27:992][  0]LogD3D11RHI: Chosen D3D11 Adapter Id = 0
[2016.05.09-00.51.28:030][  0]LogD3D11RHI: !Direct3DDevice
[2016.05.09-00.51.28:050][  0]LogRHI: Texture pool is 1361 MB (70% of 1945 MB)
[2016.05.09-00.51.28:071][  0]LogD3D11RHI: Async texture creation enabled
[2016.05.09-00.51.28:491][  0]LogShaderCompilers: Guid format shader working directory is -12 characters bigger than the processId version (../../../../../WorkSpace/Unreal Projects/Project/Hero 4.10/Intermediate/Shaders/WorkingDirectory/3572/).
[2016.05.09-00.51.28:491][  0]LogShaderCompilers: Cleaned the shader compiler working directory 'C:/Users/Naram/AppData/Local/Temp/UnrealShaderWorkingDir/0FAF3BBF4DABEA403A4FA4AC74862859/'.
[2016.05.09-00.51.28:491][  0]LogShaderCompilers:Display: Using Local Shader Compiler.
[2016.05.09-00.51.32:086][  0]LogTemp:Display: Loaded TP AllDesktopTargetPlatform
[2016.05.09-00.51.32:091][  0]LogTemp:Display: Loaded TP WindowsClientTargetPlatform
[2016.05.09-00.51.32:097][  0]LogTemp:Display: Loaded TP WindowsNoEditorTargetPlatform
[2016.05.09-00.51.32:102][  0]LogTemp:Display: Loaded TP WindowsServerTargetPlatform
[2016.05.09-00.51.32:106][  0]LogTemp:Display: Loaded TP WindowsTargetPlatform
[2016.05.09-00.51.32:110][  0]LogTemp:Display: Loaded TP AndroidTargetPlatform
[2016.05.09-00.51.32:114][  0]LogTemp:Display: Loaded TP Android_ASTCTargetPlatform
[2016.05.09-00.51.32:117][  0]LogTemp:Display: Loaded TP Android_ATCTargetPlatform
[2016.05.09-00.51.32:120][  0]LogTemp:Display: Loaded TP Android_DXTTargetPlatform
[2016.05.09-00.51.32:124][  0]LogTemp:Display: Loaded TP Android_ETC1TargetPlatform
[2016.05.09-00.51.32:128][  0]LogTemp:Display: Loaded TP Android_ETC2TargetPlatform
[2016.05.09-00.51.32:136][  0]LogTemp:Display: Loaded TP Android_MultiTargetPlatform
[2016.05.09-00.51.32:136][  0]LogTemp:Display: Loaded TP Android_PVRTCTargetPlatform
[2016.05.09-00.51.32:137][  0]LogTemp:Display: Loaded TP HTML5TargetPlatform
[2016.05.09-00.51.32:196][  0]LogTemp:Display: Loaded TP IOSTargetPlatform
[2016.05.09-00.51.32:199][  0]LogTemp:Display: Loaded TP LinuxNoEditorTargetPlatform
[2016.05.09-00.51.32:202][  0]LogTemp:Display: Loaded TP LinuxServerTargetPlatform
[2016.05.09-00.51.32:220][  0]LogTemp:Display: Loaded TP LinuxTargetPlatform
[2016.05.09-00.51.32:220][  0]LogTargetPlatformManager:Display: Building Assets For Windows
[2016.05.09-00.51.32:708][  0]LogDerivedDataCache:Display: Max Cache Size: 512 MB
[2016.05.09-00.51.32:883][  0]LogDerivedDataCache: Loaded boot cache 0.18s 41MB C:/Users/Naram/AppData/Local/UnrealEngine/4.10/DerivedDataCache/Boot.ddc.
[2016.05.09-00.51.32:884][  0]LogDerivedDataCache:Display: Loaded Boot cache: C:/Users/Naram/AppData/Local/UnrealEngine/4.10/DerivedDataCache/Boot.ddc
[2016.05.09-00.51.32:884][  0]LogDerivedDataCache: FDerivedDataBackendGraph:  Pak pak cache file ../../../../../WorkSpace/Unreal Projects/Project/Hero 4.10/DerivedDataCache/DDC.ddp not found, will not use a pak cache.
[2016.05.09-00.51.32:884][  0]LogDerivedDataCache: Unable to find inner node Pak for hierarchical cache Hierarchy.
[2016.05.09-00.51.32:884][  0]LogDerivedDataCache: FDerivedDataBackendGraph:  CompressedPak pak cache file ../../../../../WorkSpace/Unreal Projects/Project/Hero 4.10/DerivedDataCache/Compressed.ddp not found, will not use a pak cache.
[2016.05.09-00.51.32:884][  0]LogDerivedDataCache: Unable to find inner node CompressedPak for hierarchical cache Hierarchy.
[2016.05.09-00.51.33:050][  0]LogDerivedDataCache:Display: Pak cache opened for reading ../../../Engine/DerivedDataCache/Compressed.ddp.
[2016.05.09-00.51.33:063][  0]LogDerivedDataCache: Using Local data cache path C:/Users/Naram/AppData/Local/UnrealEngine/Common/DerivedDataCache: Writable
[2016.05.09-00.51.41:238][  0]LogInit: Selected Device Profile: [Windows]
[2016.05.09-00.51.41:378][  0]LogContentStreaming: Texture pool size is 0.000000MB
[2016.05.09-00.51.43:377][  0]LogMeshUtilities: No automatic mesh reduction module available
[2016.05.09-00.51.43:377][  0]LogMeshUtilities: No automatic mesh merging module available
[2016.05.09-00.51.47:392][  0]LogInit: WinSock: version 1.1 (2.2), MaxSocks=32767, MaxUdp=65467
[2016.05.09-00.52.08:150][  0]UdpMessaging: Initializing bridge on interface 0.0.0.0:0 to multicast group 230.0.0.1:6666.
[2016.05.09-00.52.08:671][  0]LogAssetRegistry: FAssetRegistry took 0.0184 seconds to start up
[2016.05.09-00.52.13:795][  0]LogConfig:Warning: Failed to saved backup for config[SourceControlSettings]
[2016.05.09-00.52.13:854][  0]SourceControl: 정보 소스 콘트롤이 꺼졌습니다.
[2016.05.09-00.52.14:049][  0]SourceControl: 정보 소스 콘트롤이 꺼졌습니다.
[2016.05.09-00.52.14:211][  0]SourceControl: 정보 소스 콘트롤이 꺼졌습니다.
[2016.05.09-00.52.14:389][  0]SourceControl: 정보 소스 콘트롤이 꺼졌습니다.
[2016.05.09-00.52.18:475][  0]LogObj: 28633 objects as part of root set at end of initial load.
[2016.05.09-00.52.18:475][  0]LogUObjectAllocator: 6099744 out of 0 bytes used by permanent object pool.
[2016.05.09-00.52.20:668][  0]LogAutomationTest:Warning: Smoke tests took > 1s to run: 1.31s
[2016.05.09-00.52.20:898][  0]LogEngine: Initializing Engine...
[2016.05.09-00.52.21:003][  0]LogHMD: Can't find Oculus library dev build: is proper Runtime installed? Version: 0.8.0.0
[2016.05.09-00.52.21:181][  0]LogHMD: SteamVR failed to initialize.  Err: 100
[2016.05.09-00.52.24:107][  0]LogAIModule: Creating AISystem for world NewWorld
[2016.05.09-00.52.25:068][  0]LogInit: XAudio2 using '스피커(Realtek High Definition Audio)' : 2 channels at 48 kHz using 32 bits per sample (channel mask 0x3)
[2016.05.09-00.52.25:093][  0]LogInit: FAudioDevice initialized.
[2016.05.09-00.52.25:189][  0]LogDerivedDataCache:Error: Could not save memory cache C:/Users/Naram/AppData/Local/UnrealEngine/4.10/DerivedDataCache/Boot.ddc.
[2016.05.09-00.52.25:194][  0]LogInit: Texture streaming: Enabled
[2016.05.09-00.52.25:364][  0]LogAnalytics: Creating configured Analytics provider AnalyticsET
[2016.05.09-00.52.25:364][  0]LogAnalytics: [UEEditor.Rocket.Release] APIServer = http://et2.epicgames.com/ET2/. AppVersion = 4.10.4-2872498+++depot+UE4-Releases+4.10
[2016.05.09-00.52.25:364][  0]LogAnalytics: [UEEditor.Rocket.Release] SetUserId 325538314b44384481730f8403d05ed6|5757bc0e79d542efb21b5d5f30a43a1b|7f17f01b-53ac-4a4b-834a-c233f59ae9e6
[2016.05.09-00.52.25:404][  0]LogAnalytics: [UEEditor.Rocket.Release] AnalyticsET::StartSession
[2016.05.09-00.52.27:313][  0]LogInit: Transaction tracking system initialized
[2016.05.09-00.52.28:157][  0]BlueprintLog: New page: 에디터 로드
[2016.05.09-00.52.30:980][  0]LocalizationService: 정보 현지화 서비스가 비활성화되었습니다.
[2016.05.09-00.52.33:528][  0]LogConsoleResponse:Display: 
[2016.05.09-00.52.42:732][  0]LogFileCache: Scanning file cache for directory 'D:/Development Kit/WorkSpace/Unreal Projects/Project/Hero 4.10/Content/' took 0.18s
[2016.05.09-00.52.42:732][  0]LogCook:Display: Done creating registry. It took  0.00s.
[2016.05.09-00.52.45:073][  0]SourceControl: 정보 소스 콘트롤이 꺼졌습니다.
[2016.05.09-00.52.45:176][  0]Cmd: MAP LOAD FILE="../../../../../WorkSpace/Unreal Projects/Project/Hero 4.10/Content/StarterContent/Maps/Minimal_Default.umap" TEMPLATE=0 SHOWPROGRESS=1 FEATURELEVEL=3
[2016.05.09-00.52.45:643][  0]LightingResults: New page: 라이팅 빌드
[2016.05.09-00.52.46:411][  0]MapCheck: New page: 맵 체크
[2016.05.09-00.52.46:411][  0]LightingResults: New page: 라이팅 빌드
[2016.05.09-00.52.47:485][  0]LogParticles: Destroying 0 GPU particle simulations for FXSystem 0x000001E2C06B11C0
[2016.05.09-00.53.10:725][  0]LogAIModule: Creating AISystem for world Minimal_Default
[2016.05.09-00.53.12:047][  0]LogEditorServer: Finished looking for orphan Actors (0.006 secs)
[2016.05.09-00.53.12:214][  0]Cmd: MAP CHECKDEP NOCLEARLOG
[2016.05.09-00.53.12:448][  0]MapCheck: 정보 맵 체크 완료: 오류 0 회, 경고 0 회, 소요 시간 234.712ms.
[2016.05.09-00.53.12:463][  0]LogFileHelpers: Loading map 'Minimal_Default' took 27.338
[2016.05.09-00.53.14:430][  0]LogCollectionManager: Loaded 0 collections in 0.003162 seconds
[2016.05.09-00.53.14:595][  0]LogFileCache: Scanning file cache for directory 'D:/Development Kit/WorkSpace/Unreal Projects/Project/Hero 4.10/Saved/Collections/' took 0.01s
[2016.05.09-00.53.14:595][  0]LogFileCache: Scanning file cache for directory 'D:/Development Kit/WorkSpace/Unreal Projects/Project/Hero 4.10/Content/Developers/Naram/Collections/' took 0.01s
[2016.05.09-00.53.14:595][  0]LogFileCache: Scanning file cache for directory 'D:/Development Kit/WorkSpace/Unreal Projects/Project/Hero 4.10/Content/Collections/' took 0.01s
[2016.05.09-00.53.14:595][  0]LogCollectionManager: Rebuilt the GUID cache for 0 collections in 0.000001 seconds
[2016.05.09-00.53.14:622][  0]LogContentBrowser: Native class hierarchy populated in 0.0191 seconds. Added 1893 classes and 338 folders.
[2016.05.09-00.53.14:757][  0]LogContentBrowser: Native class hierarchy updated for 'WidgetCarousel' in 0.0005 seconds. Added 0 classes and 0 folders.
[2016.05.09-00.53.16:096][  0]LogContentBrowser: Native class hierarchy updated for 'AddContentDialog' in 0.0006 seconds. Added 0 classes and 0 folders.
[2016.05.09-00.53.16:224][  0]LogContentBrowser: Native class hierarchy updated for 'SceneOutliner' in 0.0007 seconds. Added 1 classes and 2 folders.
[2016.05.09-00.53.17:312][  0]LogCrashTracker: Crashtracker disabled due to settings.
[2016.05.09-00.53.17:584][  0]LogUObjectGlobals:Warning: 'Class 없음.' 오브젝트를 찾는 데 실패했습니다.
[2016.05.09-00.53.17:751][  0]LogLoad: Full Startup: 114.20 seconds (BP compile: 1.82 seconds)
[2016.05.09-00.53.18:118][  0]LogOcInput: Can't find Oculus library dev build: is proper Runtime installed? Version: 0.8.0.0
[2016.05.09-00.53.20:301][  0]LogContentStreaming: Texture pool size now 1000 MB
[2016.05.09-00.53.26:617][  0]LogRenderer: Reallocating scene render targets to support 1152x532 (Frame:2).
[2016.05.09-00.53.29:029][  1]Cmd: UpdateLandscapeEditorData -warnings
[2016.05.09-00.53.34:257][ 13]LogAssetRegistry: Asset discovery search completed in 85.5982 seconds
[2016.05.09-00.53.34:257][ 13]LogCollectionManager: Rebuilt the object cache for 0 collections in 0.000001 seconds (found 0 objects)
[2016.05.09-00.53.34:257][ 13]LogCollectionManager: Fixed up redirectors for 0 collections in 0.000017 seconds (updated 0 objects)
[2016.05.09-00.57.49:296][ 68]LogEditorViewport: Clicking on Actor (LMB): Landscape (Landscape)
[2016.05.09-00.58.39:094][668]LogEditorViewport: Clicking on Actor (LMB): Bot_Grunt_C (Bot_Grunt)
[2016.05.09-01.05.58:322][794]LogEditorViewport: Clicking on Actor (LMB): Landscape (Landscape)
[2016.05.09-01.08.01:225][733]LogLinker:Warning: Asset '../../../../../WorkSpace/Unreal Projects/Project/Hero 4.10/Content/Sounds/SoundClassesAndMixes/Master.uasset' has been saved with empty engine version. The asset will be loaded but may be incompatible.
[2016.05.09-01.08.01:239][733]LogLinker:Warning: Asset '../../../../../WorkSpace/Unreal Projects/Project/Hero 4.10/Content/Sounds/SoundClassesAndMixes/UI.uasset' has been saved with empty engine version. The asset will be loaded but may be incompatible.
[2016.05.09-01.08.01:250][733]LogLinker:Warning: Asset '../../../../../WorkSpace/Unreal Projects/Project/Hero 4.10/Content/Sounds/SoundClassesAndMixes/UIControllerSounds.uasset' has been saved with empty engine version. The asset will be loaded but may be incompatible.
[2016.05.09-01.08.01:768][733]LogBlueprint:Warning: [compiler botCharacter] 경고 입력 축 이벤트가  LookUpRate 입력 축  에 대한 미확인 'LookUpRate' 축을 레퍼런싱합니다.
[2016.05.09-01.08.01:768][733]LogBlueprint:Warning: [compiler botCharacter] 경고 입력 축 이벤트가  TurnRate 입력 축  에 대한 미확인 'TurnRate' 축을 레퍼런싱합니다.
[2016.05.09-01.08.01:769][733]LogBlueprint:Warning: [compiler botCharacter] 경고 입력 축 이벤트가  Turn 입력 축  에 대한 미확인 'Turn' 축을 레퍼런싱합니다.
[2016.05.09-01.08.01:769][733]LogBlueprint:Warning: [compiler botCharacter] 경고 입력 축 이벤트가  LookUp 입력 축  에 대한 미확인 'LookUp' 축을 레퍼런싱합니다.
[2016.05.09-01.08.01:770][733]LogBlueprint:Warning: [compiler botCharacter] 경고 입력 액션 이벤트가  Jump 입력 액션  에 대한 미확인 'Jump' 액션을 레퍼런싱합니다.
[2016.05.09-01.08.01:777][733]LogBlueprint:Warning: [compiler botCharacter] 경고 [0998.22] botCharacter 컴파일에 성공했으나, 경고가 5 회 있습니다. [소요시간 112 ms]
[2016.05.09-01.08.01:777][733]LogBlueprint:Warning: [compiler botCharacter] 경고 [0998.22] botCharacter 컴파일에 성공했으나, 경고가 6 회 있습니다. [소요시간 0 ms]
[2016.05.09-01.08.01:777][733]LogBlueprint:Warning: [compiler botCharacter] 경고 [0998.22] botCharacter 컴파일에 성공했으나, 경고가 7 회 있습니다. [소요시간 0 ms]
[2016.05.09-01.08.01:829][733]LogBlueprint:Warning: [compiler botCharacter] 경고 입력 축 이벤트가  LookUpRate 입력 축  에 대한 미확인 'LookUpRate' 축을 레퍼런싱합니다.
[2016.05.09-01.08.01:829][733]LogBlueprint:Warning: [compiler botCharacter] 경고 입력 축 이벤트가  TurnRate 입력 축  에 대한 미확인 'TurnRate' 축을 레퍼런싱합니다.
[2016.05.09-01.08.01:830][733]LogBlueprint:Warning: [compiler botCharacter] 경고 입력 축 이벤트가  Turn 입력 축  에 대한 미확인 'Turn' 축을 레퍼런싱합니다.
[2016.05.09-01.08.01:830][733]LogBlueprint:Warning: [compiler botCharacter] 경고 입력 축 이벤트가  LookUp 입력 축  에 대한 미확인 'LookUp' 축을 레퍼런싱합니다.
[2016.05.09-01.08.01:830][733]LogBlueprint:Warning: [compiler botCharacter] 경고 입력 액션 이벤트가  Jump 입력 액션  에 대한 미확인 'Jump' 액션을 레퍼런싱합니다.
[2016.05.09-01.08.01:837][733]LogBlueprint:Warning: [compiler botCharacter] 경고 [0998.28] botCharacter 컴파일에 성공했으나, 경고가 5 회 있습니다. [소요시간 53 ms]
[2016.05.09-01.08.01:838][733]LogBlueprint:Warning: [compiler botCharacter] 경고 [0998.28] botCharacter 컴파일에 성공했으나, 경고가 6 회 있습니다. [소요시간 0 ms]
[2016.05.09-01.08.01:838][733]LogBlueprint:Warning: [compiler botCharacter] 경고 [0998.28] botCharacter 컴파일에 성공했으나, 경고가 7 회 있습니다. [소요시간 0 ms]
[2016.05.09-01.08.02:127][733]LogSkeletalMesh:Warning: Building adjacency information for skeletal mesh '/Game/ExampleContent/AnimationDemo/Meshes/Owen.Owen'.
[2016.05.09-01.08.04:508][733]LogLinker:Warning: Asset '../../../Engine/Content/ArtTools/RenderToTexture/Macros/RenderToTextureMacros.uasset' has been saved with empty engine version. The asset will be loaded but may be incompatible.
[2016.05.09-01.08.05:545][733]LogContentBrowser: Native class hierarchy updated for 'BlueprintGraph' in 0.0084 seconds. Added 107 classes and 0 folders.
[2016.05.09-01.08.44:703][ 51]LogRenderer: Reallocating scene render targets to support 1152x676 (Frame:14627).
[2016.05.09-01.08.53:266][723]LogRenderer: Reallocating scene render targets to support 1152x684 (Frame:15368).
[2016.05.09-01.11.07:987][906]LogActorComponent: UnregisterComponent: (/Engine/Transient.ProjectileMovement_GEN_VARIABLE) Not registered. Aborting.
[2016.05.09-01.11.07:987][906]LogActorComponent: UnregisterComponent: (/Engine/Transient.CharMoveComp) Not registered. Aborting.
[2016.05.09-01.11.07:988][906]LogActorComponent: UnregisterComponent: (/Engine/Transient.CharacterMovementComponent_0) Not registered. Aborting.
[2016.05.09-01.11.18:075][ 97]LogActorComponent: UnregisterComponent: (/Engine/Transient.CharacterMovementComponent_1) Not registered. Aborting.
[2016.05.09-01.11.18:109][ 97]LogRenderer: Reallocating scene render targets to support 1208x684 (Frame:15514).
[2016.05.09-01.11.31:607][669]LogActorComponent: UnregisterComponent: (/Engine/Transient.CharacterMovementComponent_2) Not registered. Aborting.
[2016.05.09-01.11.31:607][669]LogActorComponent: UnregisterComponent: (/Engine/Transient.CharacterMovementComponent_3) Not registered. Aborting.
[2016.05.09-01.12.21:329][275]LogProperty:Warning: ObjectProperty /Script/Engine.EdGraphPin:LinkedTo.LinkedTo: unresolved reference to 'EdGraphPin'K2Node_CallFunction_3041.EdGraphPin_33526''
[2016.05.09-01.12.21:329][275]LogProperty:Warning: ObjectProperty /Script/Engine.EdGraphPin:LinkedTo.LinkedTo: unresolved reference to 'EdGraphPin'K2Node_CallFunction_3041.EdGraphPin_33528''
[2016.05.09-01.12.25:025][702]LogProperty:Warning: ObjectProperty /Script/Engine.EdGraphPin:LinkedTo.LinkedTo: unresolved reference to 'EdGraphPin'K2Node_CallFunction_3041.EdGraphPin_33526''
[2016.05.09-01.12.25:025][702]LogProperty:Warning: ObjectProperty /Script/Engine.EdGraphPin:LinkedTo.LinkedTo: unresolved reference to 'EdGraphPin'K2Node_CallFunction_3041.EdGraphPin_33528''
[2016.05.09-01.13.12:624][302]LogParticles: Destroying 0 GPU particle simulations for FXSystem 0x000001E286304B80
[2016.05.09-01.13.18:191][302]LogSavePackage: Save=3444.167480ms
[2016.05.09-01.13.18:191][302]LogSavePackage: Moving '../../../../../WorkSpace/Unreal Projects/Project/Hero 4.10/Saved/Minimal_Default_Auto12AFC35D446A5269263B10191F33CCA50.tmp' to '../../../../../WorkSpace/Unreal Projects/Project/Hero 4.10/Saved/Autosaves/Game/StarterContent/Maps/Minimal_Default_Auto1.umap'
[2016.05.09-01.13.18:193][302]LogSavePackage: Total save time: 5469.909620ms
[2016.05.09-01.13.18:194][302]LogSavePackage:Display: Finished SavePackage ../../../../../WorkSpace/Unreal Projects/Project/Hero 4.10/Saved/Autosaves/Game/StarterContent/Maps/Minimal_Default_Auto1.umap
[2016.05.09-01.13.18:250][302]LogFileHelpers: Editor autosave (incl. sublevels) for '/Game/StarterContent/Maps/Minimal_Default' took 5.695
[2016.05.09-01.13.18:250][302]LogFileHelpers: Editor autosave (incl. sublevels) for all levels took 5.695
[2016.05.09-01.13.18:258][302]OBJ SavePackage: Generating thumbnails for [1] asset(s) in package [/Game/Blueprints/Pawn/Bot_Grunt] ([1] browsable assets)...
[2016.05.09-01.13.18:278][302]OBJ SavePackage:     Rendered thumbnail for [Blueprint /Game/Blueprints/Pawn/Bot_Grunt.Bot_Grunt]
[2016.05.09-01.13.18:278][302]OBJ SavePackage: Finished generating thumbnails for package [/Game/Blueprints/Pawn/Bot_Grunt]
[2016.05.09-01.13.18:725][302]LogSavePackage: Save=434.566193ms
[2016.05.09-01.13.18:725][302]LogSavePackage: Moving '../../../../../WorkSpace/Unreal Projects/Project/Hero 4.10/Saved/Bot_Grunt_Auto1B0ADDFEC449428CA48E266AAEE90C244.tmp' to '../../../../../WorkSpace/Unreal Projects/Project/Hero 4.10/Saved/Autosaves/Game/Blueprints/Pawn/Bot_Grunt_Auto1.uasset'
[2016.05.09-01.13.18:727][302]LogSavePackage: Total save time: 447.876420ms
[2016.05.09-01.13.18:727][302]LogSavePackage:Display: Finished SavePackage ../../../../../WorkSpace/Unreal Projects/Project/Hero 4.10/Saved/Autosaves/Game/Blueprints/Pawn/Bot_Grunt_Auto1.uasset
[2016.05.09-01.13.18:727][302]LogFileHelpers: Auto-saving content packages took 0.475
[2016.05.09-01.13.50:788][102]LogSavePackage: Save=5.298196ms
[2016.05.09-01.13.50:788][102]LogSavePackage: Moving '../../../../../WorkSpace/Unreal Projects/Project/Hero 4.10/Saved/mopAttackSound4CD4105642B54115371C33BFD63BFD1A.tmp' to '../../../../../WorkSpace/Unreal Projects/Project/Hero 4.10/Content/KNR/sound/monster/attack/mopAttackSound.uasset'
[2016.05.09-01.13.50:793][102]LogSavePackage: Total save time: 10.070227ms
[2016.05.09-01.13.50:793][102]LogSavePackage:Display: Finished SavePackage ../../../../../WorkSpace/Unreal Projects/Project/Hero 4.10/Content/KNR/sound/monster/attack/mopAttackSound.uasset
[2016.05.09-01.13.50:849][102]LogActorComponent: UnregisterComponent: (/Engine/Transient.CharMoveComp) Not registered. Aborting.
[2016.05.09-01.13.55:001][558]LogSavePackage: Save=5.263480ms
[2016.05.09-01.13.55:001][558]LogSavePackage: Moving '../../../../../WorkSpace/Unreal Projects/Project/Hero 4.10/Saved/mopAttackSound0047692B2D4D6C92A1EB38E2BBCD112EC7.tmp' to '../../../../../WorkSpace/Unreal Projects/Project/Hero 4.10/Content/KNR/sound/monster/attack/mopAttackSound00.uasset'
[2016.05.09-01.13.55:005][558]LogSavePackage: Total save time: 9.563077ms
[2016.05.09-01.13.55:005][558]LogSavePackage:Display: Finished SavePackage ../../../../../WorkSpace/Unreal Projects/Project/Hero 4.10/Content/KNR/sound/monster/attack/mopAttackSound00.uasset
[2016.05.09-01.14.02:033][368]LogSavePackage: Save=5.019264ms
[2016.05.09-01.14.02:033][368]LogSavePackage: Moving '../../../../../WorkSpace/Unreal Projects/Project/Hero 4.10/Saved/mopAttackSound01C072B41B45CC95559E3C1FBA2FB5D68D.tmp' to '../../../../../WorkSpace/Unreal Projects/Project/Hero 4.10/Content/KNR/sound/monster/attack/mopAttackSound01.uasset'
[2016.05.09-01.14.02:037][368]LogSavePackage: Total save time: 9.070415ms
[2016.05.09-01.14.02:037][368]LogSavePackage:Display: Finished SavePackage ../../../../../WorkSpace/Unreal Projects/Project/Hero 4.10/Content/KNR/sound/monster/attack/mopAttackSound01.uasset
[2016.05.09-01.14.05:583][761]LogSavePackage: Save=4.956474ms
[2016.05.09-01.14.05:583][761]LogSavePackage: Moving '../../../../../WorkSpace/Unreal Projects/Project/Hero 4.10/Saved/mopAttackSound02EDF0E41C455ED1FE6A02B89D2612E6C8.tmp' to '../../../../../WorkSpace/Unreal Projects/Project/Hero 4.10/Content/KNR/sound/monster/attack/mopAttackSound02.uasset'
[2016.05.09-01.14.05:587][761]LogSavePackage: Total save time: 9.006720ms
[2016.05.09-01.14.05:587][761]LogSavePackage:Display: Finished SavePackage ../../../../../WorkSpace/Unreal Projects/Project/Hero 4.10/Content/KNR/sound/monster/attack/mopAttackSound02.uasset
[2016.05.09-01.14.30:942][694]BlueprintLog: New page: Bot_Grunt 컴파일
[2016.05.09-01.14.31:253][694]LogUObjectGlobals:Warning: Guid is in use by CapsuleComponent /Game/StarterContent/Maps/Minimal_Default.Minimal_Default:PersistentLevel.Bot_Grunt_C_0.CollisionCylinder and CapsuleComponent /Game/StarterContent/Maps/Minimal_Default.Minimal_Default:PersistentLevel.Bot_Grunt_C_1.CollisionCylinder, which should never happen in the editor but could happen at runtime with duplicate level loading or PIE
[2016.05.09-01.14.31:253][694]LogUObjectGlobals:Warning: Guid is in use by ArrowComponent /Game/StarterContent/Maps/Minimal_Default.Minimal_Default:PersistentLevel.Bot_Grunt_C_0.Arrow and ArrowComponent /Game/StarterContent/Maps/Minimal_Default.Minimal_Default:PersistentLevel.Bot_Grunt_C_1.Arrow, which should never happen in the editor but could happen at runtime with duplicate level loading or PIE
[2016.05.09-01.14.31:253][694]LogUObjectGlobals:Warning: Guid is in use by CharacterMovementComponent /Game/StarterContent/Maps/Minimal_Default.Minimal_Default:PersistentLevel.Bot_Grunt_C_0.CharMoveComp and CharacterMovementComponent /Game/StarterContent/Maps/Minimal_Default.Minimal_Default:PersistentLevel.Bot_Grunt_C_1.CharMoveComp, which should never happen in the editor but could happen at runtime with duplicate level loading or PIE
[2016.05.09-01.14.31:253][694]LogUObjectGlobals:Warning: Guid is in use by SkeletalMeshComponent /Game/StarterContent/Maps/Minimal_Default.Minimal_Default:PersistentLevel.Bot_Grunt_C_0.CharacterMesh0 and SkeletalMeshComponent /Game/StarterContent/Maps/Minimal_Default.Minimal_Default:PersistentLevel.Bot_Grunt_C_1.CharacterMesh0, which should never happen in the editor but could happen at runtime with duplicate level loading or PIE
[2016.05.09-01.14.31:382][694]BlueprintEditorCompileResults: 정보 [1387.81] Bot_Grunt 컴파일에 성공했습니다! [소요시간 425 ms]
[2016.05.09-01.14.32:060][757]Cmd: OBJ SAVEPACKAGE PACKAGE="/Game/Blueprints/Pawn/Bot_Grunt" FILE="../../../../../WorkSpace/Unreal Projects/Project/Hero 4.10/Content/Blueprints/Pawn/Bot_Grunt.uasset" SILENT=true
[2016.05.09-01.14.32:631][757]LogSavePackage: Save=460.301575ms
[2016.05.09-01.14.32:631][757]LogSavePackage: Moving '../../../../../WorkSpace/Unreal Projects/Project/Hero 4.10/Saved/Bot_GruntE7819DC8441BAF5F5CDC85B0717A098B.tmp' to '../../../../../WorkSpace/Unreal Projects/Project/Hero 4.10/Content/Blueprints/Pawn/Bot_Grunt.uasset'
[2016.05.09-01.14.32:636][757]LogSavePackage: Total save time: 469.672650ms
[2016.05.09-01.14.32:636][757]LogSavePackage:Display: Finished SavePackage ../../../../../WorkSpace/Unreal Projects/Project/Hero 4.10/Content/Blueprints/Pawn/Bot_Grunt.uasset
[2016.05.09-01.15.43:491][127]LogActorComponent: UnregisterComponent: (/Engine/Transient.CharMoveComp) Not registered. Aborting.
[2016.05.09-01.15.43:492][127]LogActorComponent: UnregisterComponent: (/Engine/Transient.ProjectileMovement_GEN_VARIABLE) Not registered. Aborting.
[2016.05.09-01.15.43:492][127]LogActorComponent: UnregisterComponent: (/Engine/Transient.ProjectileMovementComponent_0) Not registered. Aborting.
[2016.05.09-01.16.03:398][507]LogActorComponent: UnregisterComponent: (/Engine/Transient.ProjectileMovementComponent_1) Not registered. Aborting.
[2016.05.09-01.16.19:254][398]LogActorComponent: UnregisterComponent: (/Engine/Transient.ProjectileMovementComponent_2) Not registered. Aborting.
[2016.05.09-01.16.57:105][513]Cmd: OBJ SAVEPACKAGE PACKAGE="/Game/KNR/sound/monster/hit/mopHitSound" FILE="../../../../../WorkSpace/Unreal Projects/Project/Hero 4.10/Content/KNR/sound/monster/hit/mopHitSound.uasset" SILENT=true
[2016.05.09-01.16.57:112][513]LogSavePackage: Save=4.989982ms
[2016.05.09-01.16.57:112][513]LogSavePackage: Moving '../../../../../WorkSpace/Unreal Projects/Project/Hero 4.10/Saved/mopHitSoundB3CB75514CFC5D5BDA6B5A9799D8DBD3.tmp' to '../../../../../WorkSpace/Unreal Projects/Project/Hero 4.10/Content/KNR/sound/monster/hit/mopHitSound.uasset'
[2016.05.09-01.16.57:117][513]LogSavePackage: Total save time: 9.368669ms
[2016.05.09-01.16.57:117][513]LogSavePackage:Display: Finished SavePackage ../../../../../WorkSpace/Unreal Projects/Project/Hero 4.10/Content/KNR/sound/monster/hit/mopHitSound.uasset
[2016.05.09-01.16.57:197][513]LogActorComponent: UnregisterComponent: (/Engine/Transient.ProjectileMovementComponent_3) Not registered. Aborting.
[2016.05.09-01.16.57:197][513]LogActorComponent: UnregisterComponent: (/Engine/Transient.ProjectileMovementComponent_4) Not registered. Aborting.
[2016.05.09-01.17.09:032][841]Cmd: OBJ SAVEPACKAGE PACKAGE="/Game/KNR/sound/monster/hit/mopHitSound00" FILE="../../../../../WorkSpace/Unreal Projects/Project/Hero 4.10/Content/KNR/sound/monster/hit/mopHitSound00.uasset" SILENT=true
[2016.05.09-01.17.09:039][841]LogSavePackage: Save=4.988473ms
[2016.05.09-01.17.09:040][841]LogSavePackage: Moving '../../../../../WorkSpace/Unreal Projects/Project/Hero 4.10/Saved/mopHitSound00FF8A2D6E4A0990F3C73D3F983B7E7154.tmp' to '../../../../../WorkSpace/Unreal Projects/Project/Hero 4.10/Content/KNR/sound/monster/hit/mopHitSound00.uasset'
[2016.05.09-01.17.09:043][841]LogSavePackage: Total save time: 8.970197ms
[2016.05.09-01.17.09:043][841]LogSavePackage:Display: Finished SavePackage ../../../../../WorkSpace/Unreal Projects/Project/Hero 4.10/Content/KNR/sound/monster/hit/mopHitSound00.uasset
[2016.05.09-01.18.46:360][105]Cmd: OBJ SAVEPACKAGE PACKAGE="/Game/KNR/sound/tower/mopHitedSound00" FILE="../../../../../WorkSpace/Unreal Projects/Project/Hero 4.10/Content/KNR/sound/tower/mopHitedSound00.uasset" SILENT=true
[2016.05.09-01.18.46:368][105]LogSavePackage: Save=5.188313ms
[2016.05.09-01.18.46:368][105]LogSavePackage: Moving '../../../../../WorkSpace/Unreal Projects/Project/Hero 4.10/Saved/mopHitedSound007A5D81A948E63F406E4B40AFB9888A19.tmp' to '../../../../../WorkSpace/Unreal Projects/Project/Hero 4.10/Content/KNR/sound/tower/mopHitedSound00.uasset'
[2016.05.09-01.18.46:371][105]LogSavePackage: Total save time: 9.202641ms
[2016.05.09-01.18.46:371][105]LogSavePackage:Display: Finished SavePackage ../../../../../WorkSpace/Unreal Projects/Project/Hero 4.10/Content/KNR/sound/tower/mopHitedSound00.uasset
[2016.05.09-01.18.47:115][105]Cmd: OBJ SAVEPACKAGE PACKAGE="/Game/SGH/Building/Tower1_BP" FILE="../../../../../WorkSpace/Unreal Projects/Project/Hero 4.10/Content/SGH/Building/Tower1_BP.uasset" SILENT=true
[2016.05.09-01.18.48:161][105]LogSavePackage: Save=991.804688ms
[2016.05.09-01.18.48:161][105]LogSavePackage: Moving '../../../../../WorkSpace/Unreal Projects/Project/Hero 4.10/Saved/Tower1_BP474F54F54C758F7BECED65948344EED4.tmp' to '../../../../../WorkSpace/Unreal Projects/Project/Hero 4.10/Content/SGH/Building/Tower1_BP.uasset'
[2016.05.09-01.18.48:163][105]LogSavePackage: Total save time: 1046.653770ms
[2016.05.09-01.18.48:163][105]LogSavePackage:Display: Finished SavePackage ../../../../../WorkSpace/Unreal Projects/Project/Hero 4.10/Content/SGH/Building/Tower1_BP.uasset
[2016.05.09-01.18.48:207][105]Cmd: OBJ SAVEPACKAGE PACKAGE="/Game/SGH/Projectile/ArrowProjectile_BP" FILE="../../../../../WorkSpace/Unreal Projects/Project/Hero 4.10/Content/SGH/Projectile/ArrowProjectile_BP.uasset" SILENT=true
[2016.05.09-01.18.48:355][105]LogSavePackage: Save=128.884933ms
[2016.05.09-01.18.48:356][105]LogSavePackage: Moving '../../../../../WorkSpace/Unreal Projects/Project/Hero 4.10/Saved/ArrowProjectile_BPB2545A6244DB77314E8A839B193DBA9B.tmp' to '../../../../../WorkSpace/Unreal Projects/Project/Hero 4.10/Content/SGH/Projectile/ArrowProjectile_BP.uasset'
[2016.05.09-01.18.48:366][105]LogSavePackage: Total save time: 156.299043ms
[2016.05.09-01.18.48:366][105]LogSavePackage:Display: Finished SavePackage ../../../../../WorkSpace/Unreal Projects/Project/Hero 4.10/Content/SGH/Projectile/ArrowProjectile_BP.uasset
[2016.05.09-01.18.48:375][105]Cmd: OBJ SAVEPACKAGE PACKAGE="/Game/SGH/Projectile/Beam_BP" FILE="../../../../../WorkSpace/Unreal Projects/Project/Hero 4.10/Content/SGH/Projectile/Beam_BP.uasset" SILENT=true
[2016.05.09-01.18.48:625][105]LogSavePackage: Save=233.624146ms
[2016.05.09-01.18.48:625][105]LogSavePackage: Moving '../../../../../WorkSpace/Unreal Projects/Project/Hero 4.10/Saved/Beam_BP648186E04732225C2F3D86B0489FEA7B.tmp' to '../../../../../WorkSpace/Unreal Projects/Project/Hero 4.10/Content/SGH/Projectile/Beam_BP.uasset'
[2016.05.09-01.18.48:628][105]LogSavePackage: Total save time: 250.817098ms
[2016.05.09-01.18.48:628][105]LogSavePackage:Display: Finished SavePackage ../../../../../WorkSpace/Unreal Projects/Project/Hero 4.10/Content/SGH/Projectile/Beam_BP.uasset
[2016.05.09-01.18.48:636][105]Cmd: OBJ SAVEPACKAGE PACKAGE="/Game/SGH/Projectile/SkillProjectile2_BP" FILE="../../../../../WorkSpace/Unreal Projects/Project/Hero 4.10/Content/SGH/Projectile/SkillProjectile2_BP.uasset" SILENT=true
[2016.05.09-01.18.48:724][105]LogSavePackage: Save=69.610405ms
[2016.05.09-01.18.48:724][105]LogSavePackage: Moving '../../../../../WorkSpace/Unreal Projects/Project/Hero 4.10/Saved/SkillProjectile2_BP6A5ED87C4AB3CA5A2A29A9A7E1E9AF67.tmp' to '../../../../../WorkSpace/Unreal Projects/Project/Hero 4.10/Content/SGH/Projectile/SkillProjectile2_BP.uasset'
[2016.05.09-01.18.48:727][105]LogSavePackage: Total save time: 87.852668ms
[2016.05.09-01.18.48:727][105]LogSavePackage:Display: Finished SavePackage ../../../../../WorkSpace/Unreal Projects/Project/Hero 4.10/Content/SGH/Projectile/SkillProjectile2_BP.uasset
[2016.05.09-01.18.48:736][105]Cmd: OBJ SAVEPACKAGE PACKAGE="/Game/SGH/Projectile/WheelWind_BP" FILE="../../../../../WorkSpace/Unreal Projects/Project/Hero 4.10/Content/SGH/Projectile/WheelWind_BP.uasset" SILENT=true
[2016.05.09-01.18.48:817][105]LogSavePackage: Save=71.262260ms
[2016.05.09-01.18.48:817][105]LogSavePackage: Moving '../../../../../WorkSpace/Unreal Projects/Project/Hero 4.10/Saved/WheelWind_BPF715859441102DEB51AB6DB6F337B9AD.tmp' to '../../../../../WorkSpace/Unreal Projects/Project/Hero 4.10/Content/SGH/Projectile/WheelWind_BP.uasset'
[2016.05.09-01.18.48:819][105]LogSavePackage: Total save time: 80.757719ms
[2016.05.09-01.18.48:819][105]LogSavePackage:Display: Finished SavePackage ../../../../../WorkSpace/Unreal Projects/Project/Hero 4.10/Content/SGH/Projectile/WheelWind_BP.uasset
[2016.05.09-01.18.54:951][786]Cmd: OBJ SAVEPACKAGE PACKAGE="/Game/KNR/sound/tower/mopHitedSound01" FILE="../../../../../WorkSpace/Unreal Projects/Project/Hero 4.10/Content/KNR/sound/tower/mopHitedSound01.uasset" SILENT=true
[2016.05.09-01.18.54:959][786]LogSavePackage: Save=5.047942ms
[2016.05.09-01.18.54:959][786]LogSavePackage: Moving '../../../../../WorkSpace/Unreal Projects/Project/Hero 4.10/Saved/mopHitedSound01907003F544550C7183A9D0819B316E94.tmp' to '../../../../../WorkSpace/Unreal Projects/Project/Hero 4.10/Content/KNR/sound/tower/mopHitedSound01.uasset'
[2016.05.09-01.18.54:963][786]LogSavePackage: Total save time: 9.179395ms
[2016.05.09-01.18.54:963][786]LogSavePackage:Display: Finished SavePackage ../../../../../WorkSpace/Unreal Projects/Project/Hero 4.10/Content/KNR/sound/tower/mopHitedSound01.uasset
[2016.05.09-01.18.55:004][786]LogActorComponent: UnregisterComponent: (/Engine/Transient.ProjectileMovement_GEN_VARIABLE) Not registered. Aborting.
[2016.05.09-01.18.55:196][786]Cmd: OBJ SAVEPACKAGE PACKAGE="/Game/SGH/Projectile/ArrowProjectile_BP" FILE="../../../../../WorkSpace/Unreal Projects/Project/Hero 4.10/Content/SGH/Projectile/ArrowProjectile_BP.uasset" SILENT=true
[2016.05.09-01.18.55:305][786]LogSavePackage: Save=102.456139ms
[2016.05.09-01.18.55:305][786]LogSavePackage: Moving '../../../../../WorkSpace/Unreal Projects/Project/Hero 4.10/Saved/ArrowProjectile_BP428596294B2D1B23B05FF29BEDCE9B1C.tmp' to '../../../../../WorkSpace/Unreal Projects/Project/Hero 4.10/Content/SGH/Projectile/ArrowProjectile_BP.uasset'
[2016.05.09-01.18.55:307][786]LogSavePackage: Total save time: 109.785952ms
[2016.05.09-01.18.55:307][786]LogSavePackage:Display: Finished SavePackage ../../../../../WorkSpace/Unreal Projects/Project/Hero 4.10/Content/SGH/Projectile/ArrowProjectile_BP.uasset
[2016.05.09-01.18.55:315][786]Cmd: OBJ SAVEPACKAGE PACKAGE="/Game/SGH/Projectile/Beam_BP" FILE="../../../../../WorkSpace/Unreal Projects/Project/Hero 4.10/Content/SGH/Projectile/Beam_BP.uasset" SILENT=true
[2016.05.09-01.18.55:540][786]LogSavePackage: Save=218.581451ms
[2016.05.09-01.18.55:540][786]LogSavePackage: Moving '../../../../../WorkSpace/Unreal Projects/Project/Hero 4.10/Saved/Beam_BP3AFE86554E7C96F070D987A3FAEC8069.tmp' to '../../../../../WorkSpace/Unreal Projects/Project/Hero 4.10/Content/SGH/Projectile/Beam_BP.uasset'
[2016.05.09-01.18.55:543][786]LogSavePackage: Total save time: 225.219063ms
[2016.05.09-01.18.55:543][786]LogSavePackage:Display: Finished SavePackage ../../../../../WorkSpace/Unreal Projects/Project/Hero 4.10/Content/SGH/Projectile/Beam_BP.uasset
[2016.05.09-01.18.55:551][786]Cmd: OBJ SAVEPACKAGE PACKAGE="/Game/SGH/Projectile/SkillProjectile2_BP" FILE="../../../../../WorkSpace/Unreal Projects/Project/Hero 4.10/Content/SGH/Projectile/SkillProjectile2_BP.uasset" SILENT=true
[2016.05.09-01.18.55:627][786]LogSavePackage: Save=69.373436ms
[2016.05.09-01.18.55:627][786]LogSavePackage: Moving '../../../../../WorkSpace/Unreal Projects/Project/Hero 4.10/Saved/SkillProjectile2_BP869DD7AC4DA9B32607DEFB98C6C17E21.tmp' to '../../../../../WorkSpace/Unreal Projects/Project/Hero 4.10/Content/SGH/Projectile/SkillProjectile2_BP.uasset'
[2016.05.09-01.18.55:629][786]LogSavePackage: Total save time: 76.392613ms
[2016.05.09-01.18.55:629][786]LogSavePackage:Display: Finished SavePackage ../../../../../WorkSpace/Unreal Projects/Project/Hero 4.10/Content/SGH/Projectile/SkillProjectile2_BP.uasset
[2016.05.09-01.18.55:637][786]Cmd: OBJ SAVEPACKAGE PACKAGE="/Game/SGH/Projectile/WheelWind_BP" FILE="../../../../../WorkSpace/Unreal Projects/Project/Hero 4.10/Content/SGH/Projectile/WheelWind_BP.uasset" SILENT=true
[2016.05.09-01.18.55:699][786]LogSavePackage: Save=55.349258ms
[2016.05.09-01.18.55:699][786]LogSavePackage: Moving '../../../../../WorkSpace/Unreal Projects/Project/Hero 4.10/Saved/WheelWind_BPF41C629C45606408969094A9F09F0A22.tmp' to '../../../../../WorkSpace/Unreal Projects/Project/Hero 4.10/Content/SGH/Projectile/WheelWind_BP.uasset'
[2016.05.09-01.18.55:702][786]LogSavePackage: Total save time: 62.621713ms
[2016.05.09-01.18.55:702][786]LogSavePackage:Display: Finished SavePackage ../../../../../WorkSpace/Unreal Projects/Project/Hero 4.10/Content/SGH/Projectile/WheelWind_BP.uasset
[2016.05.09-01.19.02:086][527]Cmd: OBJ SAVEPACKAGE PACKAGE="/Game/KNR/sound/tower/mopHitedSound02" FILE="../../../../../WorkSpace/Unreal Projects/Project/Hero 4.10/Content/KNR/sound/tower/mopHitedSound02.uasset" SILENT=true
[2016.05.09-01.19.02:094][527]LogSavePackage: Save=5.134580ms
[2016.05.09-01.19.02:094][527]LogSavePackage: Moving '../../../../../WorkSpace/Unreal Projects/Project/Hero 4.10/Saved/mopHitedSound0206F0A27A4F91FC7BF166BC8682652365.tmp' to '../../../../../WorkSpace/Unreal Projects/Project/Hero 4.10/Content/KNR/sound/tower/mopHitedSound02.uasset'
[2016.05.09-01.19.02:098][527]LogSavePackage: Total save time: 9.919289ms
[2016.05.09-01.19.02:098][527]LogSavePackage:Display: Finished SavePackage ../../../../../WorkSpace/Unreal Projects/Project/Hero 4.10/Content/KNR/sound/tower/mopHitedSound02.uasset
[2016.05.09-01.19.02:346][527]Cmd: OBJ SAVEPACKAGE PACKAGE="/Game/SGH/Projectile/ArrowProjectile_BP" FILE="../../../../../WorkSpace/Unreal Projects/Project/Hero 4.10/Content/SGH/Projectile/ArrowProjectile_BP.uasset" SILENT=true
[2016.05.09-01.19.02:460][527]LogSavePackage: Save=107.848518ms
[2016.05.09-01.19.02:460][527]LogSavePackage: Moving '../../../../../WorkSpace/Unreal Projects/Project/Hero 4.10/Saved/ArrowProjectile_BP714151BB44E3C7F93B68EF95F84D67C4.tmp' to '../../../../../WorkSpace/Unreal Projects/Project/Hero 4.10/Content/SGH/Projectile/ArrowProjectile_BP.uasset'
[2016.05.09-01.19.02:463][527]LogSavePackage: Total save time: 114.701670ms
[2016.05.09-01.19.02:463][527]LogSavePackage:Display: Finished SavePackage ../../../../../WorkSpace/Unreal Projects/Project/Hero 4.10/Content/SGH/Projectile/ArrowProjectile_BP.uasset
[2016.05.09-01.19.02:471][527]Cmd: OBJ SAVEPACKAGE PACKAGE="/Game/SGH/Projectile/Beam_BP" FILE="../../../../../WorkSpace/Unreal Projects/Project/Hero 4.10/Content/SGH/Projectile/Beam_BP.uasset" SILENT=true
[2016.05.09-01.19.02:696][527]LogSavePackage: Save=218.860382ms
[2016.05.09-01.19.02:696][527]LogSavePackage: Moving '../../../../../WorkSpace/Unreal Projects/Project/Hero 4.10/Saved/Beam_BPC6233FD34CB2A19CF97DF49EEF74BF1F.tmp' to '../../../../../WorkSpace/Unreal Projects/Project/Hero 4.10/Content/SGH/Projectile/Beam_BP.uasset'
[2016.05.09-01.19.02:699][527]LogSavePackage: Total save time: 225.805908ms
[2016.05.09-01.19.02:699][527]LogSavePackage:Display: Finished SavePackage ../../../../../WorkSpace/Unreal Projects/Project/Hero 4.10/Content/SGH/Projectile/Beam_BP.uasset
[2016.05.09-01.19.02:706][527]Cmd: OBJ SAVEPACKAGE PACKAGE="/Game/SGH/Projectile/SkillProjectile2_BP" FILE="../../../../../WorkSpace/Unreal Projects/Project/Hero 4.10/Content/SGH/Projectile/SkillProjectile2_BP.uasset" SILENT=true
[2016.05.09-01.19.02:786][527]LogSavePackage: Save=73.285118ms
[2016.05.09-01.19.02:786][527]LogSavePackage: Moving '../../../../../WorkSpace/Unreal Projects/Project/Hero 4.10/Saved/SkillProjectile2_BPD48C41344642D30BB577318CC836CF97.tmp' to '../../../../../WorkSpace/Unreal Projects/Project/Hero 4.10/Content/SGH/Projectile/SkillProjectile2_BP.uasset'
[2016.05.09-01.19.02:788][527]LogSavePackage: Total save time: 80.013294ms
[2016.05.09-01.19.02:788][527]LogSavePackage:Display: Finished SavePackage ../../../../../WorkSpace/Unreal Projects/Project/Hero 4.10/Content/SGH/Projectile/SkillProjectile2_BP.uasset
[2016.05.09-01.19.02:797][527]Cmd: OBJ SAVEPACKAGE PACKAGE="/Game/SGH/Projectile/WheelWind_BP" FILE="../../../../../WorkSpace/Unreal Projects/Project/Hero 4.10/Content/SGH/Projectile/WheelWind_BP.uasset" SILENT=true
[2016.05.09-01.19.02:863][527]LogSavePackage: Save=60.046120ms
[2016.05.09-01.19.02:863][527]LogSavePackage: Moving '../../../../../WorkSpace/Unreal Projects/Project/Hero 4.10/Saved/WheelWind_BP0A89FB1C4709688185E613A757C1AECD.tmp' to '../../../../../WorkSpace/Unreal Projects/Project/Hero 4.10/Content/SGH/Projectile/WheelWind_BP.uasset'
[2016.05.09-01.19.02:865][527]LogSavePackage: Total save time: 66.750750ms
[2016.05.09-01.19.02:865][527]LogSavePackage:Display: Finished SavePackage ../../../../../WorkSpace/Unreal Projects/Project/Hero 4.10/Content/SGH/Projectile/WheelWind_BP.uasset
[2016.05.09-01.19.29:214][646]LogSavePackage: Save=5.076016ms
[2016.05.09-01.19.29:214][646]LogSavePackage: Moving '../../../../../WorkSpace/Unreal Projects/Project/Hero 4.10/Saved/buildingHitedSound0007FEDD124AA440E0A0A0D28F5CEA292C.tmp' to '../../../../../WorkSpace/Unreal Projects/Project/Hero 4.10/Content/KNR/sound/monster/hit/buildingHitedSound00.uasset'
[2016.05.09-01.19.29:218][646]LogSavePackage: Total save time: 9.322483ms
[2016.05.09-01.19.29:218][646]LogSavePackage:Display: Finished SavePackage ../../../../../WorkSpace/Unreal Projects/Project/Hero 4.10/Content/KNR/sound/monster/hit/buildingHitedSound00.uasset
[2016.05.09-01.19.39:660][835]BlueprintLog: New page: Projectile 컴파일
[2016.05.09-01.19.39:827][835]BlueprintEditorCompileResults: 정보 [1696.27] Projectile 컴파일에 성공했습니다! [소요시간 166 ms]
[2016.05.09-01.19.40:080][858]Cmd: OBJ SAVEPACKAGE PACKAGE="/Game/SGH/Projectile/Projectile" FILE="../../../../../WorkSpace/Unreal Projects/Project/Hero 4.10/Content/SGH/Projectile/Projectile.uasset" SILENT=true
[2016.05.09-01.19.40:124][858]LogSavePackage: Save=34.709206ms
[2016.05.09-01.19.40:124][858]LogSavePackage: Moving '../../../../../WorkSpace/Unreal Projects/Project/Hero 4.10/Saved/Projectile011863BE44301CBF2AD204A039FC35E3.tmp' to '../../../../../WorkSpace/Unreal Projects/Project/Hero 4.10/Content/SGH/Projectile/Projectile.uasset'
[2016.05.09-01.19.40:127][858]LogSavePackage: Total save time: 45.270883ms
[2016.05.09-01.19.40:127][858]LogSavePackage:Display: Finished SavePackage ../../../../../WorkSpace/Unreal Projects/Project/Hero 4.10/Content/SGH/Projectile/Projectile.uasset
[2016.05.09-01.19.47:096][690]BlueprintLog: New page: Projectile 컴파일
[2016.05.09-01.19.47:166][690]LogActorComponent: UnregisterComponent: (/Engine/Transient.ProjectileMovement_GEN_VARIABLE) Not registered. Aborting.
[2016.05.09-01.19.47:231][690]BlueprintEditorCompileResults: 정보 [1703.68] Projectile 컴파일에 성공했습니다! [소요시간 135 ms]
[2016.05.09-01.19.47:631][731]Cmd: OBJ SAVEPACKAGE PACKAGE="/Game/SGH/Projectile/Projectile" FILE="../../../../../WorkSpace/Unreal Projects/Project/Hero 4.10/Content/SGH/Projectile/Projectile.uasset" SILENT=true
[2016.05.09-01.19.47:694][731]LogSavePackage: Save=56.036022ms
[2016.05.09-01.19.47:694][731]LogSavePackage: Moving '../../../../../WorkSpace/Unreal Projects/Project/Hero 4.10/Saved/ProjectileFEC36B484069605DDE4088B6A6FA095F.tmp' to '../../../../../WorkSpace/Unreal Projects/Project/Hero 4.10/Content/SGH/Projectile/Projectile.uasset'
[2016.05.09-01.19.47:699][731]LogSavePackage: Total save time: 65.044556ms
[2016.05.09-01.19.47:699][731]LogSavePackage:Display: Finished SavePackage ../../../../../WorkSpace/Unreal Projects/Project/Hero 4.10/Content/SGH/Projectile/Projectile.uasset
[2016.05.09-01.19.49:286][913]LogActorComponent: UnregisterComponent: (/Engine/Transient.EditorFloorComp) Not registered. Aborting.
[2016.05.09-01.19.52:234][251]LogActorComponent: UnregisterComponent: (/Engine/Transient.ProjectileMovement_GEN_VARIABLE) Not registered. Aborting.
[2016.05.09-01.19.57:003][251]LogSavePackage: Save=2386.420654ms
[2016.05.09-01.19.57:003][251]LogSavePackage: Moving '../../../../../WorkSpace/Unreal Projects/Project/Hero 4.10/Saved/Minimal_DefaultA6E84F1242335C0B88002CBBBE4D932F.tmp' to '../../../../../WorkSpace/Unreal Projects/Project/Hero 4.10/Content/StarterContent/Maps/Minimal_Default.umap'
[2016.05.09-01.19.57:050][251]LogSavePackage: Total save time: 2801.120073ms
[2016.05.09-01.19.57:050][251]LogSavePackage:Display: Finished SavePackage ../../../../../WorkSpace/Unreal Projects/Project/Hero 4.10/Content/StarterContent/Maps/Minimal_Default.umap
[2016.05.09-01.19.57:091][251]LogFileHelpers: Saving map 'Minimal_Default' took 3.214
[2016.05.09-01.19.58:426][396]LogParticles: Destroying 0 GPU particle simulations for FXSystem 0x000001E2B408B920
[2016.05.09-01.19.58:427][396]LogParticles: Destroying 0 GPU particle simulations for FXSystem 0x000001E297679800
[2016.05.09-01.19.58:769][397]Cmd: QUIT_EDITOR
[2016.05.09-01.19.58:861][397]LogWindowsTextInputMethodSystem:Display: IME system now activated using TSF (Microsoft 입력기).
[2016.05.09-01.19.58:920][397]LogExit: Preparing to exit.
[2016.05.09-01.19.59:929][397]LogExit: Editor shut down
[2016.05.09-01.19.59:931][397]LogExit: Transaction tracking system shut down
[2016.05.09-01.19.59:963][397]LogParticles: Destroying 0 GPU particle simulations for FXSystem 0x000001E2C8C687C0
[2016.05.09-01.19.59:969][397]LogParticles: Destroying 0 GPU particle simulations for FXSystem 0x000001E2B5153EC0
[2016.05.09-01.19.59:969][397]LogParticles: Destroying 0 GPU particle simulations for FXSystem 0x000001E2D64E8360
[2016.05.09-01.20.00:306][397]LogExit: Object subsystem successfully closed.
[2016.05.09-01.20.00:345][397]LogD3D11RHI: Shutdown
[2016.05.09-01.20.00:345][397]LogD3D11RHI: CleanupD3DDevice
[2016.05.09-01.20.00:463][397]LogD3D11RHI: ~FD3D11DynamicRHI
[2016.05.09-01.20.00:488][397]LogModuleManager: Shutting down and abandoning module CookingStats (200)
[2016.05.09-01.20.00:488][397]LogModuleManager: Shutting down and abandoning module BlueprintGraph (199)
[2016.05.09-01.20.00:488][397]LogModuleManager: Shutting down and abandoning module CrashTracker (198)
[2016.05.09-01.20.00:488][397]LogModuleManager: Shutting down and abandoning module SceneOutliner (197)
[2016.05.09-01.20.00:488][397]LogModuleManager: Shutting down and abandoning module SuperSearch (196)
[2016.05.09-01.20.00:488][397]LogModuleManager: Shutting down and abandoning module WidgetCarousel (195)
[2016.05.09-01.20.00:488][397]LogModuleManager: Shutting down and abandoning module AddContentDialog (194)
[2016.05.09-01.20.00:495][397]LogModuleManager: Shutting down and abandoning module EditorWidgets (193)
[2016.05.09-01.20.00:495][397]LogModuleManager: Shutting down and abandoning module CollectionManager (192)
[2016.05.09-01.20.00:495][397]LogModuleManager: Shutting down and abandoning module StatsViewer (191)
[2016.05.09-01.20.00:495][397]LogModuleManager: Shutting down and abandoning module FoliageEdit (190)
[2016.05.09-01.20.00:495][397]LogModuleManager: Shutting down and abandoning module LandscapeEditor (189)
[2016.05.09-01.20.00:495][397]LogModuleManager: Shutting down and abandoning module ActorPickerMode (188)
[2016.05.09-01.20.00:495][397]LogModuleManager: Shutting down and abandoning module GeometryMode (187)
[2016.05.09-01.20.00:495][397]LogModuleManager: Shutting down and abandoning module TextureAlignMode (186)
[2016.05.09-01.20.00:495][397]LogModuleManager: Shutting down and abandoning module BspMode (185)
[2016.05.09-01.20.00:495][397]LogModuleManager: Shutting down and abandoning module PlacementMode (184)
[2016.05.09-01.20.00:495][397]LogModuleManager: Shutting down and abandoning module AutomationWorker (183)
[2016.05.09-01.20.00:495][397]LogModuleManager: Shutting down and abandoning module CharacterAI (182)
[2016.05.09-01.20.00:495][397]LogModuleManager: Shutting down and abandoning module SmartSnapping (181)
[2016.05.09-01.20.00:495][397]LogModuleManager: Shutting down and abandoning module ViewportSnapping (180)
[2016.05.09-01.20.00:495][397]LogModuleManager: Shutting down and abandoning module LogVisualizer (179)
[2016.05.09-01.20.00:495][397]LogModuleManager: Shutting down and abandoning module GameProjectGeneration (178)
[2016.05.09-01.20.00:495][397]LogModuleManager: Shutting down and abandoning module IntroTutorials (177)
[2016.05.09-01.20.00:495][397]LogModuleManager: Shutting down and abandoning module EditorLiveStreaming (176)
[2016.05.09-01.20.00:495][397]LogModuleManager: Shutting down and abandoning module IOSPlatformEditor (175)
[2016.05.09-01.20.00:495][397]LogModuleManager: Shutting down and abandoning module HTML5PlatformEditor (174)
[2016.05.09-01.20.00:495][397]LogModuleManager: Shutting down and abandoning module AndroidDeviceDetection (173)
[2016.05.09-01.20.00:971][397]LogModuleManager: Shutting down and abandoning module AndroidPlatformEditor (172)
[2016.05.09-01.20.00:972][397]LogModuleManager: Shutting down and abandoning module IOSRuntimeSettings (171)
[2016.05.09-01.20.00:972][397]LogModuleManager: Shutting down and abandoning module AndroidRuntimeSettings (170)
[2016.05.09-01.20.00:972][397]LogModuleManager: Shutting down and abandoning module MergeActors (169)
[2016.05.09-01.20.00:972][397]LogModuleManager: Shutting down and abandoning module SizeMap (168)
[2016.05.09-01.20.00:972][397]LogModuleManager: Shutting down and abandoning module TreeMap (167)
[2016.05.09-01.20.00:972][397]LogModuleManager: Shutting down and abandoning module ReferenceViewer (166)
[2016.05.09-01.20.00:972][397]LogModuleManager: Shutting down and abandoning module LocalizationService (165)
[2016.05.09-01.20.00:972][397]LogModuleManager: Shutting down and abandoning module LocalizationDashboard (164)
[2016.05.09-01.20.00:972][397]LogModuleManager: Shutting down and abandoning module HardwareTargeting (163)
[2016.05.09-01.20.00:972][397]LogModuleManager: Shutting down and abandoning module DeviceProfileEditor (162)
[2016.05.09-01.20.00:972][397]LogModuleManager: Shutting down and abandoning module UndoHistory (161)
[2016.05.09-01.20.00:972][397]LogModuleManager: Shutting down and abandoning module GameplayTagsEditor (160)
[2016.05.09-01.20.00:972][397]LogModuleManager: Shutting down and abandoning module UserFeedback (159)
[2016.05.09-01.20.00:972][397]LogModuleManager: Shutting down and abandoning module XmlParser (158)
[2016.05.09-01.20.00:972][397]LogModuleManager: Shutting down and abandoning module Blutility (157)
[2016.05.09-01.20.00:972][397]LogModuleManager: Shutting down and abandoning module ProjectTargetPlatformEditor (156)
[2016.05.09-01.20.00:972][397]LogModuleManager: Shutting down and abandoning module ProjectSettingsViewer (155)
[2016.05.09-01.20.00:972][397]LogModuleManager: Shutting down and abandoning module InputBindingEditor (154)
[2016.05.09-01.20.00:972][397]LogModuleManager: Shutting down and abandoning module EditorSettingsViewer (153)
[2016.05.09-01.20.00:972][397]LogModuleManager: Shutting down and abandoning module SettingsEditor (152)
[2016.05.09-01.20.00:972][397]LogModuleManager: Shutting down and abandoning module ProjectLauncher (151)
[2016.05.09-01.20.00:972][397]LogModuleManager: Shutting down and abandoning module SessionFrontend (150)
[2016.05.09-01.20.00:972][397]LogModuleManager: Shutting down and abandoning module ProfilerClient (149)
[2016.05.09-01.20.00:972][397]LogModuleManager: Shutting down and abandoning module TargetDeviceServices (148)
[2016.05.09-01.20.00:972][397]LogModuleManager: Shutting down and abandoning module DeviceManager (147)
[2016.05.09-01.20.00:973][397]LogModuleManager: Shutting down and abandoning module AutomationController (146)
[2016.05.09-01.20.00:973][397]LogModuleManager: Shutting down and abandoning module AutomationWindow (145)
[2016.05.09-01.20.00:973][397]LogModuleManager: Shutting down and abandoning module Layers (144)
[2016.05.09-01.20.00:973][397]LogModuleManager: Shutting down and abandoning module ComponentVisualizers (143)
[2016.05.09-01.20.00:973][397]LogModuleManager: Shutting down and abandoning module DetailCustomizations (142)
[2016.05.09-01.20.00:973][397]LogModuleManager: Shutting down and abandoning module PackagesDialog (141)
[2016.05.09-01.20.00:973][397]LogModuleManager: Shutting down and abandoning module Persona (140)
[2016.05.09-01.20.00:973][397]LogModuleManager: Shutting down and abandoning module Kismet (139)
[2016.05.09-01.20.00:973][397]LogModuleManager: Shutting down and abandoning module GraphEditor (138)
[2016.05.09-01.20.00:974][397]LogModuleManager: Shutting down and abandoning module ClassViewer (137)
[2016.05.09-01.20.00:974][397]LogModuleManager: Shutting down and abandoning module Toolbox (136)
[2016.05.09-01.20.00:974][397]LogModuleManager: Shutting down and abandoning module ModuleUI (135)
[2016.05.09-01.20.00:974][397]LogModuleManager: Shutting down and abandoning module MovieSceneTools (134)
[2016.05.09-01.20.00:974][397]LogModuleManager: Shutting down and abandoning module OutputLog (133)
[2016.05.09-01.20.00:974][397]LogModuleManager: Shutting down and abandoning module GammaUI (132)
[2016.05.09-01.20.00:974][397]LogModuleManager: Shutting down and abandoning module Documentation (131)
[2016.05.09-01.20.00:974][397]LogModuleManager: Shutting down and abandoning module GameLiveStreaming (130)
[2016.05.09-01.20.00:974][397]LogModuleManager: Shutting down and abandoning module StreamingPauseRendering (129)
[2016.05.09-01.20.00:974][397]LogModuleManager: Shutting down and abandoning module AnalyticsET (128)
[2016.05.09-01.20.00:974][397]LogModuleManager: Shutting down and abandoning module Analytics (127)
[2016.05.09-01.20.00:974][397]LogModuleManager: Shutting down and abandoning module AITestSuite (126)
[2016.05.09-01.20.00:974][397]LogModuleManager: Shutting down and abandoning module GameplayDebugger (125)
[2016.05.09-01.20.00:974][397]LogModuleManager: Shutting down and abandoning module AIModule (124)
[2016.05.09-01.20.00:974][397]LogModuleManager: Shutting down and abandoning module ProfilerService (123)
[2016.05.09-01.20.01:146][397]LogModuleManager: Shutting down and abandoning module TaskGraph (122)
[2016.05.09-01.20.01:146][397]LogModuleManager: Shutting down and abandoning module SlateRemote (121)
[2016.05.09-01.20.01:146][397]LogModuleManager: Shutting down and abandoning module SteamVRController (120)
[2016.05.09-01.20.01:146][397]LogModuleManager: Shutting down and abandoning module SteamVR (119)
[2016.05.09-01.20.01:146][397]LogModuleManager: Shutting down and abandoning module ProceduralMeshComponent (118)
[2016.05.09-01.20.01:146][397]LogModuleManager: Shutting down and abandoning module OculusLibrary (117)
[2016.05.09-01.20.01:146][397]LogModuleManager: Shutting down and abandoning module OculusInput (116)
[2016.05.09-01.20.01:146][397]LogModuleManager: Shutting down and abandoning module LeapMotionController (115)
[2016.05.09-01.20.01:161][397]LogModuleManager: Shutting down and abandoning module CustomMeshComponent (114)
[2016.05.09-01.20.01:161][397]LogModuleManager: Shutting down and abandoning module CableComponent (113)
[2016.05.09-01.20.01:161][397]LogModuleManager: Shutting down and abandoning module ArchVisCharacter (112)
[2016.05.09-01.20.01:161][397]LogModuleManager: Shutting down and abandoning module MessagingDebugger (111)
[2016.05.09-01.20.01:161][397]LogModuleManager: Shutting down and abandoning module MediaPlayerEditor (110)
[2016.05.09-01.20.01:161][397]LogModuleManager: Shutting down and abandoning module HTML5Networking (109)
[2016.05.09-01.20.01:161][397]LogModuleManager: Shutting down and abandoning module SpeedTreeImporter (108)
[2016.05.09-01.20.01:161][397]LogModuleManager: Shutting down and abandoning module PluginBrowser (107)
[2016.05.09-01.20.01:161][397]LogModuleManager: Shutting down and abandoning module EpicSurvey (106)
[2016.05.09-01.20.01:161][397]LogModuleManager: Shutting down and abandoning module DesktopPlatform (105)
[2016.05.09-01.20.01:161][397]LogModuleManager: Shutting down and abandoning module VisualStudioSourceCodeAccess (104)
[2016.05.09-01.20.01:161][397]LogModuleManager: Shutting down and abandoning module UObjectPlugin (103)
[2016.05.09-01.20.01:161][397]LogModuleManager: Shutting down and abandoning module SubversionSourceControl (102)
[2016.05.09-01.20.01:161][397]LogModuleManager: Shutting down and abandoning module PerforceSourceControl (101)
[2016.05.09-01.20.01:162][397]LogModuleManager: Shutting down and abandoning module SourceControl (100)
[2016.05.09-01.20.01:162][397]LogModuleManager: Shutting down and abandoning module GitSourceControl (99)
[2016.05.09-01.20.01:162][397]LogModuleManager: Shutting down and abandoning module LightPropagationVolumeEditor (98)
[2016.05.09-01.20.01:162][397]LogModuleManager: Shutting down and abandoning module PaperTiledImporter (97)
[2016.05.09-01.20.01:162][397]LogModuleManager: Shutting down and abandoning module PaperSpriteSheetImporter (96)
[2016.05.09-01.20.01:162][397]LogModuleManager: Shutting down and abandoning module MeshPaint (95)
[2016.05.09-01.20.01:162][397]LogModuleManager: Shutting down and abandoning module SlateReflector (94)
[2016.05.09-01.20.01:162][397]LogModuleManager: Shutting down and abandoning module HotReload (93)
[2016.05.09-01.20.01:162][397]LogModuleManager: Shutting down and abandoning module MainFrame (92)
[2016.05.09-01.20.01:162][397]LogModuleManager: Shutting down and abandoning module LevelEditor (91)
[2016.05.09-01.20.01:163][397]LogModuleManager: Shutting down and abandoning module DirectoryWatcher (90)
[2016.05.09-01.20.01:169][397]LogModuleManager: Shutting down and abandoning module AssetRegistry (89)
[2016.05.09-01.20.01:356][397]LogModuleManager: Shutting down and abandoning module ContentBrowser (88)
[2016.05.09-01.20.01:357][397]LogModuleManager: Shutting down and abandoning module Paper2DEditor (87)
[2016.05.09-01.20.01:358][397]LogModuleManager: Shutting down and abandoning module UdpMessaging (86)
[2016.05.09-01.20.01:458][397]LogModuleManager: Shutting down and abandoning module LightPropagationVolumeRuntime (85)
[2016.05.09-01.20.01:458][397]LogModuleManager: Shutting down and abandoning module Paper2D (84)
[2016.05.09-01.20.01:458][397]LogModuleManager: Shutting down and abandoning module WindowsMoviePlayer (83)
[2016.05.09-01.20.01:466][397]LogModuleManager: Shutting down and abandoning module Media (82)
[2016.05.09-01.20.01:466][397]LogModuleManager: Shutting down and abandoning module WmfMedia (81)
[2016.05.09-01.20.01:466][397]LogModuleManager: Shutting down and abandoning module OnlineBlueprintSupport (80)
[2016.05.09-01.20.01:466][397]LogModuleManager: Shutting down and abandoning module GameplayTasksEditor (79)
[2016.05.09-01.20.01:466][397]LogModuleManager: Shutting down and abandoning module PropertyEditor (78)
[2016.05.09-01.20.01:466][397]LogModuleManager: Shutting down and abandoning module BehaviorTreeEditor (77)
[2016.05.09-01.20.01:466][397]LogModuleManager: Shutting down and abandoning module FunctionalTesting (76)
[2016.05.09-01.20.01:466][397]LogModuleManager: Shutting down and abandoning module CollisionAnalyzer (75)
[2016.05.09-01.20.01:467][397]LogModuleManager: Shutting down and abandoning module WorkspaceMenuStructure (74)
[2016.05.09-01.20.01:467][397]LogModuleManager: Shutting down and abandoning module MessageLog (73)
[2016.05.09-01.20.01:467][397]LogModuleManager: Shutting down and abandoning module Sequencer (72)
[2016.05.09-01.20.01:467][397]LogModuleManager: Shutting down and abandoning module AssetTools (71)
[2016.05.09-01.20.01:467][397]LogModuleManager: Shutting down and abandoning module UMGEditor (70)
[2016.05.09-01.20.01:467][397]LogModuleManager: Shutting down and abandoning module UMG (69)
[2016.05.09-01.20.01:467][397]LogModuleManager: Shutting down and abandoning module Slate (68)
[2016.05.09-01.20.01:467][397]LogModuleManager: Shutting down and abandoning module EditorStyle (67)
[2016.05.09-01.20.01:469][397]LogModuleManager: Shutting down and abandoning module SessionServices (66)
[2016.05.09-01.20.01:469][397]LogModuleManager: Shutting down and abandoning module SourceCodeAccess (65)
[2016.05.09-01.20.01:469][397]LogModuleManager: Shutting down and abandoning module HeadMountedDisplay (64)
[2016.05.09-01.20.01:469][397]LogModuleManager: Shutting down and abandoning module XAudio2 (63)
[2016.05.09-01.20.01:469][397]LogModuleManager: Shutting down and abandoning module Networking (61)
[2016.05.09-01.20.01:469][397]LogModuleManager: Shutting down and abandoning module Core (60)
[2016.05.09-01.20.01:469][397]LogModuleManager: Shutting down and abandoning module KismetCompiler (59)
[2016.05.09-01.20.01:469][397]LogModuleManager: Shutting down and abandoning module PhysXFormats (58)
[2016.05.09-01.20.01:469][397]LogModuleManager: Shutting down and abandoning module MeshUtilities (57)
[2016.05.09-01.20.01:469][397]LogModuleManager: Shutting down and abandoning module DerivedDataCache (56)
[2016.05.09-01.20.01:547][397]LogDerivedDataCache: Shutdown
[2016.05.09-01.20.01:547][397]LogModuleManager: Shutting down and abandoning module ShaderFormatOpenGL (55)
[2016.05.09-01.20.01:547][397]LogModuleManager: Shutting down and abandoning module ShaderFormatD3D (54)
[2016.05.09-01.20.01:547][397]LogModuleManager: Shutting down and abandoning module MetalShaderFormat (53)
[2016.05.09-01.20.01:547][397]LogModuleManager: Shutting down and abandoning module TextureFormatUncompressed (52)
[2016.05.09-01.20.01:547][397]LogModuleManager: Shutting down and abandoning module TextureFormatPVR (51)
[2016.05.09-01.20.01:547][397]LogModuleManager: Shutting down and abandoning module TextureFormatIntelISPCTexComp (50)
[2016.05.09-01.20.01:547][397]LogModuleManager: Shutting down and abandoning module TextureFormatDXT (49)
[2016.05.09-01.20.01:547][397]LogModuleManager: Shutting down and abandoning module ImageWrapper (48)
[2016.05.09-01.20.01:547][397]LogModuleManager: Shutting down and abandoning module TextureFormatASTC (47)
[2016.05.09-01.20.01:547][397]LogModuleManager: Shutting down and abandoning module TextureFormatAndroid (46)
[2016.05.09-01.20.01:547][397]LogModuleManager: Shutting down and abandoning module AudioFormatOpus (45)
[2016.05.09-01.20.01:547][397]LogModuleManager: Shutting down and abandoning module AudioFormatOgg (44)
[2016.05.09-01.20.01:547][397]LogModuleManager: Shutting down and abandoning module AudioFormatADPCM (43)
[2016.05.09-01.20.01:547][397]LogModuleManager: Shutting down and abandoning module LinuxTargetPlatform (42)
[2016.05.09-01.20.01:548][397]LogModuleManager: Shutting down and abandoning module LinuxServerTargetPlatform (41)
[2016.05.09-01.20.01:548][397]LogModuleManager: Shutting down and abandoning module LinuxNoEditorTargetPlatform (40)
[2016.05.09-01.20.01:548][397]LogModuleManager: Shutting down and abandoning module Messaging (39)
[2016.05.09-01.20.01:548][397]LogModuleManager: Shutting down and abandoning module IOSTargetPlatform (38)
[2016.05.09-01.20.01:548][397]LogModuleManager: Shutting down and abandoning module HTML5TargetPlatform (37)
[2016.05.09-01.20.01:548][397]LogModuleManager: Shutting down and abandoning module Android_PVRTCTargetPlatform (36)
[2016.05.09-01.20.01:548][397]LogModuleManager: Shutting down and abandoning module Android_MultiTargetPlatform (35)
[2016.05.09-01.20.01:548][397]LogModuleManager: Shutting down and abandoning module Android_ETC2TargetPlatform (34)
[2016.05.09-01.20.01:548][397]LogModuleManager: Shutting down and abandoning module Android_ETC1TargetPlatform (33)
[2016.05.09-01.20.01:548][397]LogModuleManager: Shutting down and abandoning module Android_DXTTargetPlatform (32)
[2016.05.09-01.20.01:548][397]LogModuleManager: Shutting down and abandoning module Android_ATCTargetPlatform (31)
[2016.05.09-01.20.01:548][397]LogModuleManager: Shutting down and abandoning module Android_ASTCTargetPlatform (30)
[2016.05.09-01.20.01:548][397]LogModuleManager: Shutting down and abandoning module AndroidTargetPlatform (29)
[2016.05.09-01.20.01:548][397]LogModuleManager: Shutting down and abandoning module WindowsTargetPlatform (28)
[2016.05.09-01.20.01:548][397]LogModuleManager: Shutting down and abandoning module WindowsServerTargetPlatform (27)
[2016.05.09-01.20.01:548][397]LogModuleManager: Shutting down and abandoning module WindowsNoEditorTargetPlatform (26)
[2016.05.09-01.20.01:548][397]LogModuleManager: Shutting down and abandoning module WindowsClientTargetPlatform (25)
[2016.05.09-01.20.01:548][397]LogModuleManager: Shutting down and abandoning module AllDesktopTargetPlatform (24)
[2016.05.09-01.20.01:548][397]LogModuleManager: Shutting down and abandoning module TargetPlatform (23)
[2016.05.09-01.20.01:548][397]LogModuleManager: Shutting down and abandoning module InputCore (22)
[2016.05.09-01.20.01:548][397]LogModuleManager: Shutting down and abandoning module Settings (21)
[2016.05.09-01.20.01:548][397]LogModuleManager: Shutting down and abandoning module OnlineSubsystem (19)
[2016.05.09-01.20.01:548][397]LogModuleManager: Shutting down and abandoning module HTTP (18)
[2016.05.09-01.20.02:549][397]LogModuleManager: Shutting down and abandoning module XMPP (17)
[2016.05.09-01.20.02:549][397]LogModuleManager: Shutting down and abandoning module OculusRift (16)
[2016.05.09-01.20.02:549][397]LogModuleManager: Shutting down and abandoning module ExampleDeviceProfileSelector (15)
[2016.05.09-01.20.02:549][397]LogModuleManager: Shutting down and abandoning module TextureCompressor (14)
[2016.05.09-01.20.02:550][397]LogModuleManager: Shutting down and abandoning module ShaderCore (13)
[2016.05.09-01.20.02:550][397]LogModuleManager: Shutting down and abandoning module Landscape (12)
[2016.05.09-01.20.02:550][397]LogModuleManager: Shutting down and abandoning module SlateRHIRenderer (11)
[2016.05.09-01.20.02:569][397]LogModuleManager: Shutting down and abandoning module OpenGLDrv (10)
[2016.05.09-01.20.02:569][397]LogModuleManager: Shutting down and abandoning module D3D11RHI (9)
[2016.05.09-01.20.02:569][397]LogModuleManager: Shutting down and abandoning module AnimGraphRuntime (8)
[2016.05.09-01.20.02:569][397]LogModuleManager: Shutting down and abandoning module Renderer (7)
[2016.05.09-01.20.02:570][397]LogModuleManager: Shutting down and abandoning module Engine (6)
[2016.05.09-01.20.02:570][397]LogModuleManager: Shutting down and abandoning module CoreUObject (5)
[2016.05.09-01.20.02:570][397]LogModuleManager: Shutting down and abandoning module NetworkFile (4)
[2016.05.09-01.20.02:570][397]LogModuleManager: Shutting down and abandoning module StreamingFile (3)
[2016.05.09-01.20.02:570][397]LogModuleManager: Shutting down and abandoning module SandboxFile (2)
[2016.05.09-01.20.02:570][397]LogModuleManager: Shutting down and abandoning module PakFile (1)
[2016.05.09-01.20.02:571][397]LogExit: Exiting.
[2016.05.09-01.20.02:576][397]Log file closed, 05/09/16 10:20:02
