[2016.05.01-06.24.41:323][  0]Log file open, 05/01/16 15:24:41
[2016.05.01-06.24.41:323][  0]LogInit:Display: Running engine for game: Hero
[2016.05.01-06.24.41:323][  0]LogPlatformFile: Not using cached read wrapper
[2016.05.01-06.24.41:323][  0]LogInit:Display: RandInit(1825505465) SRandInit(1825505467).
[2016.05.01-06.24.41:323][  0]LogTaskGraph: Started task graph with 4 named threads and 5 total threads.
[2016.05.01-06.24.41:323][  0]LogStats: Stats thread started at 0.073707
[2016.05.01-06.24.41:323][  0]LogInit: Version: 4.10.2-2818068+++depot+UE4-Releases+4.10
[2016.05.01-06.24.41:323][  0]LogInit: API Version: 2758231
[2016.05.01-06.24.41:323][  0]LogInit: Compiled (64-bit): Jan  6 2016 17:36:42
[2016.05.01-06.24.41:323][  0]LogInit: Compiled with Visual C++: 19.00.23026.00
[2016.05.01-06.24.41:323][  0]LogInit: Build Configuration: Development
[2016.05.01-06.24.41:323][  0]LogInit: Branch Name: ++depot+UE4-Releases+4.10
[2016.05.01-06.24.41:323][  0]LogInit: Command line:  
[2016.05.01-06.24.41:323][  0]LogInit: Base directory: C:/Program Files (x86)/Epic Games/4.10/Engine/Binaries/Win64/
[2016.05.01-06.24.41:323][  0]LogInit: Rocket: 1
[2016.05.01-06.24.41:332][  0]LogInit: Using libcurl 7.41.0
[2016.05.01-06.24.41:332][  0]LogInit:  - built for x86_64-pc-win32
[2016.05.01-06.24.41:332][  0]LogInit:  - supports SSL with WinSSL
[2016.05.01-06.24.41:332][  0]LogInit:  - other features:
[2016.05.01-06.24.41:332][  0]LogInit:      CURL_VERSION_SSL
[2016.05.01-06.24.41:332][  0]LogInit:      CURL_VERSION_IPV6
[2016.05.01-06.24.41:332][  0]LogInit:      CURL_VERSION_ASYNCHDNS
[2016.05.01-06.24.41:332][  0]LogInit:      CURL_VERSION_LARGEFILE
[2016.05.01-06.24.41:332][  0]LogInit:      CURL_VERSION_IDN
[2016.05.01-06.24.41:332][  0]LogInit:  CurlRequestOptions (configurable via config and command line):
[2016.05.01-06.24.41:332][  0]LogInit:  - bVerifyPeer = true  - Libcurl will verify peer certificate
[2016.05.01-06.24.41:332][  0]LogInit:  - bUseHttpProxy = false  - Libcurl will NOT use HTTP proxy
[2016.05.01-06.24.41:332][  0]LogInit:  - bDontReuseConnections = false  - Libcurl will reuse connections
[2016.05.01-06.24.41:332][  0]LogInit:  - CertBundlePath = nullptr  - Libcurl will use whatever was configured at build time.
[2016.05.01-06.24.41:344][  0]LogInit: Presizing for 0 objects not considered by GC, pre-allocating 0 bytes.
[2016.05.01-06.24.41:353][  0]LogInit: Object subsystem initialized
[2016.05.01-06.24.41:355][  0]LogInit: Selected Device Profile: [Windows]
[2016.05.01-06.24.41:355][  0]LogInit: Applying CVar settings loaded from the selected device profile: [Windows]
[2016.05.01-06.24.41:367][  0]LogInit: Computer: PARK
[2016.05.01-06.24.41:367][  0]LogInit: User: PARK1
[2016.05.01-06.24.41:367][  0]LogInit: CPU Page size=4096, Cores=2
[2016.05.01-06.24.41:367][  0]LogInit: High frequency timer resolution =2.636721 MHz
[2016.05.01-06.24.41:367][  0]LogMemory: Memory total: Physical=7.9GB (8GB approx)
[2016.05.01-06.24.41:367][  0]LogMemory: Platform Memory Stats for Windows
[2016.05.01-06.24.41:367][  0]LogMemory: Process Physical Memory: 54.91 MB used, 54.91 MB peak
[2016.05.01-06.24.41:367][  0]LogMemory: Process Virtual Memory: 55.34 MB used, 55.34 MB peak
[2016.05.01-06.24.41:367][  0]LogMemory: Physical Memory: 2696.23 MB used, 8094.42 MB total
[2016.05.01-06.24.41:367][  0]LogMemory: Virtual Memory: 358.59 MB used, 134217728.00 MB total
[2016.05.01-06.24.41:416][  0]LogTextLocalizationManager: No specific translations for ('ko-KR') exist, so ('ko') translations will be used.
[2016.05.01-06.24.41:456][  0]LogTextLocalizationManager:Warning: Loaded localization resources contain conflicting entries for (Namespace:UObjectToolTips, Key:AnimNode_AssetPlayerBase:InternalTimeAccumulator):
Localization Resource: (C:/Program Files (x86)/Epic Games/4.10/Engine/Content/Localization/EditorTutorials/ko/EditorTutorials.locres) Source String Hash: (502993589) Localized String: (이 노드에서 애셋을 레퍼런싱하는 데 사용되는 누적 시간입니다.)
Localization Resource: (C:/Program Files (x86)/Epic Games/4.10/Engine/Content/Localization/Engine/ko/Engine.locres) Source String Hash: (502993589) Localized String: (이 노드에서 애셋을 레퍼런싱하는 데 사용된 누적 시간입니다.)
[2016.05.01-06.24.41:456][  0]LogTextLocalizationManager:Warning: Loaded localization resources contain conflicting entries for (Namespace:UObjectToolTips, Key:AnimNode_AssetPlayerBase:bIgnoreForRelevancyTest):
Localization Resource: (C:/Program Files (x86)/Epic Games/4.10/Engine/Content/Localization/EditorTutorials/ko/EditorTutorials.locres) Source String Hash: (319969718) Localized String: (True 면, 스테이트에서 최고 가중치 애니메이션을 찾는 "Relevant anim" 노드는 이 노드를 무시합니다.
 )
Localization Resource: (C:/Program Files (x86)/Epic Games/4.10/Engine/Content/Localization/Engine/ko/Engine.locres) Source String Hash: (319969718) Localized String: (True 면 스테이트 내 최고 웨이팅된 애니메이션을 찾는 "Relevant anim" 노드가 무시됩니다.
 )
[2016.05.01-06.24.41:456][  0]LogTextLocalizationManager:Warning: Loaded localization resources contain conflicting entries for (Namespace:UObjectToolTips, Key:AnimNode_AssetPlayerBase:BlendWeight):
Localization Resource: (C:/Program Files (x86)/Epic Games/4.10/Engine/Content/Localization/EditorTutorials/ko/EditorTutorials.locres) Source String Hash: (-1232800293) Localized String: (이 노드에 마지막 걸린 블렌드웨이트 입니다.)
Localization Resource: (C:/Program Files (x86)/Epic Games/4.10/Engine/Content/Localization/Engine/ko/Engine.locres) Source String Hash: (-1232800293) Localized String: (이 노드에 대해 마지막 접한 블렌드 웨이트)
[2016.05.01-06.24.41:614][  0]LogD3D11RHI: Found D3D11 adapter 0: Intel(R) Iris(TM) Graphics 6100 (Feature Level 11_0)
[2016.05.01-06.24.41:614][  0]LogD3D11RHI: Adapter has 160MB of dedicated video memory, 0MB of dedicated system memory, and 3807MB of shared system memory, 1 output[s]
[2016.05.01-06.24.41:615][  0]LogD3D11RHI: Found D3D11 adapter 1: Microsoft Basic Render Driver (Feature Level 11_0)
[2016.05.01-06.24.41:615][  0]LogD3D11RHI: Adapter has 0MB of dedicated video memory, 0MB of dedicated system memory, and 256MB of shared system memory, 0 output[s]
[2016.05.01-06.24.41:615][  0]LogD3D11RHI: Chosen D3D11 Adapter Id = 0
[2016.05.01-06.24.41:620][  0]LogD3D11RHI: !Direct3DDevice
[2016.05.01-06.24.41:620][  0]LogRHI: Texture pool is 1361 MB (70% of 1945 MB)
[2016.05.01-06.24.41:626][  0]LogD3D11RHI: Async texture creation enabled
[2016.05.01-06.24.41:631][  0]LogShaderCompilers: Guid format shader working directory is -18 characters bigger than the processId version (../../../../../../Users/PARK1/Documents/GitHub/Project/Hero 4.10/Intermediate/Shaders/WorkingDirectory/6596/).
[2016.05.01-06.24.41:631][  0]LogShaderCompilers: Cleaned the shader compiler working directory 'C:/Users/PARK1/AppData/Local/Temp/UnrealShaderWorkingDir/517F99534E6BAE725CB0DA959019D84B/'.
[2016.05.01-06.24.41:631][  0]LogShaderCompilers:Display: Using Local Shader Compiler.
[2016.05.01-06.24.42:551][  0]LogTemp:Display: Loaded TP AllDesktopTargetPlatform
[2016.05.01-06.24.42:556][  0]LogTemp:Display: Loaded TP WindowsClientTargetPlatform
[2016.05.01-06.24.42:561][  0]LogTemp:Display: Loaded TP WindowsNoEditorTargetPlatform
[2016.05.01-06.24.42:567][  0]LogTemp:Display: Loaded TP WindowsServerTargetPlatform
[2016.05.01-06.24.42:572][  0]LogTemp:Display: Loaded TP WindowsTargetPlatform
[2016.05.01-06.24.42:576][  0]LogTemp:Display: Loaded TP AndroidTargetPlatform
[2016.05.01-06.24.42:580][  0]LogTemp:Display: Loaded TP Android_ASTCTargetPlatform
[2016.05.01-06.24.42:583][  0]LogTemp:Display: Loaded TP Android_ATCTargetPlatform
[2016.05.01-06.24.42:587][  0]LogTemp:Display: Loaded TP Android_DXTTargetPlatform
[2016.05.01-06.24.42:591][  0]LogTemp:Display: Loaded TP Android_ETC1TargetPlatform
[2016.05.01-06.24.42:594][  0]LogTemp:Display: Loaded TP Android_ETC2TargetPlatform
[2016.05.01-06.24.42:602][  0]LogTemp:Display: Loaded TP Android_MultiTargetPlatform
[2016.05.01-06.24.42:602][  0]LogTemp:Display: Loaded TP Android_PVRTCTargetPlatform
[2016.05.01-06.24.42:602][  0]LogTemp:Display: Loaded TP HTML5TargetPlatform
[2016.05.01-06.24.42:620][  0]LogTemp:Display: Loaded TP IOSTargetPlatform
[2016.05.01-06.24.42:623][  0]LogTemp:Display: Loaded TP LinuxNoEditorTargetPlatform
[2016.05.01-06.24.42:626][  0]LogTemp:Display: Loaded TP LinuxServerTargetPlatform
[2016.05.01-06.24.42:629][  0]LogTemp:Display: Loaded TP LinuxTargetPlatform
[2016.05.01-06.24.42:629][  0]LogTargetPlatformManager:Display: Building Assets For Windows
[2016.05.01-06.24.42:718][  0]LogDerivedDataCache:Display: Max Cache Size: 512 MB
[2016.05.01-06.24.42:773][  0]LogDerivedDataCache: Loaded boot cache 0.05s 41MB C:/Users/PARK1/AppData/Local/UnrealEngine/4.10/DerivedDataCache/Boot.ddc.
[2016.05.01-06.24.42:773][  0]LogDerivedDataCache:Display: Loaded Boot cache: C:/Users/PARK1/AppData/Local/UnrealEngine/4.10/DerivedDataCache/Boot.ddc
[2016.05.01-06.24.42:773][  0]LogDerivedDataCache: FDerivedDataBackendGraph:  Pak pak cache file ../../../../../../Users/PARK1/Documents/GitHub/Project/Hero 4.10/DerivedDataCache/DDC.ddp not found, will not use a pak cache.
[2016.05.01-06.24.42:773][  0]LogDerivedDataCache: Unable to find inner node Pak for hierarchical cache Hierarchy.
[2016.05.01-06.24.42:773][  0]LogDerivedDataCache: FDerivedDataBackendGraph:  CompressedPak pak cache file ../../../../../../Users/PARK1/Documents/GitHub/Project/Hero 4.10/DerivedDataCache/Compressed.ddp not found, will not use a pak cache.
[2016.05.01-06.24.42:773][  0]LogDerivedDataCache: Unable to find inner node CompressedPak for hierarchical cache Hierarchy.
[2016.05.01-06.24.42:836][  0]LogDerivedDataCache:Display: Pak cache opened for reading ../../../Engine/DerivedDataCache/Compressed.ddp.
[2016.05.01-06.24.42:848][  0]LogDerivedDataCache: Using Local data cache path C:/Users/PARK1/AppData/Local/UnrealEngine/Common/DerivedDataCache: Writable
[2016.05.01-06.24.43:042][  0]LogInit: Selected Device Profile: [Windows]
[2016.05.01-06.24.43:045][  0]LogContentStreaming: Texture pool size is 0.000000MB
[2016.05.01-06.24.43:166][  0]LogMeshUtilities: No automatic mesh reduction module available
[2016.05.01-06.24.43:166][  0]LogMeshUtilities: No automatic mesh merging module available
[2016.05.01-06.24.43:408][  0]LogInit: WinSock: version 1.1 (2.2), MaxSocks=32767, MaxUdp=65467
[2016.05.01-06.24.44:127][  0]UdpMessaging: Initializing bridge on interface 0.0.0.0:0 to multicast group 230.0.0.1:6666.
[2016.05.01-06.24.44:238][  0]LogAssetRegistry: FAssetRegistry took 0.0107 seconds to start up
[2016.05.01-06.24.44:407][  0]SourceControl: 정보 소스 콘트롤이 꺼졌습니다.
[2016.05.01-06.24.44:408][  0]SourceControl: 정보 소스 콘트롤이 꺼졌습니다.
[2016.05.01-06.24.44:418][  0]SourceControl: 정보 소스 콘트롤이 꺼졌습니다.
[2016.05.01-06.24.44:428][  0]SourceControl: 정보 소스 콘트롤이 꺼졌습니다.
[2016.05.01-06.24.44:686][  0]LogObj: 28633 objects as part of root set at end of initial load.
[2016.05.01-06.24.44:686][  0]LogUObjectAllocator: 6099744 out of 0 bytes used by permanent object pool.
[2016.05.01-06.24.44:753][  0]LogEngine: Initializing Engine...
[2016.05.01-06.24.44:763][  0]LogHMD: Can't find Oculus library dev build: is proper Runtime installed? Version: 0.8.0.0
[2016.05.01-06.24.44:764][  0]LogHMD: SteamVR failed to initialize.  Err: 110
[2016.05.01-06.24.44:877][  0]LogAIModule: Creating AISystem for world NewWorld
[2016.05.01-06.24.44:882][  0]LogInit: XAudio2 using '스피커(Cirrus Logic CS4208 (AB 123))' : 4 channels at 48 kHz using 32 bits per sample (channel mask 0x33)
[2016.05.01-06.24.44:896][  0]LogInit: FAudioDevice initialized.
[2016.05.01-06.24.44:915][  0]LogDerivedDataCache: Saved boot cache 0.02s 41MB C:/Users/PARK1/AppData/Local/UnrealEngine/4.10/DerivedDataCache/Boot.ddc.
[2016.05.01-06.24.44:919][  0]LogInit: Texture streaming: Enabled
[2016.05.01-06.24.44:924][  0]LogAnalytics: Creating configured Analytics provider AnalyticsET
[2016.05.01-06.24.44:924][  0]LogAnalytics: [UEEditor.Rocket.Release] APIServer = http://et2.epicgames.com/ET2/. AppVersion = 4.10.2-2818068+++depot+UE4-Releases+4.10
[2016.05.01-06.24.44:924][  0]LogAnalytics: [UEEditor.Rocket.Release] SetUserId ec92aaad4986c24cc41b53a460c851aa|1ee373e9bedc4d7e9c76f780c6814fe5|cbdc7173-795e-4ae5-bdc1-0623b0ee0ea3
[2016.05.01-06.24.44:924][  0]LogAnalytics: [UEEditor.Rocket.Release] AnalyticsET::StartSession
[2016.05.01-06.24.44:933][  0]LogInit: Transaction tracking system initialized
[2016.05.01-06.24.44:961][  0]BlueprintLog: New page: 에디터 로드
[2016.05.01-06.24.45:046][  0]LocalizationService: 정보 현지화 서비스가 비활성화되었습니다.
[2016.05.01-06.24.45:255][  0]LogConsoleResponse:Display: 
[2016.05.01-06.24.45:377][  0]LogCook:Display: Done creating registry. It took  0.00s.
[2016.05.01-06.24.45:437][  0]LogFileCache: Scanning file cache for directory 'C:/Users/PARK1/Documents/GitHub/Project/Hero 4.10/Content/' took 0.03s
[2016.05.01-06.24.45:437][  0]SourceControl: 정보 소스 콘트롤이 꺼졌습니다.
[2016.05.01-06.24.45:437][  0]Cmd: MAP LOAD FILE="../../../../../../Users/PARK1/Documents/GitHub/Project/Hero 4.10/Content/StarterContent/Maps/Minimal_Default.umap" TEMPLATE=0 SHOWPROGRESS=1 FEATURELEVEL=3
[2016.05.01-06.24.45:438][  0]LightingResults: New page: 라이팅 빌드
[2016.05.01-06.24.45:441][  0]MapCheck: New page: 맵 체크
[2016.05.01-06.24.45:441][  0]LightingResults: New page: 라이팅 빌드
[2016.05.01-06.24.45:459][  0]LogParticles: Destroying 0 GPU particle simulations for FXSystem 0x000000E0FE6BD260
[2016.05.01-06.24.47:334][  0]LogAIModule: Creating AISystem for world Minimal_Default
[2016.05.01-06.24.47:411][  0]LogEditorServer: Finished looking for orphan Actors (0.000 secs)
[2016.05.01-06.24.47:443][  0]Cmd: MAP CHECKDEP NOCLEARLOG
[2016.05.01-06.24.47:502][  0]MapCheck: 정보 맵 체크 완료: 오류 0 회, 경고 0 회, 소요 시간 59.538ms.
[2016.05.01-06.24.47:502][  0]LogFileHelpers: Loading map 'Minimal_Default' took 2.065
[2016.05.01-06.24.47:600][  0]LogCollectionManager: Loaded 0 collections in 0.002186 seconds
[2016.05.01-06.24.47:640][  0]LogFileCache: Scanning file cache for directory 'C:/Users/PARK1/Documents/GitHub/Project/Hero 4.10/Saved/Collections/' took 0.01s
[2016.05.01-06.24.47:640][  0]LogFileCache: Scanning file cache for directory 'C:/Users/PARK1/Documents/GitHub/Project/Hero 4.10/Content/Developers/PARK1/Collections/' took 0.01s
[2016.05.01-06.24.47:640][  0]LogFileCache: Scanning file cache for directory 'C:/Users/PARK1/Documents/GitHub/Project/Hero 4.10/Content/Collections/' took 0.01s
[2016.05.01-06.24.47:640][  0]LogCollectionManager: Rebuilt the GUID cache for 0 collections in 0.000002 seconds
[2016.05.01-06.24.47:647][  0]LogContentBrowser: Native class hierarchy populated in 0.0072 seconds. Added 1893 classes and 338 folders.
[2016.05.01-06.24.47:654][  0]LogContentBrowser: Native class hierarchy updated for 'WidgetCarousel' in 0.0003 seconds. Added 0 classes and 0 folders.
[2016.05.01-06.24.47:691][  0]LogContentBrowser: Native class hierarchy updated for 'AddContentDialog' in 0.0003 seconds. Added 0 classes and 0 folders.
[2016.05.01-06.24.47:695][  0]LogContentBrowser: Native class hierarchy updated for 'SceneOutliner' in 0.0003 seconds. Added 1 classes and 2 folders.
[2016.05.01-06.24.47:713][  0]LogCrashTracker: Crashtracker disabled due to settings.
[2016.05.01-06.24.47:720][  0]LogUObjectGlobals:Warning: 'Class 없음.' 오브젝트를 찾는 데 실패했습니다.
[2016.05.01-06.24.47:743][  0]LogLoad: Full Startup: 6.82 seconds (BP compile: 0.23 seconds)
[2016.05.01-06.24.48:133][  0]LogOcInput: Can't find Oculus library dev build: is proper Runtime installed? Version: 0.8.0.0
[2016.05.01-06.24.48:220][  0]LogContentStreaming: Texture pool size now 400 MB
[2016.05.01-06.24.48:580][  0]LogRenderer: Reallocating scene render targets to support 836x392 (Frame:2).
[2016.05.01-06.24.48:950][  1]Cmd: UpdateLandscapeEditorData -warnings
[2016.05.01-06.24.54:364][ 16]LogAssetRegistry: Asset discovery search completed in 10.1376 seconds
[2016.05.01-06.24.54:365][ 16]LogCollectionManager: Rebuilt the object cache for 0 collections in 0.000001 seconds (found 0 objects)
[2016.05.01-06.24.54:365][ 16]LogCollectionManager: Fixed up redirectors for 0 collections in 0.000068 seconds (updated 0 objects)
[2016.05.01-06.26.41:165][339]LogRenderer: Reallocating scene render targets to support 1072x568 (Frame:5).
[2016.05.01-06.26.42:764][441]LogLinker:Warning: Asset '../../../../../../Users/PARK1/Documents/GitHub/Project/Hero 4.10/Content/Sounds/SoundClassesAndMixes/Master.uasset' has been saved with empty engine version. The asset will be loaded but may be incompatible.
[2016.05.01-06.26.42:765][441]LogLinker:Warning: Asset '../../../../../../Users/PARK1/Documents/GitHub/Project/Hero 4.10/Content/Sounds/SoundClassesAndMixes/UI.uasset' has been saved with empty engine version. The asset will be loaded but may be incompatible.
[2016.05.01-06.26.42:765][441]LogLinker:Warning: Asset '../../../../../../Users/PARK1/Documents/GitHub/Project/Hero 4.10/Content/Sounds/SoundClassesAndMixes/UIControllerSounds.uasset' has been saved with empty engine version. The asset will be loaded but may be incompatible.
[2016.05.01-06.26.42:878][441]LogBlueprint:Warning: [compiler botCharacter] 경고 입력 축 이벤트가  LookUpRate 입력 축  에 대한 미확인 'LookUpRate' 축을 레퍼런싱합니다.
[2016.05.01-06.26.42:878][441]LogBlueprint:Warning: [compiler botCharacter] 경고 입력 축 이벤트가  TurnRate 입력 축  에 대한 미확인 'TurnRate' 축을 레퍼런싱합니다.
[2016.05.01-06.26.42:878][441]LogBlueprint:Warning: [compiler botCharacter] 경고 입력 축 이벤트가  Turn 입력 축  에 대한 미확인 'Turn' 축을 레퍼런싱합니다.
[2016.05.01-06.26.42:879][441]LogBlueprint:Warning: [compiler botCharacter] 경고 입력 축 이벤트가  LookUp 입력 축  에 대한 미확인 'LookUp' 축을 레퍼런싱합니다.
[2016.05.01-06.26.42:879][441]LogBlueprint:Warning: [compiler botCharacter] 경고 입력 액션 이벤트가  Jump 입력 액션  에 대한 미확인 'Jump' 액션을 레퍼런싱합니다.
[2016.05.01-06.26.42:885][441]LogBlueprint:Warning: [compiler botCharacter] 경고 [0121.96] botCharacter 컴파일에 성공했으나, 경고가 5 회 있습니다. [소요시간 32 ms]
[2016.05.01-06.26.42:885][441]LogBlueprint:Warning: [compiler botCharacter] 경고 [0121.96] botCharacter 컴파일에 성공했으나, 경고가 6 회 있습니다. [소요시간 0 ms]
[2016.05.01-06.26.42:885][441]LogBlueprint:Warning: [compiler botCharacter] 경고 [0121.96] botCharacter 컴파일에 성공했으나, 경고가 7 회 있습니다. [소요시간 0 ms]
[2016.05.01-06.26.42:916][441]LogBlueprint:Warning: [compiler botCharacter] 경고 입력 축 이벤트가  LookUpRate 입력 축  에 대한 미확인 'LookUpRate' 축을 레퍼런싱합니다.
[2016.05.01-06.26.42:916][441]LogBlueprint:Warning: [compiler botCharacter] 경고 입력 축 이벤트가  TurnRate 입력 축  에 대한 미확인 'TurnRate' 축을 레퍼런싱합니다.
[2016.05.01-06.26.42:917][441]LogBlueprint:Warning: [compiler botCharacter] 경고 입력 축 이벤트가  Turn 입력 축  에 대한 미확인 'Turn' 축을 레퍼런싱합니다.
[2016.05.01-06.26.42:917][441]LogBlueprint:Warning: [compiler botCharacter] 경고 입력 축 이벤트가  LookUp 입력 축  에 대한 미확인 'LookUp' 축을 레퍼런싱합니다.
[2016.05.01-06.26.42:917][441]LogBlueprint:Warning: [compiler botCharacter] 경고 입력 액션 이벤트가  Jump 입력 액션  에 대한 미확인 'Jump' 액션을 레퍼런싱합니다.
[2016.05.01-06.26.42:924][441]LogBlueprint:Warning: [compiler botCharacter] 경고 [0122.00] botCharacter 컴파일에 성공했으나, 경고가 5 회 있습니다. [소요시간 33 ms]
[2016.05.01-06.26.42:924][441]LogBlueprint:Warning: [compiler botCharacter] 경고 [0122.00] botCharacter 컴파일에 성공했으나, 경고가 6 회 있습니다. [소요시간 0 ms]
[2016.05.01-06.26.42:924][441]LogBlueprint:Warning: [compiler botCharacter] 경고 [0122.00] botCharacter 컴파일에 성공했으나, 경고가 7 회 있습니다. [소요시간 0 ms]
[2016.05.01-06.26.43:252][441]LogProperty:Error: UStructProperty::Serialize Loading: Property 'StructProperty /Game/SGH/Projectile/Beam_BP.Beam_BP_C:스킬 기본값 설정.SkillStruct'. Unknown structure.
[2016.05.01-06.26.43:902][441]LogSkeletalMesh:Warning: Building adjacency information for skeletal mesh '/Game/ExampleContent/AnimationDemo/Meshes/Owen.Owen'.
[2016.05.01-06.26.47:360][441]LogLinker:Warning: Asset '../../../Engine/Content/ArtTools/RenderToTexture/Macros/RenderToTextureMacros.uasset' has been saved with empty engine version. The asset will be loaded but may be incompatible.
[2016.05.01-06.26.47:906][441]LogContentBrowser: Native class hierarchy updated for 'BlueprintGraph' in 0.0007 seconds. Added 107 classes and 0 folders.
[2016.05.01-06.26.48:277][441]LogActor:Warning: GameNetworkManager /Engine/Transient.World_1:PersistentLevel.GameNetworkManager_0 has natively added scene component(s), but none of them were set as the actor's RootComponent - picking one arbitrarily
[2016.05.01-06.29.45:306][318]LogActor:Warning: GameNetworkManager /Engine/Transient.World_3:PersistentLevel.GameNetworkManager_1 has natively added scene component(s), but none of them were set as the actor's RootComponent - picking one arbitrarily
[2016.05.01-06.35.20:994][845]LogFileHelpers: Editor autosave (incl. sublevels) for '/Game/StarterContent/Maps/Minimal_Default' took 0.156
[2016.05.01-06.35.21:000][845]OBJ SavePackage: Generating thumbnails for [0] asset(s) in package [/Game/CustomMode_BP] ([1] browsable assets)...
[2016.05.01-06.35.21:000][845]OBJ SavePackage: Finished generating thumbnails for package [/Game/CustomMode_BP]
[2016.05.01-06.35.21:000][845]Cmd: OBJ SAVEPACKAGE PACKAGE="/Game/CustomMode_BP" FILE="../../../../../../Users/PARK1/Documents/GitHub/Project/Hero 4.10/Saved/Autosaves/Game/CustomMode_BP_Auto1.uasset" SILENT=false AUTOSAVING=true
[2016.05.01-06.35.21:035][845]LogSavePackage: Save=26.975550ms
[2016.05.01-06.35.21:035][845]LogSavePackage: Moving '../../../../../../Users/PARK1/Documents/GitHub/Project/Hero 4.10/Saved/CustomMode_BP_Auto1650CFB9E467308199B5501A096A2B039.tmp' to '../../../../../../Users/PARK1/Documents/GitHub/Project/Hero 4.10/Saved/Autosaves/Game/CustomMode_BP_Auto1.uasset'
[2016.05.01-06.35.21:037][845]LogSavePackage: Total save time: 35.217606ms
[2016.05.01-06.35.21:037][845]LogSavePackage:Display: Finished SavePackage ../../../../../../Users/PARK1/Documents/GitHub/Project/Hero 4.10/Saved/Autosaves/Game/CustomMode_BP_Auto1.uasset
[2016.05.01-06.35.21:037][845]LogFileHelpers: Auto-saving content packages took 0.043
[2016.05.01-06.45.21:915][613]LogFileHelpers: Editor autosave (incl. sublevels) for '/Game/StarterContent/Maps/Minimal_Default' took 0.175
[2016.05.01-06.45.21:933][613]OBJ SavePackage: Generating thumbnails for [0] asset(s) in package [/Game/CustomMode_BP] ([1] browsable assets)...
[2016.05.01-06.45.21:933][613]OBJ SavePackage: Finished generating thumbnails for package [/Game/CustomMode_BP]
[2016.05.01-06.45.21:933][613]Cmd: OBJ SAVEPACKAGE PACKAGE="/Game/CustomMode_BP" FILE="../../../../../../Users/PARK1/Documents/GitHub/Project/Hero 4.10/Saved/Autosaves/Game/CustomMode_BP_Auto2.uasset" SILENT=false AUTOSAVING=true
[2016.05.01-06.45.22:008][613]LogSavePackage: Save=70.451523ms
[2016.05.01-06.45.22:009][613]LogSavePackage: Moving '../../../../../../Users/PARK1/Documents/GitHub/Project/Hero 4.10/Saved/CustomMode_BP_Auto2F4DD50F148A30C3414F4A58C615298C4.tmp' to '../../../../../../Users/PARK1/Documents/GitHub/Project/Hero 4.10/Saved/Autosaves/Game/CustomMode_BP_Auto2.uasset'
[2016.05.01-06.45.22:012][613]LogSavePackage: Total save time: 77.394992ms
[2016.05.01-06.45.22:012][613]LogSavePackage:Display: Finished SavePackage ../../../../../../Users/PARK1/Documents/GitHub/Project/Hero 4.10/Saved/Autosaves/Game/CustomMode_BP_Auto2.uasset
[2016.05.01-06.45.22:012][613]LogFileHelpers: Auto-saving content packages took 0.096
[2016.05.01-06.52.41:623][230]LogEditorTransaction: Undo 새 함수 추가
[2016.05.01-06.53.51:417][197]LogEditorTransaction: Undo 현재 선택을 삭제합니다.
[2016.05.01-06.56.02:777][277]LogFileHelpers: Editor autosave (incl. sublevels) for '/Game/StarterContent/Maps/Minimal_Default' took 0.092
[2016.05.01-06.56.02:785][277]OBJ SavePackage: Generating thumbnails for [0] asset(s) in package [/Game/CustomMode_BP] ([1] browsable assets)...
[2016.05.01-06.56.02:785][277]OBJ SavePackage: Finished generating thumbnails for package [/Game/CustomMode_BP]
[2016.05.01-06.56.02:785][277]Cmd: OBJ SAVEPACKAGE PACKAGE="/Game/CustomMode_BP" FILE="../../../../../../Users/PARK1/Documents/GitHub/Project/Hero 4.10/Saved/Autosaves/Game/CustomMode_BP_Auto3.uasset" SILENT=false AUTOSAVING=true
[2016.05.01-06.56.02:838][277]LogSavePackage: Save=49.363964ms
[2016.05.01-06.56.02:838][277]LogSavePackage: Moving '../../../../../../Users/PARK1/Documents/GitHub/Project/Hero 4.10/Saved/CustomMode_BP_Auto304560E494329C18123561DB5EB09D9FD.tmp' to '../../../../../../Users/PARK1/Documents/GitHub/Project/Hero 4.10/Saved/Autosaves/Game/CustomMode_BP_Auto3.uasset'
[2016.05.01-06.56.02:840][277]LogSavePackage: Total save time: 53.470582ms
[2016.05.01-06.56.02:840][277]LogSavePackage:Display: Finished SavePackage ../../../../../../Users/PARK1/Documents/GitHub/Project/Hero 4.10/Saved/Autosaves/Game/CustomMode_BP_Auto3.uasset
[2016.05.01-06.56.02:840][277]LogFileHelpers: Auto-saving content packages took 0.062
[2016.05.01-07.08.16:218][327]LogFileHelpers: Editor autosave (incl. sublevels) for '/Game/StarterContent/Maps/Minimal_Default' took 0.210
[2016.05.01-07.08.16:238][327]OBJ SavePackage: Generating thumbnails for [0] asset(s) in package [/Game/CustomMode_BP] ([1] browsable assets)...
[2016.05.01-07.08.16:238][327]OBJ SavePackage: Finished generating thumbnails for package [/Game/CustomMode_BP]
[2016.05.01-07.08.16:238][327]Cmd: OBJ SAVEPACKAGE PACKAGE="/Game/CustomMode_BP" FILE="../../../../../../Users/PARK1/Documents/GitHub/Project/Hero 4.10/Saved/Autosaves/Game/CustomMode_BP_Auto4.uasset" SILENT=false AUTOSAVING=true
[2016.05.01-07.08.16:371][327]LogSavePackage: Save=122.871552ms
[2016.05.01-07.08.16:371][327]LogSavePackage: Moving '../../../../../../Users/PARK1/Documents/GitHub/Project/Hero 4.10/Saved/CustomMode_BP_Auto4F798B93D49AE6CEFE10AF1B0AE30C3F0.tmp' to '../../../../../../Users/PARK1/Documents/GitHub/Project/Hero 4.10/Saved/Autosaves/Game/CustomMode_BP_Auto4.uasset'
[2016.05.01-07.08.16:376][327]LogSavePackage: Total save time: 135.159541ms
[2016.05.01-07.08.16:376][327]LogSavePackage:Display: Finished SavePackage ../../../../../../Users/PARK1/Documents/GitHub/Project/Hero 4.10/Saved/Autosaves/Game/CustomMode_BP_Auto4.uasset
[2016.05.01-07.08.16:376][327]LogFileHelpers: Auto-saving content packages took 0.157
[2016.05.01-07.18.22:857][205]LogFileHelpers: Editor autosave (incl. sublevels) for '/Game/StarterContent/Maps/Minimal_Default' took 0.244
[2016.05.01-07.18.22:882][205]OBJ SavePackage: Generating thumbnails for [0] asset(s) in package [/Game/CustomMode_BP] ([1] browsable assets)...
[2016.05.01-07.18.22:882][205]OBJ SavePackage: Finished generating thumbnails for package [/Game/CustomMode_BP]
[2016.05.01-07.18.22:882][205]Cmd: OBJ SAVEPACKAGE PACKAGE="/Game/CustomMode_BP" FILE="../../../../../../Users/PARK1/Documents/GitHub/Project/Hero 4.10/Saved/Autosaves/Game/CustomMode_BP_Auto5.uasset" SILENT=false AUTOSAVING=true
[2016.05.01-07.18.23:189][205]LogSavePackage: Save=298.340637ms
[2016.05.01-07.18.23:189][205]LogSavePackage: Moving '../../../../../../Users/PARK1/Documents/GitHub/Project/Hero 4.10/Saved/CustomMode_BP_Auto57864EB5047DFF77599B2F49DFAF0E020.tmp' to '../../../../../../Users/PARK1/Documents/GitHub/Project/Hero 4.10/Saved/Autosaves/Game/CustomMode_BP_Auto5.uasset'
[2016.05.01-07.18.23:193][205]LogSavePackage: Total save time: 307.663571ms
[2016.05.01-07.18.23:193][205]LogSavePackage:Display: Finished SavePackage ../../../../../../Users/PARK1/Documents/GitHub/Project/Hero 4.10/Saved/Autosaves/Game/CustomMode_BP_Auto5.uasset
[2016.05.01-07.18.23:193][205]LogFileHelpers: Auto-saving content packages took 0.334
[2016.05.01-07.30.13:818][ 93]LogFileHelpers: Editor autosave (incl. sublevels) for '/Game/StarterContent/Maps/Minimal_Default' took 0.066
[2016.05.01-07.30.13:824][ 93]OBJ SavePackage: Generating thumbnails for [0] asset(s) in package [/Game/CustomMode_BP] ([1] browsable assets)...
[2016.05.01-07.30.13:824][ 93]OBJ SavePackage: Finished generating thumbnails for package [/Game/CustomMode_BP]
[2016.05.01-07.30.13:824][ 93]Cmd: OBJ SAVEPACKAGE PACKAGE="/Game/CustomMode_BP" FILE="../../../../../../Users/PARK1/Documents/GitHub/Project/Hero 4.10/Saved/Autosaves/Game/CustomMode_BP_Auto6.uasset" SILENT=false AUTOSAVING=true
[2016.05.01-07.30.14:014][ 93]LogSavePackage: Save=187.124466ms
[2016.05.01-07.30.14:014][ 93]LogSavePackage: Moving '../../../../../../Users/PARK1/Documents/GitHub/Project/Hero 4.10/Saved/CustomMode_BP_Auto6CC6C9EA04A18C1BF49E5299431AA98CB.tmp' to '../../../../../../Users/PARK1/Documents/GitHub/Project/Hero 4.10/Saved/Autosaves/Game/CustomMode_BP_Auto6.uasset'
[2016.05.01-07.30.14:015][ 93]LogSavePackage: Total save time: 190.000385ms
[2016.05.01-07.30.14:015][ 93]LogSavePackage:Display: Finished SavePackage ../../../../../../Users/PARK1/Documents/GitHub/Project/Hero 4.10/Saved/Autosaves/Game/CustomMode_BP_Auto6.uasset
[2016.05.01-07.30.14:015][ 93]LogFileHelpers: Auto-saving content packages took 0.196
[2016.05.01-08.00.07:106][638]LogEditorTransaction: Undo 노드 추가
[2016.05.01-08.00.34:700][784]LogEditorTransaction: Undo 노드 이동
[2016.05.01-08.00.37:687][837]LogEditorTransaction: Undo 노드 추가
[2016.05.01-08.02.31:136][189]LogEditorTransaction: Undo 노드 추가
[2016.05.01-08.03.13:795][ 83]LogFileHelpers: Editor autosave (incl. sublevels) for '/Game/StarterContent/Maps/Minimal_Default' took 0.218
[2016.05.01-08.03.13:825][ 83]OBJ SavePackage: Generating thumbnails for [0] asset(s) in package [/Game/CustomMode_BP] ([1] browsable assets)...
[2016.05.01-08.03.13:825][ 83]OBJ SavePackage: Finished generating thumbnails for package [/Game/CustomMode_BP]
[2016.05.01-08.03.13:825][ 83]Cmd: OBJ SAVEPACKAGE PACKAGE="/Game/CustomMode_BP" FILE="../../../../../../Users/PARK1/Documents/GitHub/Project/Hero 4.10/Saved/Autosaves/Game/CustomMode_BP_Auto7.uasset" SILENT=false AUTOSAVING=true
[2016.05.01-08.03.14:867][ 83]LogSavePackage: Save=1030.662354ms
[2016.05.01-08.03.14:867][ 83]LogSavePackage: Moving '../../../../../../Users/PARK1/Documents/GitHub/Project/Hero 4.10/Saved/CustomMode_BP_Auto7AE86887E48988D71E70032A1B93E5F1A.tmp' to '../../../../../../Users/PARK1/Documents/GitHub/Project/Hero 4.10/Saved/Autosaves/Game/CustomMode_BP_Auto7.uasset'
[2016.05.01-08.03.14:871][ 83]LogSavePackage: Total save time: 1041.738581ms
[2016.05.01-08.03.14:871][ 83]LogSavePackage:Display: Finished SavePackage ../../../../../../Users/PARK1/Documents/GitHub/Project/Hero 4.10/Saved/Autosaves/Game/CustomMode_BP_Auto7.uasset
[2016.05.01-08.03.14:871][ 83]LogFileHelpers: Auto-saving content packages took 1.073
[2016.05.01-08.09.35:844][579]Cmd: OBJ SAVEPACKAGE PACKAGE="/Game/CustomMode_BP" FILE="../../../../../../Users/PARK1/Documents/GitHub/Project/Hero 4.10/Content/CustomMode_BP.uasset" SILENT=true
[2016.05.01-08.09.36:166][579]LogSavePackage: Save=319.234772ms
[2016.05.01-08.09.36:166][579]LogSavePackage: Moving '../../../../../../Users/PARK1/Documents/GitHub/Project/Hero 4.10/Saved/CustomMode_BPDFDB70904DC9CED954FFBB80D8D997AA.tmp' to '../../../../../../Users/PARK1/Documents/GitHub/Project/Hero 4.10/Content/CustomMode_BP.uasset'
[2016.05.01-08.09.36:168][579]LogSavePackage: Total save time: 323.456675ms
[2016.05.01-08.09.36:168][579]LogSavePackage:Display: Finished SavePackage ../../../../../../Users/PARK1/Documents/GitHub/Project/Hero 4.10/Content/CustomMode_BP.uasset
[2016.05.01-08.09.37:767][579]LogWindowsTextInputMethodSystem:Display: IME system now activated using TSF (Microsoft 입력기).
[2016.05.01-08.09.38:017][580]Cmd: QUIT_EDITOR
[2016.05.01-08.09.38:148][580]LogExit: Preparing to exit.
[2016.05.01-08.09.39:078][580]LogExit: Editor shut down
[2016.05.01-08.09.39:079][580]LogExit: Transaction tracking system shut down
[2016.05.01-08.09.39:094][580]LogParticles: Destroying 0 GPU particle simulations for FXSystem 0x000000E087F7E480
[2016.05.01-08.09.39:104][580]LogParticles: Destroying 0 GPU particle simulations for FXSystem 0x000000E08FBF7B00
[2016.05.01-08.09.39:118][580]LogParticles: Destroying 0 GPU particle simulations for FXSystem 0x000000E0A4236AC0
[2016.05.01-08.09.39:126][580]LogParticles: Destroying 0 GPU particle simulations for FXSystem 0x000000E0A818DF80
[2016.05.01-08.09.39:138][580]LogParticles: Destroying 0 GPU particle simulations for FXSystem 0x000000E08820A020
[2016.05.01-08.09.39:782][580]LogExit: Object subsystem successfully closed.
[2016.05.01-08.09.39:823][580]LogD3D11RHI: Shutdown
[2016.05.01-08.09.39:823][580]LogD3D11RHI: CleanupD3DDevice
[2016.05.01-08.09.40:122][580]LogD3D11RHI: ~FD3D11DynamicRHI
[2016.05.01-08.09.40:171][580]LogModuleManager: Shutting down and abandoning module CookingStats (200)
[2016.05.01-08.09.40:171][580]LogModuleManager: Shutting down and abandoning module BlueprintGraph (199)
[2016.05.01-08.09.40:172][580]LogModuleManager: Shutting down and abandoning module CrashTracker (198)
[2016.05.01-08.09.40:172][580]LogModuleManager: Shutting down and abandoning module SceneOutliner (197)
[2016.05.01-08.09.40:172][580]LogModuleManager: Shutting down and abandoning module SuperSearch (196)
[2016.05.01-08.09.40:172][580]LogModuleManager: Shutting down and abandoning module WidgetCarousel (195)
[2016.05.01-08.09.40:172][580]LogModuleManager: Shutting down and abandoning module AddContentDialog (194)
[2016.05.01-08.09.40:182][580]LogModuleManager: Shutting down and abandoning module EditorWidgets (193)
[2016.05.01-08.09.40:183][580]LogModuleManager: Shutting down and abandoning module CollectionManager (192)
[2016.05.01-08.09.40:183][580]LogModuleManager: Shutting down and abandoning module StatsViewer (191)
[2016.05.01-08.09.40:183][580]LogModuleManager: Shutting down and abandoning module FoliageEdit (190)
[2016.05.01-08.09.40:183][580]LogModuleManager: Shutting down and abandoning module LandscapeEditor (189)
[2016.05.01-08.09.40:184][580]LogModuleManager: Shutting down and abandoning module ActorPickerMode (188)
[2016.05.01-08.09.40:184][580]LogModuleManager: Shutting down and abandoning module GeometryMode (187)
[2016.05.01-08.09.40:184][580]LogModuleManager: Shutting down and abandoning module TextureAlignMode (186)
[2016.05.01-08.09.40:184][580]LogModuleManager: Shutting down and abandoning module BspMode (185)
[2016.05.01-08.09.40:184][580]LogModuleManager: Shutting down and abandoning module PlacementMode (184)
[2016.05.01-08.09.40:184][580]LogModuleManager: Shutting down and abandoning module AutomationWorker (183)
[2016.05.01-08.09.40:184][580]LogModuleManager: Shutting down and abandoning module CharacterAI (182)
[2016.05.01-08.09.40:184][580]LogModuleManager: Shutting down and abandoning module SmartSnapping (181)
[2016.05.01-08.09.40:184][580]LogModuleManager: Shutting down and abandoning module ViewportSnapping (180)
[2016.05.01-08.09.40:184][580]LogModuleManager: Shutting down and abandoning module LogVisualizer (179)
[2016.05.01-08.09.40:184][580]LogModuleManager: Shutting down and abandoning module GameProjectGeneration (178)
[2016.05.01-08.09.40:185][580]LogModuleManager: Shutting down and abandoning module IntroTutorials (177)
[2016.05.01-08.09.40:185][580]LogModuleManager: Shutting down and abandoning module EditorLiveStreaming (176)
[2016.05.01-08.09.40:185][580]LogModuleManager: Shutting down and abandoning module IOSPlatformEditor (175)
[2016.05.01-08.09.40:185][580]LogModuleManager: Shutting down and abandoning module HTML5PlatformEditor (174)
[2016.05.01-08.09.40:185][580]LogModuleManager: Shutting down and abandoning module AndroidDeviceDetection (173)
[2016.05.01-08.09.40:632][580]LogModuleManager: Shutting down and abandoning module AndroidPlatformEditor (172)
[2016.05.01-08.09.40:632][580]LogModuleManager: Shutting down and abandoning module IOSRuntimeSettings (171)
[2016.05.01-08.09.40:632][580]LogModuleManager: Shutting down and abandoning module AndroidRuntimeSettings (170)
[2016.05.01-08.09.40:632][580]LogModuleManager: Shutting down and abandoning module MergeActors (169)
[2016.05.01-08.09.40:632][580]LogModuleManager: Shutting down and abandoning module SizeMap (168)
[2016.05.01-08.09.40:632][580]LogModuleManager: Shutting down and abandoning module TreeMap (167)
[2016.05.01-08.09.40:632][580]LogModuleManager: Shutting down and abandoning module ReferenceViewer (166)
[2016.05.01-08.09.40:633][580]LogModuleManager: Shutting down and abandoning module LocalizationService (165)
[2016.05.01-08.09.40:633][580]LogModuleManager: Shutting down and abandoning module LocalizationDashboard (164)
[2016.05.01-08.09.40:633][580]LogModuleManager: Shutting down and abandoning module HardwareTargeting (163)
[2016.05.01-08.09.40:633][580]LogModuleManager: Shutting down and abandoning module DeviceProfileEditor (162)
[2016.05.01-08.09.40:633][580]LogModuleManager: Shutting down and abandoning module UndoHistory (161)
[2016.05.01-08.09.40:633][580]LogModuleManager: Shutting down and abandoning module GameplayTagsEditor (160)
[2016.05.01-08.09.40:633][580]LogModuleManager: Shutting down and abandoning module UserFeedback (159)
[2016.05.01-08.09.40:633][580]LogModuleManager: Shutting down and abandoning module XmlParser (158)
[2016.05.01-08.09.40:633][580]LogModuleManager: Shutting down and abandoning module Blutility (157)
[2016.05.01-08.09.40:633][580]LogModuleManager: Shutting down and abandoning module ProjectTargetPlatformEditor (156)
[2016.05.01-08.09.40:633][580]LogModuleManager: Shutting down and abandoning module ProjectSettingsViewer (155)
[2016.05.01-08.09.40:633][580]LogModuleManager: Shutting down and abandoning module InputBindingEditor (154)
[2016.05.01-08.09.40:634][580]LogModuleManager: Shutting down and abandoning module EditorSettingsViewer (153)
[2016.05.01-08.09.40:634][580]LogModuleManager: Shutting down and abandoning module SettingsEditor (152)
[2016.05.01-08.09.40:634][580]LogModuleManager: Shutting down and abandoning module ProjectLauncher (151)
[2016.05.01-08.09.40:634][580]LogModuleManager: Shutting down and abandoning module SessionFrontend (150)
[2016.05.01-08.09.40:634][580]LogModuleManager: Shutting down and abandoning module ProfilerClient (149)
[2016.05.01-08.09.40:634][580]LogModuleManager: Shutting down and abandoning module TargetDeviceServices (148)
[2016.05.01-08.09.40:634][580]LogModuleManager: Shutting down and abandoning module DeviceManager (147)
[2016.05.01-08.09.40:634][580]LogModuleManager: Shutting down and abandoning module AutomationController (146)
[2016.05.01-08.09.40:634][580]LogModuleManager: Shutting down and abandoning module AutomationWindow (145)
[2016.05.01-08.09.40:634][580]LogModuleManager: Shutting down and abandoning module Layers (144)
[2016.05.01-08.09.40:634][580]LogModuleManager: Shutting down and abandoning module ComponentVisualizers (143)
[2016.05.01-08.09.40:634][580]LogModuleManager: Shutting down and abandoning module DetailCustomizations (142)
[2016.05.01-08.09.40:635][580]LogModuleManager: Shutting down and abandoning module PackagesDialog (141)
[2016.05.01-08.09.40:635][580]LogModuleManager: Shutting down and abandoning module Persona (140)
[2016.05.01-08.09.40:635][580]LogModuleManager: Shutting down and abandoning module Kismet (139)
[2016.05.01-08.09.40:635][580]LogModuleManager: Shutting down and abandoning module GraphEditor (138)
[2016.05.01-08.09.40:635][580]LogModuleManager: Shutting down and abandoning module ClassViewer (137)
[2016.05.01-08.09.40:635][580]LogModuleManager: Shutting down and abandoning module Toolbox (136)
[2016.05.01-08.09.40:635][580]LogModuleManager: Shutting down and abandoning module ModuleUI (135)
[2016.05.01-08.09.40:635][580]LogModuleManager: Shutting down and abandoning module MovieSceneTools (134)
[2016.05.01-08.09.40:635][580]LogModuleManager: Shutting down and abandoning module OutputLog (133)
[2016.05.01-08.09.40:635][580]LogModuleManager: Shutting down and abandoning module GammaUI (132)
[2016.05.01-08.09.40:635][580]LogModuleManager: Shutting down and abandoning module Documentation (131)
[2016.05.01-08.09.40:636][580]LogModuleManager: Shutting down and abandoning module GameLiveStreaming (130)
[2016.05.01-08.09.40:636][580]LogModuleManager: Shutting down and abandoning module StreamingPauseRendering (129)
[2016.05.01-08.09.40:636][580]LogModuleManager: Shutting down and abandoning module AnalyticsET (128)
[2016.05.01-08.09.40:636][580]LogModuleManager: Shutting down and abandoning module Analytics (127)
[2016.05.01-08.09.40:636][580]LogModuleManager: Shutting down and abandoning module AITestSuite (126)
[2016.05.01-08.09.40:636][580]LogModuleManager: Shutting down and abandoning module GameplayDebugger (125)
[2016.05.01-08.09.40:636][580]LogModuleManager: Shutting down and abandoning module AIModule (124)
[2016.05.01-08.09.40:636][580]LogModuleManager: Shutting down and abandoning module ProfilerService (123)
[2016.05.01-08.09.40:717][580]LogModuleManager: Shutting down and abandoning module TaskGraph (122)
[2016.05.01-08.09.40:717][580]LogModuleManager: Shutting down and abandoning module SlateRemote (121)
[2016.05.01-08.09.40:717][580]LogModuleManager: Shutting down and abandoning module SteamVRController (120)
[2016.05.01-08.09.40:717][580]LogModuleManager: Shutting down and abandoning module SteamVR (119)
[2016.05.01-08.09.40:717][580]LogModuleManager: Shutting down and abandoning module ProceduralMeshComponent (118)
[2016.05.01-08.09.40:717][580]LogModuleManager: Shutting down and abandoning module OculusLibrary (117)
[2016.05.01-08.09.40:718][580]LogModuleManager: Shutting down and abandoning module OculusInput (116)
[2016.05.01-08.09.40:718][580]LogModuleManager: Shutting down and abandoning module LeapMotionController (115)
[2016.05.01-08.09.40:753][580]LogModuleManager: Shutting down and abandoning module CustomMeshComponent (114)
[2016.05.01-08.09.40:753][580]LogModuleManager: Shutting down and abandoning module CableComponent (113)
[2016.05.01-08.09.40:753][580]LogModuleManager: Shutting down and abandoning module ArchVisCharacter (112)
[2016.05.01-08.09.40:753][580]LogModuleManager: Shutting down and abandoning module MessagingDebugger (111)
[2016.05.01-08.09.40:753][580]LogModuleManager: Shutting down and abandoning module MediaPlayerEditor (110)
[2016.05.01-08.09.40:754][580]LogModuleManager: Shutting down and abandoning module HTML5Networking (109)
[2016.05.01-08.09.40:754][580]LogModuleManager: Shutting down and abandoning module SpeedTreeImporter (108)
[2016.05.01-08.09.40:754][580]LogModuleManager: Shutting down and abandoning module PluginBrowser (107)
[2016.05.01-08.09.40:754][580]LogModuleManager: Shutting down and abandoning module EpicSurvey (106)
[2016.05.01-08.09.40:754][580]LogModuleManager: Shutting down and abandoning module DesktopPlatform (105)
[2016.05.01-08.09.40:754][580]LogModuleManager: Shutting down and abandoning module VisualStudioSourceCodeAccess (104)
[2016.05.01-08.09.40:754][580]LogModuleManager: Shutting down and abandoning module UObjectPlugin (103)
[2016.05.01-08.09.40:754][580]LogModuleManager: Shutting down and abandoning module SubversionSourceControl (102)
[2016.05.01-08.09.40:754][580]LogModuleManager: Shutting down and abandoning module PerforceSourceControl (101)
[2016.05.01-08.09.40:754][580]LogModuleManager: Shutting down and abandoning module SourceControl (100)
[2016.05.01-08.09.40:754][580]LogModuleManager: Shutting down and abandoning module GitSourceControl (99)
[2016.05.01-08.09.40:754][580]LogModuleManager: Shutting down and abandoning module LightPropagationVolumeEditor (98)
[2016.05.01-08.09.40:754][580]LogModuleManager: Shutting down and abandoning module PaperTiledImporter (97)
[2016.05.01-08.09.40:754][580]LogModuleManager: Shutting down and abandoning module PaperSpriteSheetImporter (96)
[2016.05.01-08.09.40:755][580]LogModuleManager: Shutting down and abandoning module MeshPaint (95)
[2016.05.01-08.09.40:755][580]LogModuleManager: Shutting down and abandoning module SlateReflector (94)
[2016.05.01-08.09.40:755][580]LogModuleManager: Shutting down and abandoning module HotReload (93)
[2016.05.01-08.09.40:755][580]LogModuleManager: Shutting down and abandoning module MainFrame (92)
[2016.05.01-08.09.40:755][580]LogModuleManager: Shutting down and abandoning module LevelEditor (91)
[2016.05.01-08.09.40:757][580]LogModuleManager: Shutting down and abandoning module DirectoryWatcher (90)
[2016.05.01-08.09.40:767][580]LogModuleManager: Shutting down and abandoning module AssetRegistry (89)
[2016.05.01-08.09.41:031][580]LogModuleManager: Shutting down and abandoning module ContentBrowser (88)
[2016.05.01-08.09.41:033][580]LogModuleManager: Shutting down and abandoning module Paper2DEditor (87)
[2016.05.01-08.09.41:033][580]LogModuleManager: Shutting down and abandoning module UdpMessaging (86)
[2016.05.01-08.09.41:134][580]LogModuleManager: Shutting down and abandoning module LightPropagationVolumeRuntime (85)
[2016.05.01-08.09.41:134][580]LogModuleManager: Shutting down and abandoning module Paper2D (84)
[2016.05.01-08.09.41:134][580]LogModuleManager: Shutting down and abandoning module WindowsMoviePlayer (83)
[2016.05.01-08.09.41:149][580]LogModuleManager: Shutting down and abandoning module Media (82)
[2016.05.01-08.09.41:149][580]LogModuleManager: Shutting down and abandoning module WmfMedia (81)
[2016.05.01-08.09.41:150][580]LogModuleManager: Shutting down and abandoning module OnlineBlueprintSupport (80)
[2016.05.01-08.09.41:150][580]LogModuleManager: Shutting down and abandoning module GameplayTasksEditor (79)
[2016.05.01-08.09.41:150][580]LogModuleManager: Shutting down and abandoning module PropertyEditor (78)
[2016.05.01-08.09.41:150][580]LogModuleManager: Shutting down and abandoning module BehaviorTreeEditor (77)
[2016.05.01-08.09.41:150][580]LogModuleManager: Shutting down and abandoning module FunctionalTesting (76)
[2016.05.01-08.09.41:150][580]LogModuleManager: Shutting down and abandoning module CollisionAnalyzer (75)
[2016.05.01-08.09.41:151][580]LogModuleManager: Shutting down and abandoning module WorkspaceMenuStructure (74)
[2016.05.01-08.09.41:151][580]LogModuleManager: Shutting down and abandoning module MessageLog (73)
[2016.05.01-08.09.41:151][580]LogModuleManager: Shutting down and abandoning module Sequencer (72)
[2016.05.01-08.09.41:151][580]LogModuleManager: Shutting down and abandoning module AssetTools (71)
[2016.05.01-08.09.41:151][580]LogModuleManager: Shutting down and abandoning module UMGEditor (70)
[2016.05.01-08.09.41:151][580]LogModuleManager: Shutting down and abandoning module UMG (69)
[2016.05.01-08.09.41:151][580]LogModuleManager: Shutting down and abandoning module Slate (68)
[2016.05.01-08.09.41:151][580]LogModuleManager: Shutting down and abandoning module EditorStyle (67)
[2016.05.01-08.09.41:158][580]LogModuleManager: Shutting down and abandoning module SessionServices (66)
[2016.05.01-08.09.41:158][580]LogModuleManager: Shutting down and abandoning module SourceCodeAccess (65)
[2016.05.01-08.09.41:158][580]LogModuleManager: Shutting down and abandoning module HeadMountedDisplay (64)
[2016.05.01-08.09.41:158][580]LogModuleManager: Shutting down and abandoning module XAudio2 (63)
[2016.05.01-08.09.41:158][580]LogModuleManager: Shutting down and abandoning module Networking (61)
[2016.05.01-08.09.41:158][580]LogModuleManager: Shutting down and abandoning module Core (60)
[2016.05.01-08.09.41:158][580]LogModuleManager: Shutting down and abandoning module KismetCompiler (59)
[2016.05.01-08.09.41:158][580]LogModuleManager: Shutting down and abandoning module PhysXFormats (58)
[2016.05.01-08.09.41:158][580]LogModuleManager: Shutting down and abandoning module MeshUtilities (57)
[2016.05.01-08.09.41:158][580]LogModuleManager: Shutting down and abandoning module DerivedDataCache (56)
[2016.05.01-08.09.41:201][580]LogDerivedDataCache: Shutdown
[2016.05.01-08.09.41:201][580]LogModuleManager: Shutting down and abandoning module ShaderFormatOpenGL (55)
[2016.05.01-08.09.41:201][580]LogModuleManager: Shutting down and abandoning module ShaderFormatD3D (54)
[2016.05.01-08.09.41:201][580]LogModuleManager: Shutting down and abandoning module MetalShaderFormat (53)
[2016.05.01-08.09.41:202][580]LogModuleManager: Shutting down and abandoning module TextureFormatUncompressed (52)
[2016.05.01-08.09.41:202][580]LogModuleManager: Shutting down and abandoning module TextureFormatPVR (51)
[2016.05.01-08.09.41:202][580]LogModuleManager: Shutting down and abandoning module TextureFormatIntelISPCTexComp (50)
[2016.05.01-08.09.41:202][580]LogModuleManager: Shutting down and abandoning module TextureFormatDXT (49)
[2016.05.01-08.09.41:202][580]LogModuleManager: Shutting down and abandoning module ImageWrapper (48)
[2016.05.01-08.09.41:202][580]LogModuleManager: Shutting down and abandoning module TextureFormatASTC (47)
[2016.05.01-08.09.41:202][580]LogModuleManager: Shutting down and abandoning module TextureFormatAndroid (46)
[2016.05.01-08.09.41:202][580]LogModuleManager: Shutting down and abandoning module AudioFormatOpus (45)
[2016.05.01-08.09.41:202][580]LogModuleManager: Shutting down and abandoning module AudioFormatOgg (44)
[2016.05.01-08.09.41:202][580]LogModuleManager: Shutting down and abandoning module AudioFormatADPCM (43)
[2016.05.01-08.09.41:203][580]LogModuleManager: Shutting down and abandoning module LinuxTargetPlatform (42)
[2016.05.01-08.09.41:203][580]LogModuleManager: Shutting down and abandoning module LinuxServerTargetPlatform (41)
[2016.05.01-08.09.41:203][580]LogModuleManager: Shutting down and abandoning module LinuxNoEditorTargetPlatform (40)
[2016.05.01-08.09.41:203][580]LogModuleManager: Shutting down and abandoning module Messaging (39)
[2016.05.01-08.09.41:203][580]LogModuleManager: Shutting down and abandoning module IOSTargetPlatform (38)
[2016.05.01-08.09.41:203][580]LogModuleManager: Shutting down and abandoning module HTML5TargetPlatform (37)
[2016.05.01-08.09.41:203][580]LogModuleManager: Shutting down and abandoning module Android_PVRTCTargetPlatform (36)
[2016.05.01-08.09.41:203][580]LogModuleManager: Shutting down and abandoning module Android_MultiTargetPlatform (35)
[2016.05.01-08.09.41:203][580]LogModuleManager: Shutting down and abandoning module Android_ETC2TargetPlatform (34)
[2016.05.01-08.09.41:203][580]LogModuleManager: Shutting down and abandoning module Android_ETC1TargetPlatform (33)
[2016.05.01-08.09.41:203][580]LogModuleManager: Shutting down and abandoning module Android_DXTTargetPlatform (32)
[2016.05.01-08.09.41:203][580]LogModuleManager: Shutting down and abandoning module Android_ATCTargetPlatform (31)
[2016.05.01-08.09.41:203][580]LogModuleManager: Shutting down and abandoning module Android_ASTCTargetPlatform (30)
[2016.05.01-08.09.41:203][580]LogModuleManager: Shutting down and abandoning module AndroidTargetPlatform (29)
[2016.05.01-08.09.41:203][580]LogModuleManager: Shutting down and abandoning module WindowsTargetPlatform (28)
[2016.05.01-08.09.41:204][580]LogModuleManager: Shutting down and abandoning module WindowsServerTargetPlatform (27)
[2016.05.01-08.09.41:204][580]LogModuleManager: Shutting down and abandoning module WindowsNoEditorTargetPlatform (26)
[2016.05.01-08.09.41:204][580]LogModuleManager: Shutting down and abandoning module WindowsClientTargetPlatform (25)
[2016.05.01-08.09.41:204][580]LogModuleManager: Shutting down and abandoning module AllDesktopTargetPlatform (24)
[2016.05.01-08.09.41:204][580]LogModuleManager: Shutting down and abandoning module TargetPlatform (23)
[2016.05.01-08.09.41:204][580]LogModuleManager: Shutting down and abandoning module InputCore (22)
[2016.05.01-08.09.41:204][580]LogModuleManager: Shutting down and abandoning module Settings (21)
[2016.05.01-08.09.41:204][580]LogModuleManager: Shutting down and abandoning module OnlineSubsystem (19)
[2016.05.01-08.09.41:204][580]LogModuleManager: Shutting down and abandoning module HTTP (18)
[2016.05.01-08.09.42:208][580]LogModuleManager: Shutting down and abandoning module XMPP (17)
[2016.05.01-08.09.42:208][580]LogModuleManager: Shutting down and abandoning module OculusRift (16)
[2016.05.01-08.09.42:208][580]LogModuleManager: Shutting down and abandoning module ExampleDeviceProfileSelector (15)
[2016.05.01-08.09.42:208][580]LogModuleManager: Shutting down and abandoning module TextureCompressor (14)
[2016.05.01-08.09.42:208][580]LogModuleManager: Shutting down and abandoning module ShaderCore (13)
[2016.05.01-08.09.42:208][580]LogModuleManager: Shutting down and abandoning module Landscape (12)
[2016.05.01-08.09.42:208][580]LogModuleManager: Shutting down and abandoning module SlateRHIRenderer (11)
[2016.05.01-08.09.42:242][580]LogModuleManager: Shutting down and abandoning module OpenGLDrv (10)
[2016.05.01-08.09.42:242][580]LogModuleManager: Shutting down and abandoning module D3D11RHI (9)
[2016.05.01-08.09.42:242][580]LogModuleManager: Shutting down and abandoning module AnimGraphRuntime (8)
[2016.05.01-08.09.42:242][580]LogModuleManager: Shutting down and abandoning module Renderer (7)
[2016.05.01-08.09.42:242][580]LogModuleManager: Shutting down and abandoning module Engine (6)
[2016.05.01-08.09.42:242][580]LogModuleManager: Shutting down and abandoning module CoreUObject (5)
[2016.05.01-08.09.42:242][580]LogModuleManager: Shutting down and abandoning module NetworkFile (4)
[2016.05.01-08.09.42:242][580]LogModuleManager: Shutting down and abandoning module StreamingFile (3)
[2016.05.01-08.09.42:242][580]LogModuleManager: Shutting down and abandoning module SandboxFile (2)
[2016.05.01-08.09.42:242][580]LogModuleManager: Shutting down and abandoning module PakFile (1)
[2016.05.01-08.09.42:248][580]LogExit: Exiting.
[2016.05.01-08.09.42:254][580]Log file closed, 05/01/16 17:09:42
